#require components/domU.lst
#require components/cron.lst
#require components/pvkernel.lst
#require components/apache.lst
#require components/postgresql.lst
#require components/tomcat.lst
#require components/postfix.lst
#copy domU/fstab-with-zramswap /etc/fstab
#sed /etc/conf.d/hostname s/^\(hostname="\).*\("\)$/\1aipo\2/
#chrootexec wget -O - https://aipo.googlecode.com/files/aipo7020ja_linux64.tar.gz | tar zxvf - -C /tmp && tar zxvf /tmp/aipo7020ja_linux/aipo7020.tar.gz -C /root && rm -rf /tmp/aipo7020ja_linux
#chrootexec cd /root && wget http://iij.dl.sourceforge.jp/aipo/60038/aipo7020ja_src.zip
#chrootexec rm -rf /var/lib/tomcat-7/webapps/ROOT && mv /root/aipo/src/webapps/* /var/lib/tomcat-7/webapps/
#dir /usr/local/aipo
#chrootexec mv /root/aipo/license /root/aipo/logs /root/aipo/src/bin /root/aipo/src/tomcat_diff /usr/local/aipo/
#sed /var/lib/tomcat-7/webapps/aipo/WEB-INF/datasource/dbcp-org001.properties s/cayenne.dbcp.username=postgres/cayenne.dbcp.username=aipo_postgres/g
#sed /var/lib/tomcat-7/webapps/ROOT/WEB-INF/datasource/dbcp-org001.properties s/cayenne.dbcp.username=postgres/cayenne.dbcp.username=aipo_postgres/g
#sed /var/lib/tomcat-7/webapps/aipo/WEB-INF/conf/AipoResources.properties s/aipo.webappserver.port=8080/aipo.webappserver.port=80/g
#chrootexec cp -a /root/aipo/src/initdata/psml /var/lib/tomcat-7/webapps/aipo/WEB-INF/
#chrootexec cp -a /root/aipo/src/initdata/files /var/lib/tomcat-7/webapps/aipo/WEB-INF/
#chrootexec cp -a /root/aipo/src/initdata/mail /var/lib/tomcat-7/webapps/aipo/WEB-INF/
#chrootexec dd if=/dev/urandom bs=16 count=1|base64 > /var/lib/tomcat-7/webapps/aipo/WEB-INF/conf/securityTokenKey.txt && cp /var/lib/tomcat-7/webapps/aipo/WEB-INF/conf/securityTokenKey.txt /var/lib/tomcat-7/webapps/ROOT/WEB-INF/classes/aipo/
#chrootexec chown -R tomcat.tomcat /var/lib/tomcat-7
#sed /etc/conf.d/tomcat-7 s/^#JAVA_OPTS=.\+/JAVA_OPTS="-server -Xmx512M -Xms64M -Xss256k -Dsun.nio.cs.map=x-windows-iso2022jp\/ISO-2022-JP"/
#copy aipo/initial-database.sh /initial-database.sh
#chrootexec sh /initial-database.sh && rm /initial-database.sh && rm -rf /root/aipo
#patchsinglefile /etc/apache2/vhosts.d/default_vhost.include aipo/default_vhost.patch
#copy aipo/wb-va.xml /etc/wb-va.xml

