#require components/domU.lst
#require components/cron.lst
#require components/pvkernel.lst
#copy domU/fstab-with-zramswap /etc/fstab
#require components/flask-sqlalchemy.lst
#require components/beautifulsoup.lst
#require components/feedparser.lst
#require components/httplib2.lst
#require components/git.lst
#require components/emacs.lst
#require components/vim.lst
#require components/s3cmd.lst
#require components/tomcat.lst
#require components/mysql-python.lst
#require components/php54.lst
#require components/postfix.lst
#require components/setuptools.lst
#portage dev-python/feedgenerator-1.7
#portage dev-python/pyyaml-3.11
#portage dev-python/imaging-1.1.7-r5
#require components/markdown.lst
#require components/mroonga.lst
#portage app-misc/screen-4.0.3-r6
#portage app-misc/tmux-1.9a
#require components/wkhtmltopdf.lst

#sed /etc/conf.d/hostname s/^\(hostname="\).*\("\)$/\1ftsm\2/

