#require components/pvkernel.lst
#extract gentoo/gentoo-$(ARCH).tar.bz2 /
#sed /etc/conf.d/hostname s/^hostname=.*$/hostname="gentoo"/
#copy domU/resolv.conf /etc/resolv.conf
#sed /etc/shadow s/^\(root:\)[^:]*\(:.*\)$/\1\2/
#chrootexec mkdir /root/.ssh && chmod 700 /root/.ssh && touch /root/.ssh/authorized_keys
#patchsinglefile /etc/init.d/swap domU/swap.init.patch
#copy domU/fstab-with-zramswap /etc/fstab
#patchsinglefile /etc/inittab gentoo/inittab.patch
#symlink /etc/init.d/net.eth0 net.lo
#chrootexec echo "hvc0" >> /etc/securetty
#copy gentoo/wb-va.xml /etc/wb-va.xml
#chrootexec wget http://ftp.kddilabs.jp/pub/Linux/distributions/gentoo/snapshots/portage-latest.tar.xz -O- | tar Jxpf - -C /usr
#chrootexec echo "net-fs/samba -cups ldap kerberos" >> /etc/portage/package.use
#chrootexec echo "sys-libs/ncurses tinfo" >> /etc/portage/package.use
#chrootexec echo "sys-libs/talloc python" >> /etc/portage/package.use
#chrootexec echo "net-dns/avahi -introspection" >> /etc/portage/package.use
#chrootexec echo "=app-editors/nvi-1.81.6-r4" >> /etc/portage/package.keywords
#chrootexec_shm emerge -uDN nvi avahi samba nss-mdns nss-myhostname ntp xfsprogs world
#chrootexec rm -rf /usr/portage/distfiles/*
#chrootexec rc-update add avahi-daemon default
#chrootexec rc-update add sshd default
#chrootexec rc-update add samba default
#chrootexec rc-update add ntpd default
#copy domU/smb.conf /etc/samba/smb.conf
#sed /etc/nsswitch.conf s/^\(hosts:.* \)dns\( *\)/\1myhostname mdns_minimal [NOTFOUND=return] dns mdns\2/
#sed /etc/avahi/avahi-daemon.conf s/^#disallow-other-stacks=no$/disallow-other-stacks=yes/
#require components/timezone-$(REGION).lst
#require components/gentoo-$(REGION).lst
#chrootexec env-update

