#require components/domU.lst
#require components/cron.lst
#require components/pvkernel.lst
#require components/apache.lst
#require components/mysql.lst
#require components/php54.lst
#require components/postfix.lst
#require components/samba.lst

#sed /etc/conf.d/hostname s/^\(hostname="\).*\("\)$/\1lychee\2/
#copy domU/fstab-with-zramswap /etc/fstab

#chrootexec wget -O - https://github.com/electerious/Lychee/archive/v2.5.tar.gz | tar zxvf - -C /var/www/localhost
#chrootexec rm -rf /var/www/localhost/htdocs && mv /var/www/localhost/Lychee-* /var/www/localhost/htdocs
#copy lychee/config.php /var/www/localhost/htdocs/data/config.php

#copy lychee/setup_initial_database.sh /setup_initial_database.sh
#copy lychee/initial_database.sql /initial_database.sql
#chrootexec sh /setup_initial_database.sh && rm /setup_initial_database.sh /initial_database.sql

#chrootexec chown -R apache.apache /var/www/localhost/htdocs

#patchsinglefile /etc/php/apache2-php5.4/php.ini lychee/php.ini.patch

#copy lychee/smb.conf /etc/samba/smb.conf

#copy lychee/wb-va.xml /etc/wb-va.xml

