#require components/domU.lst
#require components/cron.lst
#require components/pvkernel.lst
#require components/apache.lst
#require components/mysql.lst
#require components/php53.lst
#require components/samba.lst
#require components/postfix.lst
#copy mediawiki/smb.conf /etc/samba/smb.conf
#sed /etc/conf.d/hostname s/^\(hostname="\).*\("\)$/\1mediawiki\2/
#copy domU/fstab-with-swapfile /etc/fstab
#swap /swapfile 128
##require components/wordpress-$(LANGUAGE).lst
#extract mediawiki/mediawiki-1.19.1.tar.gz /var/www/localhost
#chrootexec mv /var/www/localhost/mediawiki-1.19.1/* /var/www/localhost/htdocs
#chrootexec rm -rf /var/www/localhost/mediawiki-1.19.1
##patchsinglefile /var/www/localhost/htdocs/wp-config.php wordpress/wp-config.diff
#chrootexec chown -R apache.apache /var/www/localhost
# cd /var/lib/mysql && tar zcvpf initial-database.tar.gz ib_logfile* ibdata1 mysql/db.MY* mysql/user.MY* wordpress
##extract mediawiki/initial-database.tar.gz /var/lib/mysql
##copy mediawiki/wb-va.xml /etc/wb-va.xml

