#require components/domU.lst
#require components/cron.lst
#require components/pvkernel.lst
#require components/mysql.lst
#require components/php54.lst
#require components/imagemagick.lst
#require components/mtos-perlmods.lst
#require components/samba.lst
#require components/postfix.lst
##require components/phpmyadmin.lst
#copy mtos/smb.conf /etc/samba/smb.conf
#sed /etc/conf.d/hostname s/^\(hostname="\).*\("\)$/\1mtos\2/
#copy domU/fstab-with-zramswap /etc/fstab
#chrootexec wget -O - http://www.movabletype.jp/downloads/stable/MTOS-5.2.12.tar.gz | tar zxvf - -C /var/www/localhost/cgi-bin
#chrootexec mv /var/www/localhost/cgi-bin/MTOS-* /var/www/localhost/cgi-bin/mt
#chrootexec mv /var/www/localhost/cgi-bin/mt/mt-static /var/www/localhost/htdocs/
#copy mtos/index.html /var/www/localhost/htdocs/index.html
#chrootexec chown -R apache.apache /var/www/localhost
#chrootexec mv /var/www/localhost/cgi-bin/mt/mt-config.cgi-original /var/www/localhost/cgi-bin/mt/mt-config.cgi
#sed /var/www/localhost/cgi-bin/mt/mt-config.cgi s/http:\/\/www\.example\.com//
#sed /var/www/localhost/cgi-bin/mt/mt-config.cgi s/\(DATABASE_NAME\|DATABASE_USERNAME\)/mtos/
#sed /var/www/localhost/cgi-bin/mt/mt-config.cgi s/\(DATABASE_PASSWORD\)/mtos/
#require components/mtos-$(LANGUAGE).lst
#copy mtos/setup_initial_database.sh /setup_initial_database.sh
#chrootexec sh /setup_initial_database.sh && rm /setup_initial_database.sh
#copy mtos/crontab /var/spool/cron/crontabs/root
#copy mtos/wb-va.xml /etc/wb-va.xml

# emerge -p DBD-mysql crypt-dsa IPC-Run Archive-Zip Cache-Memcached Crypt-SSLeay GD XML-Parser Digest-SHA1 XML-Atom imagemagick Mail-Sendmail HTML-Parser Cache #Imager

