#require components/domU.lst
#require components/cron.lst
#require components/pvkernel.lst
#require components/apache.lst
#require components/mysql.lst
#require components/php53.lst
#require components/samba.lst
#require components/postfix.lst
#require components/phpmyadmin.lst
#copy openpne/smb.conf /etc/samba/smb.conf
#sed /etc/conf.d/hostname s/^\(hostname="\).*\("\)$/\1openpne\2/
#copy domU/fstab-with-zramswap /etc/fstab
#extract openpne/OpenPNE3-OpenPNE-3.8.5.zip /var/www/localhost
#chrootexec mv /var/www/localhost/OpenPNE3-OpenPNE-3.8.5/* /var/www/localhost/htdocs/ && rm /var/www/localhost/OpenPNE3-OpenPNE-3.8.5/.gitignore
#chrootexec rmdir /var/www/localhost/OpenPNE3-OpenPNE-3.8.5
#chrootexec cp /var/www/localhost/htdocs/config/ProjectConfiguration.class.php.sample /var/www/localhost/htdocs/config/ProjectConfiguration.class.php
#chrootexec cp /var/www/localhost/htdocs/config/OpenPNE.yml.sample /var/www/localhost/htdocs/config/OpenPNE.yml
## cd /var/www/localhost/htdocs && ./symfony openpne:fast-install --dbms=mysql --dbuser=openpne --dbpassword="" --dbhost=localhost --dbname=openpne     
#copy openpne/setup_initial_database.sh /setup_initial_database.sh
#chrootexec sh /setup_initial_database.sh && rm /setup_initial_database.sh
## diff -rq orig installed
#chrootexec cd /var/www/localhost/htdocs && ./symfony project:clear-controllers
#chrootexec chown -R apache.apache /var/www/localhost
#sed /etc/apache2/vhosts.d/default_vhost.include s/\(\/var\/www\/localhost\/\htdocs\)/\1\/web/
#sed /var/www/localhost/htdocs/config/OpenPNE.yml s/http:\/\/example\.com//
#copy openpne/crontab /var/spool/cron/crontabs/root
#chrootexec cp -a /etc/mail/aliases /tmp/aliases && echo 'openpne_user: "| php /var/www/localhost/htdocs/symfony openpne:execute-mail-action"' >> /tmp/aliases && mv /tmp/aliases /etc/mail/aliases
#copy openpne/wb-va.xml /etc/wb-va.xml

