#require components/domU.lst
#require components/pvkernel.lst
#require components/apache.lst
#require components/php54.lst
#require components/mysql.lst
#require components/postfix.lst
#require components/passenger.lst
#require components/subversion.lst
#require components/dav_svn.lst
#require components/websvn.lst
#require components/mercurial.lst
#require components/git.lst
# to enable thumbnail
#require components/imagemagick.lst

#portage dev-ruby/mysql2-0.3.14

#sed /etc/conf.d/hostname s/^\(hostname="\).*\("\)$/\1redmine\2/
#copy domU/fstab-with-zramswap /etc/fstab
#chrootexec wget -O - http://www.redmine.org/releases/redmine-2.5.1.tar.gz | tar zxvf - -C /var/www/localhost
#chrootexec rm -rf /var/www/localhost/htdocs
#chrootexec mv /var/www/localhost/redmine-2.5.1 /var/www/localhost/htdocs
#chrootexec cd /var/www/localhost/htdocs && bundle install
#chrootexec rm -rf /usr/local/lib/ruby/gems/*/gems/nokogiri-*/ext/nokogiri/tmp

#copy redmine/default_vhost.include /etc/apache2/vhosts.d/default_vhost.include
#copy redmine/database.yml /var/www/localhost/htdocs/config/database.yml
#copy redmine/configuration.yml /var/www/localhost/htdocs/config/configuration.yml
#chrootexec mkdir /var/www/localhost/htdocs/public/plugin_assets
#chrootexec chown -R apache.apache /var/www/localhost/htdocs

#chrootexec svnadmin create /var/svn
#chrootexec echo '[/]' > /var/svn/conf/authz
#chrootexec echo '*=rw' >> /var/svn/conf/authz
#chrootexec chown -R apache.apache /var/svn
#copy redmine/passwd.rb /var/www/localhost/passwd.rb
#patchsinglefile /usr/share/webapps/websvn/2.3.2/htdocs/include/config.php redmine/config.php.patch

##copy redmine/generate-secret-token /etc/init.d/generate-secret-token
##symlink /etc/runlevels/boot/generate-secret-token /etc/init.d/generate-secret-token
#copy redmine/setup_initial_database.sh /setup_initial_database.sh
#sed /setup_initial_database.sh s/'\''ja'\''/'\''$(LANGUAGE)'\''/
#chrootexec sh /setup_initial_database.sh && rm /setup_initial_database.sh
#copy redmine/wb-va.xml /etc/wb-va.xml

