#require components/domU.lst
#require components/cron.lst
#require components/pvkernel.lst
#require components/apache.lst
#require components/mysql.lst
#require components/php53.lst
#require components/samba.lst
#require components/postfix.lst
#copy tt-rss/smb.conf /etc/samba/smb.conf
#sed /etc/conf.d/hostname s/^\(hostname="\).*\("\)$/\1tt-rss\2/
#copy domU/fstab-with-zramswap /etc/fstab
#extract tt-rss/tt-rss-1.7.4.tar.gz /var/www/localhost
#chrootexec mv /var/www/localhost/Tiny-Tiny-RSS-1.7.4/* /var/www/localhost/htdocs
#chrootexec rm -r /var/www/localhost/Tiny-Tiny-RSS-1.7.4
#chrootexec mv /var/www/localhost/htdocs/config.php-dist /var/www/localhost/htdocs/config.php
#sed /var/www/localhost/htdocs/config.php s/"pgsql"/"mysql"/
#sed /var/www/localhost/htdocs/config.php s/"fox"/"tt-rss"/
#sed /var/www/localhost/htdocs/config.php s/"XXXXXX"/""/
#sed /var/www/localhost/htdocs/config.php s/your\.domain\.dom/example\.com/
#sed /var/www/localhost/htdocs/config.php s/'\''http:\/\/yourserver\/tt-rss\/'\''/"http:\/\/" . $_SERVER["SERVER_NAME"] . "\/"/
#chrootexec chown -R apache.apache /var/www/localhost
#copy tt-rss/setup_initial_database.sh /setup_initial_database.sh
#chrootexec sh /setup_initial_database.sh && rm /setup_initial_database.sh
#copy tt-rss/cron.hourly /etc/cron.hourly/tt-rss
#copy tt-rss/wb-va.xml /etc/wb-va.xml

