#require nss-myhostname.lst

# mandatory use flags:
#  www-apache/mod_extract_forwarded mod_proxy
#  www-servers/apache apache2_modules_proxy_connect apache2_modules_proxy apache2_modules_proxy_http apache2_modules_proxy_ajp

/etc/apache2/httpd.conf
/etc/apache2/magic
/etc/apache2/modules.d/.keep_www-servers_apache-2
/etc/apache2/modules.d/00_default_settings.conf
/etc/apache2/modules.d/00_error_documents.conf
/etc/apache2/modules.d/00_languages.conf
/etc/apache2/modules.d/00_mod_autoindex.conf
/etc/apache2/modules.d/00_mod_info.conf
/etc/apache2/modules.d/00_mod_log_config.conf
/etc/apache2/modules.d/00_mod_mime.conf
/etc/apache2/modules.d/00_mod_status.conf
/etc/apache2/modules.d/00_mod_userdir.conf
/etc/apache2/modules.d/00_mpm.conf
/etc/apache2/modules.d/10_mod_mem_cache.conf
/etc/apache2/modules.d/40_mod_ssl.conf
/etc/apache2/modules.d/45_mod_dav.conf
/etc/apache2/modules.d/46_mod_ldap.conf
/etc/apache2/vhosts.d/.keep_www-servers_apache-2
/etc/apache2/vhosts.d/00_default_ssl_vhost.conf
/etc/apache2/vhosts.d/00_default_vhost.conf
/etc/apache2/vhosts.d/default_vhost.include
/etc/conf.d/apache2
# disable SSL / enable PROXY 
#sed /etc/conf.d/apache2 s/-D SSL//
#sed /etc/conf.d/apache2 s/^\(APACHE2_OPTS=.*\)\"$/\1 -D PROXY"/
/etc/init.d/apache2
#symlink /etc/runlevels/default/apache2 /etc/init.d/apache2
/etc/logrotate.d/apache2
#/usr/lib/apache2/build/config.nice
#/usr/lib/apache2/build/config_vars.mk
#/usr/lib/apache2/build/instdso.sh
#/usr/lib/apache2/build/library.mk
#/usr/lib/apache2/build/ltlib.mk
#/usr/lib/apache2/build/mkdir.sh
#/usr/lib/apache2/build/program.mk
#/usr/lib/apache2/build/rules.mk
#/usr/lib/apache2/build/special.mk
/usr/lib/apache2/modules/mod_actions.so
/usr/lib/apache2/modules/mod_alias.so
/usr/lib/apache2/modules/mod_auth_basic.so
/usr/lib/apache2/modules/mod_authn_alias.so
/usr/lib/apache2/modules/mod_authn_anon.so
/usr/lib/apache2/modules/mod_authn_dbm.so
/usr/lib/apache2/modules/mod_authn_default.so
/usr/lib/apache2/modules/mod_authn_file.so
/usr/lib/apache2/modules/mod_authz_dbm.so
/usr/lib/apache2/modules/mod_authz_default.so
/usr/lib/apache2/modules/mod_authz_groupfile.so
/usr/lib/apache2/modules/mod_authz_host.so
/usr/lib/apache2/modules/mod_authz_owner.so
/usr/lib/apache2/modules/mod_authz_user.so
/usr/lib/apache2/modules/mod_autoindex.so
/usr/lib/apache2/modules/mod_cache.so
/usr/lib/apache2/modules/mod_cgi.so
/usr/lib/apache2/modules/mod_cgid.so
/usr/lib/apache2/modules/mod_dav.so
/usr/lib/apache2/modules/mod_dav_fs.so
/usr/lib/apache2/modules/mod_dav_lock.so
/usr/lib/apache2/modules/mod_deflate.so
/usr/lib/apache2/modules/mod_dir.so
/usr/lib/apache2/modules/mod_disk_cache.so
/usr/lib/apache2/modules/mod_env.so
/usr/lib/apache2/modules/mod_expires.so
/usr/lib/apache2/modules/mod_ext_filter.so
/usr/lib/apache2/modules/mod_file_cache.so
/usr/lib/apache2/modules/mod_filter.so
/usr/lib/apache2/modules/mod_headers.so
/usr/lib/apache2/modules/mod_include.so
/usr/lib/apache2/modules/mod_info.so
/usr/lib/apache2/modules/mod_log_config.so
/usr/lib/apache2/modules/mod_logio.so
/usr/lib/apache2/modules/mod_mem_cache.so
/usr/lib/apache2/modules/mod_mime.so
/usr/lib/apache2/modules/mod_mime_magic.so
/usr/lib/apache2/modules/mod_negotiation.so
/usr/lib/apache2/modules/mod_rewrite.so
/usr/lib/apache2/modules/mod_setenvif.so
/usr/lib/apache2/modules/mod_speling.so
/usr/lib/apache2/modules/mod_ssl.so
/usr/lib/apache2/modules/mod_status.so
/usr/lib/apache2/modules/mod_unique_id.so
/usr/lib/apache2/modules/mod_userdir.so
/usr/lib/apache2/modules/mod_usertrack.so
/usr/lib/apache2/modules/mod_vhost_alias.so
/usr/lib/apache2/modules/mod_proxy.so
/usr/lib/apache2/modules/mod_proxy_ajp.so
/usr/lib/apache2/modules/mod_proxy_connect.so
/usr/lib/apache2/modules/mod_proxy_http.so
/usr/sbin/apache2
/usr/sbin/apache2ctl
/usr/sbin/apxs2
/usr/share/apache2/error/HTTP_BAD_GATEWAY.html.var
/usr/share/apache2/error/HTTP_BAD_REQUEST.html.var
/usr/share/apache2/error/HTTP_FORBIDDEN.html.var
/usr/share/apache2/error/HTTP_GONE.html.var
/usr/share/apache2/error/HTTP_INTERNAL_SERVER_ERROR.html.var
/usr/share/apache2/error/HTTP_LENGTH_REQUIRED.html.var
/usr/share/apache2/error/HTTP_METHOD_NOT_ALLOWED.html.var
/usr/share/apache2/error/HTTP_NOT_FOUND.html.var
/usr/share/apache2/error/HTTP_NOT_IMPLEMENTED.html.var
/usr/share/apache2/error/HTTP_PRECONDITION_FAILED.html.var
/usr/share/apache2/error/HTTP_REQUEST_ENTITY_TOO_LARGE.html.var
/usr/share/apache2/error/HTTP_REQUEST_TIME_OUT.html.var
/usr/share/apache2/error/HTTP_REQUEST_URI_TOO_LARGE.html.var
/usr/share/apache2/error/HTTP_SERVICE_UNAVAILABLE.html.var
/usr/share/apache2/error/HTTP_UNAUTHORIZED.html.var
/usr/share/apache2/error/HTTP_UNSUPPORTED_MEDIA_TYPE.html.var
/usr/share/apache2/error/HTTP_VARIANT_ALSO_VARIES.html.var
/usr/share/apache2/error/contact.html.var
/usr/share/apache2/error/include/bottom.html
/usr/share/apache2/error/include/spacer.html
/usr/share/apache2/error/include/top.html
/usr/share/apache2/icons/a.gif
/usr/share/apache2/icons/a.png
/usr/share/apache2/icons/alert.black.gif
/usr/share/apache2/icons/alert.black.png
/usr/share/apache2/icons/alert.red.gif
/usr/share/apache2/icons/alert.red.png
/usr/share/apache2/icons/apache_pb.gif
/usr/share/apache2/icons/apache_pb.png
/usr/share/apache2/icons/apache_pb2.gif
/usr/share/apache2/icons/apache_pb2.png
/usr/share/apache2/icons/apache_pb2_ani.gif
/usr/share/apache2/icons/back.gif
/usr/share/apache2/icons/back.png
/usr/share/apache2/icons/ball.gray.gif
/usr/share/apache2/icons/ball.gray.png
/usr/share/apache2/icons/ball.red.gif
/usr/share/apache2/icons/ball.red.png
/usr/share/apache2/icons/binary.gif
/usr/share/apache2/icons/binary.png
/usr/share/apache2/icons/binhex.gif
/usr/share/apache2/icons/binhex.png
/usr/share/apache2/icons/blank.gif
/usr/share/apache2/icons/blank.png
/usr/share/apache2/icons/bomb.gif
/usr/share/apache2/icons/bomb.png
/usr/share/apache2/icons/box1.gif
/usr/share/apache2/icons/box1.png
/usr/share/apache2/icons/box2.gif
/usr/share/apache2/icons/box2.png
/usr/share/apache2/icons/broken.gif
/usr/share/apache2/icons/broken.png
/usr/share/apache2/icons/burst.gif
/usr/share/apache2/icons/burst.png
/usr/share/apache2/icons/c.gif
/usr/share/apache2/icons/c.png
/usr/share/apache2/icons/comp.blue.gif
/usr/share/apache2/icons/comp.blue.png
/usr/share/apache2/icons/comp.gray.gif
/usr/share/apache2/icons/comp.gray.png
/usr/share/apache2/icons/compressed.gif
/usr/share/apache2/icons/compressed.png
/usr/share/apache2/icons/continued.gif
/usr/share/apache2/icons/continued.png
/usr/share/apache2/icons/dir.gif
/usr/share/apache2/icons/dir.png
/usr/share/apache2/icons/diskimg.gif
/usr/share/apache2/icons/diskimg.png
/usr/share/apache2/icons/down.gif
/usr/share/apache2/icons/down.png
/usr/share/apache2/icons/dvi.gif
/usr/share/apache2/icons/dvi.png
/usr/share/apache2/icons/f.gif
/usr/share/apache2/icons/f.png
/usr/share/apache2/icons/folder.gif
/usr/share/apache2/icons/folder.open.gif
/usr/share/apache2/icons/folder.open.png
/usr/share/apache2/icons/folder.png
/usr/share/apache2/icons/folder.sec.gif
/usr/share/apache2/icons/folder.sec.png
/usr/share/apache2/icons/forward.gif
/usr/share/apache2/icons/forward.png
/usr/share/apache2/icons/generic.gif
/usr/share/apache2/icons/generic.png
/usr/share/apache2/icons/generic.red.gif
/usr/share/apache2/icons/generic.red.png
/usr/share/apache2/icons/generic.sec.gif
/usr/share/apache2/icons/generic.sec.png
/usr/share/apache2/icons/hand.right.gif
/usr/share/apache2/icons/hand.right.png
/usr/share/apache2/icons/hand.up.gif
/usr/share/apache2/icons/hand.up.png
/usr/share/apache2/icons/icon.sheet.gif
/usr/share/apache2/icons/icon.sheet.png
/usr/share/apache2/icons/image1.gif
/usr/share/apache2/icons/image1.png
/usr/share/apache2/icons/image2.gif
/usr/share/apache2/icons/image2.png
/usr/share/apache2/icons/image3.gif
/usr/share/apache2/icons/image3.png
/usr/share/apache2/icons/index.gif
/usr/share/apache2/icons/index.png
/usr/share/apache2/icons/layout.gif
/usr/share/apache2/icons/layout.png
/usr/share/apache2/icons/left.gif
/usr/share/apache2/icons/left.png
/usr/share/apache2/icons/link.gif
/usr/share/apache2/icons/link.png
/usr/share/apache2/icons/movie.gif
/usr/share/apache2/icons/movie.png
/usr/share/apache2/icons/p.gif
/usr/share/apache2/icons/p.png
/usr/share/apache2/icons/patch.gif
/usr/share/apache2/icons/patch.png
/usr/share/apache2/icons/pdf.gif
/usr/share/apache2/icons/pdf.png
/usr/share/apache2/icons/pie0.gif
/usr/share/apache2/icons/pie0.png
/usr/share/apache2/icons/pie1.gif
/usr/share/apache2/icons/pie1.png
/usr/share/apache2/icons/pie2.gif
/usr/share/apache2/icons/pie2.png
/usr/share/apache2/icons/pie3.gif
/usr/share/apache2/icons/pie3.png
/usr/share/apache2/icons/pie4.gif
/usr/share/apache2/icons/pie4.png
/usr/share/apache2/icons/pie5.gif
/usr/share/apache2/icons/pie5.png
/usr/share/apache2/icons/pie6.gif
/usr/share/apache2/icons/pie6.png
/usr/share/apache2/icons/pie7.gif
/usr/share/apache2/icons/pie7.png
/usr/share/apache2/icons/pie8.gif
/usr/share/apache2/icons/pie8.png
/usr/share/apache2/icons/portal.gif
/usr/share/apache2/icons/portal.png
/usr/share/apache2/icons/ps.gif
/usr/share/apache2/icons/ps.png
/usr/share/apache2/icons/quill.gif
/usr/share/apache2/icons/quill.png
/usr/share/apache2/icons/right.gif
/usr/share/apache2/icons/right.png
/usr/share/apache2/icons/screw1.gif
/usr/share/apache2/icons/screw1.png
/usr/share/apache2/icons/screw2.gif
/usr/share/apache2/icons/screw2.png
/usr/share/apache2/icons/script.gif
/usr/share/apache2/icons/script.png
/usr/share/apache2/icons/small/back.gif
/usr/share/apache2/icons/small/back.png
/usr/share/apache2/icons/small/binary.gif
/usr/share/apache2/icons/small/binary.png
/usr/share/apache2/icons/small/binhex.gif
/usr/share/apache2/icons/small/binhex.png
/usr/share/apache2/icons/small/blank.gif
/usr/share/apache2/icons/small/blank.png
/usr/share/apache2/icons/small/broken.gif
/usr/share/apache2/icons/small/broken.png
/usr/share/apache2/icons/small/burst.gif
/usr/share/apache2/icons/small/burst.png
/usr/share/apache2/icons/small/comp1.gif
/usr/share/apache2/icons/small/comp1.png
/usr/share/apache2/icons/small/comp2.gif
/usr/share/apache2/icons/small/comp2.png
/usr/share/apache2/icons/small/compressed.gif
/usr/share/apache2/icons/small/compressed.png
/usr/share/apache2/icons/small/continued.gif
/usr/share/apache2/icons/small/continued.png
/usr/share/apache2/icons/small/dir.gif
/usr/share/apache2/icons/small/dir.png
/usr/share/apache2/icons/small/dir2.gif
/usr/share/apache2/icons/small/dir2.png
/usr/share/apache2/icons/small/doc.gif
/usr/share/apache2/icons/small/doc.png
/usr/share/apache2/icons/small/forward.gif
/usr/share/apache2/icons/small/forward.png
/usr/share/apache2/icons/small/generic.gif
/usr/share/apache2/icons/small/generic.png
/usr/share/apache2/icons/small/generic2.gif
/usr/share/apache2/icons/small/generic2.png
/usr/share/apache2/icons/small/generic3.gif
/usr/share/apache2/icons/small/generic3.png
/usr/share/apache2/icons/small/image.gif
/usr/share/apache2/icons/small/image.png
/usr/share/apache2/icons/small/image2.gif
/usr/share/apache2/icons/small/image2.png
/usr/share/apache2/icons/small/index.gif
/usr/share/apache2/icons/small/index.png
/usr/share/apache2/icons/small/key.gif
/usr/share/apache2/icons/small/key.png
/usr/share/apache2/icons/small/movie.gif
/usr/share/apache2/icons/small/movie.png
/usr/share/apache2/icons/small/patch.gif
/usr/share/apache2/icons/small/patch.png
/usr/share/apache2/icons/small/ps.gif
/usr/share/apache2/icons/small/ps.png
/usr/share/apache2/icons/small/rainbow.gif
/usr/share/apache2/icons/small/rainbow.png
/usr/share/apache2/icons/small/sound.gif
/usr/share/apache2/icons/small/sound.png
/usr/share/apache2/icons/small/sound2.gif
/usr/share/apache2/icons/small/sound2.png
/usr/share/apache2/icons/small/tar.gif
/usr/share/apache2/icons/small/tar.png
/usr/share/apache2/icons/small/text.gif
/usr/share/apache2/icons/small/text.png
/usr/share/apache2/icons/small/transfer.gif
/usr/share/apache2/icons/small/transfer.png
/usr/share/apache2/icons/small/unknown.gif
/usr/share/apache2/icons/small/unknown.png
/usr/share/apache2/icons/small/uu.gif
/usr/share/apache2/icons/small/uu.png
/usr/share/apache2/icons/sound1.gif
/usr/share/apache2/icons/sound1.png
/usr/share/apache2/icons/sound2.gif
/usr/share/apache2/icons/sound2.png
/usr/share/apache2/icons/sphere1.gif
/usr/share/apache2/icons/sphere1.png
/usr/share/apache2/icons/sphere2.gif
/usr/share/apache2/icons/sphere2.png
/usr/share/apache2/icons/tar.gif
/usr/share/apache2/icons/tar.png
/usr/share/apache2/icons/tex.gif
/usr/share/apache2/icons/tex.png
/usr/share/apache2/icons/text.gif
/usr/share/apache2/icons/text.png
/usr/share/apache2/icons/transfer.gif
/usr/share/apache2/icons/transfer.png
/usr/share/apache2/icons/unknown.gif
/usr/share/apache2/icons/unknown.png
/usr/share/apache2/icons/up.gif
/usr/share/apache2/icons/up.png
/usr/share/apache2/icons/uu.gif
/usr/share/apache2/icons/uu.png
/usr/share/apache2/icons/uuencoded.gif
/usr/share/apache2/icons/uuencoded.png
/usr/share/apache2/icons/world1.gif
/usr/share/apache2/icons/world1.png
/usr/share/apache2/icons/world2.gif
/usr/share/apache2/icons/world2.png
/var/cache/apache2/.keep_www-servers_apache-2
/var/lib/dav/.keep_www-servers_apache-2
/var/log/apache2/.keep_www-servers_apache-2
#dir /var/www/localhost/htdocs
#dir /var/www/localhost/cgi-bin

# from mime-types
/etc/mime.types

# from mod_extract_forwarded
/etc/apache2/modules.d/98_mod_extract_forwarded.conf
#sed /etc/apache2/modules.d/98_mod_extract_forwarded.conf s/localhost/all/
/usr/lib/apache2/modules/mod_extract_forwarded.so
#sed /etc/conf.d/apache2 s/^\(APACHE2_OPTS=.*\)\"$/\1 -D EXTRACT_FORWARDED"/