#require nokogiri.lst
/usr/lib/ruby/gems/1.9.1/gems/capybara-2.0.2/lib/capybara.rb
/usr/lib/ruby/gems/1.9.1/gems/capybara-2.0.2/lib/capybara/cucumber.rb
/usr/lib/ruby/gems/1.9.1/gems/capybara-2.0.2/lib/capybara/driver/base.rb
/usr/lib/ruby/gems/1.9.1/gems/capybara-2.0.2/lib/capybara/driver/node.rb
/usr/lib/ruby/gems/1.9.1/gems/capybara-2.0.2/lib/capybara/dsl.rb
/usr/lib/ruby/gems/1.9.1/gems/capybara-2.0.2/lib/capybara/helpers.rb
/usr/lib/ruby/gems/1.9.1/gems/capybara-2.0.2/lib/capybara/node/actions.rb
/usr/lib/ruby/gems/1.9.1/gems/capybara-2.0.2/lib/capybara/node/base.rb
/usr/lib/ruby/gems/1.9.1/gems/capybara-2.0.2/lib/capybara/node/document.rb
/usr/lib/ruby/gems/1.9.1/gems/capybara-2.0.2/lib/capybara/node/element.rb
/usr/lib/ruby/gems/1.9.1/gems/capybara-2.0.2/lib/capybara/node/finders.rb
/usr/lib/ruby/gems/1.9.1/gems/capybara-2.0.2/lib/capybara/node/matchers.rb
/usr/lib/ruby/gems/1.9.1/gems/capybara-2.0.2/lib/capybara/node/simple.rb
/usr/lib/ruby/gems/1.9.1/gems/capybara-2.0.2/lib/capybara/query.rb
/usr/lib/ruby/gems/1.9.1/gems/capybara-2.0.2/lib/capybara/rack_test/browser.rb
/usr/lib/ruby/gems/1.9.1/gems/capybara-2.0.2/lib/capybara/rack_test/driver.rb
/usr/lib/ruby/gems/1.9.1/gems/capybara-2.0.2/lib/capybara/rack_test/form.rb
/usr/lib/ruby/gems/1.9.1/gems/capybara-2.0.2/lib/capybara/rack_test/node.rb
/usr/lib/ruby/gems/1.9.1/gems/capybara-2.0.2/lib/capybara/rails.rb
/usr/lib/ruby/gems/1.9.1/gems/capybara-2.0.2/lib/capybara/result.rb
/usr/lib/ruby/gems/1.9.1/gems/capybara-2.0.2/lib/capybara/rspec.rb
/usr/lib/ruby/gems/1.9.1/gems/capybara-2.0.2/lib/capybara/rspec/features.rb
/usr/lib/ruby/gems/1.9.1/gems/capybara-2.0.2/lib/capybara/rspec/matchers.rb
/usr/lib/ruby/gems/1.9.1/gems/capybara-2.0.2/lib/capybara/selector.rb
/usr/lib/ruby/gems/1.9.1/gems/capybara-2.0.2/lib/capybara/selenium/driver.rb
/usr/lib/ruby/gems/1.9.1/gems/capybara-2.0.2/lib/capybara/selenium/node.rb
/usr/lib/ruby/gems/1.9.1/gems/capybara-2.0.2/lib/capybara/server.rb
/usr/lib/ruby/gems/1.9.1/gems/capybara-2.0.2/lib/capybara/session.rb
/usr/lib/ruby/gems/1.9.1/gems/capybara-2.0.2/lib/capybara/spec/fixtures/another_test_file.txt
/usr/lib/ruby/gems/1.9.1/gems/capybara-2.0.2/lib/capybara/spec/fixtures/capybara.jpg
/usr/lib/ruby/gems/1.9.1/gems/capybara-2.0.2/lib/capybara/spec/fixtures/test_file.txt
/usr/lib/ruby/gems/1.9.1/gems/capybara-2.0.2/lib/capybara/spec/public/jquery-ui.js
/usr/lib/ruby/gems/1.9.1/gems/capybara-2.0.2/lib/capybara/spec/public/jquery.js
/usr/lib/ruby/gems/1.9.1/gems/capybara-2.0.2/lib/capybara/spec/public/test.js
/usr/lib/ruby/gems/1.9.1/gems/capybara-2.0.2/lib/capybara/spec/session/all_spec.rb
/usr/lib/ruby/gems/1.9.1/gems/capybara-2.0.2/lib/capybara/spec/session/assert_selector.rb
/usr/lib/ruby/gems/1.9.1/gems/capybara-2.0.2/lib/capybara/spec/session/attach_file_spec.rb
/usr/lib/ruby/gems/1.9.1/gems/capybara-2.0.2/lib/capybara/spec/session/body_spec.rb
/usr/lib/ruby/gems/1.9.1/gems/capybara-2.0.2/lib/capybara/spec/session/check_spec.rb
/usr/lib/ruby/gems/1.9.1/gems/capybara-2.0.2/lib/capybara/spec/session/choose_spec.rb
/usr/lib/ruby/gems/1.9.1/gems/capybara-2.0.2/lib/capybara/spec/session/click_button_spec.rb
/usr/lib/ruby/gems/1.9.1/gems/capybara-2.0.2/lib/capybara/spec/session/click_link_or_button_spec.rb
/usr/lib/ruby/gems/1.9.1/gems/capybara-2.0.2/lib/capybara/spec/session/click_link_spec.rb
/usr/lib/ruby/gems/1.9.1/gems/capybara-2.0.2/lib/capybara/spec/session/current_url_spec.rb
/usr/lib/ruby/gems/1.9.1/gems/capybara-2.0.2/lib/capybara/spec/session/evaluate_script_spec.rb
/usr/lib/ruby/gems/1.9.1/gems/capybara-2.0.2/lib/capybara/spec/session/execute_script_spec.rb
/usr/lib/ruby/gems/1.9.1/gems/capybara-2.0.2/lib/capybara/spec/session/fill_in_spec.rb
/usr/lib/ruby/gems/1.9.1/gems/capybara-2.0.2/lib/capybara/spec/session/find_button_spec.rb
/usr/lib/ruby/gems/1.9.1/gems/capybara-2.0.2/lib/capybara/spec/session/find_by_id_spec.rb
/usr/lib/ruby/gems/1.9.1/gems/capybara-2.0.2/lib/capybara/spec/session/find_field_spec.rb
/usr/lib/ruby/gems/1.9.1/gems/capybara-2.0.2/lib/capybara/spec/session/find_link_spec.rb
/usr/lib/ruby/gems/1.9.1/gems/capybara-2.0.2/lib/capybara/spec/session/find_spec.rb
/usr/lib/ruby/gems/1.9.1/gems/capybara-2.0.2/lib/capybara/spec/session/first_spec.rb
/usr/lib/ruby/gems/1.9.1/gems/capybara-2.0.2/lib/capybara/spec/session/has_button_spec.rb
/usr/lib/ruby/gems/1.9.1/gems/capybara-2.0.2/lib/capybara/spec/session/has_css_spec.rb
/usr/lib/ruby/gems/1.9.1/gems/capybara-2.0.2/lib/capybara/spec/session/has_field_spec.rb
/usr/lib/ruby/gems/1.9.1/gems/capybara-2.0.2/lib/capybara/spec/session/has_link_spec.rb
/usr/lib/ruby/gems/1.9.1/gems/capybara-2.0.2/lib/capybara/spec/session/has_select_spec.rb
/usr/lib/ruby/gems/1.9.1/gems/capybara-2.0.2/lib/capybara/spec/session/has_selector_spec.rb
/usr/lib/ruby/gems/1.9.1/gems/capybara-2.0.2/lib/capybara/spec/session/has_table_spec.rb
/usr/lib/ruby/gems/1.9.1/gems/capybara-2.0.2/lib/capybara/spec/session/has_text_spec.rb
/usr/lib/ruby/gems/1.9.1/gems/capybara-2.0.2/lib/capybara/spec/session/has_xpath_spec.rb
/usr/lib/ruby/gems/1.9.1/gems/capybara-2.0.2/lib/capybara/spec/session/headers.rb
/usr/lib/ruby/gems/1.9.1/gems/capybara-2.0.2/lib/capybara/spec/session/html_spec.rb
/usr/lib/ruby/gems/1.9.1/gems/capybara-2.0.2/lib/capybara/spec/session/node_spec.rb
/usr/lib/ruby/gems/1.9.1/gems/capybara-2.0.2/lib/capybara/spec/session/reset_session_spec.rb
/usr/lib/ruby/gems/1.9.1/gems/capybara-2.0.2/lib/capybara/spec/session/response_code.rb
/usr/lib/ruby/gems/1.9.1/gems/capybara-2.0.2/lib/capybara/spec/session/save_page_spec.rb
/usr/lib/ruby/gems/1.9.1/gems/capybara-2.0.2/lib/capybara/spec/session/screenshot.rb
/usr/lib/ruby/gems/1.9.1/gems/capybara-2.0.2/lib/capybara/spec/session/select_spec.rb
/usr/lib/ruby/gems/1.9.1/gems/capybara-2.0.2/lib/capybara/spec/session/source_spec.rb
/usr/lib/ruby/gems/1.9.1/gems/capybara-2.0.2/lib/capybara/spec/session/text_spec.rb
/usr/lib/ruby/gems/1.9.1/gems/capybara-2.0.2/lib/capybara/spec/session/uncheck_spec.rb
/usr/lib/ruby/gems/1.9.1/gems/capybara-2.0.2/lib/capybara/spec/session/unselect_spec.rb
/usr/lib/ruby/gems/1.9.1/gems/capybara-2.0.2/lib/capybara/spec/session/visit_spec.rb
/usr/lib/ruby/gems/1.9.1/gems/capybara-2.0.2/lib/capybara/spec/session/within_frame_spec.rb
/usr/lib/ruby/gems/1.9.1/gems/capybara-2.0.2/lib/capybara/spec/session/within_spec.rb
/usr/lib/ruby/gems/1.9.1/gems/capybara-2.0.2/lib/capybara/spec/session/within_window_spec.rb
/usr/lib/ruby/gems/1.9.1/gems/capybara-2.0.2/lib/capybara/spec/spec_helper.rb
/usr/lib/ruby/gems/1.9.1/gems/capybara-2.0.2/lib/capybara/spec/test_app.rb
/usr/lib/ruby/gems/1.9.1/gems/capybara-2.0.2/lib/capybara/spec/views/buttons.erb
/usr/lib/ruby/gems/1.9.1/gems/capybara-2.0.2/lib/capybara/spec/views/fieldsets.erb
/usr/lib/ruby/gems/1.9.1/gems/capybara-2.0.2/lib/capybara/spec/views/form.erb
/usr/lib/ruby/gems/1.9.1/gems/capybara-2.0.2/lib/capybara/spec/views/frame_one.erb
/usr/lib/ruby/gems/1.9.1/gems/capybara-2.0.2/lib/capybara/spec/views/frame_two.erb
/usr/lib/ruby/gems/1.9.1/gems/capybara-2.0.2/lib/capybara/spec/views/header_links.erb
/usr/lib/ruby/gems/1.9.1/gems/capybara-2.0.2/lib/capybara/spec/views/host_links.erb
/usr/lib/ruby/gems/1.9.1/gems/capybara-2.0.2/lib/capybara/spec/views/popup_one.erb
/usr/lib/ruby/gems/1.9.1/gems/capybara-2.0.2/lib/capybara/spec/views/popup_two.erb
/usr/lib/ruby/gems/1.9.1/gems/capybara-2.0.2/lib/capybara/spec/views/postback.erb
/usr/lib/ruby/gems/1.9.1/gems/capybara-2.0.2/lib/capybara/spec/views/tables.erb
/usr/lib/ruby/gems/1.9.1/gems/capybara-2.0.2/lib/capybara/spec/views/with_html.erb
/usr/lib/ruby/gems/1.9.1/gems/capybara-2.0.2/lib/capybara/spec/views/with_html_entities.erb
/usr/lib/ruby/gems/1.9.1/gems/capybara-2.0.2/lib/capybara/spec/views/with_js.erb
/usr/lib/ruby/gems/1.9.1/gems/capybara-2.0.2/lib/capybara/spec/views/with_scope.erb
/usr/lib/ruby/gems/1.9.1/gems/capybara-2.0.2/lib/capybara/spec/views/with_simple_html.erb
/usr/lib/ruby/gems/1.9.1/gems/capybara-2.0.2/lib/capybara/spec/views/within_frames.erb
/usr/lib/ruby/gems/1.9.1/gems/capybara-2.0.2/lib/capybara/spec/views/within_popups.erb
/usr/lib/ruby/gems/1.9.1/gems/capybara-2.0.2/lib/capybara/version.rb
/usr/lib/ruby/gems/1.9.1/specifications/capybara-2.0.2.gemspec

