/bin/cat
/bin/chgrp
/bin/chmod
/bin/chown
/bin/cp
/bin/date
/bin/dd
/bin/df
/bin/dirname
/bin/du
/bin/echo
/bin/false
/bin/ln
/bin/ls
/bin/mkdir
/bin/mknod
/bin/mktemp
/bin/mv
/bin/pwd
/bin/rm
/bin/rmdir
/bin/stty
/bin/sync
/bin/tr
/bin/true
/bin/wc
/etc/DIR_COLORS
/usr/bin/[
/usr/bin/base64
/usr/bin/basename
/usr/bin/chroot
/usr/bin/cksum
/usr/bin/comm
/usr/bin/cut
/usr/bin/dircolors
/usr/bin/dirname
/usr/bin/du
/usr/bin/env
/usr/bin/expr
/usr/bin/fold
/usr/bin/head
/usr/bin/hostid
/usr/bin/id
/usr/bin/logname
/usr/bin/md5sum
/usr/bin/mkfifo
/usr/bin/mktemp
/usr/bin/nice
/usr/bin/nohup
/usr/bin/od
/usr/bin/printenv
/usr/bin/printf
/usr/bin/readlink
/usr/bin/seq
/usr/bin/sha1sum
/usr/bin/sha224sum
/usr/bin/sha256sum
/usr/bin/sha384sum
/usr/bin/sha512sum
/usr/bin/sleep
/usr/bin/sort
/usr/bin/split
/usr/bin/stat
/usr/bin/sum
/usr/bin/tail
/usr/bin/tee
/usr/bin/test
/usr/bin/timeout
/usr/bin/touch
/usr/bin/tr
/usr/bin/tty
/usr/bin/uname
/usr/bin/uniq
/usr/bin/wc
/usr/bin/who
/usr/bin/whoami
/usr/bin/yes
