#require erlang.lst
#require spidermonkey.lst
/etc/conf.d/couchdb
/etc/couchdb/default.ini
/etc/couchdb/local.ini
/etc/default/couchdb
/etc/init.d/couchdb
#symlink /etc/runlevels/default/couchdb /etc/init.d/couchdb
/etc/logrotate.d/couchdb
/usr/bin/couch-config
/usr/bin/couchdb
/usr/bin/couchjs
/usr/lib/couchdb/bin/couchjs
/usr/lib/couchdb/erlang/lib/couch-1.2.0/ebin/couch.app
/usr/lib/couchdb/erlang/lib/couch-1.2.0/ebin/couch.beam
/usr/lib/couchdb/erlang/lib/couch-1.2.0/ebin/couch_api_wrap.beam
/usr/lib/couchdb/erlang/lib/couch-1.2.0/ebin/couch_api_wrap_httpc.beam
/usr/lib/couchdb/erlang/lib/couch-1.2.0/ebin/couch_app.beam
/usr/lib/couchdb/erlang/lib/couch-1.2.0/ebin/couch_auth_cache.beam
/usr/lib/couchdb/erlang/lib/couch-1.2.0/ebin/couch_btree.beam
/usr/lib/couchdb/erlang/lib/couch-1.2.0/ebin/couch_changes.beam
/usr/lib/couchdb/erlang/lib/couch-1.2.0/ebin/couch_compaction_daemon.beam
/usr/lib/couchdb/erlang/lib/couch-1.2.0/ebin/couch_compress.beam
/usr/lib/couchdb/erlang/lib/couch-1.2.0/ebin/couch_config.beam
/usr/lib/couchdb/erlang/lib/couch-1.2.0/ebin/couch_config_writer.beam
/usr/lib/couchdb/erlang/lib/couch-1.2.0/ebin/couch_db.beam
/usr/lib/couchdb/erlang/lib/couch-1.2.0/ebin/couch_db_update_notifier.beam
/usr/lib/couchdb/erlang/lib/couch-1.2.0/ebin/couch_db_update_notifier_sup.beam
/usr/lib/couchdb/erlang/lib/couch-1.2.0/ebin/couch_db_updater.beam
/usr/lib/couchdb/erlang/lib/couch-1.2.0/ebin/couch_doc.beam
/usr/lib/couchdb/erlang/lib/couch-1.2.0/ebin/couch_drv.beam
/usr/lib/couchdb/erlang/lib/couch-1.2.0/ebin/couch_ejson_compare.beam
/usr/lib/couchdb/erlang/lib/couch-1.2.0/ebin/couch_event_sup.beam
/usr/lib/couchdb/erlang/lib/couch-1.2.0/ebin/couch_external_manager.beam
/usr/lib/couchdb/erlang/lib/couch-1.2.0/ebin/couch_external_server.beam
/usr/lib/couchdb/erlang/lib/couch-1.2.0/ebin/couch_file.beam
/usr/lib/couchdb/erlang/lib/couch-1.2.0/ebin/couch_httpc_pool.beam
/usr/lib/couchdb/erlang/lib/couch-1.2.0/ebin/couch_httpd.beam
/usr/lib/couchdb/erlang/lib/couch-1.2.0/ebin/couch_httpd_auth.beam
/usr/lib/couchdb/erlang/lib/couch-1.2.0/ebin/couch_httpd_db.beam
/usr/lib/couchdb/erlang/lib/couch-1.2.0/ebin/couch_httpd_external.beam
/usr/lib/couchdb/erlang/lib/couch-1.2.0/ebin/couch_httpd_misc_handlers.beam
/usr/lib/couchdb/erlang/lib/couch-1.2.0/ebin/couch_httpd_oauth.beam
/usr/lib/couchdb/erlang/lib/couch-1.2.0/ebin/couch_httpd_proxy.beam
/usr/lib/couchdb/erlang/lib/couch-1.2.0/ebin/couch_httpd_replicator.beam
/usr/lib/couchdb/erlang/lib/couch-1.2.0/ebin/couch_httpd_rewrite.beam
/usr/lib/couchdb/erlang/lib/couch-1.2.0/ebin/couch_httpd_show.beam
/usr/lib/couchdb/erlang/lib/couch-1.2.0/ebin/couch_httpd_stats_handlers.beam
/usr/lib/couchdb/erlang/lib/couch-1.2.0/ebin/couch_httpd_vhost.beam
/usr/lib/couchdb/erlang/lib/couch-1.2.0/ebin/couch_httpd_view.beam
/usr/lib/couchdb/erlang/lib/couch-1.2.0/ebin/couch_key_tree.beam
/usr/lib/couchdb/erlang/lib/couch-1.2.0/ebin/couch_log.beam
/usr/lib/couchdb/erlang/lib/couch-1.2.0/ebin/couch_native_process.beam
/usr/lib/couchdb/erlang/lib/couch-1.2.0/ebin/couch_os_daemons.beam
/usr/lib/couchdb/erlang/lib/couch-1.2.0/ebin/couch_os_process.beam
/usr/lib/couchdb/erlang/lib/couch-1.2.0/ebin/couch_primary_sup.beam
/usr/lib/couchdb/erlang/lib/couch-1.2.0/ebin/couch_query_servers.beam
/usr/lib/couchdb/erlang/lib/couch-1.2.0/ebin/couch_ref_counter.beam
/usr/lib/couchdb/erlang/lib/couch-1.2.0/ebin/couch_rep_sup.beam
/usr/lib/couchdb/erlang/lib/couch-1.2.0/ebin/couch_replication_manager.beam
/usr/lib/couchdb/erlang/lib/couch-1.2.0/ebin/couch_replication_notifier.beam
/usr/lib/couchdb/erlang/lib/couch-1.2.0/ebin/couch_replicator.beam
/usr/lib/couchdb/erlang/lib/couch-1.2.0/ebin/couch_replicator_utils.beam
/usr/lib/couchdb/erlang/lib/couch-1.2.0/ebin/couch_replicator_worker.beam
/usr/lib/couchdb/erlang/lib/couch-1.2.0/ebin/couch_secondary_sup.beam
/usr/lib/couchdb/erlang/lib/couch-1.2.0/ebin/couch_server.beam
/usr/lib/couchdb/erlang/lib/couch-1.2.0/ebin/couch_server_sup.beam
/usr/lib/couchdb/erlang/lib/couch-1.2.0/ebin/couch_stats_aggregator.beam
/usr/lib/couchdb/erlang/lib/couch-1.2.0/ebin/couch_stats_collector.beam
/usr/lib/couchdb/erlang/lib/couch-1.2.0/ebin/couch_stream.beam
/usr/lib/couchdb/erlang/lib/couch-1.2.0/ebin/couch_task_status.beam
/usr/lib/couchdb/erlang/lib/couch-1.2.0/ebin/couch_users_db.beam
/usr/lib/couchdb/erlang/lib/couch-1.2.0/ebin/couch_util.beam
/usr/lib/couchdb/erlang/lib/couch-1.2.0/ebin/couch_uuids.beam
/usr/lib/couchdb/erlang/lib/couch-1.2.0/ebin/couch_view.beam
/usr/lib/couchdb/erlang/lib/couch-1.2.0/ebin/couch_view_compactor.beam
/usr/lib/couchdb/erlang/lib/couch-1.2.0/ebin/couch_view_group.beam
/usr/lib/couchdb/erlang/lib/couch-1.2.0/ebin/couch_view_updater.beam
/usr/lib/couchdb/erlang/lib/couch-1.2.0/ebin/couch_work_queue.beam
/usr/lib/couchdb/erlang/lib/couch-1.2.0/ebin/json_stream_parse.beam
/usr/lib/couchdb/erlang/lib/couch-1.2.0/include/couch_api_wrap.hrl
/usr/lib/couchdb/erlang/lib/couch-1.2.0/include/couch_db.hrl
/usr/lib/couchdb/erlang/lib/couch-1.2.0/include/couch_js_functions.hrl
/usr/lib/couchdb/erlang/lib/couch-1.2.0/include/couch_replicator.hrl
/usr/lib/couchdb/erlang/lib/couch-1.2.0/priv/couchspawnkillable
/usr/lib/couchdb/erlang/lib/couch-1.2.0/priv/lib/couch_ejson_compare.la
/usr/lib/couchdb/erlang/lib/couch-1.2.0/priv/lib/couch_ejson_compare.so
/usr/lib/couchdb/erlang/lib/couch-1.2.0/priv/lib/couch_icu_driver.la
/usr/lib/couchdb/erlang/lib/couch-1.2.0/priv/lib/couch_icu_driver.so
/usr/lib/couchdb/erlang/lib/couch-1.2.0/priv/stat_descriptions.cfg
/usr/lib/couchdb/erlang/lib/ejson-0.1.0/ebin/ejson.app
/usr/lib/couchdb/erlang/lib/ejson-0.1.0/ebin/ejson.beam
/usr/lib/couchdb/erlang/lib/ejson-0.1.0/ebin/mochijson2.beam
/usr/lib/couchdb/erlang/lib/ejson-0.1.0/ebin/mochinum.beam
/usr/lib/couchdb/erlang/lib/ejson-0.1.0/priv/ejson.la
/usr/lib/couchdb/erlang/lib/ejson-0.1.0/priv/ejson.so
/usr/lib/couchdb/erlang/lib/erlang-oauth/ebin/oauth.app
/usr/lib/couchdb/erlang/lib/erlang-oauth/ebin/oauth.beam
/usr/lib/couchdb/erlang/lib/erlang-oauth/ebin/oauth_hmac_sha1.beam
/usr/lib/couchdb/erlang/lib/erlang-oauth/ebin/oauth_http.beam
/usr/lib/couchdb/erlang/lib/erlang-oauth/ebin/oauth_plaintext.beam
/usr/lib/couchdb/erlang/lib/erlang-oauth/ebin/oauth_unix.beam
/usr/lib/couchdb/erlang/lib/erlang-oauth/ebin/oauth_uri.beam
/usr/lib/couchdb/erlang/lib/etap/ebin/etap.beam
/usr/lib/couchdb/erlang/lib/etap/ebin/etap_application.beam
/usr/lib/couchdb/erlang/lib/etap/ebin/etap_can.beam
/usr/lib/couchdb/erlang/lib/etap/ebin/etap_exception.beam
/usr/lib/couchdb/erlang/lib/etap/ebin/etap_process.beam
/usr/lib/couchdb/erlang/lib/etap/ebin/etap_report.beam
/usr/lib/couchdb/erlang/lib/etap/ebin/etap_request.beam
/usr/lib/couchdb/erlang/lib/etap/ebin/etap_string.beam
/usr/lib/couchdb/erlang/lib/etap/ebin/etap_web.beam
/usr/lib/couchdb/erlang/lib/ibrowse-2.2.0/ebin/ibrowse.app
/usr/lib/couchdb/erlang/lib/ibrowse-2.2.0/ebin/ibrowse.beam
/usr/lib/couchdb/erlang/lib/ibrowse-2.2.0/ebin/ibrowse_app.beam
/usr/lib/couchdb/erlang/lib/ibrowse-2.2.0/ebin/ibrowse_http_client.beam
/usr/lib/couchdb/erlang/lib/ibrowse-2.2.0/ebin/ibrowse_lb.beam
/usr/lib/couchdb/erlang/lib/ibrowse-2.2.0/ebin/ibrowse_lib.beam
/usr/lib/couchdb/erlang/lib/ibrowse-2.2.0/ebin/ibrowse_sup.beam
/usr/lib/couchdb/erlang/lib/ibrowse-2.2.0/ebin/ibrowse_test.beam
/usr/lib/couchdb/erlang/lib/mochiweb-1.4.1/ebin/mochifmt.beam
/usr/lib/couchdb/erlang/lib/mochiweb-1.4.1/ebin/mochifmt_records.beam
/usr/lib/couchdb/erlang/lib/mochiweb-1.4.1/ebin/mochifmt_std.beam
/usr/lib/couchdb/erlang/lib/mochiweb-1.4.1/ebin/mochiglobal.beam
/usr/lib/couchdb/erlang/lib/mochiweb-1.4.1/ebin/mochihex.beam
/usr/lib/couchdb/erlang/lib/mochiweb-1.4.1/ebin/mochijson.beam
/usr/lib/couchdb/erlang/lib/mochiweb-1.4.1/ebin/mochijson2.beam
/usr/lib/couchdb/erlang/lib/mochiweb-1.4.1/ebin/mochilists.beam
/usr/lib/couchdb/erlang/lib/mochiweb-1.4.1/ebin/mochilogfile2.beam
/usr/lib/couchdb/erlang/lib/mochiweb-1.4.1/ebin/mochinum.beam
/usr/lib/couchdb/erlang/lib/mochiweb-1.4.1/ebin/mochitemp.beam
/usr/lib/couchdb/erlang/lib/mochiweb-1.4.1/ebin/mochiutf8.beam
/usr/lib/couchdb/erlang/lib/mochiweb-1.4.1/ebin/mochiweb.app
/usr/lib/couchdb/erlang/lib/mochiweb-1.4.1/ebin/mochiweb.beam
/usr/lib/couchdb/erlang/lib/mochiweb-1.4.1/ebin/mochiweb_acceptor.beam
/usr/lib/couchdb/erlang/lib/mochiweb-1.4.1/ebin/mochiweb_app.beam
/usr/lib/couchdb/erlang/lib/mochiweb-1.4.1/ebin/mochiweb_charref.beam
/usr/lib/couchdb/erlang/lib/mochiweb-1.4.1/ebin/mochiweb_cookies.beam
/usr/lib/couchdb/erlang/lib/mochiweb-1.4.1/ebin/mochiweb_cover.beam
/usr/lib/couchdb/erlang/lib/mochiweb-1.4.1/ebin/mochiweb_echo.beam
/usr/lib/couchdb/erlang/lib/mochiweb-1.4.1/ebin/mochiweb_headers.beam
/usr/lib/couchdb/erlang/lib/mochiweb-1.4.1/ebin/mochiweb_html.beam
/usr/lib/couchdb/erlang/lib/mochiweb-1.4.1/ebin/mochiweb_http.beam
/usr/lib/couchdb/erlang/lib/mochiweb-1.4.1/ebin/mochiweb_io.beam
/usr/lib/couchdb/erlang/lib/mochiweb-1.4.1/ebin/mochiweb_mime.beam
/usr/lib/couchdb/erlang/lib/mochiweb-1.4.1/ebin/mochiweb_multipart.beam
/usr/lib/couchdb/erlang/lib/mochiweb-1.4.1/ebin/mochiweb_request.beam
/usr/lib/couchdb/erlang/lib/mochiweb-1.4.1/ebin/mochiweb_response.beam
/usr/lib/couchdb/erlang/lib/mochiweb-1.4.1/ebin/mochiweb_skel.beam
/usr/lib/couchdb/erlang/lib/mochiweb-1.4.1/ebin/mochiweb_socket.beam
/usr/lib/couchdb/erlang/lib/mochiweb-1.4.1/ebin/mochiweb_socket_server.beam
/usr/lib/couchdb/erlang/lib/mochiweb-1.4.1/ebin/mochiweb_sup.beam
/usr/lib/couchdb/erlang/lib/mochiweb-1.4.1/ebin/mochiweb_util.beam
/usr/lib/couchdb/erlang/lib/mochiweb-1.4.1/ebin/reloader.beam
/usr/lib/couchdb/erlang/lib/snappy-1.0.3/ebin/snappy.app
/usr/lib/couchdb/erlang/lib/snappy-1.0.3/ebin/snappy.beam
/usr/lib/couchdb/erlang/lib/snappy-1.0.3/priv/snappy_nif.la
/usr/lib/couchdb/erlang/lib/snappy-1.0.3/priv/snappy_nif.so
/usr/share/couchdb/server/main-coffee.js
/usr/share/couchdb/server/main.js
/usr/share/couchdb/www/_sidebar.html
/usr/share/couchdb/www/config.html
/usr/share/couchdb/www/couch_tests.html
/usr/share/couchdb/www/custom_test.html
/usr/share/couchdb/www/database.html
/usr/share/couchdb/www/dialog/_admin_party.html
/usr/share/couchdb/www/dialog/_change_password.html
/usr/share/couchdb/www/dialog/_compact_cleanup.html
/usr/share/couchdb/www/dialog/_create_admin.html
/usr/share/couchdb/www/dialog/_create_config.html
/usr/share/couchdb/www/dialog/_create_database.html
/usr/share/couchdb/www/dialog/_database_security.html
/usr/share/couchdb/www/dialog/_delete_database.html
/usr/share/couchdb/www/dialog/_delete_document.html
/usr/share/couchdb/www/dialog/_login.html
/usr/share/couchdb/www/dialog/_save_view_as.html
/usr/share/couchdb/www/dialog/_share_test_reports.html
/usr/share/couchdb/www/dialog/_signup.html
/usr/share/couchdb/www/dialog/_upload_attachment.html
/usr/share/couchdb/www/document.html
/usr/share/couchdb/www/favicon.ico
/usr/share/couchdb/www/image/add.png
/usr/share/couchdb/www/image/apply.gif
/usr/share/couchdb/www/image/bg.png
/usr/share/couchdb/www/image/cancel.gif
/usr/share/couchdb/www/image/compact.png
/usr/share/couchdb/www/image/delete-mini.png
/usr/share/couchdb/www/image/delete.png
/usr/share/couchdb/www/image/grippie.gif
/usr/share/couchdb/www/image/hgrad.gif
/usr/share/couchdb/www/image/key.png
/usr/share/couchdb/www/image/load.png
/usr/share/couchdb/www/image/logo.png
/usr/share/couchdb/www/image/order-asc.gif
/usr/share/couchdb/www/image/order-desc.gif
/usr/share/couchdb/www/image/path.gif
/usr/share/couchdb/www/image/progress.gif
/usr/share/couchdb/www/image/rarrow.png
/usr/share/couchdb/www/image/run-mini.png
/usr/share/couchdb/www/image/run.png
/usr/share/couchdb/www/image/running.png
/usr/share/couchdb/www/image/save.png
/usr/share/couchdb/www/image/sidebar-toggle.png
/usr/share/couchdb/www/image/spinner.gif
/usr/share/couchdb/www/image/spinner_33.gif
/usr/share/couchdb/www/image/spinner_6b.gif
/usr/share/couchdb/www/image/test_failure.gif
/usr/share/couchdb/www/image/test_success.gif
/usr/share/couchdb/www/image/thead-key.gif
/usr/share/couchdb/www/image/thead.gif
/usr/share/couchdb/www/image/toggle-collapse.gif
/usr/share/couchdb/www/image/toggle-expand.gif
/usr/share/couchdb/www/image/twisty.gif
/usr/share/couchdb/www/index.html
/usr/share/couchdb/www/replicator.html
/usr/share/couchdb/www/script/base64.js
/usr/share/couchdb/www/script/couch.js
/usr/share/couchdb/www/script/couch_test_runner.js
/usr/share/couchdb/www/script/couch_tests.js
/usr/share/couchdb/www/script/futon.browse.js
/usr/share/couchdb/www/script/futon.format.js
/usr/share/couchdb/www/script/futon.js
/usr/share/couchdb/www/script/jquery-ui-1.8.11.custom.min.js
/usr/share/couchdb/www/script/jquery.couch.js
/usr/share/couchdb/www/script/jquery.dialog.js
/usr/share/couchdb/www/script/jquery.editinline.js
/usr/share/couchdb/www/script/jquery.form.js
/usr/share/couchdb/www/script/jquery.js
/usr/share/couchdb/www/script/jquery.resizer.js
/usr/share/couchdb/www/script/jquery.suggest.js
/usr/share/couchdb/www/script/json2.js
/usr/share/couchdb/www/script/jspec/jspec.css
/usr/share/couchdb/www/script/jspec/jspec.jquery.js
/usr/share/couchdb/www/script/jspec/jspec.js
/usr/share/couchdb/www/script/jspec/jspec.xhr.js
/usr/share/couchdb/www/script/oauth.js
/usr/share/couchdb/www/script/sha1.js
/usr/share/couchdb/www/script/test/all_docs.js
/usr/share/couchdb/www/script/test/attachment_names.js
/usr/share/couchdb/www/script/test/attachment_paths.js
/usr/share/couchdb/www/script/test/attachment_ranges.js
/usr/share/couchdb/www/script/test/attachment_views.js
/usr/share/couchdb/www/script/test/attachments.js
/usr/share/couchdb/www/script/test/attachments_multipart.js
/usr/share/couchdb/www/script/test/auth_cache.js
/usr/share/couchdb/www/script/test/basics.js
/usr/share/couchdb/www/script/test/batch_save.js
/usr/share/couchdb/www/script/test/bulk_docs.js
/usr/share/couchdb/www/script/test/changes.js
/usr/share/couchdb/www/script/test/coffee.js
/usr/share/couchdb/www/script/test/compact.js
/usr/share/couchdb/www/script/test/config.js
/usr/share/couchdb/www/script/test/conflicts.js
/usr/share/couchdb/www/script/test/content_negotiation.js
/usr/share/couchdb/www/script/test/cookie_auth.js
/usr/share/couchdb/www/script/test/copy_doc.js
/usr/share/couchdb/www/script/test/delayed_commits.js
/usr/share/couchdb/www/script/test/design_docs.js
/usr/share/couchdb/www/script/test/design_options.js
/usr/share/couchdb/www/script/test/design_paths.js
/usr/share/couchdb/www/script/test/erlang_views.js
/usr/share/couchdb/www/script/test/etags_head.js
/usr/share/couchdb/www/script/test/etags_views.js
/usr/share/couchdb/www/script/test/form_submit.js
/usr/share/couchdb/www/script/test/http.js
/usr/share/couchdb/www/script/test/invalid_docids.js
/usr/share/couchdb/www/script/test/jsonp.js
/usr/share/couchdb/www/script/test/large_docs.js
/usr/share/couchdb/www/script/test/list_views.js
/usr/share/couchdb/www/script/test/lorem.txt
/usr/share/couchdb/www/script/test/lorem_b64.txt
/usr/share/couchdb/www/script/test/lots_of_docs.js
/usr/share/couchdb/www/script/test/method_override.js
/usr/share/couchdb/www/script/test/multiple_rows.js
/usr/share/couchdb/www/script/test/oauth.js
/usr/share/couchdb/www/script/test/oauth_users_db.js
/usr/share/couchdb/www/script/test/proxyauth.js
/usr/share/couchdb/www/script/test/purge.js
/usr/share/couchdb/www/script/test/reader_acl.js
/usr/share/couchdb/www/script/test/recreate_doc.js
/usr/share/couchdb/www/script/test/reduce.js
/usr/share/couchdb/www/script/test/reduce_builtin.js
/usr/share/couchdb/www/script/test/reduce_false.js
/usr/share/couchdb/www/script/test/reduce_false_temp.js
/usr/share/couchdb/www/script/test/replication.js
/usr/share/couchdb/www/script/test/replicator_db.js
/usr/share/couchdb/www/script/test/replicator_db_security.js
/usr/share/couchdb/www/script/test/rev_stemming.js
/usr/share/couchdb/www/script/test/rewrite.js
/usr/share/couchdb/www/script/test/security_validation.js
/usr/share/couchdb/www/script/test/show_documents.js
/usr/share/couchdb/www/script/test/stats.js
/usr/share/couchdb/www/script/test/update_documents.js
/usr/share/couchdb/www/script/test/users_db.js
/usr/share/couchdb/www/script/test/users_db_security.js
/usr/share/couchdb/www/script/test/utf8.js
/usr/share/couchdb/www/script/test/uuids.js
/usr/share/couchdb/www/script/test/view_collation.js
/usr/share/couchdb/www/script/test/view_collation_raw.js
/usr/share/couchdb/www/script/test/view_compaction.js
/usr/share/couchdb/www/script/test/view_conflicts.js
/usr/share/couchdb/www/script/test/view_errors.js
/usr/share/couchdb/www/script/test/view_include_docs.js
/usr/share/couchdb/www/script/test/view_multi_key_all_docs.js
/usr/share/couchdb/www/script/test/view_multi_key_design.js
/usr/share/couchdb/www/script/test/view_multi_key_temp.js
/usr/share/couchdb/www/script/test/view_offsets.js
/usr/share/couchdb/www/script/test/view_pagination.js
/usr/share/couchdb/www/script/test/view_sandboxing.js
/usr/share/couchdb/www/script/test/view_update_seq.js
/usr/share/couchdb/www/script/test/view_xml.js
/usr/share/couchdb/www/session.html
/usr/share/couchdb/www/spec/couch_js_class_methods_spec.js
/usr/share/couchdb/www/spec/couch_js_instance_methods_1_spec.js
/usr/share/couchdb/www/spec/couch_js_instance_methods_2_spec.js
/usr/share/couchdb/www/spec/couch_js_instance_methods_3_spec.js
/usr/share/couchdb/www/spec/custom_helpers.js
/usr/share/couchdb/www/spec/jquery_couch_js_class_methods_spec.js
/usr/share/couchdb/www/spec/jquery_couch_js_instance_methods_1_spec.js
/usr/share/couchdb/www/spec/jquery_couch_js_instance_methods_2_spec.js
/usr/share/couchdb/www/spec/jquery_couch_js_instance_methods_3_spec.js
/usr/share/couchdb/www/spec/run.html
/usr/share/couchdb/www/status.html
/usr/share/couchdb/www/style/jquery-ui-1.8.11.custom.css
/usr/share/couchdb/www/style/layout.css
/usr/share/couchdb/www/verify_install.html

#sed /etc/couchdb/local.ini s/^;bind_address.\?=.\+$/bind_address = 0.0.0.0/

#dir /var/lib/couchdb
#dir /var/log/couchdb
#chrootexec chown couchdb /var/lib/couchdb /var/log/couchdb
#patchsinglefile /etc/init.d/couchdb couchdb/couchdb.patch


