#require ruby19.lst
#require shoulda.lst
#require mocha.lst
#require rmagick.lst

# dev-ruby/pg-0.14
/usr/lib/ruby/gems/1.9.1/gems/pg-0.14.0/lib/pg.rb
/usr/lib/ruby/gems/1.9.1/gems/pg-0.14.0/lib/pg/connection.rb
/usr/lib/ruby/gems/1.9.1/gems/pg-0.14.0/lib/pg/constants.rb
/usr/lib/ruby/gems/1.9.1/gems/pg-0.14.0/lib/pg/exceptions.rb
/usr/lib/ruby/gems/1.9.1/gems/pg-0.14.0/lib/pg/result.rb
/usr/lib/ruby/gems/1.9.1/gems/pg-0.14.0/lib/pg_ext.so
/usr/lib/ruby/gems/1.9.1/specifications/pg-0.14.0.gemspec

# dev-ruby/rexical
/usr/bin/rex
/usr/lib/ruby/gems/1.9.1/gems/rexical-1.0.5/bin/rex
/usr/lib/ruby/gems/1.9.1/gems/rexical-1.0.5/lib/rexical.rb
/usr/lib/ruby/gems/1.9.1/gems/rexical-1.0.5/lib/rexical/generator.rb
/usr/lib/ruby/gems/1.9.1/gems/rexical-1.0.5/lib/rexical/rexcmd.rb
/usr/lib/ruby/gems/1.9.1/specifications/rexical-1.0.5.gemspec

# dev-ruby/mechanize
/usr/lib/ruby/gems/1.9.1/gems/mechanize-1.0.0/lib/mechanize.rb
/usr/lib/ruby/gems/1.9.1/gems/mechanize-1.0.0/lib/mechanize/chain.rb
/usr/lib/ruby/gems/1.9.1/gems/mechanize-1.0.0/lib/mechanize/chain/auth_headers.rb
/usr/lib/ruby/gems/1.9.1/gems/mechanize-1.0.0/lib/mechanize/chain/body_decoding_handler.rb
/usr/lib/ruby/gems/1.9.1/gems/mechanize-1.0.0/lib/mechanize/chain/connection_resolver.rb
/usr/lib/ruby/gems/1.9.1/gems/mechanize-1.0.0/lib/mechanize/chain/custom_headers.rb
/usr/lib/ruby/gems/1.9.1/gems/mechanize-1.0.0/lib/mechanize/chain/handler.rb
/usr/lib/ruby/gems/1.9.1/gems/mechanize-1.0.0/lib/mechanize/chain/header_resolver.rb
/usr/lib/ruby/gems/1.9.1/gems/mechanize-1.0.0/lib/mechanize/chain/parameter_resolver.rb
/usr/lib/ruby/gems/1.9.1/gems/mechanize-1.0.0/lib/mechanize/chain/post_connect_hook.rb
/usr/lib/ruby/gems/1.9.1/gems/mechanize-1.0.0/lib/mechanize/chain/pre_connect_hook.rb
/usr/lib/ruby/gems/1.9.1/gems/mechanize-1.0.0/lib/mechanize/chain/request_resolver.rb
/usr/lib/ruby/gems/1.9.1/gems/mechanize-1.0.0/lib/mechanize/chain/response_body_parser.rb
/usr/lib/ruby/gems/1.9.1/gems/mechanize-1.0.0/lib/mechanize/chain/response_header_handler.rb
/usr/lib/ruby/gems/1.9.1/gems/mechanize-1.0.0/lib/mechanize/chain/response_reader.rb
/usr/lib/ruby/gems/1.9.1/gems/mechanize-1.0.0/lib/mechanize/chain/ssl_resolver.rb
/usr/lib/ruby/gems/1.9.1/gems/mechanize-1.0.0/lib/mechanize/chain/uri_resolver.rb
/usr/lib/ruby/gems/1.9.1/gems/mechanize-1.0.0/lib/mechanize/content_type_error.rb
/usr/lib/ruby/gems/1.9.1/gems/mechanize-1.0.0/lib/mechanize/cookie.rb
/usr/lib/ruby/gems/1.9.1/gems/mechanize-1.0.0/lib/mechanize/cookie_jar.rb
/usr/lib/ruby/gems/1.9.1/gems/mechanize-1.0.0/lib/mechanize/file.rb
/usr/lib/ruby/gems/1.9.1/gems/mechanize-1.0.0/lib/mechanize/file_response.rb
/usr/lib/ruby/gems/1.9.1/gems/mechanize-1.0.0/lib/mechanize/file_saver.rb
/usr/lib/ruby/gems/1.9.1/gems/mechanize-1.0.0/lib/mechanize/form.rb
/usr/lib/ruby/gems/1.9.1/gems/mechanize-1.0.0/lib/mechanize/form/button.rb
/usr/lib/ruby/gems/1.9.1/gems/mechanize-1.0.0/lib/mechanize/form/check_box.rb
/usr/lib/ruby/gems/1.9.1/gems/mechanize-1.0.0/lib/mechanize/form/field.rb
/usr/lib/ruby/gems/1.9.1/gems/mechanize-1.0.0/lib/mechanize/form/file_upload.rb
/usr/lib/ruby/gems/1.9.1/gems/mechanize-1.0.0/lib/mechanize/form/image_button.rb
/usr/lib/ruby/gems/1.9.1/gems/mechanize-1.0.0/lib/mechanize/form/multi_select_list.rb
/usr/lib/ruby/gems/1.9.1/gems/mechanize-1.0.0/lib/mechanize/form/option.rb
/usr/lib/ruby/gems/1.9.1/gems/mechanize-1.0.0/lib/mechanize/form/radio_button.rb
/usr/lib/ruby/gems/1.9.1/gems/mechanize-1.0.0/lib/mechanize/form/select_list.rb
/usr/lib/ruby/gems/1.9.1/gems/mechanize-1.0.0/lib/mechanize/headers.rb
/usr/lib/ruby/gems/1.9.1/gems/mechanize-1.0.0/lib/mechanize/history.rb
/usr/lib/ruby/gems/1.9.1/gems/mechanize-1.0.0/lib/mechanize/inspect.rb
/usr/lib/ruby/gems/1.9.1/gems/mechanize-1.0.0/lib/mechanize/monkey_patch.rb
/usr/lib/ruby/gems/1.9.1/gems/mechanize-1.0.0/lib/mechanize/page.rb
/usr/lib/ruby/gems/1.9.1/gems/mechanize-1.0.0/lib/mechanize/page/base.rb
/usr/lib/ruby/gems/1.9.1/gems/mechanize-1.0.0/lib/mechanize/page/frame.rb
/usr/lib/ruby/gems/1.9.1/gems/mechanize-1.0.0/lib/mechanize/page/image.rb
/usr/lib/ruby/gems/1.9.1/gems/mechanize-1.0.0/lib/mechanize/page/label.rb
/usr/lib/ruby/gems/1.9.1/gems/mechanize-1.0.0/lib/mechanize/page/link.rb
/usr/lib/ruby/gems/1.9.1/gems/mechanize-1.0.0/lib/mechanize/page/meta.rb
/usr/lib/ruby/gems/1.9.1/gems/mechanize-1.0.0/lib/mechanize/pluggable_parsers.rb
/usr/lib/ruby/gems/1.9.1/gems/mechanize-1.0.0/lib/mechanize/redirect_limit_reached_error.rb
/usr/lib/ruby/gems/1.9.1/gems/mechanize-1.0.0/lib/mechanize/redirect_not_get_or_head_error.rb
/usr/lib/ruby/gems/1.9.1/gems/mechanize-1.0.0/lib/mechanize/response_code_error.rb
/usr/lib/ruby/gems/1.9.1/gems/mechanize-1.0.0/lib/mechanize/unsupported_scheme_error.rb
/usr/lib/ruby/gems/1.9.1/gems/mechanize-1.0.0/lib/mechanize/util.rb
/usr/lib/ruby/gems/1.9.1/specifications/mechanize-1.0.0.gemspec

# /usr/bin/nokogiri
/usr/lib/ruby/gems/1.9.1/gems/nokogiri-1.5.2/bin/nokogiri
/usr/lib/ruby/gems/1.9.1/gems/nokogiri-1.5.2/lib/isorelax.jar
/usr/lib/ruby/gems/1.9.1/gems/nokogiri-1.5.2/lib/jing.jar
/usr/lib/ruby/gems/1.9.1/gems/nokogiri-1.5.2/lib/nekodtd.jar
/usr/lib/ruby/gems/1.9.1/gems/nokogiri-1.5.2/lib/nekohtml.jar
/usr/lib/ruby/gems/1.9.1/gems/nokogiri-1.5.2/lib/nokogiri.rb
/usr/lib/ruby/gems/1.9.1/gems/nokogiri-1.5.2/lib/nokogiri/css.rb
/usr/lib/ruby/gems/1.9.1/gems/nokogiri-1.5.2/lib/nokogiri/css/node.rb
/usr/lib/ruby/gems/1.9.1/gems/nokogiri-1.5.2/lib/nokogiri/css/parser.rb
/usr/lib/ruby/gems/1.9.1/gems/nokogiri-1.5.2/lib/nokogiri/css/parser.y
/usr/lib/ruby/gems/1.9.1/gems/nokogiri-1.5.2/lib/nokogiri/css/parser_extras.rb
/usr/lib/ruby/gems/1.9.1/gems/nokogiri-1.5.2/lib/nokogiri/css/syntax_error.rb
/usr/lib/ruby/gems/1.9.1/gems/nokogiri-1.5.2/lib/nokogiri/css/tokenizer.rb
/usr/lib/ruby/gems/1.9.1/gems/nokogiri-1.5.2/lib/nokogiri/css/tokenizer.rex
/usr/lib/ruby/gems/1.9.1/gems/nokogiri-1.5.2/lib/nokogiri/css/xpath_visitor.rb
/usr/lib/ruby/gems/1.9.1/gems/nokogiri-1.5.2/lib/nokogiri/decorators/slop.rb
/usr/lib/ruby/gems/1.9.1/gems/nokogiri-1.5.2/lib/nokogiri/html.rb
/usr/lib/ruby/gems/1.9.1/gems/nokogiri-1.5.2/lib/nokogiri/html/builder.rb
/usr/lib/ruby/gems/1.9.1/gems/nokogiri-1.5.2/lib/nokogiri/html/document.rb
/usr/lib/ruby/gems/1.9.1/gems/nokogiri-1.5.2/lib/nokogiri/html/document_fragment.rb
/usr/lib/ruby/gems/1.9.1/gems/nokogiri-1.5.2/lib/nokogiri/html/element_description.rb
/usr/lib/ruby/gems/1.9.1/gems/nokogiri-1.5.2/lib/nokogiri/html/element_description_defaults.rb
/usr/lib/ruby/gems/1.9.1/gems/nokogiri-1.5.2/lib/nokogiri/html/entity_lookup.rb
/usr/lib/ruby/gems/1.9.1/gems/nokogiri-1.5.2/lib/nokogiri/html/sax/parser.rb
/usr/lib/ruby/gems/1.9.1/gems/nokogiri-1.5.2/lib/nokogiri/html/sax/parser_context.rb
/usr/lib/ruby/gems/1.9.1/gems/nokogiri-1.5.2/lib/nokogiri/html/sax/push_parser.rb
/usr/lib/ruby/gems/1.9.1/gems/nokogiri-1.5.2/lib/nokogiri/nokogiri.so
/usr/lib/ruby/gems/1.9.1/gems/nokogiri-1.5.2/lib/nokogiri/syntax_error.rb
/usr/lib/ruby/gems/1.9.1/gems/nokogiri-1.5.2/lib/nokogiri/version.rb
/usr/lib/ruby/gems/1.9.1/gems/nokogiri-1.5.2/lib/nokogiri/xml.rb
/usr/lib/ruby/gems/1.9.1/gems/nokogiri-1.5.2/lib/nokogiri/xml/attr.rb
/usr/lib/ruby/gems/1.9.1/gems/nokogiri-1.5.2/lib/nokogiri/xml/attribute_decl.rb
/usr/lib/ruby/gems/1.9.1/gems/nokogiri-1.5.2/lib/nokogiri/xml/builder.rb
/usr/lib/ruby/gems/1.9.1/gems/nokogiri-1.5.2/lib/nokogiri/xml/cdata.rb
/usr/lib/ruby/gems/1.9.1/gems/nokogiri-1.5.2/lib/nokogiri/xml/character_data.rb
/usr/lib/ruby/gems/1.9.1/gems/nokogiri-1.5.2/lib/nokogiri/xml/document.rb
/usr/lib/ruby/gems/1.9.1/gems/nokogiri-1.5.2/lib/nokogiri/xml/document_fragment.rb
/usr/lib/ruby/gems/1.9.1/gems/nokogiri-1.5.2/lib/nokogiri/xml/dtd.rb
/usr/lib/ruby/gems/1.9.1/gems/nokogiri-1.5.2/lib/nokogiri/xml/element_content.rb
/usr/lib/ruby/gems/1.9.1/gems/nokogiri-1.5.2/lib/nokogiri/xml/element_decl.rb
/usr/lib/ruby/gems/1.9.1/gems/nokogiri-1.5.2/lib/nokogiri/xml/entity_decl.rb
/usr/lib/ruby/gems/1.9.1/gems/nokogiri-1.5.2/lib/nokogiri/xml/namespace.rb
/usr/lib/ruby/gems/1.9.1/gems/nokogiri-1.5.2/lib/nokogiri/xml/node.rb
/usr/lib/ruby/gems/1.9.1/gems/nokogiri-1.5.2/lib/nokogiri/xml/node/save_options.rb
/usr/lib/ruby/gems/1.9.1/gems/nokogiri-1.5.2/lib/nokogiri/xml/node_set.rb
/usr/lib/ruby/gems/1.9.1/gems/nokogiri-1.5.2/lib/nokogiri/xml/notation.rb
/usr/lib/ruby/gems/1.9.1/gems/nokogiri-1.5.2/lib/nokogiri/xml/parse_options.rb
/usr/lib/ruby/gems/1.9.1/gems/nokogiri-1.5.2/lib/nokogiri/xml/pp.rb
/usr/lib/ruby/gems/1.9.1/gems/nokogiri-1.5.2/lib/nokogiri/xml/pp/character_data.rb
/usr/lib/ruby/gems/1.9.1/gems/nokogiri-1.5.2/lib/nokogiri/xml/pp/node.rb
/usr/lib/ruby/gems/1.9.1/gems/nokogiri-1.5.2/lib/nokogiri/xml/processing_instruction.rb
/usr/lib/ruby/gems/1.9.1/gems/nokogiri-1.5.2/lib/nokogiri/xml/reader.rb
/usr/lib/ruby/gems/1.9.1/gems/nokogiri-1.5.2/lib/nokogiri/xml/relax_ng.rb
/usr/lib/ruby/gems/1.9.1/gems/nokogiri-1.5.2/lib/nokogiri/xml/sax.rb
/usr/lib/ruby/gems/1.9.1/gems/nokogiri-1.5.2/lib/nokogiri/xml/sax/document.rb
/usr/lib/ruby/gems/1.9.1/gems/nokogiri-1.5.2/lib/nokogiri/xml/sax/parser.rb
/usr/lib/ruby/gems/1.9.1/gems/nokogiri-1.5.2/lib/nokogiri/xml/sax/parser_context.rb
/usr/lib/ruby/gems/1.9.1/gems/nokogiri-1.5.2/lib/nokogiri/xml/sax/push_parser.rb
/usr/lib/ruby/gems/1.9.1/gems/nokogiri-1.5.2/lib/nokogiri/xml/schema.rb
/usr/lib/ruby/gems/1.9.1/gems/nokogiri-1.5.2/lib/nokogiri/xml/syntax_error.rb
/usr/lib/ruby/gems/1.9.1/gems/nokogiri-1.5.2/lib/nokogiri/xml/text.rb
/usr/lib/ruby/gems/1.9.1/gems/nokogiri-1.5.2/lib/nokogiri/xml/xpath.rb
/usr/lib/ruby/gems/1.9.1/gems/nokogiri-1.5.2/lib/nokogiri/xml/xpath/syntax_error.rb
/usr/lib/ruby/gems/1.9.1/gems/nokogiri-1.5.2/lib/nokogiri/xml/xpath_context.rb
/usr/lib/ruby/gems/1.9.1/gems/nokogiri-1.5.2/lib/nokogiri/xslt.rb
/usr/lib/ruby/gems/1.9.1/gems/nokogiri-1.5.2/lib/nokogiri/xslt/stylesheet.rb
/usr/lib/ruby/gems/1.9.1/gems/nokogiri-1.5.2/lib/xercesImpl.jar
/usr/lib/ruby/gems/1.9.1/gems/nokogiri-1.5.2/lib/xsd/xmlparser/nokogiri.rb
/usr/lib/ruby/gems/1.9.1/specifications/nokogiri-1.5.2.gemspec

# dev-ruby/daemons
/usr/lib/ruby/gems/1.9.1/gems/daemons-1.1.8/lib/daemons.rb
/usr/lib/ruby/gems/1.9.1/gems/daemons-1.1.8/lib/daemons/application.rb
/usr/lib/ruby/gems/1.9.1/gems/daemons-1.1.8/lib/daemons/application_group.rb
/usr/lib/ruby/gems/1.9.1/gems/daemons-1.1.8/lib/daemons/change_privilege.rb
/usr/lib/ruby/gems/1.9.1/gems/daemons-1.1.8/lib/daemons/cmdline.rb
/usr/lib/ruby/gems/1.9.1/gems/daemons-1.1.8/lib/daemons/controller.rb
/usr/lib/ruby/gems/1.9.1/gems/daemons-1.1.8/lib/daemons/daemonize.rb
/usr/lib/ruby/gems/1.9.1/gems/daemons-1.1.8/lib/daemons/etc_extension.rb
/usr/lib/ruby/gems/1.9.1/gems/daemons-1.1.8/lib/daemons/exceptions.rb
/usr/lib/ruby/gems/1.9.1/gems/daemons-1.1.8/lib/daemons/monitor.rb
/usr/lib/ruby/gems/1.9.1/gems/daemons-1.1.8/lib/daemons/pid.rb
/usr/lib/ruby/gems/1.9.1/gems/daemons-1.1.8/lib/daemons/pidfile.rb
/usr/lib/ruby/gems/1.9.1/gems/daemons-1.1.8/lib/daemons/pidmem.rb
/usr/lib/ruby/gems/1.9.1/specifications/daemons-1.1.8.gemspec

# dev-ruby/uglifier
/usr/lib/ruby/gems/1.9.1/gems/uglifier-1.3.0/lib/es5.js
/usr/lib/ruby/gems/1.9.1/gems/uglifier-1.3.0/lib/uglifier.rb
/usr/lib/ruby/gems/1.9.1/gems/uglifier-1.3.0/lib/uglify.js
/usr/lib/ruby/gems/1.9.1/specifications/uglifier-1.3.0.gemspec

#portage dev-ruby/chronic-0.10.2

# ffaker
#copy danbooru/ffaker-1.15.0.gem /ffaker.gem
#chrootexec gem install --no-rdoc --no-ri -l /ffaker.gem && rm /ffaker.gem

# simplecov-html
#copy danbooru/simplecov-html-0.7.1.gem /simplecov-html.gem
#chrootexec gem install --no-rdoc --no-ri -l /simplecov-html.gem && rm /simplecov-html.gem

# simplecov
#copy danbooru/simplecov-0.7.1.gem /simplecov.gem
#chrootexec gem install --no-rdoc --no-ri -l /simplecov.gem && rm /simplecov.gem

# polyamorous
#copy danbooru/polyamorous-0.5.0.gem /polyamorous.gem
#chrootexec gem install --no-rdoc --no-ri -l /polyamorous.gem && rm /polyamorous.gem

# meta_search
#copy danbooru/meta_search-1.1.3.gem /meta_search.gem
#chrootexec gem install --no-rdoc --no-ri -l /meta_search.gem && rm /meta_search.gem

# sanitize
#copy danbooru/sanitize-2.0.3.gem /sanitize.gem
#chrootexec gem install --no-rdoc --no-ri -l /sanitize.gem && rm /sanitize.gem

# simple_form
#copy danbooru/simple_form-2.0.4.gem /simple_form.gem
#chrootexec gem install --no-rdoc --no-ri -l /simple_form.gem && rm /simple_form.gem

# awesome_print
#copy danbooru/awesome_print-1.1.0.gem /awesome_print.gem
#chrootexec gem install --no-rdoc --no-ri -l /awesome_print.gem && rm /awesome_print.gem

# delayed_job
#copy danbooru/delayed_job-3.0.3.gem /delayed_job.gem
#chrootexec gem install --no-rdoc --no-ri -l /delayed_job.gem && rm /delayed_job.gem

# delayed_job_active_record
#copy danbooru/delayed_job_active_record-0.3.3.gem /delayed_job_active_record.gem
#chrootexec gem install --no-rdoc --no-ri -l /delayed_job_active_record.gem && rm /delayed_job_active_record.gem

# factory_girl
#copy danbooru/factory_girl-4.1.0.gem /factory_girl.gem
#chrootexec gem install --no-rdoc --no-ri -l /factory_girl.gem && rm /factory_girl.gem

# super_exception_notifier
#copy danbooru/super_exception_notifier-3.0.13.gem /super_exception_notifier.gem
#chrootexec gem install --no-rdoc --no-ri -l /super_exception_notifier.gem && rm /super_exception_notifier.gem

## whenever
##copy danbooru/whenever-0.7.3.gem /whenever.gem
##chrootexec gem install -l /whenever.gem && rm /whenever.gem

# newrelic_rpm
#copy danbooru/newrelic_rpm-3.5.0.gem /newrelic_rpm.gem
#chrootexec gem install --no-rdoc --no-ri -l /newrelic_rpm.gem && rm /newrelic_rpm.gem

