#require postgresql.lst
#require postfix.lst
#require passenger.lst
#require redis.lst
#require python27.lst
#require git.lst
#require imagemagick.lst

#portage app-text/mecab-0.996
#portage app-dicts/mecab-ipadic-2.7.0.20070801

#chrootexec rm -rf /var/www/localhost/htdocs
#chrootexec GIT_SSL_NO_VERIFY=1 git clone -b latest-release https://github.com/discourse/discourse.git /var/www/localhost/htdocs
##patchsinglefile /var/www/localhost/htdocs/Gemfile discourse/Gemfile.patch
#chrootexec cd /var/www/localhost/htdocs && bundle install
#chrootexec rm -rf /usr/local/lib/ruby/gems/*/cache /usr/local/lib/ruby/gems/*/gems/nokogiri-*/ext/nokogiri/tmp /usr/local/lib/ruby/gems/*/gems/nokogiri-*/ports/archives
#copy discourse/default_vhost.include /etc/apache2/vhosts.d/default_vhost.include
#copy discourse/discourse.conf /var/www/localhost/htdocs/config/discourse.conf
#copy discourse/setup_initial_database.sh /setup_initial_database.sh
#chrootexec sh /setup_initial_database.sh && rm /setup_initial_database.sh
#chrootexec chown -R apache.apache /var/www/localhost/htdocs
#copy discourse/sidekiq.init /etc/init.d/sidekiq
#symlink /etc/runlevels/default/sidekiq /etc/init.d/sidekiq

