#dir /proc
#dir /etc
#require run.lst
/tmp/.keep
/root/.keep
/home/.keep
/sys/.keep
/var/tmp/.keep
/var/log/.keep
/var/cache/.keep
/var/lib/.keep
/var/spool/.keep
/mnt/.keep
#require dev.lst
#require coreutils.lst
#require util-linux.lst
#require net-tools.lst
#require shadow.lst
#portage sys-apps/attr-2.4.46-r2
#require procps.lst
#dir /etc/runlevels/default
#require openssh.lst
#require openssl.lst
#require openvpn.lst
#require ntp.lst
#require timezone-data.lst
#require nss-mdns.lst
#require syslog.lst
#require file.lst
#require awk.lst
#require zabbix-agent.lst
#copy domU/fstab /etc/fstab
/etc/group
#copy domU/inittab /etc/inittab
/etc/passwd
#copy domU/resolv.conf /etc/resolv.conf
#copy domU/securetty /etc/securetty
/etc/shadow
#sed /etc/shadow s/^root:\*:/root::/
/bin/bunzip2
/bin/bzcat
/bin/bzip2
/bin/cpio
/bin/egrep
/bin/fgrep
/bin/fuser
/bin/gunzip
/bin/gzip
/bin/kill
/bin/lsmod
/bin/ping
/bin/ping6
/bin/ps
/bin/sed
/bin/tar
/bin/uncompress
/bin/zcat
/bin/grep
/bin/sh
/bin/bash
/bin/busybox
/bin/pidof
/etc/bash/bashrc
/etc/fuse.conf
/etc/host.conf
/etc/ld.so.conf
/etc/ld.so.cache
/etc/ld.so.conf.d/05binutils.conf
/etc/init.d/fuse
/etc/ssl/certs/ca-certificates.crt
/etc/runlevels/sysinit/devfs
/etc/runlevels/sysinit/dmesg
/etc/runlevels/sysinit/udev
/etc/runlevels/boot/fsck
/etc/runlevels/boot/hostname
/etc/runlevels/boot/root
/etc/runlevels/boot/bootmisc
/etc/runlevels/boot/localmount
/etc/runlevels/boot/mtab
/etc/runlevels/boot/procfs
/etc/runlevels/boot/urandom
#symlink /etc/runlevels/boot/net.lo /etc/init.d/net.lo
/etc/runlevels/boot/sysctl
/etc/runlevels/boot/swap
#symlink /etc/init.d/net.eth0 net.lo
#symlink /etc/runlevels/default/net.eth0 /etc/init.d/net.eth0
/etc/runlevels/shutdown/killprocs
/etc/runlevels/shutdown/mount-ro
/etc/runlevels/shutdown/savecache
/lib/libnss_compat.so.2 
/lib/libnss_files.so.2
/lib/libnss_dns.so.2
/sbin/arping
./sbin/depmod
./sbin/halt
./sbin/init
/sbin/killall5
./sbin/ldconfig
/sbin/modprobe
/sbin/mount.fuse
./sbin/poweroff
./sbin/reboot
/sbin/runlevel
/sbin/shutdown
./usr/bin/ar
./usr/bin/clear
./usr/bin/cmp
/usr/bin/curl
#symlink /usr/bin/diff ../../bin/busybox
./usr/bin/find
/usr/bin/getent
/usr/bin/iconv
/usr/bin/install
./usr/bin/killall
./usr/bin/last
./usr/bin/ldd
/usr/bin/lddlibc4
#symlink /usr/bin/less ../../bin/busybox
./usr/bin/locale
/usr/bin/lzma
/usr/bin/make
./usr/bin/mesg
./usr/bin/reset
./usr/bin/split
/usr/bin/strace
./usr/bin/strings
/usr/bin/tput
/usr/bin/unlzma
./usr/bin/unxz
/usr/bin/unzip
#symlink /usr/bin/vi ../../bin/busybox
./usr/bin/wget
./usr/bin/which
./usr/bin/xargs
./usr/bin/xz
./usr/bin/xzcat
/usr/bin/zip
/usr/lib/cracklib_dict.pwd
/usr/lib/cracklib_dict.pwi
/usr/lib/gconv/ANSI_X3.110.so
/usr/lib/gconv/CP932.so
/usr/lib/gconv/EUC-JISX0213.so
/usr/lib/gconv/EUC-JP-MS.so
/usr/lib/gconv/EUC-JP.so
/usr/lib/gconv/EUC-JISX0213.so
/usr/lib/gconv/SHIFT_JISX0213.so
/usr/lib/gconv/SJIS.so
/usr/lib/gconv/gconv-modules
/usr/lib/gconv/IBM932.so
/usr/lib/gconv/ISO-2022-JP-3.so
/usr/lib/gconv/ISO-2022-JP.so
/usr/lib/gconv/ISO8859-1.so
/usr/lib/gconv/ISO8859-15.so
/usr/lib/gconv/ISO8859-2.so
/usr/lib/gconv/UNICODE.so
/usr/lib/gconv/UTF-16.so
/usr/lib/gconv/UTF-32.so
/usr/lib/gconv/UTF-7.so
#/usr/sbin/ethtool
#/usr/sbin/xfs_admin
#/usr/sbin/xfs_check
#/usr/sbin/xfs_copy
#/usr/sbin/xfs_db
#/usr/sbin/xfs_freeze
/usr/sbin/xfs_growfs
./usr/share/i18n/charmaps/ANSI_X3.110-1983.gz
./usr/share/i18n/charmaps/ANSI_X3.4-1968.gz
./usr/share/i18n/charmaps/ISO-8859-1.gz
./usr/share/i18n/charmaps/ISO-8859-15.gz
./usr/share/i18n/charmaps/ISO-8859-2.gz
./usr/share/locale/locale.alias
./usr/share/tabset/std
./usr/share/tabset/stdcrt
./usr/share/tabset/vt100
./usr/share/tabset/vt300
./usr/share/terminfo/a/ansi
./usr/share/terminfo/l/linux
./usr/share/terminfo/r/rxvt
./usr/share/terminfo/v/vt100
./usr/share/terminfo/v/vt102
./usr/share/terminfo/v/vt102+enq
./usr/share/terminfo/v/vt102-nsgr
./usr/share/terminfo/v/vt102-w
./usr/share/terminfo/x/xterm
/usr/share/terminfo/x/xterm-256color
./usr/share/terminfo/x/xterm-color
./usr/share/terminfo/x/xterm-new
./usr/share/terminfo/x/xterm-vt220
#require pam.lst
#require openrc.lst
#sed /etc/rc.conf s/^#rc_sys.\+$/rc_sys="xenU"/
#require udev.lst
#require locales.lst
#require avahi.lst

# nmbd
/usr/sbin/nmbd
/var/log/samba/.keep_net-fs_samba-0
/usr/lib/samba/charset/CP437.so
/usr/lib/samba/charset/CP850.so
#copy domU/conf_d-samba /etc/conf.d/samba
#dir /etc/samba
#copy domU/smb.conf /etc/samba/smb.conf
/etc/init.d/samba
#symlink /etc/runlevels/default/samba /etc/init.d/samba

# timezone
#require timezone-$(REGION).lst

# locale
#require locale-$(REGION).lst

# zram swap
#patchsinglefile /etc/init.d/swap domU/swap.init.patch

