#require perl.lst
/usr/bin/exiftool
/usr/lib/perl5/vendor_perl/5.12.4/File/RandomAccess.pm
/usr/lib/perl5/vendor_perl/5.12.4/File/RandomAccess.pod
/usr/lib/perl5/vendor_perl/5.12.4/Image/ExifTool.pm
/usr/lib/perl5/vendor_perl/5.12.4/Image/ExifTool.pod
/usr/lib/perl5/vendor_perl/5.12.4/Image/ExifTool/AES.pm
/usr/lib/perl5/vendor_perl/5.12.4/Image/ExifTool/AFCP.pm
/usr/lib/perl5/vendor_perl/5.12.4/Image/ExifTool/AIFF.pm
/usr/lib/perl5/vendor_perl/5.12.4/Image/ExifTool/APE.pm
/usr/lib/perl5/vendor_perl/5.12.4/Image/ExifTool/APP12.pm
/usr/lib/perl5/vendor_perl/5.12.4/Image/ExifTool/ASF.pm
/usr/lib/perl5/vendor_perl/5.12.4/Image/ExifTool/BMP.pm
/usr/lib/perl5/vendor_perl/5.12.4/Image/ExifTool/BZZ.pm
/usr/lib/perl5/vendor_perl/5.12.4/Image/ExifTool/BigTIFF.pm
/usr/lib/perl5/vendor_perl/5.12.4/Image/ExifTool/BuildTagLookup.pm
/usr/lib/perl5/vendor_perl/5.12.4/Image/ExifTool/Canon.pm
/usr/lib/perl5/vendor_perl/5.12.4/Image/ExifTool/CanonCustom.pm
/usr/lib/perl5/vendor_perl/5.12.4/Image/ExifTool/CanonRaw.pm
/usr/lib/perl5/vendor_perl/5.12.4/Image/ExifTool/CanonVRD.pm
/usr/lib/perl5/vendor_perl/5.12.4/Image/ExifTool/CaptureOne.pm
/usr/lib/perl5/vendor_perl/5.12.4/Image/ExifTool/Casio.pm
/usr/lib/perl5/vendor_perl/5.12.4/Image/ExifTool/Charset.pm
/usr/lib/perl5/vendor_perl/5.12.4/Image/ExifTool/Charset/Arabic.pm
/usr/lib/perl5/vendor_perl/5.12.4/Image/ExifTool/Charset/Baltic.pm
/usr/lib/perl5/vendor_perl/5.12.4/Image/ExifTool/Charset/Cyrillic.pm
/usr/lib/perl5/vendor_perl/5.12.4/Image/ExifTool/Charset/Greek.pm
/usr/lib/perl5/vendor_perl/5.12.4/Image/ExifTool/Charset/Hebrew.pm
/usr/lib/perl5/vendor_perl/5.12.4/Image/ExifTool/Charset/JIS.pm
/usr/lib/perl5/vendor_perl/5.12.4/Image/ExifTool/Charset/Latin.pm
/usr/lib/perl5/vendor_perl/5.12.4/Image/ExifTool/Charset/Latin2.pm
/usr/lib/perl5/vendor_perl/5.12.4/Image/ExifTool/Charset/MacArabic.pm
/usr/lib/perl5/vendor_perl/5.12.4/Image/ExifTool/Charset/MacChineseCN.pm
/usr/lib/perl5/vendor_perl/5.12.4/Image/ExifTool/Charset/MacChineseTW.pm
/usr/lib/perl5/vendor_perl/5.12.4/Image/ExifTool/Charset/MacCroatian.pm
/usr/lib/perl5/vendor_perl/5.12.4/Image/ExifTool/Charset/MacCyrillic.pm
/usr/lib/perl5/vendor_perl/5.12.4/Image/ExifTool/Charset/MacGreek.pm
/usr/lib/perl5/vendor_perl/5.12.4/Image/ExifTool/Charset/MacHebrew.pm
/usr/lib/perl5/vendor_perl/5.12.4/Image/ExifTool/Charset/MacIceland.pm
/usr/lib/perl5/vendor_perl/5.12.4/Image/ExifTool/Charset/MacJapanese.pm
/usr/lib/perl5/vendor_perl/5.12.4/Image/ExifTool/Charset/MacKorean.pm
/usr/lib/perl5/vendor_perl/5.12.4/Image/ExifTool/Charset/MacLatin2.pm
/usr/lib/perl5/vendor_perl/5.12.4/Image/ExifTool/Charset/MacRSymbol.pm
/usr/lib/perl5/vendor_perl/5.12.4/Image/ExifTool/Charset/MacRoman.pm
/usr/lib/perl5/vendor_perl/5.12.4/Image/ExifTool/Charset/MacRomanian.pm
/usr/lib/perl5/vendor_perl/5.12.4/Image/ExifTool/Charset/MacThai.pm
/usr/lib/perl5/vendor_perl/5.12.4/Image/ExifTool/Charset/MacTurkish.pm
/usr/lib/perl5/vendor_perl/5.12.4/Image/ExifTool/Charset/PDFDoc.pm
/usr/lib/perl5/vendor_perl/5.12.4/Image/ExifTool/Charset/ShiftJIS.pm
/usr/lib/perl5/vendor_perl/5.12.4/Image/ExifTool/Charset/Symbol.pm
/usr/lib/perl5/vendor_perl/5.12.4/Image/ExifTool/Charset/Thai.pm
/usr/lib/perl5/vendor_perl/5.12.4/Image/ExifTool/Charset/Turkish.pm
/usr/lib/perl5/vendor_perl/5.12.4/Image/ExifTool/Charset/Vietnam.pm
/usr/lib/perl5/vendor_perl/5.12.4/Image/ExifTool/DICOM.pm
/usr/lib/perl5/vendor_perl/5.12.4/Image/ExifTool/DNG.pm
/usr/lib/perl5/vendor_perl/5.12.4/Image/ExifTool/DV.pm
/usr/lib/perl5/vendor_perl/5.12.4/Image/ExifTool/DjVu.pm
/usr/lib/perl5/vendor_perl/5.12.4/Image/ExifTool/EXE.pm
/usr/lib/perl5/vendor_perl/5.12.4/Image/ExifTool/Exif.pm
/usr/lib/perl5/vendor_perl/5.12.4/Image/ExifTool/FLAC.pm
/usr/lib/perl5/vendor_perl/5.12.4/Image/ExifTool/Fixup.pm
/usr/lib/perl5/vendor_perl/5.12.4/Image/ExifTool/Flash.pm
/usr/lib/perl5/vendor_perl/5.12.4/Image/ExifTool/FlashPix.pm
/usr/lib/perl5/vendor_perl/5.12.4/Image/ExifTool/Font.pm
/usr/lib/perl5/vendor_perl/5.12.4/Image/ExifTool/FotoStation.pm
/usr/lib/perl5/vendor_perl/5.12.4/Image/ExifTool/FujiFilm.pm
/usr/lib/perl5/vendor_perl/5.12.4/Image/ExifTool/GE.pm
/usr/lib/perl5/vendor_perl/5.12.4/Image/ExifTool/GIF.pm
/usr/lib/perl5/vendor_perl/5.12.4/Image/ExifTool/GIMP.pm
/usr/lib/perl5/vendor_perl/5.12.4/Image/ExifTool/GPS.pm
/usr/lib/perl5/vendor_perl/5.12.4/Image/ExifTool/GeoTiff.pm
/usr/lib/perl5/vendor_perl/5.12.4/Image/ExifTool/Geotag.pm
/usr/lib/perl5/vendor_perl/5.12.4/Image/ExifTool/H264.pm
/usr/lib/perl5/vendor_perl/5.12.4/Image/ExifTool/HP.pm
/usr/lib/perl5/vendor_perl/5.12.4/Image/ExifTool/HTML.pm
/usr/lib/perl5/vendor_perl/5.12.4/Image/ExifTool/HtmlDump.pm
/usr/lib/perl5/vendor_perl/5.12.4/Image/ExifTool/ICC_Profile.pm
/usr/lib/perl5/vendor_perl/5.12.4/Image/ExifTool/ID3.pm
/usr/lib/perl5/vendor_perl/5.12.4/Image/ExifTool/IPTC.pm
/usr/lib/perl5/vendor_perl/5.12.4/Image/ExifTool/ITC.pm
/usr/lib/perl5/vendor_perl/5.12.4/Image/ExifTool/Import.pm
/usr/lib/perl5/vendor_perl/5.12.4/Image/ExifTool/InDesign.pm
/usr/lib/perl5/vendor_perl/5.12.4/Image/ExifTool/JPEG.pm
/usr/lib/perl5/vendor_perl/5.12.4/Image/ExifTool/JPEGDigest.pm
/usr/lib/perl5/vendor_perl/5.12.4/Image/ExifTool/JVC.pm
/usr/lib/perl5/vendor_perl/5.12.4/Image/ExifTool/Jpeg2000.pm
/usr/lib/perl5/vendor_perl/5.12.4/Image/ExifTool/Kodak.pm
/usr/lib/perl5/vendor_perl/5.12.4/Image/ExifTool/KyoceraRaw.pm
/usr/lib/perl5/vendor_perl/5.12.4/Image/ExifTool/LNK.pm
/usr/lib/perl5/vendor_perl/5.12.4/Image/ExifTool/Lang/cs.pm
/usr/lib/perl5/vendor_perl/5.12.4/Image/ExifTool/Lang/de.pm
/usr/lib/perl5/vendor_perl/5.12.4/Image/ExifTool/Lang/en_ca.pm
/usr/lib/perl5/vendor_perl/5.12.4/Image/ExifTool/Lang/en_gb.pm
/usr/lib/perl5/vendor_perl/5.12.4/Image/ExifTool/Lang/es.pm
/usr/lib/perl5/vendor_perl/5.12.4/Image/ExifTool/Lang/fi.pm
/usr/lib/perl5/vendor_perl/5.12.4/Image/ExifTool/Lang/fr.pm
/usr/lib/perl5/vendor_perl/5.12.4/Image/ExifTool/Lang/it.pm
/usr/lib/perl5/vendor_perl/5.12.4/Image/ExifTool/Lang/ja.pm
/usr/lib/perl5/vendor_perl/5.12.4/Image/ExifTool/Lang/ko.pm
/usr/lib/perl5/vendor_perl/5.12.4/Image/ExifTool/Lang/nl.pm
/usr/lib/perl5/vendor_perl/5.12.4/Image/ExifTool/Lang/pl.pm
/usr/lib/perl5/vendor_perl/5.12.4/Image/ExifTool/Lang/ru.pm
/usr/lib/perl5/vendor_perl/5.12.4/Image/ExifTool/Lang/sv.pm
/usr/lib/perl5/vendor_perl/5.12.4/Image/ExifTool/Lang/tr.pm
/usr/lib/perl5/vendor_perl/5.12.4/Image/ExifTool/Lang/zh_cn.pm
/usr/lib/perl5/vendor_perl/5.12.4/Image/ExifTool/Lang/zh_tw.pm
/usr/lib/perl5/vendor_perl/5.12.4/Image/ExifTool/Leaf.pm
/usr/lib/perl5/vendor_perl/5.12.4/Image/ExifTool/M2TS.pm
/usr/lib/perl5/vendor_perl/5.12.4/Image/ExifTool/MIE.pm
/usr/lib/perl5/vendor_perl/5.12.4/Image/ExifTool/MIEUnits.pod
/usr/lib/perl5/vendor_perl/5.12.4/Image/ExifTool/MIFF.pm
/usr/lib/perl5/vendor_perl/5.12.4/Image/ExifTool/MNG.pm
/usr/lib/perl5/vendor_perl/5.12.4/Image/ExifTool/MPC.pm
/usr/lib/perl5/vendor_perl/5.12.4/Image/ExifTool/MPEG.pm
/usr/lib/perl5/vendor_perl/5.12.4/Image/ExifTool/MPF.pm
/usr/lib/perl5/vendor_perl/5.12.4/Image/ExifTool/MWG.pm
/usr/lib/perl5/vendor_perl/5.12.4/Image/ExifTool/MXF.pm
/usr/lib/perl5/vendor_perl/5.12.4/Image/ExifTool/MakerNotes.pm
/usr/lib/perl5/vendor_perl/5.12.4/Image/ExifTool/Matroska.pm
/usr/lib/perl5/vendor_perl/5.12.4/Image/ExifTool/Microsoft.pm
/usr/lib/perl5/vendor_perl/5.12.4/Image/ExifTool/Minolta.pm
/usr/lib/perl5/vendor_perl/5.12.4/Image/ExifTool/MinoltaRaw.pm
/usr/lib/perl5/vendor_perl/5.12.4/Image/ExifTool/Nikon.pm
/usr/lib/perl5/vendor_perl/5.12.4/Image/ExifTool/NikonCapture.pm
/usr/lib/perl5/vendor_perl/5.12.4/Image/ExifTool/NikonCustom.pm
/usr/lib/perl5/vendor_perl/5.12.4/Image/ExifTool/OOXML.pm
/usr/lib/perl5/vendor_perl/5.12.4/Image/ExifTool/Ogg.pm
/usr/lib/perl5/vendor_perl/5.12.4/Image/ExifTool/Olympus.pm
/usr/lib/perl5/vendor_perl/5.12.4/Image/ExifTool/OpenEXR.pm
/usr/lib/perl5/vendor_perl/5.12.4/Image/ExifTool/PDF.pm
/usr/lib/perl5/vendor_perl/5.12.4/Image/ExifTool/PGF.pm
/usr/lib/perl5/vendor_perl/5.12.4/Image/ExifTool/PICT.pm
/usr/lib/perl5/vendor_perl/5.12.4/Image/ExifTool/PNG.pm
/usr/lib/perl5/vendor_perl/5.12.4/Image/ExifTool/PPM.pm
/usr/lib/perl5/vendor_perl/5.12.4/Image/ExifTool/PSP.pm
/usr/lib/perl5/vendor_perl/5.12.4/Image/ExifTool/Panasonic.pm
/usr/lib/perl5/vendor_perl/5.12.4/Image/ExifTool/PanasonicRaw.pm
/usr/lib/perl5/vendor_perl/5.12.4/Image/ExifTool/Pentax.pm
/usr/lib/perl5/vendor_perl/5.12.4/Image/ExifTool/PhotoMechanic.pm
/usr/lib/perl5/vendor_perl/5.12.4/Image/ExifTool/Photoshop.pm
/usr/lib/perl5/vendor_perl/5.12.4/Image/ExifTool/PostScript.pm
/usr/lib/perl5/vendor_perl/5.12.4/Image/ExifTool/PrintIM.pm
/usr/lib/perl5/vendor_perl/5.12.4/Image/ExifTool/Qualcomm.pm
/usr/lib/perl5/vendor_perl/5.12.4/Image/ExifTool/QuickTime.pm
/usr/lib/perl5/vendor_perl/5.12.4/Image/ExifTool/README
/usr/lib/perl5/vendor_perl/5.12.4/Image/ExifTool/RIFF.pm
/usr/lib/perl5/vendor_perl/5.12.4/Image/ExifTool/RSRC.pm
/usr/lib/perl5/vendor_perl/5.12.4/Image/ExifTool/RTF.pm
/usr/lib/perl5/vendor_perl/5.12.4/Image/ExifTool/Radiance.pm
/usr/lib/perl5/vendor_perl/5.12.4/Image/ExifTool/Rawzor.pm
/usr/lib/perl5/vendor_perl/5.12.4/Image/ExifTool/Real.pm
/usr/lib/perl5/vendor_perl/5.12.4/Image/ExifTool/Reconyx.pm
/usr/lib/perl5/vendor_perl/5.12.4/Image/ExifTool/Ricoh.pm
/usr/lib/perl5/vendor_perl/5.12.4/Image/ExifTool/Samsung.pm
/usr/lib/perl5/vendor_perl/5.12.4/Image/ExifTool/Sanyo.pm
/usr/lib/perl5/vendor_perl/5.12.4/Image/ExifTool/Shift.pl
/usr/lib/perl5/vendor_perl/5.12.4/Image/ExifTool/Shortcuts.pm
/usr/lib/perl5/vendor_perl/5.12.4/Image/ExifTool/Sigma.pm
/usr/lib/perl5/vendor_perl/5.12.4/Image/ExifTool/SigmaRaw.pm
/usr/lib/perl5/vendor_perl/5.12.4/Image/ExifTool/Sony.pm
/usr/lib/perl5/vendor_perl/5.12.4/Image/ExifTool/SonyIDC.pm
/usr/lib/perl5/vendor_perl/5.12.4/Image/ExifTool/Stim.pm
/usr/lib/perl5/vendor_perl/5.12.4/Image/ExifTool/TagInfoXML.pm
/usr/lib/perl5/vendor_perl/5.12.4/Image/ExifTool/TagLookup.pm
/usr/lib/perl5/vendor_perl/5.12.4/Image/ExifTool/TagNames.pod
/usr/lib/perl5/vendor_perl/5.12.4/Image/ExifTool/Theora.pm
/usr/lib/perl5/vendor_perl/5.12.4/Image/ExifTool/Unknown.pm
/usr/lib/perl5/vendor_perl/5.12.4/Image/ExifTool/Vorbis.pm
/usr/lib/perl5/vendor_perl/5.12.4/Image/ExifTool/WriteCanonRaw.pl
/usr/lib/perl5/vendor_perl/5.12.4/Image/ExifTool/WriteExif.pl
/usr/lib/perl5/vendor_perl/5.12.4/Image/ExifTool/WriteIPTC.pl
/usr/lib/perl5/vendor_perl/5.12.4/Image/ExifTool/WritePDF.pl
/usr/lib/perl5/vendor_perl/5.12.4/Image/ExifTool/WritePNG.pl
/usr/lib/perl5/vendor_perl/5.12.4/Image/ExifTool/WritePhotoshop.pl
/usr/lib/perl5/vendor_perl/5.12.4/Image/ExifTool/WritePostScript.pl
/usr/lib/perl5/vendor_perl/5.12.4/Image/ExifTool/WriteXMP.pl
/usr/lib/perl5/vendor_perl/5.12.4/Image/ExifTool/Writer.pl
/usr/lib/perl5/vendor_perl/5.12.4/Image/ExifTool/XMP.pm
/usr/lib/perl5/vendor_perl/5.12.4/Image/ExifTool/XMP2.pl
/usr/lib/perl5/vendor_perl/5.12.4/Image/ExifTool/XMPStruct.pl
/usr/lib/perl5/vendor_perl/5.12.4/Image/ExifTool/ZIP.pm
/usr/lib/perl5/vendor_perl/5.12.4/Image/ExifTool/iWork.pm

