/usr/bin/gdb
/usr/bin/gdbreplay
/usr/bin/gdbserver
/usr/include/gdb/jit-reader.h
/usr/lib64/libinproctrace.so
/usr/share/gdb/python/gdb/__init__.py
/usr/share/gdb/python/gdb/command/__init__.py
/usr/share/gdb/python/gdb/command/explore.py
/usr/share/gdb/python/gdb/command/pretty_printers.py
/usr/share/gdb/python/gdb/command/prompt.py
/usr/share/gdb/python/gdb/printing.py
/usr/share/gdb/python/gdb/prompt.py
/usr/share/gdb/python/gdb/types.py
/usr/share/gdb/syscalls/amd64-linux.xml
/usr/share/gdb/syscalls/gdb-syscalls.dtd
/usr/share/gdb/syscalls/i386-linux.xml
/usr/share/gdb/syscalls/mips-n32-linux.xml
/usr/share/gdb/syscalls/mips-n64-linux.xml
/usr/share/gdb/syscalls/mips-o32-linux.xml
/usr/share/gdb/syscalls/ppc-linux.xml
/usr/share/gdb/syscalls/ppc64-linux.xml
/usr/share/gdb/syscalls/sparc-linux.xml
/usr/share/gdb/syscalls/sparc64-linux.xml
/usr/share/locale/da/LC_MESSAGES/bfd.mo
/usr/share/locale/da/LC_MESSAGES/opcodes.mo
/usr/share/locale/de/LC_MESSAGES/opcodes.mo
/usr/share/locale/es/LC_MESSAGES/bfd.mo
/usr/share/locale/es/LC_MESSAGES/opcodes.mo
/usr/share/locale/fi/LC_MESSAGES/bfd.mo
/usr/share/locale/fi/LC_MESSAGES/opcodes.mo
/usr/share/locale/fr/LC_MESSAGES/bfd.mo
/usr/share/locale/fr/LC_MESSAGES/opcodes.mo
/usr/share/locale/ga/LC_MESSAGES/opcodes.mo
/usr/share/locale/id/LC_MESSAGES/bfd.mo
/usr/share/locale/id/LC_MESSAGES/opcodes.mo
/usr/share/locale/it/LC_MESSAGES/opcodes.mo
/usr/share/locale/ja/LC_MESSAGES/bfd.mo
/usr/share/locale/nl/LC_MESSAGES/opcodes.mo
/usr/share/locale/pt_BR/LC_MESSAGES/opcodes.mo
/usr/share/locale/ro/LC_MESSAGES/bfd.mo
/usr/share/locale/ro/LC_MESSAGES/opcodes.mo
/usr/share/locale/ru/LC_MESSAGES/bfd.mo
/usr/share/locale/rw/LC_MESSAGES/bfd.mo
/usr/share/locale/sv/LC_MESSAGES/bfd.mo
/usr/share/locale/sv/LC_MESSAGES/opcodes.mo
/usr/share/locale/tr/LC_MESSAGES/bfd.mo
/usr/share/locale/tr/LC_MESSAGES/opcodes.mo
/usr/share/locale/uk/LC_MESSAGES/bfd.mo
/usr/share/locale/vi/LC_MESSAGES/bfd.mo
/usr/share/locale/vi/LC_MESSAGES/opcodes.mo
/usr/share/locale/zh_CN/LC_MESSAGES/bfd.mo
/usr/share/locale/zh_CN/LC_MESSAGES/opcodes.mo

