#portage app-text/groonga-4.0.7-r1
#portage app-text/groonga-normalizer-mysql-1.0.6
#copy groonga/sysctl-groonga.conf /etc/sysctl.d/groonga.conf

# from mecab
/etc/mecabrc
/usr/bin/mecab
/usr/bin/mecab-config

# from mecab-ipadic
/usr/lib/mecab/dic/ipadic/char.bin
/usr/lib/mecab/dic/ipadic/dicrc
/usr/lib/mecab/dic/ipadic/left-id.def
/usr/lib/mecab/dic/ipadic/matrix.bin
/usr/lib/mecab/dic/ipadic/pos-id.def
/usr/lib/mecab/dic/ipadic/rewrite.def
/usr/lib/mecab/dic/ipadic/right-id.def
/usr/lib/mecab/dic/ipadic/sys.dic
/usr/lib/mecab/dic/ipadic/unk.dic

#chrootexec wget -O - http://packages.groonga.org/source/groonga-gobject/groonga-gobject-1.0.1.tar.gz | tar zxvf - -C /root
#chrootexec cd /root/groonga-gobject-* && ./configure && make && make install
#chrootexec rm -rf groonga-gobject-*/
#chrootexec /sbin/ldconfig

