/etc/ImageMagick/coder.xml
/etc/ImageMagick/colors.xml
/etc/ImageMagick/delegates.xml
/etc/ImageMagick/log.xml
/etc/ImageMagick/magic.xml
/etc/ImageMagick/mime.xml
/etc/ImageMagick/policy.xml
/etc/ImageMagick/quantization-table.xml
/etc/ImageMagick/thresholds.xml
/etc/ImageMagick/type-dejavu.xml
/etc/ImageMagick/type-ghostscript.xml
/etc/ImageMagick/type-windows.xml
/etc/ImageMagick/type.xml
/usr/bin/Magick++-config
/usr/bin/Magick-config
/usr/bin/MagickCore-config
/usr/bin/MagickWand-config
/usr/bin/Wand-config
/usr/bin/animate
/usr/bin/compare
/usr/bin/composite
/usr/bin/conjure
/usr/bin/convert
/usr/bin/display
/usr/bin/identify
/usr/bin/import
/usr/bin/mogrify
/usr/bin/montage
/usr/bin/stream
/usr/lib/ImageMagick-6.7.8/config/configure.xml
/usr/lib/ImageMagick-6.7.8/modules-Q16/coders/aai.la
/usr/lib/ImageMagick-6.7.8/modules-Q16/coders/aai.so
/usr/lib/ImageMagick-6.7.8/modules-Q16/coders/art.la
/usr/lib/ImageMagick-6.7.8/modules-Q16/coders/art.so
/usr/lib/ImageMagick-6.7.8/modules-Q16/coders/avs.la
/usr/lib/ImageMagick-6.7.8/modules-Q16/coders/avs.so
/usr/lib/ImageMagick-6.7.8/modules-Q16/coders/bgr.la
/usr/lib/ImageMagick-6.7.8/modules-Q16/coders/bgr.so
/usr/lib/ImageMagick-6.7.8/modules-Q16/coders/bmp.la
/usr/lib/ImageMagick-6.7.8/modules-Q16/coders/bmp.so
/usr/lib/ImageMagick-6.7.8/modules-Q16/coders/braille.la
/usr/lib/ImageMagick-6.7.8/modules-Q16/coders/braille.so
/usr/lib/ImageMagick-6.7.8/modules-Q16/coders/cals.la
/usr/lib/ImageMagick-6.7.8/modules-Q16/coders/cals.so
/usr/lib/ImageMagick-6.7.8/modules-Q16/coders/caption.la
/usr/lib/ImageMagick-6.7.8/modules-Q16/coders/caption.so
/usr/lib/ImageMagick-6.7.8/modules-Q16/coders/cin.la
/usr/lib/ImageMagick-6.7.8/modules-Q16/coders/cin.so
/usr/lib/ImageMagick-6.7.8/modules-Q16/coders/cip.la
/usr/lib/ImageMagick-6.7.8/modules-Q16/coders/cip.so
/usr/lib/ImageMagick-6.7.8/modules-Q16/coders/clip.la
/usr/lib/ImageMagick-6.7.8/modules-Q16/coders/clip.so
/usr/lib/ImageMagick-6.7.8/modules-Q16/coders/cmyk.la
/usr/lib/ImageMagick-6.7.8/modules-Q16/coders/cmyk.so
/usr/lib/ImageMagick-6.7.8/modules-Q16/coders/cut.la
/usr/lib/ImageMagick-6.7.8/modules-Q16/coders/cut.so
/usr/lib/ImageMagick-6.7.8/modules-Q16/coders/dcm.la
/usr/lib/ImageMagick-6.7.8/modules-Q16/coders/dcm.so
/usr/lib/ImageMagick-6.7.8/modules-Q16/coders/dds.la
/usr/lib/ImageMagick-6.7.8/modules-Q16/coders/dds.so
/usr/lib/ImageMagick-6.7.8/modules-Q16/coders/debug.la
/usr/lib/ImageMagick-6.7.8/modules-Q16/coders/debug.so
/usr/lib/ImageMagick-6.7.8/modules-Q16/coders/dib.la
/usr/lib/ImageMagick-6.7.8/modules-Q16/coders/dib.so
/usr/lib/ImageMagick-6.7.8/modules-Q16/coders/dng.la
/usr/lib/ImageMagick-6.7.8/modules-Q16/coders/dng.so
/usr/lib/ImageMagick-6.7.8/modules-Q16/coders/dot.la
/usr/lib/ImageMagick-6.7.8/modules-Q16/coders/dot.so
/usr/lib/ImageMagick-6.7.8/modules-Q16/coders/dpx.la
/usr/lib/ImageMagick-6.7.8/modules-Q16/coders/dpx.so
/usr/lib/ImageMagick-6.7.8/modules-Q16/coders/fax.la
/usr/lib/ImageMagick-6.7.8/modules-Q16/coders/fax.so
/usr/lib/ImageMagick-6.7.8/modules-Q16/coders/fd.la
/usr/lib/ImageMagick-6.7.8/modules-Q16/coders/fd.so
/usr/lib/ImageMagick-6.7.8/modules-Q16/coders/fits.la
/usr/lib/ImageMagick-6.7.8/modules-Q16/coders/fits.so
/usr/lib/ImageMagick-6.7.8/modules-Q16/coders/gif.la
/usr/lib/ImageMagick-6.7.8/modules-Q16/coders/gif.so
/usr/lib/ImageMagick-6.7.8/modules-Q16/coders/gradient.la
/usr/lib/ImageMagick-6.7.8/modules-Q16/coders/gradient.so
/usr/lib/ImageMagick-6.7.8/modules-Q16/coders/gray.la
/usr/lib/ImageMagick-6.7.8/modules-Q16/coders/gray.so
/usr/lib/ImageMagick-6.7.8/modules-Q16/coders/hald.la
/usr/lib/ImageMagick-6.7.8/modules-Q16/coders/hald.so
/usr/lib/ImageMagick-6.7.8/modules-Q16/coders/hdr.la
/usr/lib/ImageMagick-6.7.8/modules-Q16/coders/hdr.so
/usr/lib/ImageMagick-6.7.8/modules-Q16/coders/histogram.la
/usr/lib/ImageMagick-6.7.8/modules-Q16/coders/histogram.so
/usr/lib/ImageMagick-6.7.8/modules-Q16/coders/hrz.la
/usr/lib/ImageMagick-6.7.8/modules-Q16/coders/hrz.so
/usr/lib/ImageMagick-6.7.8/modules-Q16/coders/html.la
/usr/lib/ImageMagick-6.7.8/modules-Q16/coders/html.so
/usr/lib/ImageMagick-6.7.8/modules-Q16/coders/icon.la
/usr/lib/ImageMagick-6.7.8/modules-Q16/coders/icon.so
/usr/lib/ImageMagick-6.7.8/modules-Q16/coders/info.la
/usr/lib/ImageMagick-6.7.8/modules-Q16/coders/info.so
/usr/lib/ImageMagick-6.7.8/modules-Q16/coders/inline.la
/usr/lib/ImageMagick-6.7.8/modules-Q16/coders/inline.so
/usr/lib/ImageMagick-6.7.8/modules-Q16/coders/ipl.la
/usr/lib/ImageMagick-6.7.8/modules-Q16/coders/ipl.so
/usr/lib/ImageMagick-6.7.8/modules-Q16/coders/jp2.la
/usr/lib/ImageMagick-6.7.8/modules-Q16/coders/jp2.so
/usr/lib/ImageMagick-6.7.8/modules-Q16/coders/jpeg.la
/usr/lib/ImageMagick-6.7.8/modules-Q16/coders/jpeg.so
/usr/lib/ImageMagick-6.7.8/modules-Q16/coders/label.la
/usr/lib/ImageMagick-6.7.8/modules-Q16/coders/label.so
/usr/lib/ImageMagick-6.7.8/modules-Q16/coders/mac.la
/usr/lib/ImageMagick-6.7.8/modules-Q16/coders/mac.so
/usr/lib/ImageMagick-6.7.8/modules-Q16/coders/magick.la
/usr/lib/ImageMagick-6.7.8/modules-Q16/coders/magick.so
/usr/lib/ImageMagick-6.7.8/modules-Q16/coders/map.la
/usr/lib/ImageMagick-6.7.8/modules-Q16/coders/map.so
/usr/lib/ImageMagick-6.7.8/modules-Q16/coders/mat.la
/usr/lib/ImageMagick-6.7.8/modules-Q16/coders/mat.so
/usr/lib/ImageMagick-6.7.8/modules-Q16/coders/matte.la
/usr/lib/ImageMagick-6.7.8/modules-Q16/coders/matte.so
/usr/lib/ImageMagick-6.7.8/modules-Q16/coders/meta.la
/usr/lib/ImageMagick-6.7.8/modules-Q16/coders/meta.so
/usr/lib/ImageMagick-6.7.8/modules-Q16/coders/miff.la
/usr/lib/ImageMagick-6.7.8/modules-Q16/coders/miff.so
/usr/lib/ImageMagick-6.7.8/modules-Q16/coders/mono.la
/usr/lib/ImageMagick-6.7.8/modules-Q16/coders/mono.so
/usr/lib/ImageMagick-6.7.8/modules-Q16/coders/mpc.la
/usr/lib/ImageMagick-6.7.8/modules-Q16/coders/mpc.so
/usr/lib/ImageMagick-6.7.8/modules-Q16/coders/mpeg.la
/usr/lib/ImageMagick-6.7.8/modules-Q16/coders/mpeg.so
/usr/lib/ImageMagick-6.7.8/modules-Q16/coders/mpr.la
/usr/lib/ImageMagick-6.7.8/modules-Q16/coders/mpr.so
/usr/lib/ImageMagick-6.7.8/modules-Q16/coders/msl.la
/usr/lib/ImageMagick-6.7.8/modules-Q16/coders/msl.so
/usr/lib/ImageMagick-6.7.8/modules-Q16/coders/mtv.la
/usr/lib/ImageMagick-6.7.8/modules-Q16/coders/mtv.so
/usr/lib/ImageMagick-6.7.8/modules-Q16/coders/mvg.la
/usr/lib/ImageMagick-6.7.8/modules-Q16/coders/mvg.so
/usr/lib/ImageMagick-6.7.8/modules-Q16/coders/null.la
/usr/lib/ImageMagick-6.7.8/modules-Q16/coders/null.so
/usr/lib/ImageMagick-6.7.8/modules-Q16/coders/otb.la
/usr/lib/ImageMagick-6.7.8/modules-Q16/coders/otb.so
/usr/lib/ImageMagick-6.7.8/modules-Q16/coders/palm.la
/usr/lib/ImageMagick-6.7.8/modules-Q16/coders/palm.so
/usr/lib/ImageMagick-6.7.8/modules-Q16/coders/pango.la
/usr/lib/ImageMagick-6.7.8/modules-Q16/coders/pango.so
/usr/lib/ImageMagick-6.7.8/modules-Q16/coders/pattern.la
/usr/lib/ImageMagick-6.7.8/modules-Q16/coders/pattern.so
/usr/lib/ImageMagick-6.7.8/modules-Q16/coders/pcd.la
/usr/lib/ImageMagick-6.7.8/modules-Q16/coders/pcd.so
/usr/lib/ImageMagick-6.7.8/modules-Q16/coders/pcl.la
/usr/lib/ImageMagick-6.7.8/modules-Q16/coders/pcl.so
/usr/lib/ImageMagick-6.7.8/modules-Q16/coders/pcx.la
/usr/lib/ImageMagick-6.7.8/modules-Q16/coders/pcx.so
/usr/lib/ImageMagick-6.7.8/modules-Q16/coders/pdb.la
/usr/lib/ImageMagick-6.7.8/modules-Q16/coders/pdb.so
/usr/lib/ImageMagick-6.7.8/modules-Q16/coders/pdf.la
/usr/lib/ImageMagick-6.7.8/modules-Q16/coders/pdf.so
/usr/lib/ImageMagick-6.7.8/modules-Q16/coders/pes.la
/usr/lib/ImageMagick-6.7.8/modules-Q16/coders/pes.so
/usr/lib/ImageMagick-6.7.8/modules-Q16/coders/pict.la
/usr/lib/ImageMagick-6.7.8/modules-Q16/coders/pict.so
/usr/lib/ImageMagick-6.7.8/modules-Q16/coders/pix.la
/usr/lib/ImageMagick-6.7.8/modules-Q16/coders/pix.so
/usr/lib/ImageMagick-6.7.8/modules-Q16/coders/plasma.la
/usr/lib/ImageMagick-6.7.8/modules-Q16/coders/plasma.so
/usr/lib/ImageMagick-6.7.8/modules-Q16/coders/png.la
/usr/lib/ImageMagick-6.7.8/modules-Q16/coders/png.so
/usr/lib/ImageMagick-6.7.8/modules-Q16/coders/pnm.la
/usr/lib/ImageMagick-6.7.8/modules-Q16/coders/pnm.so
/usr/lib/ImageMagick-6.7.8/modules-Q16/coders/preview.la
/usr/lib/ImageMagick-6.7.8/modules-Q16/coders/preview.so
/usr/lib/ImageMagick-6.7.8/modules-Q16/coders/ps.la
/usr/lib/ImageMagick-6.7.8/modules-Q16/coders/ps.so
/usr/lib/ImageMagick-6.7.8/modules-Q16/coders/ps2.la
/usr/lib/ImageMagick-6.7.8/modules-Q16/coders/ps2.so
/usr/lib/ImageMagick-6.7.8/modules-Q16/coders/ps3.la
/usr/lib/ImageMagick-6.7.8/modules-Q16/coders/ps3.so
/usr/lib/ImageMagick-6.7.8/modules-Q16/coders/psd.la
/usr/lib/ImageMagick-6.7.8/modules-Q16/coders/psd.so
/usr/lib/ImageMagick-6.7.8/modules-Q16/coders/pwp.la
/usr/lib/ImageMagick-6.7.8/modules-Q16/coders/pwp.so
/usr/lib/ImageMagick-6.7.8/modules-Q16/coders/raw.la
/usr/lib/ImageMagick-6.7.8/modules-Q16/coders/raw.so
/usr/lib/ImageMagick-6.7.8/modules-Q16/coders/rgb.la
/usr/lib/ImageMagick-6.7.8/modules-Q16/coders/rgb.so
/usr/lib/ImageMagick-6.7.8/modules-Q16/coders/rla.la
/usr/lib/ImageMagick-6.7.8/modules-Q16/coders/rla.so
/usr/lib/ImageMagick-6.7.8/modules-Q16/coders/rle.la
/usr/lib/ImageMagick-6.7.8/modules-Q16/coders/rle.so
/usr/lib/ImageMagick-6.7.8/modules-Q16/coders/scr.la
/usr/lib/ImageMagick-6.7.8/modules-Q16/coders/scr.so
/usr/lib/ImageMagick-6.7.8/modules-Q16/coders/sct.la
/usr/lib/ImageMagick-6.7.8/modules-Q16/coders/sct.so
/usr/lib/ImageMagick-6.7.8/modules-Q16/coders/sfw.la
/usr/lib/ImageMagick-6.7.8/modules-Q16/coders/sfw.so
/usr/lib/ImageMagick-6.7.8/modules-Q16/coders/sgi.la
/usr/lib/ImageMagick-6.7.8/modules-Q16/coders/sgi.so
/usr/lib/ImageMagick-6.7.8/modules-Q16/coders/stegano.la
/usr/lib/ImageMagick-6.7.8/modules-Q16/coders/stegano.so
/usr/lib/ImageMagick-6.7.8/modules-Q16/coders/sun.la
/usr/lib/ImageMagick-6.7.8/modules-Q16/coders/sun.so
/usr/lib/ImageMagick-6.7.8/modules-Q16/coders/svg.la
/usr/lib/ImageMagick-6.7.8/modules-Q16/coders/svg.so
/usr/lib/ImageMagick-6.7.8/modules-Q16/coders/tga.la
/usr/lib/ImageMagick-6.7.8/modules-Q16/coders/tga.so
/usr/lib/ImageMagick-6.7.8/modules-Q16/coders/thumbnail.la
/usr/lib/ImageMagick-6.7.8/modules-Q16/coders/thumbnail.so
/usr/lib/ImageMagick-6.7.8/modules-Q16/coders/tile.la
/usr/lib/ImageMagick-6.7.8/modules-Q16/coders/tile.so
/usr/lib/ImageMagick-6.7.8/modules-Q16/coders/tim.la
/usr/lib/ImageMagick-6.7.8/modules-Q16/coders/tim.so
/usr/lib/ImageMagick-6.7.8/modules-Q16/coders/ttf.la
/usr/lib/ImageMagick-6.7.8/modules-Q16/coders/ttf.so
/usr/lib/ImageMagick-6.7.8/modules-Q16/coders/txt.la
/usr/lib/ImageMagick-6.7.8/modules-Q16/coders/txt.so
/usr/lib/ImageMagick-6.7.8/modules-Q16/coders/uil.la
/usr/lib/ImageMagick-6.7.8/modules-Q16/coders/uil.so
/usr/lib/ImageMagick-6.7.8/modules-Q16/coders/url.la
/usr/lib/ImageMagick-6.7.8/modules-Q16/coders/url.so
/usr/lib/ImageMagick-6.7.8/modules-Q16/coders/uyvy.la
/usr/lib/ImageMagick-6.7.8/modules-Q16/coders/uyvy.so
/usr/lib/ImageMagick-6.7.8/modules-Q16/coders/vicar.la
/usr/lib/ImageMagick-6.7.8/modules-Q16/coders/vicar.so
/usr/lib/ImageMagick-6.7.8/modules-Q16/coders/vid.la
/usr/lib/ImageMagick-6.7.8/modules-Q16/coders/vid.so
/usr/lib/ImageMagick-6.7.8/modules-Q16/coders/viff.la
/usr/lib/ImageMagick-6.7.8/modules-Q16/coders/viff.so
/usr/lib/ImageMagick-6.7.8/modules-Q16/coders/wbmp.la
/usr/lib/ImageMagick-6.7.8/modules-Q16/coders/wbmp.so
/usr/lib/ImageMagick-6.7.8/modules-Q16/coders/webp.la
/usr/lib/ImageMagick-6.7.8/modules-Q16/coders/webp.so
/usr/lib/ImageMagick-6.7.8/modules-Q16/coders/wpg.la
/usr/lib/ImageMagick-6.7.8/modules-Q16/coders/wpg.so
/usr/lib/ImageMagick-6.7.8/modules-Q16/coders/xbm.la
/usr/lib/ImageMagick-6.7.8/modules-Q16/coders/xbm.so
/usr/lib/ImageMagick-6.7.8/modules-Q16/coders/xc.la
/usr/lib/ImageMagick-6.7.8/modules-Q16/coders/xc.so
/usr/lib/ImageMagick-6.7.8/modules-Q16/coders/xcf.la
/usr/lib/ImageMagick-6.7.8/modules-Q16/coders/xcf.so
/usr/lib/ImageMagick-6.7.8/modules-Q16/coders/xpm.la
/usr/lib/ImageMagick-6.7.8/modules-Q16/coders/xpm.so
/usr/lib/ImageMagick-6.7.8/modules-Q16/coders/xps.la
/usr/lib/ImageMagick-6.7.8/modules-Q16/coders/xps.so
/usr/lib/ImageMagick-6.7.8/modules-Q16/coders/ycbcr.la
/usr/lib/ImageMagick-6.7.8/modules-Q16/coders/ycbcr.so
/usr/lib/ImageMagick-6.7.8/modules-Q16/coders/yuv.la
/usr/lib/ImageMagick-6.7.8/modules-Q16/coders/yuv.so
/usr/lib/ImageMagick-6.7.8/modules-Q16/filters/analyze.la
/usr/lib/ImageMagick-6.7.8/modules-Q16/filters/analyze.so
/usr/lib/perl5/vendor_perl/5.12.4/$(ARCH)-linux/Image/Magick.pm
/usr/lib/perl5/vendor_perl/5.12.4/$(ARCH)-linux/auto/Image/Magick/Magick.bs
/usr/lib/perl5/vendor_perl/5.12.4/$(ARCH)-linux/auto/Image/Magick/Magick.so
/usr/lib/perl5/vendor_perl/5.12.4/$(ARCH)-linux/auto/Image/Magick/autosplit.ix
/usr/share/ImageMagick-6.7.8/english.xml
/usr/share/ImageMagick-6.7.8/francais.xml
/usr/share/ImageMagick-6.7.8/locale.xml

