#require python27.lst
/etc/env.d/80mercurial
/usr/bin/hg-2.7
#symlink /usr/bin/hg hg-2.7
/usr/bin/hg-ssh
/usr/bin/hgeditor
/usr/bin/hgk
/usr/lib/python2.7/site-packages/hgext/__init__.py
/usr/lib/python2.7/site-packages/hgext/acl.py
/usr/lib/python2.7/site-packages/hgext/bugzilla.py
/usr/lib/python2.7/site-packages/hgext/children.py
/usr/lib/python2.7/site-packages/hgext/churn.py
/usr/lib/python2.7/site-packages/hgext/color.py
/usr/lib/python2.7/site-packages/hgext/convert/__init__.py
/usr/lib/python2.7/site-packages/hgext/convert/bzr.py
/usr/lib/python2.7/site-packages/hgext/convert/common.py
/usr/lib/python2.7/site-packages/hgext/convert/convcmd.py
/usr/lib/python2.7/site-packages/hgext/convert/cvs.py
/usr/lib/python2.7/site-packages/hgext/convert/cvsps.py
/usr/lib/python2.7/site-packages/hgext/convert/darcs.py
/usr/lib/python2.7/site-packages/hgext/convert/filemap.py
/usr/lib/python2.7/site-packages/hgext/convert/git.py
/usr/lib/python2.7/site-packages/hgext/convert/gnuarch.py
/usr/lib/python2.7/site-packages/hgext/convert/hg.py
/usr/lib/python2.7/site-packages/hgext/convert/monotone.py
/usr/lib/python2.7/site-packages/hgext/convert/p4.py
/usr/lib/python2.7/site-packages/hgext/convert/subversion.py
/usr/lib/python2.7/site-packages/hgext/convert/transport.py
/usr/lib/python2.7/site-packages/hgext/eol.py
/usr/lib/python2.7/site-packages/hgext/extdiff.py
/usr/lib/python2.7/site-packages/hgext/fetch.py
/usr/lib/python2.7/site-packages/hgext/gpg.py
/usr/lib/python2.7/site-packages/hgext/graphlog.py
/usr/lib/python2.7/site-packages/hgext/hgcia.py
/usr/lib/python2.7/site-packages/hgext/hgk.py
/usr/lib/python2.7/site-packages/hgext/highlight/__init__.py
/usr/lib/python2.7/site-packages/hgext/highlight/highlight.py
/usr/lib/python2.7/site-packages/hgext/inotify/__init__.py
/usr/lib/python2.7/site-packages/hgext/inotify/client.py
/usr/lib/python2.7/site-packages/hgext/inotify/common.py
/usr/lib/python2.7/site-packages/hgext/inotify/linux/__init__.py
/usr/lib/python2.7/site-packages/hgext/inotify/linux/_inotify.so
/usr/lib/python2.7/site-packages/hgext/inotify/linux/watcher.py
/usr/lib/python2.7/site-packages/hgext/inotify/linuxserver.py
/usr/lib/python2.7/site-packages/hgext/inotify/server.py
/usr/lib/python2.7/site-packages/hgext/interhg.py
/usr/lib/python2.7/site-packages/hgext/keyword.py
/usr/lib/python2.7/site-packages/hgext/largefiles/__init__.py
/usr/lib/python2.7/site-packages/hgext/largefiles/basestore.py
/usr/lib/python2.7/site-packages/hgext/largefiles/lfcommands.py
/usr/lib/python2.7/site-packages/hgext/largefiles/lfutil.py
/usr/lib/python2.7/site-packages/hgext/largefiles/localstore.py
/usr/lib/python2.7/site-packages/hgext/largefiles/overrides.py
/usr/lib/python2.7/site-packages/hgext/largefiles/proto.py
/usr/lib/python2.7/site-packages/hgext/largefiles/remotestore.py
/usr/lib/python2.7/site-packages/hgext/largefiles/reposetup.py
/usr/lib/python2.7/site-packages/hgext/largefiles/uisetup.py
/usr/lib/python2.7/site-packages/hgext/largefiles/wirestore.py
/usr/lib/python2.7/site-packages/hgext/mq.py
/usr/lib/python2.7/site-packages/hgext/notify.py
/usr/lib/python2.7/site-packages/hgext/pager.py
/usr/lib/python2.7/site-packages/hgext/patchbomb.py
/usr/lib/python2.7/site-packages/hgext/progress.py
/usr/lib/python2.7/site-packages/hgext/purge.py
/usr/lib/python2.7/site-packages/hgext/rebase.py
/usr/lib/python2.7/site-packages/hgext/record.py
/usr/lib/python2.7/site-packages/hgext/relink.py
/usr/lib/python2.7/site-packages/hgext/schemes.py
/usr/lib/python2.7/site-packages/hgext/share.py
/usr/lib/python2.7/site-packages/hgext/transplant.py
/usr/lib/python2.7/site-packages/hgext/win32mbcs.py
/usr/lib/python2.7/site-packages/hgext/win32text.py
/usr/lib/python2.7/site-packages/hgext/zeroconf/Zeroconf.py
/usr/lib/python2.7/site-packages/hgext/zeroconf/__init__.py
/usr/lib/python2.7/site-packages/mercurial-2.1.1-py2.7.egg-info
/usr/lib/python2.7/site-packages/mercurial/__init__.py
/usr/lib/python2.7/site-packages/mercurial/__version__.py
/usr/lib/python2.7/site-packages/mercurial/ancestor.py
/usr/lib/python2.7/site-packages/mercurial/archival.py
/usr/lib/python2.7/site-packages/mercurial/base85.so
/usr/lib/python2.7/site-packages/mercurial/bdiff.so
/usr/lib/python2.7/site-packages/mercurial/bookmarks.py
/usr/lib/python2.7/site-packages/mercurial/bundlerepo.py
/usr/lib/python2.7/site-packages/mercurial/byterange.py
/usr/lib/python2.7/site-packages/mercurial/changegroup.py
/usr/lib/python2.7/site-packages/mercurial/changelog.py
/usr/lib/python2.7/site-packages/mercurial/cmdutil.py
/usr/lib/python2.7/site-packages/mercurial/commands.py
/usr/lib/python2.7/site-packages/mercurial/commandserver.py
/usr/lib/python2.7/site-packages/mercurial/config.py
/usr/lib/python2.7/site-packages/mercurial/context.py
/usr/lib/python2.7/site-packages/mercurial/copies.py
/usr/lib/python2.7/site-packages/mercurial/dagparser.py
/usr/lib/python2.7/site-packages/mercurial/dagutil.py
/usr/lib/python2.7/site-packages/mercurial/demandimport.py
/usr/lib/python2.7/site-packages/mercurial/diffhelpers.so
/usr/lib/python2.7/site-packages/mercurial/dirstate.py
/usr/lib/python2.7/site-packages/mercurial/discovery.py
/usr/lib/python2.7/site-packages/mercurial/dispatch.py
/usr/lib/python2.7/site-packages/mercurial/encoding.py
/usr/lib/python2.7/site-packages/mercurial/error.py
/usr/lib/python2.7/site-packages/mercurial/extensions.py
/usr/lib/python2.7/site-packages/mercurial/fancyopts.py
/usr/lib/python2.7/site-packages/mercurial/filelog.py
/usr/lib/python2.7/site-packages/mercurial/filemerge.py
/usr/lib/python2.7/site-packages/mercurial/fileset.py
/usr/lib/python2.7/site-packages/mercurial/graphmod.py
/usr/lib/python2.7/site-packages/mercurial/hbisect.py
/usr/lib/python2.7/site-packages/mercurial/help.py
/usr/lib/python2.7/site-packages/mercurial/help/config.txt
/usr/lib/python2.7/site-packages/mercurial/help/dates.txt
/usr/lib/python2.7/site-packages/mercurial/help/diffs.txt
/usr/lib/python2.7/site-packages/mercurial/help/environment.txt
/usr/lib/python2.7/site-packages/mercurial/help/extensions.txt
/usr/lib/python2.7/site-packages/mercurial/help/filesets.txt
/usr/lib/python2.7/site-packages/mercurial/help/glossary.txt
/usr/lib/python2.7/site-packages/mercurial/help/hgignore.txt
/usr/lib/python2.7/site-packages/mercurial/help/hgweb.txt
/usr/lib/python2.7/site-packages/mercurial/help/merge-tools.txt
/usr/lib/python2.7/site-packages/mercurial/help/multirevs.txt
/usr/lib/python2.7/site-packages/mercurial/help/patterns.txt
/usr/lib/python2.7/site-packages/mercurial/help/phases.txt
/usr/lib/python2.7/site-packages/mercurial/help/revisions.txt
/usr/lib/python2.7/site-packages/mercurial/help/revsets.txt
/usr/lib/python2.7/site-packages/mercurial/help/subrepos.txt
/usr/lib/python2.7/site-packages/mercurial/help/templates.txt
/usr/lib/python2.7/site-packages/mercurial/help/urls.txt
/usr/lib/python2.7/site-packages/mercurial/hg.py
/usr/lib/python2.7/site-packages/mercurial/hgweb/__init__.py
/usr/lib/python2.7/site-packages/mercurial/hgweb/common.py
/usr/lib/python2.7/site-packages/mercurial/hgweb/hgweb_mod.py
/usr/lib/python2.7/site-packages/mercurial/hgweb/hgwebdir_mod.py
/usr/lib/python2.7/site-packages/mercurial/hgweb/protocol.py
/usr/lib/python2.7/site-packages/mercurial/hgweb/request.py
/usr/lib/python2.7/site-packages/mercurial/hgweb/server.py
/usr/lib/python2.7/site-packages/mercurial/hgweb/webcommands.py
/usr/lib/python2.7/site-packages/mercurial/hgweb/webutil.py
/usr/lib/python2.7/site-packages/mercurial/hgweb/wsgicgi.py
/usr/lib/python2.7/site-packages/mercurial/hook.py
/usr/lib/python2.7/site-packages/mercurial/httpclient/__init__.py
/usr/lib/python2.7/site-packages/mercurial/httpclient/socketutil.py
/usr/lib/python2.7/site-packages/mercurial/httpclient/tests/__init__.py
/usr/lib/python2.7/site-packages/mercurial/httpclient/tests/simple_http_test.py
/usr/lib/python2.7/site-packages/mercurial/httpclient/tests/test_bogus_responses.py
/usr/lib/python2.7/site-packages/mercurial/httpclient/tests/test_chunked_transfer.py
/usr/lib/python2.7/site-packages/mercurial/httpclient/tests/test_proxy_support.py
/usr/lib/python2.7/site-packages/mercurial/httpclient/tests/test_ssl.py
/usr/lib/python2.7/site-packages/mercurial/httpclient/tests/util.py
/usr/lib/python2.7/site-packages/mercurial/httpconnection.py
/usr/lib/python2.7/site-packages/mercurial/httprepo.py
/usr/lib/python2.7/site-packages/mercurial/i18n.py
/usr/lib/python2.7/site-packages/mercurial/ignore.py
/usr/lib/python2.7/site-packages/mercurial/keepalive.py
/usr/lib/python2.7/site-packages/mercurial/locale/da/LC_MESSAGES/hg.mo
/usr/lib/python2.7/site-packages/mercurial/locale/de/LC_MESSAGES/hg.mo
/usr/lib/python2.7/site-packages/mercurial/locale/el/LC_MESSAGES/hg.mo
/usr/lib/python2.7/site-packages/mercurial/locale/fr/LC_MESSAGES/hg.mo
/usr/lib/python2.7/site-packages/mercurial/locale/it/LC_MESSAGES/hg.mo
/usr/lib/python2.7/site-packages/mercurial/locale/ja/LC_MESSAGES/hg.mo
/usr/lib/python2.7/site-packages/mercurial/locale/pt_BR/LC_MESSAGES/hg.mo
/usr/lib/python2.7/site-packages/mercurial/locale/ro/LC_MESSAGES/hg.mo
/usr/lib/python2.7/site-packages/mercurial/locale/ru/LC_MESSAGES/hg.mo
/usr/lib/python2.7/site-packages/mercurial/locale/sv/LC_MESSAGES/hg.mo
/usr/lib/python2.7/site-packages/mercurial/locale/zh_CN/LC_MESSAGES/hg.mo
/usr/lib/python2.7/site-packages/mercurial/locale/zh_TW/LC_MESSAGES/hg.mo
/usr/lib/python2.7/site-packages/mercurial/localrepo.py
/usr/lib/python2.7/site-packages/mercurial/lock.py
/usr/lib/python2.7/site-packages/mercurial/lsprof.py
/usr/lib/python2.7/site-packages/mercurial/lsprofcalltree.py
/usr/lib/python2.7/site-packages/mercurial/mail.py
/usr/lib/python2.7/site-packages/mercurial/manifest.py
/usr/lib/python2.7/site-packages/mercurial/match.py
/usr/lib/python2.7/site-packages/mercurial/mdiff.py
/usr/lib/python2.7/site-packages/mercurial/merge.py
/usr/lib/python2.7/site-packages/mercurial/minirst.py
/usr/lib/python2.7/site-packages/mercurial/mpatch.so
/usr/lib/python2.7/site-packages/mercurial/node.py
/usr/lib/python2.7/site-packages/mercurial/osutil.so
/usr/lib/python2.7/site-packages/mercurial/parser.py
/usr/lib/python2.7/site-packages/mercurial/parsers.so
/usr/lib/python2.7/site-packages/mercurial/patch.py
/usr/lib/python2.7/site-packages/mercurial/phases.py
/usr/lib/python2.7/site-packages/mercurial/posix.py
/usr/lib/python2.7/site-packages/mercurial/pushkey.py
/usr/lib/python2.7/site-packages/mercurial/py3kcompat.py
/usr/lib/python2.7/site-packages/mercurial/repair.py
/usr/lib/python2.7/site-packages/mercurial/repo.py
/usr/lib/python2.7/site-packages/mercurial/revlog.py
/usr/lib/python2.7/site-packages/mercurial/revset.py
/usr/lib/python2.7/site-packages/mercurial/scmutil.py
/usr/lib/python2.7/site-packages/mercurial/setdiscovery.py
/usr/lib/python2.7/site-packages/mercurial/similar.py
/usr/lib/python2.7/site-packages/mercurial/simplemerge.py
/usr/lib/python2.7/site-packages/mercurial/sshrepo.py
/usr/lib/python2.7/site-packages/mercurial/sshserver.py
/usr/lib/python2.7/site-packages/mercurial/sslutil.py
/usr/lib/python2.7/site-packages/mercurial/statichttprepo.py
/usr/lib/python2.7/site-packages/mercurial/store.py
/usr/lib/python2.7/site-packages/mercurial/strutil.py
/usr/lib/python2.7/site-packages/mercurial/subrepo.py
/usr/lib/python2.7/site-packages/mercurial/tags.py
/usr/lib/python2.7/site-packages/mercurial/templatefilters.py
/usr/lib/python2.7/site-packages/mercurial/templatekw.py
/usr/lib/python2.7/site-packages/mercurial/templater.py
/usr/lib/python2.7/site-packages/mercurial/templates/atom/bookmarkentry.tmpl
/usr/lib/python2.7/site-packages/mercurial/templates/atom/bookmarks.tmpl
/usr/lib/python2.7/site-packages/mercurial/templates/atom/changelog.tmpl
/usr/lib/python2.7/site-packages/mercurial/templates/atom/changelogentry.tmpl
/usr/lib/python2.7/site-packages/mercurial/templates/atom/error.tmpl
/usr/lib/python2.7/site-packages/mercurial/templates/atom/filelog.tmpl
/usr/lib/python2.7/site-packages/mercurial/templates/atom/header.tmpl
/usr/lib/python2.7/site-packages/mercurial/templates/atom/map
/usr/lib/python2.7/site-packages/mercurial/templates/atom/tagentry.tmpl
/usr/lib/python2.7/site-packages/mercurial/templates/atom/tags.tmpl
/usr/lib/python2.7/site-packages/mercurial/templates/coal/header.tmpl
/usr/lib/python2.7/site-packages/mercurial/templates/coal/map
/usr/lib/python2.7/site-packages/mercurial/templates/gitweb/bookmarks.tmpl
/usr/lib/python2.7/site-packages/mercurial/templates/gitweb/branches.tmpl
/usr/lib/python2.7/site-packages/mercurial/templates/gitweb/changelog.tmpl
/usr/lib/python2.7/site-packages/mercurial/templates/gitweb/changelogentry.tmpl
/usr/lib/python2.7/site-packages/mercurial/templates/gitweb/changeset.tmpl
/usr/lib/python2.7/site-packages/mercurial/templates/gitweb/error.tmpl
/usr/lib/python2.7/site-packages/mercurial/templates/gitweb/fileannotate.tmpl
/usr/lib/python2.7/site-packages/mercurial/templates/gitweb/filediff.tmpl
/usr/lib/python2.7/site-packages/mercurial/templates/gitweb/filelog.tmpl
/usr/lib/python2.7/site-packages/mercurial/templates/gitweb/filerevision.tmpl
/usr/lib/python2.7/site-packages/mercurial/templates/gitweb/footer.tmpl
/usr/lib/python2.7/site-packages/mercurial/templates/gitweb/graph.tmpl
/usr/lib/python2.7/site-packages/mercurial/templates/gitweb/header.tmpl
/usr/lib/python2.7/site-packages/mercurial/templates/gitweb/help.tmpl
/usr/lib/python2.7/site-packages/mercurial/templates/gitweb/helptopics.tmpl
/usr/lib/python2.7/site-packages/mercurial/templates/gitweb/index.tmpl
/usr/lib/python2.7/site-packages/mercurial/templates/gitweb/manifest.tmpl
/usr/lib/python2.7/site-packages/mercurial/templates/gitweb/map
/usr/lib/python2.7/site-packages/mercurial/templates/gitweb/notfound.tmpl
/usr/lib/python2.7/site-packages/mercurial/templates/gitweb/search.tmpl
/usr/lib/python2.7/site-packages/mercurial/templates/gitweb/shortlog.tmpl
/usr/lib/python2.7/site-packages/mercurial/templates/gitweb/summary.tmpl
/usr/lib/python2.7/site-packages/mercurial/templates/gitweb/tags.tmpl
/usr/lib/python2.7/site-packages/mercurial/templates/map-cmdline.bisect
/usr/lib/python2.7/site-packages/mercurial/templates/map-cmdline.changelog
/usr/lib/python2.7/site-packages/mercurial/templates/map-cmdline.compact
/usr/lib/python2.7/site-packages/mercurial/templates/map-cmdline.default
/usr/lib/python2.7/site-packages/mercurial/templates/map-cmdline.xml
/usr/lib/python2.7/site-packages/mercurial/templates/monoblue/bookmarks.tmpl
/usr/lib/python2.7/site-packages/mercurial/templates/monoblue/branches.tmpl
/usr/lib/python2.7/site-packages/mercurial/templates/monoblue/changelog.tmpl
/usr/lib/python2.7/site-packages/mercurial/templates/monoblue/changelogentry.tmpl
/usr/lib/python2.7/site-packages/mercurial/templates/monoblue/changeset.tmpl
/usr/lib/python2.7/site-packages/mercurial/templates/monoblue/error.tmpl
/usr/lib/python2.7/site-packages/mercurial/templates/monoblue/fileannotate.tmpl
/usr/lib/python2.7/site-packages/mercurial/templates/monoblue/filediff.tmpl
/usr/lib/python2.7/site-packages/mercurial/templates/monoblue/filelog.tmpl
/usr/lib/python2.7/site-packages/mercurial/templates/monoblue/filerevision.tmpl
/usr/lib/python2.7/site-packages/mercurial/templates/monoblue/footer.tmpl
/usr/lib/python2.7/site-packages/mercurial/templates/monoblue/graph.tmpl
/usr/lib/python2.7/site-packages/mercurial/templates/monoblue/header.tmpl
/usr/lib/python2.7/site-packages/mercurial/templates/monoblue/help.tmpl
/usr/lib/python2.7/site-packages/mercurial/templates/monoblue/helptopics.tmpl
/usr/lib/python2.7/site-packages/mercurial/templates/monoblue/index.tmpl
/usr/lib/python2.7/site-packages/mercurial/templates/monoblue/manifest.tmpl
/usr/lib/python2.7/site-packages/mercurial/templates/monoblue/map
/usr/lib/python2.7/site-packages/mercurial/templates/monoblue/notfound.tmpl
/usr/lib/python2.7/site-packages/mercurial/templates/monoblue/search.tmpl
/usr/lib/python2.7/site-packages/mercurial/templates/monoblue/shortlog.tmpl
/usr/lib/python2.7/site-packages/mercurial/templates/monoblue/summary.tmpl
/usr/lib/python2.7/site-packages/mercurial/templates/monoblue/tags.tmpl
/usr/lib/python2.7/site-packages/mercurial/templates/paper/bookmarks.tmpl
/usr/lib/python2.7/site-packages/mercurial/templates/paper/branches.tmpl
/usr/lib/python2.7/site-packages/mercurial/templates/paper/changeset.tmpl
/usr/lib/python2.7/site-packages/mercurial/templates/paper/diffstat.tmpl
/usr/lib/python2.7/site-packages/mercurial/templates/paper/error.tmpl
/usr/lib/python2.7/site-packages/mercurial/templates/paper/fileannotate.tmpl
/usr/lib/python2.7/site-packages/mercurial/templates/paper/filediff.tmpl
/usr/lib/python2.7/site-packages/mercurial/templates/paper/filelog.tmpl
/usr/lib/python2.7/site-packages/mercurial/templates/paper/filelogentry.tmpl
/usr/lib/python2.7/site-packages/mercurial/templates/paper/filerevision.tmpl
/usr/lib/python2.7/site-packages/mercurial/templates/paper/footer.tmpl
/usr/lib/python2.7/site-packages/mercurial/templates/paper/graph.tmpl
/usr/lib/python2.7/site-packages/mercurial/templates/paper/header.tmpl
/usr/lib/python2.7/site-packages/mercurial/templates/paper/help.tmpl
/usr/lib/python2.7/site-packages/mercurial/templates/paper/helptopics.tmpl
/usr/lib/python2.7/site-packages/mercurial/templates/paper/index.tmpl
/usr/lib/python2.7/site-packages/mercurial/templates/paper/manifest.tmpl
/usr/lib/python2.7/site-packages/mercurial/templates/paper/map
/usr/lib/python2.7/site-packages/mercurial/templates/paper/notfound.tmpl
/usr/lib/python2.7/site-packages/mercurial/templates/paper/search.tmpl
/usr/lib/python2.7/site-packages/mercurial/templates/paper/shortlog.tmpl
/usr/lib/python2.7/site-packages/mercurial/templates/paper/shortlogentry.tmpl
/usr/lib/python2.7/site-packages/mercurial/templates/paper/tags.tmpl
/usr/lib/python2.7/site-packages/mercurial/templates/raw/changeset.tmpl
/usr/lib/python2.7/site-packages/mercurial/templates/raw/error.tmpl
/usr/lib/python2.7/site-packages/mercurial/templates/raw/fileannotate.tmpl
/usr/lib/python2.7/site-packages/mercurial/templates/raw/filediff.tmpl
/usr/lib/python2.7/site-packages/mercurial/templates/raw/index.tmpl
/usr/lib/python2.7/site-packages/mercurial/templates/raw/manifest.tmpl
/usr/lib/python2.7/site-packages/mercurial/templates/raw/map
/usr/lib/python2.7/site-packages/mercurial/templates/raw/notfound.tmpl
/usr/lib/python2.7/site-packages/mercurial/templates/rss/bookmarkentry.tmpl
/usr/lib/python2.7/site-packages/mercurial/templates/rss/bookmarks.tmpl
/usr/lib/python2.7/site-packages/mercurial/templates/rss/changelog.tmpl
/usr/lib/python2.7/site-packages/mercurial/templates/rss/changelogentry.tmpl
/usr/lib/python2.7/site-packages/mercurial/templates/rss/error.tmpl
/usr/lib/python2.7/site-packages/mercurial/templates/rss/filelog.tmpl
/usr/lib/python2.7/site-packages/mercurial/templates/rss/filelogentry.tmpl
/usr/lib/python2.7/site-packages/mercurial/templates/rss/header.tmpl
/usr/lib/python2.7/site-packages/mercurial/templates/rss/map
/usr/lib/python2.7/site-packages/mercurial/templates/rss/tagentry.tmpl
/usr/lib/python2.7/site-packages/mercurial/templates/rss/tags.tmpl
/usr/lib/python2.7/site-packages/mercurial/templates/spartan/branches.tmpl
/usr/lib/python2.7/site-packages/mercurial/templates/spartan/changelog.tmpl
/usr/lib/python2.7/site-packages/mercurial/templates/spartan/changelogentry.tmpl
/usr/lib/python2.7/site-packages/mercurial/templates/spartan/changeset.tmpl
/usr/lib/python2.7/site-packages/mercurial/templates/spartan/error.tmpl
/usr/lib/python2.7/site-packages/mercurial/templates/spartan/fileannotate.tmpl
/usr/lib/python2.7/site-packages/mercurial/templates/spartan/filediff.tmpl
/usr/lib/python2.7/site-packages/mercurial/templates/spartan/filelog.tmpl
/usr/lib/python2.7/site-packages/mercurial/templates/spartan/filelogentry.tmpl
/usr/lib/python2.7/site-packages/mercurial/templates/spartan/filerevision.tmpl
/usr/lib/python2.7/site-packages/mercurial/templates/spartan/footer.tmpl
/usr/lib/python2.7/site-packages/mercurial/templates/spartan/graph.tmpl
/usr/lib/python2.7/site-packages/mercurial/templates/spartan/header.tmpl
/usr/lib/python2.7/site-packages/mercurial/templates/spartan/index.tmpl
/usr/lib/python2.7/site-packages/mercurial/templates/spartan/manifest.tmpl
/usr/lib/python2.7/site-packages/mercurial/templates/spartan/map
/usr/lib/python2.7/site-packages/mercurial/templates/spartan/notfound.tmpl
/usr/lib/python2.7/site-packages/mercurial/templates/spartan/search.tmpl
/usr/lib/python2.7/site-packages/mercurial/templates/spartan/shortlog.tmpl
/usr/lib/python2.7/site-packages/mercurial/templates/spartan/shortlogentry.tmpl
/usr/lib/python2.7/site-packages/mercurial/templates/spartan/tags.tmpl
/usr/lib/python2.7/site-packages/mercurial/templates/static/background.png
/usr/lib/python2.7/site-packages/mercurial/templates/static/coal-file.png
/usr/lib/python2.7/site-packages/mercurial/templates/static/coal-folder.png
/usr/lib/python2.7/site-packages/mercurial/templates/static/excanvas.js
/usr/lib/python2.7/site-packages/mercurial/templates/static/hgicon.png
/usr/lib/python2.7/site-packages/mercurial/templates/static/hglogo.png
/usr/lib/python2.7/site-packages/mercurial/templates/static/mercurial.js
/usr/lib/python2.7/site-packages/mercurial/templates/static/style-coal.css
/usr/lib/python2.7/site-packages/mercurial/templates/static/style-gitweb.css
/usr/lib/python2.7/site-packages/mercurial/templates/static/style-monoblue.css
/usr/lib/python2.7/site-packages/mercurial/templates/static/style-paper.css
/usr/lib/python2.7/site-packages/mercurial/templates/static/style.css
/usr/lib/python2.7/site-packages/mercurial/templates/template-vars.txt
/usr/lib/python2.7/site-packages/mercurial/transaction.py
/usr/lib/python2.7/site-packages/mercurial/treediscovery.py
/usr/lib/python2.7/site-packages/mercurial/ui.py
/usr/lib/python2.7/site-packages/mercurial/url.py
/usr/lib/python2.7/site-packages/mercurial/util.py
/usr/lib/python2.7/site-packages/mercurial/verify.py
/usr/lib/python2.7/site-packages/mercurial/win32.py
/usr/lib/python2.7/site-packages/mercurial/windows.py
/usr/lib/python2.7/site-packages/mercurial/wireproto.py
/usr/share/bash-completion/mercurial

