#require ruby19.lst
/usr/lib/ruby/gems/1.9.1/gems/mocha-0.12.3/init.rb
/usr/lib/ruby/gems/1.9.1/gems/mocha-0.12.3/lib/mocha.rb
/usr/lib/ruby/gems/1.9.1/gems/mocha-0.12.3/lib/mocha/any_instance_method.rb
/usr/lib/ruby/gems/1.9.1/gems/mocha-0.12.3/lib/mocha/api.rb
/usr/lib/ruby/gems/1.9.1/gems/mocha-0.12.3/lib/mocha/argument_iterator.rb
/usr/lib/ruby/gems/1.9.1/gems/mocha-0.12.3/lib/mocha/backtrace_filter.rb
/usr/lib/ruby/gems/1.9.1/gems/mocha-0.12.3/lib/mocha/cardinality.rb
/usr/lib/ruby/gems/1.9.1/gems/mocha-0.12.3/lib/mocha/central.rb
/usr/lib/ruby/gems/1.9.1/gems/mocha-0.12.3/lib/mocha/change_state_side_effect.rb
/usr/lib/ruby/gems/1.9.1/gems/mocha-0.12.3/lib/mocha/class_method.rb
/usr/lib/ruby/gems/1.9.1/gems/mocha-0.12.3/lib/mocha/configuration.rb
/usr/lib/ruby/gems/1.9.1/gems/mocha-0.12.3/lib/mocha/deprecation.rb
/usr/lib/ruby/gems/1.9.1/gems/mocha-0.12.3/lib/mocha/exception_raiser.rb
/usr/lib/ruby/gems/1.9.1/gems/mocha-0.12.3/lib/mocha/expectation.rb
/usr/lib/ruby/gems/1.9.1/gems/mocha-0.12.3/lib/mocha/expectation_error.rb
/usr/lib/ruby/gems/1.9.1/gems/mocha-0.12.3/lib/mocha/expectation_error_factory.rb
/usr/lib/ruby/gems/1.9.1/gems/mocha-0.12.3/lib/mocha/expectation_list.rb
/usr/lib/ruby/gems/1.9.1/gems/mocha-0.12.3/lib/mocha/in_state_ordering_constraint.rb
/usr/lib/ruby/gems/1.9.1/gems/mocha-0.12.3/lib/mocha/inspect.rb
/usr/lib/ruby/gems/1.9.1/gems/mocha-0.12.3/lib/mocha/instance_method.rb
/usr/lib/ruby/gems/1.9.1/gems/mocha-0.12.3/lib/mocha/integration.rb
/usr/lib/ruby/gems/1.9.1/gems/mocha-0.12.3/lib/mocha/integration/mini_test.rb
/usr/lib/ruby/gems/1.9.1/gems/mocha-0.12.3/lib/mocha/integration/mini_test/assertion_counter.rb
/usr/lib/ruby/gems/1.9.1/gems/mocha-0.12.3/lib/mocha/integration/mini_test/exception_translation.rb
/usr/lib/ruby/gems/1.9.1/gems/mocha-0.12.3/lib/mocha/integration/mini_test/version_13.rb
/usr/lib/ruby/gems/1.9.1/gems/mocha-0.12.3/lib/mocha/integration/mini_test/version_140.rb
/usr/lib/ruby/gems/1.9.1/gems/mocha-0.12.3/lib/mocha/integration/mini_test/version_141.rb
/usr/lib/ruby/gems/1.9.1/gems/mocha-0.12.3/lib/mocha/integration/mini_test/version_142_to_172.rb
/usr/lib/ruby/gems/1.9.1/gems/mocha-0.12.3/lib/mocha/integration/mini_test/version_200.rb
/usr/lib/ruby/gems/1.9.1/gems/mocha-0.12.3/lib/mocha/integration/mini_test/version_201_to_222.rb
/usr/lib/ruby/gems/1.9.1/gems/mocha-0.12.3/lib/mocha/integration/mini_test/version_2110_to_2111.rb
/usr/lib/ruby/gems/1.9.1/gems/mocha-0.12.3/lib/mocha/integration/mini_test/version_2112_to_320.rb
/usr/lib/ruby/gems/1.9.1/gems/mocha-0.12.3/lib/mocha/integration/mini_test/version_230_to_2101.rb
/usr/lib/ruby/gems/1.9.1/gems/mocha-0.12.3/lib/mocha/integration/mini_test/version_330.rb
/usr/lib/ruby/gems/1.9.1/gems/mocha-0.12.3/lib/mocha/integration/test_unit.rb
/usr/lib/ruby/gems/1.9.1/gems/mocha-0.12.3/lib/mocha/integration/test_unit/assertion_counter.rb
/usr/lib/ruby/gems/1.9.1/gems/mocha-0.12.3/lib/mocha/integration/test_unit/gem_version_200.rb
/usr/lib/ruby/gems/1.9.1/gems/mocha-0.12.3/lib/mocha/integration/test_unit/gem_version_201_to_202.rb
/usr/lib/ruby/gems/1.9.1/gems/mocha-0.12.3/lib/mocha/integration/test_unit/gem_version_203_to_220.rb
/usr/lib/ruby/gems/1.9.1/gems/mocha-0.12.3/lib/mocha/integration/test_unit/gem_version_230_to_251.rb
/usr/lib/ruby/gems/1.9.1/gems/mocha-0.12.3/lib/mocha/integration/test_unit/ruby_version_185_and_below.rb
/usr/lib/ruby/gems/1.9.1/gems/mocha-0.12.3/lib/mocha/integration/test_unit/ruby_version_186_and_above.rb
/usr/lib/ruby/gems/1.9.1/gems/mocha-0.12.3/lib/mocha/is_a.rb
/usr/lib/ruby/gems/1.9.1/gems/mocha-0.12.3/lib/mocha/logger.rb
/usr/lib/ruby/gems/1.9.1/gems/mocha-0.12.3/lib/mocha/method_matcher.rb
/usr/lib/ruby/gems/1.9.1/gems/mocha-0.12.3/lib/mocha/mock.rb
/usr/lib/ruby/gems/1.9.1/gems/mocha-0.12.3/lib/mocha/mockery.rb
/usr/lib/ruby/gems/1.9.1/gems/mocha-0.12.3/lib/mocha/module_method.rb
/usr/lib/ruby/gems/1.9.1/gems/mocha-0.12.3/lib/mocha/multiple_yields.rb
/usr/lib/ruby/gems/1.9.1/gems/mocha-0.12.3/lib/mocha/names.rb
/usr/lib/ruby/gems/1.9.1/gems/mocha-0.12.3/lib/mocha/no_yields.rb
/usr/lib/ruby/gems/1.9.1/gems/mocha-0.12.3/lib/mocha/object.rb
/usr/lib/ruby/gems/1.9.1/gems/mocha-0.12.3/lib/mocha/options.rb
/usr/lib/ruby/gems/1.9.1/gems/mocha-0.12.3/lib/mocha/parameter_matchers.rb
/usr/lib/ruby/gems/1.9.1/gems/mocha-0.12.3/lib/mocha/parameter_matchers/all_of.rb
/usr/lib/ruby/gems/1.9.1/gems/mocha-0.12.3/lib/mocha/parameter_matchers/any_of.rb
/usr/lib/ruby/gems/1.9.1/gems/mocha-0.12.3/lib/mocha/parameter_matchers/any_parameters.rb
/usr/lib/ruby/gems/1.9.1/gems/mocha-0.12.3/lib/mocha/parameter_matchers/anything.rb
/usr/lib/ruby/gems/1.9.1/gems/mocha-0.12.3/lib/mocha/parameter_matchers/base.rb
/usr/lib/ruby/gems/1.9.1/gems/mocha-0.12.3/lib/mocha/parameter_matchers/equals.rb
/usr/lib/ruby/gems/1.9.1/gems/mocha-0.12.3/lib/mocha/parameter_matchers/has_entries.rb
/usr/lib/ruby/gems/1.9.1/gems/mocha-0.12.3/lib/mocha/parameter_matchers/has_entry.rb
/usr/lib/ruby/gems/1.9.1/gems/mocha-0.12.3/lib/mocha/parameter_matchers/has_key.rb
/usr/lib/ruby/gems/1.9.1/gems/mocha-0.12.3/lib/mocha/parameter_matchers/has_value.rb
/usr/lib/ruby/gems/1.9.1/gems/mocha-0.12.3/lib/mocha/parameter_matchers/includes.rb
/usr/lib/ruby/gems/1.9.1/gems/mocha-0.12.3/lib/mocha/parameter_matchers/instance_of.rb
/usr/lib/ruby/gems/1.9.1/gems/mocha-0.12.3/lib/mocha/parameter_matchers/is_a.rb
/usr/lib/ruby/gems/1.9.1/gems/mocha-0.12.3/lib/mocha/parameter_matchers/kind_of.rb
/usr/lib/ruby/gems/1.9.1/gems/mocha-0.12.3/lib/mocha/parameter_matchers/not.rb
/usr/lib/ruby/gems/1.9.1/gems/mocha-0.12.3/lib/mocha/parameter_matchers/object.rb
/usr/lib/ruby/gems/1.9.1/gems/mocha-0.12.3/lib/mocha/parameter_matchers/optionally.rb
/usr/lib/ruby/gems/1.9.1/gems/mocha-0.12.3/lib/mocha/parameter_matchers/query_string.rb
/usr/lib/ruby/gems/1.9.1/gems/mocha-0.12.3/lib/mocha/parameter_matchers/regexp_matches.rb
/usr/lib/ruby/gems/1.9.1/gems/mocha-0.12.3/lib/mocha/parameter_matchers/responds_with.rb
/usr/lib/ruby/gems/1.9.1/gems/mocha-0.12.3/lib/mocha/parameter_matchers/yaml_equivalent.rb
/usr/lib/ruby/gems/1.9.1/gems/mocha-0.12.3/lib/mocha/parameters_matcher.rb
/usr/lib/ruby/gems/1.9.1/gems/mocha-0.12.3/lib/mocha/pretty_parameters.rb
/usr/lib/ruby/gems/1.9.1/gems/mocha-0.12.3/lib/mocha/return_values.rb
/usr/lib/ruby/gems/1.9.1/gems/mocha-0.12.3/lib/mocha/sequence.rb
/usr/lib/ruby/gems/1.9.1/gems/mocha-0.12.3/lib/mocha/single_return_value.rb
/usr/lib/ruby/gems/1.9.1/gems/mocha-0.12.3/lib/mocha/single_yield.rb
/usr/lib/ruby/gems/1.9.1/gems/mocha-0.12.3/lib/mocha/standalone.rb
/usr/lib/ruby/gems/1.9.1/gems/mocha-0.12.3/lib/mocha/state_machine.rb
/usr/lib/ruby/gems/1.9.1/gems/mocha-0.12.3/lib/mocha/stubbing_error.rb
/usr/lib/ruby/gems/1.9.1/gems/mocha-0.12.3/lib/mocha/thrower.rb
/usr/lib/ruby/gems/1.9.1/gems/mocha-0.12.3/lib/mocha/unexpected_invocation.rb
/usr/lib/ruby/gems/1.9.1/gems/mocha-0.12.3/lib/mocha/version.rb
/usr/lib/ruby/gems/1.9.1/gems/mocha-0.12.3/lib/mocha/yield_parameters.rb
/usr/lib/ruby/gems/1.9.1/gems/mocha-0.12.3/lib/mocha_standalone.rb
/usr/lib/ruby/gems/1.9.1/specifications/mocha-0.12.3.gemspec

# dev-ruby/metaclass
/usr/lib/ruby/gems/1.9.1/gems/metaclass-0.0.1/lib/metaclass.rb
/usr/lib/ruby/gems/1.9.1/gems/metaclass-0.0.1/lib/metaclass/object_methods.rb
/usr/lib/ruby/gems/1.9.1/gems/metaclass-0.0.1/lib/metaclass/version.rb
/usr/lib/ruby/gems/1.9.1/specifications/metaclass-0.0.1.gemspec
