# dev-db/mysql -perl -ssl
/etc/mysql/my.cnf
#sed /etc/mysql/my.cnf s/^log-bin$/#log-bin/
/etc/mysql/mysqlaccess.conf
/usr/bin/innochecksum
/usr/bin/msql2mysql
/usr/bin/my_print_defaults
/usr/bin/myisam_ftdump
/usr/bin/myisamchk
/usr/bin/myisamlog
/usr/bin/myisampack
/usr/bin/mysql
/usr/bin/mysql_client_test
/usr/bin/mysql_config
/usr/bin/mysql_convert_table_format
/usr/bin/mysql_find_rows
/usr/bin/mysql_fix_extensions
/usr/bin/mysql_fix_privilege_tables
/usr/bin/mysql_install_db
/usr/bin/mysql_secure_installation
/usr/bin/mysql_setpermission
/usr/bin/mysql_tzinfo_to_sql
/usr/bin/mysql_upgrade
/usr/bin/mysql_waitpid
/usr/bin/mysql_zap
/usr/bin/mysqlaccess
/usr/bin/mysqladmin
/usr/bin/mysqlanalyze
/usr/bin/mysqlbinlog
/usr/bin/mysqlbug
/usr/bin/mysqld_multi
/usr/bin/mysqld_safe
/usr/bin/mysqldump
/usr/bin/mysqldumpslow
/usr/bin/mysqlhotcopy
/usr/bin/mysqlimport
/usr/bin/mysqloptimize
/usr/bin/mysqlrepair
/usr/bin/mysqlshow
/usr/bin/mysqlslap
/usr/bin/mysqltest
/usr/bin/perror
/usr/bin/replace
/usr/bin/resolve_stack_dump
/usr/bin/resolveip
/usr/sbin/mysqld
/usr/sbin/mysqlmanager
/usr/share/mysql/charsets/Index.xml
/usr/share/mysql/charsets/armscii8.xml
/usr/share/mysql/charsets/ascii.xml
/usr/share/mysql/charsets/cp1250.xml
/usr/share/mysql/charsets/cp1251.xml
/usr/share/mysql/charsets/cp1256.xml
/usr/share/mysql/charsets/cp1257.xml
/usr/share/mysql/charsets/cp850.xml
/usr/share/mysql/charsets/cp852.xml
/usr/share/mysql/charsets/cp866.xml
/usr/share/mysql/charsets/dec8.xml
/usr/share/mysql/charsets/geostd8.xml
/usr/share/mysql/charsets/greek.xml
/usr/share/mysql/charsets/hebrew.xml
/usr/share/mysql/charsets/hp8.xml
/usr/share/mysql/charsets/keybcs2.xml
/usr/share/mysql/charsets/koi8r.xml
/usr/share/mysql/charsets/koi8u.xml
/usr/share/mysql/charsets/latin1.xml
/usr/share/mysql/charsets/latin2.xml
/usr/share/mysql/charsets/latin5.xml
/usr/share/mysql/charsets/latin7.xml
/usr/share/mysql/charsets/macce.xml
/usr/share/mysql/charsets/macroman.xml
/usr/share/mysql/charsets/swe7.xml
/usr/share/mysql/czech/errmsg.sys
/usr/share/mysql/danish/errmsg.sys
/usr/share/mysql/dutch/errmsg.sys
/usr/share/mysql/english/errmsg.sys
/usr/share/mysql/errmsg.txt
/usr/share/mysql/estonian/errmsg.sys
/usr/share/mysql/fill_help_tables.sql
/usr/share/mysql/french/errmsg.sys
/usr/share/mysql/german/errmsg.sys
/usr/share/mysql/greek/errmsg.sys
/usr/share/mysql/hungarian/errmsg.sys
/usr/share/mysql/italian/errmsg.sys
/usr/share/mysql/japanese/errmsg.sys
/usr/share/mysql/korean/errmsg.sys
/usr/share/mysql/mysql_fix_privilege_tables.sql
/usr/share/mysql/mysql_system_tables.sql
/usr/share/mysql/mysql_system_tables_data.sql
/usr/share/mysql/mysql_test_data_timezone.sql
/usr/share/mysql/mysqld_multi.server
/usr/share/mysql/ndb-config-2-node.ini
/usr/share/mysql/norwegian-ny/errmsg.sys
/usr/share/mysql/norwegian/errmsg.sys
/usr/share/mysql/polish/errmsg.sys
/usr/share/mysql/portuguese/errmsg.sys
/usr/share/mysql/romanian/errmsg.sys
/usr/share/mysql/russian/errmsg.sys
/usr/share/mysql/serbian/errmsg.sys
/usr/share/mysql/slovak/errmsg.sys
/usr/share/mysql/spanish/errmsg.sys
/usr/share/mysql/swedish/errmsg.sys
/usr/share/mysql/ukrainian/errmsg.sys
#/var/lib/mysql/.keep_dev-db_mysql-0
/var/log/mysql/.keep_dev-db_mysql-0
#/var/run/mysqld/.keep_dev-db_mysql-0

/usr/include/mysql/mysql_version.h
/usr/include/mysql/my_config.h

#portage dev-db/mysql-init-scripts-2.0_pre1-r6
#symlink /etc/runlevels/default/mysql /etc/init.d/mysql

#copy mysql/setup_mysql.sh /setup_mysql.sh
#chrootexec sh /setup_mysql.sh && rm /setup_mysql.sh

