# dev-lang/v8
/usr/bin/d8

# net-libs/nodejs
/usr/bin/node
/usr/bin/node-waf
/usr/bin/npm
/usr/lib/node/wafadmin/Build.py
/usr/lib/node/wafadmin/Configure.py
/usr/lib/node/wafadmin/Constants.py
/usr/lib/node/wafadmin/Environment.py
/usr/lib/node/wafadmin/Logs.py
/usr/lib/node/wafadmin/Node.py
/usr/lib/node/wafadmin/Options.py
/usr/lib/node/wafadmin/Runner.py
/usr/lib/node/wafadmin/Scripting.py
/usr/lib/node/wafadmin/Task.py
/usr/lib/node/wafadmin/TaskGen.py
/usr/lib/node/wafadmin/Tools/__init__.py
/usr/lib/node/wafadmin/Tools/ar.py
/usr/lib/node/wafadmin/Tools/cc.py
/usr/lib/node/wafadmin/Tools/ccroot.py
/usr/lib/node/wafadmin/Tools/compiler_cc.py
/usr/lib/node/wafadmin/Tools/compiler_cxx.py
/usr/lib/node/wafadmin/Tools/compiler_d.py
/usr/lib/node/wafadmin/Tools/config_c.py
/usr/lib/node/wafadmin/Tools/cxx.py
/usr/lib/node/wafadmin/Tools/d.py
/usr/lib/node/wafadmin/Tools/dmd.py
/usr/lib/node/wafadmin/Tools/gas.py
/usr/lib/node/wafadmin/Tools/gcc.py
/usr/lib/node/wafadmin/Tools/gdc.py
/usr/lib/node/wafadmin/Tools/gnu_dirs.py
/usr/lib/node/wafadmin/Tools/gob2.py
/usr/lib/node/wafadmin/Tools/gxx.py
/usr/lib/node/wafadmin/Tools/icc.py
/usr/lib/node/wafadmin/Tools/icpc.py
/usr/lib/node/wafadmin/Tools/intltool.py
/usr/lib/node/wafadmin/Tools/libtool.py
/usr/lib/node/wafadmin/Tools/misc.py
/usr/lib/node/wafadmin/Tools/nasm.py
/usr/lib/node/wafadmin/Tools/node_addon.py
/usr/lib/node/wafadmin/Tools/osx.py
/usr/lib/node/wafadmin/Tools/preproc.py
/usr/lib/node/wafadmin/Tools/python.py
/usr/lib/node/wafadmin/Tools/suncc.py
/usr/lib/node/wafadmin/Tools/suncxx.py
/usr/lib/node/wafadmin/Tools/unittestw.py
/usr/lib/node/wafadmin/Tools/winres.py
/usr/lib/node/wafadmin/Tools/xlc.py
/usr/lib/node/wafadmin/Tools/xlcxx.py
/usr/lib/node/wafadmin/Utils.py
/usr/lib/node/wafadmin/__init__.py
/usr/lib/node/wafadmin/ansiterm.py
/usr/lib/node/wafadmin/pproc.py
/usr/lib/node/wafadmin/py3kfixes.py
/usr/lib/node_modules/npm/AUTHORS
/usr/lib/node_modules/npm/LICENSE
/usr/lib/node_modules/npm/Makefile
/usr/lib/node_modules/npm/README.md
/usr/lib/node_modules/npm/bin/node-gyp-bin/node-gyp
/usr/lib/node_modules/npm/bin/node-gyp-bin/node-gyp.cmd
/usr/lib/node_modules/npm/bin/npm
/usr/lib/node_modules/npm/bin/npm-cli.js
/usr/lib/node_modules/npm/bin/npm.cmd
/usr/lib/node_modules/npm/bin/read-package-json.js
/usr/lib/node_modules/npm/cli.js
/usr/lib/node_modules/npm/configure
#/lib/node_modules/npm/doc/api/bin.md
#/lib/node_modules/npm/doc/api/bugs.md
#/lib/node_modules/npm/doc/api/commands.md
#/lib/node_modules/npm/doc/api/config.md
#/lib/node_modules/npm/doc/api/deprecate.md
#/lib/node_modules/npm/doc/api/docs.md
#/lib/node_modules/npm/doc/api/edit.md
#/lib/node_modules/npm/doc/api/explore.md
#/lib/node_modules/npm/doc/api/help-search.md
#/lib/node_modules/npm/doc/api/init.md
#/lib/node_modules/npm/doc/api/install.md
#/lib/node_modules/npm/doc/api/link.md
#/lib/node_modules/npm/doc/api/load.md
#/lib/node_modules/npm/doc/api/ls.md
#/lib/node_modules/npm/doc/api/npm.md
#/lib/node_modules/npm/doc/api/outdated.md
#/lib/node_modules/npm/doc/api/owner.md
#/lib/node_modules/npm/doc/api/pack.md
#/lib/node_modules/npm/doc/api/prefix.md
#/lib/node_modules/npm/doc/api/prune.md
#/lib/node_modules/npm/doc/api/publish.md
#/lib/node_modules/npm/doc/api/rebuild.md
#/lib/node_modules/npm/doc/api/restart.md
#/lib/node_modules/npm/doc/api/root.md
#/lib/node_modules/npm/doc/api/run-script.md
#/lib/node_modules/npm/doc/api/search.md
#/lib/node_modules/npm/doc/api/shrinkwrap.md
#/lib/node_modules/npm/doc/api/start.md
#/lib/node_modules/npm/doc/api/stop.md
#/lib/node_modules/npm/doc/api/submodule.md
#/lib/node_modules/npm/doc/api/tag.md
#/lib/node_modules/npm/doc/api/test.md
#/lib/node_modules/npm/doc/api/uninstall.md
#/lib/node_modules/npm/doc/api/unpublish.md
#/lib/node_modules/npm/doc/api/update.md
#/lib/node_modules/npm/doc/api/version.md
#/lib/node_modules/npm/doc/api/view.md
#/lib/node_modules/npm/doc/api/whoami.md
#/lib/node_modules/npm/doc/cli/adduser.md
#/lib/node_modules/npm/doc/cli/bin.md
#/lib/node_modules/npm/doc/cli/bugs.md
#/lib/node_modules/npm/doc/cli/build.md
#/lib/node_modules/npm/doc/cli/bundle.md
#/lib/node_modules/npm/doc/cli/cache.md
#/lib/node_modules/npm/doc/cli/changelog.md
#/lib/node_modules/npm/doc/cli/coding-style.md
#/lib/node_modules/npm/doc/cli/completion.md
#/lib/node_modules/npm/doc/cli/config.md
#/lib/node_modules/npm/doc/cli/deprecate.md
#/lib/node_modules/npm/doc/cli/developers.md
#/lib/node_modules/npm/doc/cli/disputes.md
#/lib/node_modules/npm/doc/cli/docs.md
#/lib/node_modules/npm/doc/cli/edit.md
#/lib/node_modules/npm/doc/cli/explore.md
#/lib/node_modules/npm/doc/cli/faq.md
#/lib/node_modules/npm/doc/cli/folders.md
#/lib/node_modules/npm/doc/cli/help-search.md
#/lib/node_modules/npm/doc/cli/help.md
#/lib/node_modules/npm/doc/cli/index.md
#/lib/node_modules/npm/doc/cli/init.md
#/lib/node_modules/npm/doc/cli/install.md
#/lib/node_modules/npm/doc/cli/json.md
#/lib/node_modules/npm/doc/cli/link.md
#/lib/node_modules/npm/doc/cli/list.md
#/lib/node_modules/npm/doc/cli/npm.md
#/lib/node_modules/npm/doc/cli/outdated.md
#/lib/node_modules/npm/doc/cli/owner.md
#/lib/node_modules/npm/doc/cli/pack.md
#/lib/node_modules/npm/doc/cli/prefix.md
#/lib/node_modules/npm/doc/cli/prune.md
#/lib/node_modules/npm/doc/cli/publish.md
#/lib/node_modules/npm/doc/cli/rebuild.md
#/lib/node_modules/npm/doc/cli/registry.md
#/lib/node_modules/npm/doc/cli/removing-npm.md
#/lib/node_modules/npm/doc/cli/restart.md
#/lib/node_modules/npm/doc/cli/root.md
#/lib/node_modules/npm/doc/cli/run-script.md
#/lib/node_modules/npm/doc/cli/scripts.md
#/lib/node_modules/npm/doc/cli/search.md
#/lib/node_modules/npm/doc/cli/semver.md
#/lib/node_modules/npm/doc/cli/shrinkwrap.md
#/lib/node_modules/npm/doc/cli/star.md
#/lib/node_modules/npm/doc/cli/start.md
#/lib/node_modules/npm/doc/cli/stop.md
#/lib/node_modules/npm/doc/cli/submodule.md
#/lib/node_modules/npm/doc/cli/tag.md
#/lib/node_modules/npm/doc/cli/test.md
#/lib/node_modules/npm/doc/cli/uninstall.md
#/lib/node_modules/npm/doc/cli/unpublish.md
#/lib/node_modules/npm/doc/cli/update.md
#/lib/node_modules/npm/doc/cli/version.md
#/lib/node_modules/npm/doc/cli/view.md
#/lib/node_modules/npm/doc/cli/whoami.md
#/lib/node_modules/npm/html/api/bin.html
#/lib/node_modules/npm/html/api/bugs.html
#/lib/node_modules/npm/html/api/commands.html
#/lib/node_modules/npm/html/api/config.html
#/lib/node_modules/npm/html/api/deprecate.html
#/lib/node_modules/npm/html/api/docs.html
#/lib/node_modules/npm/html/api/edit.html
#/lib/node_modules/npm/html/api/explore.html
#/lib/node_modules/npm/html/api/help-search.html
#/lib/node_modules/npm/html/api/init.html
#/lib/node_modules/npm/html/api/install.html
#/lib/node_modules/npm/html/api/link.html
#/lib/node_modules/npm/html/api/load.html
#/lib/node_modules/npm/html/api/ls.html
#/lib/node_modules/npm/html/api/npm.html
#/lib/node_modules/npm/html/api/outdated.html
#/lib/node_modules/npm/html/api/owner.html
#/lib/node_modules/npm/html/api/pack.html
#/lib/node_modules/npm/html/api/prefix.html
#/lib/node_modules/npm/html/api/prune.html
#/lib/node_modules/npm/html/api/publish.html
#/lib/node_modules/npm/html/api/rebuild.html
#/lib/node_modules/npm/html/api/restart.html
#/lib/node_modules/npm/html/api/root.html
#/lib/node_modules/npm/html/api/run-script.html
#/lib/node_modules/npm/html/api/search.html
#/lib/node_modules/npm/html/api/shrinkwrap.html
#/lib/node_modules/npm/html/api/start.html
#/lib/node_modules/npm/html/api/stop.html
#/lib/node_modules/npm/html/api/submodule.html
#/lib/node_modules/npm/html/api/tag.html
#/lib/node_modules/npm/html/api/test.html
#/lib/node_modules/npm/html/api/uninstall.html
#/lib/node_modules/npm/html/api/unpublish.html
#/lib/node_modules/npm/html/api/update.html
#/lib/node_modules/npm/html/api/version.html
#/lib/node_modules/npm/html/api/view.html
#/lib/node_modules/npm/html/api/whoami.html
#/lib/node_modules/npm/html/doc/README.html
#/lib/node_modules/npm/html/doc/adduser.html
#/lib/node_modules/npm/html/doc/bin.html
#/lib/node_modules/npm/html/doc/bugs.html
#/lib/node_modules/npm/html/doc/build.html
#/lib/node_modules/npm/html/doc/bundle.html
#/lib/node_modules/npm/html/doc/cache.html
#/lib/node_modules/npm/html/doc/changelog.html
#/lib/node_modules/npm/html/doc/coding-style.html
#/lib/node_modules/npm/html/doc/completion.html
#/lib/node_modules/npm/html/doc/config.html
#/lib/node_modules/npm/html/doc/deprecate.html
#/lib/node_modules/npm/html/doc/developers.html
#/lib/node_modules/npm/html/doc/disputes.html
#/lib/node_modules/npm/html/doc/docs.html
#/lib/node_modules/npm/html/doc/edit.html
#/lib/node_modules/npm/html/doc/explore.html
#/lib/node_modules/npm/html/doc/faq.html
#/lib/node_modules/npm/html/doc/folders.html
#/lib/node_modules/npm/html/doc/help-search.html
#/lib/node_modules/npm/html/doc/help.html
#/lib/node_modules/npm/html/doc/index.html
#/lib/node_modules/npm/html/doc/init.html
#/lib/node_modules/npm/html/doc/install.html
#/lib/node_modules/npm/html/doc/json.html
#/lib/node_modules/npm/html/doc/link.html
#/lib/node_modules/npm/html/doc/list.html
#/lib/node_modules/npm/html/doc/npm.html
#/lib/node_modules/npm/html/doc/outdated.html
#/lib/node_modules/npm/html/doc/owner.html
#/lib/node_modules/npm/html/doc/pack.html
#/lib/node_modules/npm/html/doc/prefix.html
#/lib/node_modules/npm/html/doc/prune.html
#/lib/node_modules/npm/html/doc/publish.html
#/lib/node_modules/npm/html/doc/rebuild.html
#/lib/node_modules/npm/html/doc/registry.html
#/lib/node_modules/npm/html/doc/removing-npm.html
#/lib/node_modules/npm/html/doc/restart.html
#/lib/node_modules/npm/html/doc/root.html
#/lib/node_modules/npm/html/doc/run-script.html
#/lib/node_modules/npm/html/doc/scripts.html
#/lib/node_modules/npm/html/doc/search.html
#/lib/node_modules/npm/html/doc/semver.html
#/lib/node_modules/npm/html/doc/shrinkwrap.html
#/lib/node_modules/npm/html/doc/star.html
#/lib/node_modules/npm/html/doc/start.html
#/lib/node_modules/npm/html/doc/stop.html
#/lib/node_modules/npm/html/doc/submodule.html
#/lib/node_modules/npm/html/doc/tag.html
#/lib/node_modules/npm/html/doc/test.html
#/lib/node_modules/npm/html/doc/uninstall.html
#/lib/node_modules/npm/html/doc/unpublish.html
#/lib/node_modules/npm/html/doc/update.html
#/lib/node_modules/npm/html/doc/version.html
#/lib/node_modules/npm/html/doc/view.html
#/lib/node_modules/npm/html/doc/whoami.html
#/lib/node_modules/npm/html/docfoot.html
#/lib/node_modules/npm/html/dochead.html
#/lib/node_modules/npm/html/favicon.ico
#/lib/node_modules/npm/html/index.html
#/lib/node_modules/npm/html/style.css
#/lib/node_modules/npm/html/webfonts/23242D_3_0.eot
#/lib/node_modules/npm/html/webfonts/23242D_3_0.ttf
#/lib/node_modules/npm/html/webfonts/23242D_3_0.woff
/usr/lib/node_modules/npm/lib/adduser.js
/usr/lib/node_modules/npm/lib/bin.js
/usr/lib/node_modules/npm/lib/bugs.js
/usr/lib/node_modules/npm/lib/build.js
/usr/lib/node_modules/npm/lib/cache.js
/usr/lib/node_modules/npm/lib/completion.js
/usr/lib/node_modules/npm/lib/config.js
/usr/lib/node_modules/npm/lib/deprecate.js
/usr/lib/node_modules/npm/lib/docs.js
/usr/lib/node_modules/npm/lib/edit.js
/usr/lib/node_modules/npm/lib/explore.js
/usr/lib/node_modules/npm/lib/faq.js
/usr/lib/node_modules/npm/lib/get.js
/usr/lib/node_modules/npm/lib/help-search.js
/usr/lib/node_modules/npm/lib/help.js
/usr/lib/node_modules/npm/lib/init.js
/usr/lib/node_modules/npm/lib/install.js
/usr/lib/node_modules/npm/lib/link.js
/usr/lib/node_modules/npm/lib/ls.js
/usr/lib/node_modules/npm/lib/npm.js
/usr/lib/node_modules/npm/lib/outdated.js
/usr/lib/node_modules/npm/lib/owner.js
/usr/lib/node_modules/npm/lib/pack.js
/usr/lib/node_modules/npm/lib/prefix.js
/usr/lib/node_modules/npm/lib/prune.js
/usr/lib/node_modules/npm/lib/publish.js
/usr/lib/node_modules/npm/lib/rebuild.js
/usr/lib/node_modules/npm/lib/restart.js
/usr/lib/node_modules/npm/lib/root.js
/usr/lib/node_modules/npm/lib/run-script.js
/usr/lib/node_modules/npm/lib/search.js
/usr/lib/node_modules/npm/lib/set.js
/usr/lib/node_modules/npm/lib/shrinkwrap.js
/usr/lib/node_modules/npm/lib/star.js
/usr/lib/node_modules/npm/lib/start.js
/usr/lib/node_modules/npm/lib/stop.js
/usr/lib/node_modules/npm/lib/submodule.js
/usr/lib/node_modules/npm/lib/substack.js
/usr/lib/node_modules/npm/lib/tag.js
/usr/lib/node_modules/npm/lib/test.js
/usr/lib/node_modules/npm/lib/unbuild.js
/usr/lib/node_modules/npm/lib/uninstall.js
/usr/lib/node_modules/npm/lib/unpublish.js
/usr/lib/node_modules/npm/lib/update.js
/usr/lib/node_modules/npm/lib/utils/cmd-shim.js
/usr/lib/node_modules/npm/lib/utils/completion.sh
/usr/lib/node_modules/npm/lib/utils/completion/file-completion.js
/usr/lib/node_modules/npm/lib/utils/completion/installed-deep.js
/usr/lib/node_modules/npm/lib/utils/completion/installed-shallow.js
/usr/lib/node_modules/npm/lib/utils/completion/remote-packages.js
/usr/lib/node_modules/npm/lib/utils/completion/users.js
/usr/lib/node_modules/npm/lib/utils/config-defs.js
/usr/lib/node_modules/npm/lib/utils/error-handler.js
/usr/lib/node_modules/npm/lib/utils/exec.js
/usr/lib/node_modules/npm/lib/utils/fetch.js
/usr/lib/node_modules/npm/lib/utils/find-prefix.js
/usr/lib/node_modules/npm/lib/utils/gently-rm.js
/usr/lib/node_modules/npm/lib/utils/ini.js
/usr/lib/node_modules/npm/lib/utils/lifecycle.js
/usr/lib/node_modules/npm/lib/utils/link.js
/usr/lib/node_modules/npm/lib/utils/sha.js
/usr/lib/node_modules/npm/lib/utils/tar.js
/usr/lib/node_modules/npm/lib/version.js
/usr/lib/node_modules/npm/lib/view.js
/usr/lib/node_modules/npm/lib/whoami.js
/usr/lib/node_modules/npm/lib/xmas.js
#/lib/node_modules/npm/man/man1/README.1.bz2
#/lib/node_modules/npm/man/man1/adduser.1.bz2
#/lib/node_modules/npm/man/man1/author.1.bz2
#/lib/node_modules/npm/man/man1/bin.1.bz2
#/lib/node_modules/npm/man/man1/bugs.1.bz2
#/lib/node_modules/npm/man/man1/build.1.bz2
#/lib/node_modules/npm/man/man1/bundle.1.bz2
#/lib/node_modules/npm/man/man1/cache.1.bz2
#/lib/node_modules/npm/man/man1/changelog.1.bz2
#/lib/node_modules/npm/man/man1/coding-style.1.bz2
#/lib/node_modules/npm/man/man1/completion.1.bz2
#/lib/node_modules/npm/man/man1/config.1.bz2
#/lib/node_modules/npm/man/man1/deprecate.1.bz2
#/lib/node_modules/npm/man/man1/developers.1.bz2
#/lib/node_modules/npm/man/man1/disputes.1.bz2
#/lib/node_modules/npm/man/man1/docs.1.bz2
#/lib/node_modules/npm/man/man1/edit.1.bz2
#/lib/node_modules/npm/man/man1/explore.1.bz2
#/lib/node_modules/npm/man/man1/faq.1.bz2
#/lib/node_modules/npm/man/man1/find.1.bz2
#/lib/node_modules/npm/man/man1/folders.1.bz2
#/lib/node_modules/npm/man/man1/get.1.bz2
#/lib/node_modules/npm/man/man1/global.1.bz2
#/lib/node_modules/npm/man/man1/help-search.1.bz2
#/lib/node_modules/npm/man/man1/help.1.bz2
#/lib/node_modules/npm/man/man1/home.1.bz2
#/lib/node_modules/npm/man/man1/index.1.bz2
#/lib/node_modules/npm/man/man1/init.1.bz2
#/lib/node_modules/npm/man/man1/install.1.bz2
#/lib/node_modules/npm/man/man1/json.1.bz2
#/lib/node_modules/npm/man/man1/link.1.bz2
#/lib/node_modules/npm/man/man1/list.1.bz2
#/lib/node_modules/npm/man/man1/ln.1.bz2
#/lib/node_modules/npm/man/man1/ls.1.bz2
#/lib/node_modules/npm/man/man1/npm.1.bz2
#/lib/node_modules/npm/man/man1/outdated.1.bz2
#/lib/node_modules/npm/man/man1/owner.1.bz2
#/lib/node_modules/npm/man/man1/pack.1.bz2
#/lib/node_modules/npm/man/man1/prefix.1.bz2
#/lib/node_modules/npm/man/man1/prune.1.bz2
#/lib/node_modules/npm/man/man1/publish.1.bz2
#/lib/node_modules/npm/man/man1/rebuild.1.bz2
#/lib/node_modules/npm/man/man1/registry.1.bz2
#/lib/node_modules/npm/man/man1/removing-npm.1.bz2
#/lib/node_modules/npm/man/man1/restart.1.bz2
#/lib/node_modules/npm/man/man1/rm.1.bz2
#/lib/node_modules/npm/man/man1/root.1.bz2
#/lib/node_modules/npm/man/man1/run-script.1.bz2
#/lib/node_modules/npm/man/man1/scripts.1.bz2
#/lib/node_modules/npm/man/man1/search.1.bz2
#/lib/node_modules/npm/man/man1/semver.1.bz2
#/lib/node_modules/npm/man/man1/set.1.bz2
#/lib/node_modules/npm/man/man1/shrinkwrap.1.bz2
#/lib/node_modules/npm/man/man1/star.1.bz2
#/lib/node_modules/npm/man/man1/start.1.bz2
#/lib/node_modules/npm/man/man1/stop.1.bz2
#/lib/node_modules/npm/man/man1/submodule.1.bz2
#/lib/node_modules/npm/man/man1/tag.1.bz2
#/lib/node_modules/npm/man/man1/test.1.bz2
#/lib/node_modules/npm/man/man1/uninstall.1.bz2
#/lib/node_modules/npm/man/man1/unpublish.1.bz2
#/lib/node_modules/npm/man/man1/update.1.bz2
#/lib/node_modules/npm/man/man1/version.1.bz2
#/lib/node_modules/npm/man/man1/view.1.bz2
#/lib/node_modules/npm/man/man1/whoami.1.bz2
#/lib/node_modules/npm/man/man3/author.3.bz2
#/lib/node_modules/npm/man/man3/bin.3.bz2
#/lib/node_modules/npm/man/man3/bugs.3.bz2
#/lib/node_modules/npm/man/man3/commands.3.bz2
#/lib/node_modules/npm/man/man3/config.3.bz2
#/lib/node_modules/npm/man/man3/deprecate.3.bz2
#/lib/node_modules/npm/man/man3/docs.3.bz2
#/lib/node_modules/npm/man/man3/edit.3.bz2
#/lib/node_modules/npm/man/man3/explore.3.bz2
#/lib/node_modules/npm/man/man3/find.3.bz2
#/lib/node_modules/npm/man/man3/get.3.bz2
#/lib/node_modules/npm/man/man3/help-search.3.bz2
#/lib/node_modules/npm/man/man3/home.3.bz2
#/lib/node_modules/npm/man/man3/init.3.bz2
#/lib/node_modules/npm/man/man3/install.3.bz2
#/lib/node_modules/npm/man/man3/link.3.bz2
#/lib/node_modules/npm/man/man3/list.3.bz2
#/lib/node_modules/npm/man/man3/ln.3.bz2
#/lib/node_modules/npm/man/man3/load.3.bz2
#/lib/node_modules/npm/man/man3/ls.3.bz2
#/lib/node_modules/npm/man/man3/npm.3.bz2
#/lib/node_modules/npm/man/man3/outdated.3.bz2
#/lib/node_modules/npm/man/man3/owner.3.bz2
#/lib/node_modules/npm/man/man3/pack.3.bz2
#/lib/node_modules/npm/man/man3/prefix.3.bz2
#/lib/node_modules/npm/man/man3/prune.3.bz2
#/lib/node_modules/npm/man/man3/publish.3.bz2
#/lib/node_modules/npm/man/man3/rebuild.3.bz2
#/lib/node_modules/npm/man/man3/restart.3.bz2
#/lib/node_modules/npm/man/man3/rm.3.bz2
#/lib/node_modules/npm/man/man3/root.3.bz2
#/lib/node_modules/npm/man/man3/run-script.3.bz2
#/lib/node_modules/npm/man/man3/search.3.bz2
#/lib/node_modules/npm/man/man3/set.3.bz2
#/lib/node_modules/npm/man/man3/shrinkwrap.3.bz2
#/lib/node_modules/npm/man/man3/start.3.bz2
#/lib/node_modules/npm/man/man3/stop.3.bz2
#/lib/node_modules/npm/man/man3/submodule.3.bz2
#/lib/node_modules/npm/man/man3/tag.3.bz2
#/lib/node_modules/npm/man/man3/test.3.bz2
#/lib/node_modules/npm/man/man3/uninstall.3.bz2
#/lib/node_modules/npm/man/man3/unpublish.3.bz2
#/lib/node_modules/npm/man/man3/update.3.bz2
#/lib/node_modules/npm/man/man3/version.3.bz2
#/lib/node_modules/npm/man/man3/view.3.bz2
#/lib/node_modules/npm/man/man3/whoami.3.bz2
/usr/lib/node_modules/npm/node_modules/abbrev/LICENSE
/usr/lib/node_modules/npm/node_modules/abbrev/README.md
/usr/lib/node_modules/npm/node_modules/abbrev/lib/abbrev.js
/usr/lib/node_modules/npm/node_modules/abbrev/package.json
/usr/lib/node_modules/npm/node_modules/ansi/.npmignore
/usr/lib/node_modules/npm/node_modules/ansi/README.md
/usr/lib/node_modules/npm/node_modules/ansi/examples/beep/index.js
/usr/lib/node_modules/npm/node_modules/ansi/examples/clear/index.js
/usr/lib/node_modules/npm/node_modules/ansi/examples/cursorPosition.js
/usr/lib/node_modules/npm/node_modules/ansi/examples/imgcat/index.js
/usr/lib/node_modules/npm/node_modules/ansi/examples/imgcat/yoshi.png
/usr/lib/node_modules/npm/node_modules/ansi/examples/progress/index.js
/usr/lib/node_modules/npm/node_modules/ansi/examples/starwars.js
/usr/lib/node_modules/npm/node_modules/ansi/lib/ansi.js
/usr/lib/node_modules/npm/node_modules/ansi/lib/newlines.js
/usr/lib/node_modules/npm/node_modules/ansi/package.json
/usr/lib/node_modules/npm/node_modules/archy/README.markdown
/usr/lib/node_modules/npm/node_modules/archy/index.js
/usr/lib/node_modules/npm/node_modules/archy/package.json
/usr/lib/node_modules/npm/node_modules/block-stream/LICENCE
/usr/lib/node_modules/npm/node_modules/block-stream/README.md
/usr/lib/node_modules/npm/node_modules/block-stream/bench/block-stream-pause.js
/usr/lib/node_modules/npm/node_modules/block-stream/bench/block-stream.js
/usr/lib/node_modules/npm/node_modules/block-stream/bench/dropper-pause.js
/usr/lib/node_modules/npm/node_modules/block-stream/bench/dropper.js
/usr/lib/node_modules/npm/node_modules/block-stream/block-stream.js
/usr/lib/node_modules/npm/node_modules/block-stream/package.json
/usr/lib/node_modules/npm/node_modules/block-stream/test/basic.js
/usr/lib/node_modules/npm/node_modules/block-stream/test/nopad-thorough.js
/usr/lib/node_modules/npm/node_modules/block-stream/test/nopad.js
/usr/lib/node_modules/npm/node_modules/block-stream/test/pause-resume.js
/usr/lib/node_modules/npm/node_modules/block-stream/test/thorough.js
/usr/lib/node_modules/npm/node_modules/block-stream/test/two-stream.js
/usr/lib/node_modules/npm/node_modules/chownr/LICENCE
/usr/lib/node_modules/npm/node_modules/chownr/README.md
/usr/lib/node_modules/npm/node_modules/chownr/chownr.js
/usr/lib/node_modules/npm/node_modules/chownr/package.json
/usr/lib/node_modules/npm/node_modules/couch-login/README.md
/usr/lib/node_modules/npm/node_modules/couch-login/couch-login.js
/usr/lib/node_modules/npm/node_modules/couch-login/package.json
/usr/lib/node_modules/npm/node_modules/couch-login/test/basic.js
/usr/lib/node_modules/npm/node_modules/couch-login/test/registry.js
/usr/lib/node_modules/npm/node_modules/fstream-npm/.npmignore
/usr/lib/node_modules/npm/node_modules/fstream-npm/LICENCE
/usr/lib/node_modules/npm/node_modules/fstream-npm/README.md
/usr/lib/node_modules/npm/node_modules/fstream-npm/example/bundle.js
/usr/lib/node_modules/npm/node_modules/fstream-npm/example/dir-tar.js
/usr/lib/node_modules/npm/node_modules/fstream-npm/example/dir.js
/usr/lib/node_modules/npm/node_modules/fstream-npm/example/example.js
/usr/lib/node_modules/npm/node_modules/fstream-npm/example/ig-tar.js
/usr/lib/node_modules/npm/node_modules/fstream-npm/example/tar.js
/usr/lib/node_modules/npm/node_modules/fstream-npm/fstream-npm.js
/usr/lib/node_modules/npm/node_modules/fstream-npm/node_modules/fstream-ignore/.npmignore
/usr/lib/node_modules/npm/node_modules/fstream-npm/node_modules/fstream-ignore/README.md
/usr/lib/node_modules/npm/node_modules/fstream-npm/node_modules/fstream-ignore/example/basic.js
/usr/lib/node_modules/npm/node_modules/fstream-npm/node_modules/fstream-ignore/ignore.js
/usr/lib/node_modules/npm/node_modules/fstream-npm/node_modules/fstream-ignore/package.json
/usr/lib/node_modules/npm/node_modules/fstream-npm/node_modules/fstream-ignore/test/.ignore
/usr/lib/node_modules/npm/node_modules/fstream-npm/node_modules/fstream-ignore/test/.npmignore
/usr/lib/node_modules/npm/node_modules/fstream-npm/node_modules/fstream-ignore/test/00-setup.js
/usr/lib/node_modules/npm/node_modules/fstream-npm/node_modules/fstream-ignore/test/basic.js
/usr/lib/node_modules/npm/node_modules/fstream-npm/node_modules/fstream-ignore/test/common.js
/usr/lib/node_modules/npm/node_modules/fstream-npm/node_modules/fstream-ignore/test/ignore-most.js
/usr/lib/node_modules/npm/node_modules/fstream-npm/node_modules/fstream-ignore/test/nested-ignores.js
/usr/lib/node_modules/npm/node_modules/fstream-npm/node_modules/fstream-ignore/test/unignore-child.js
/usr/lib/node_modules/npm/node_modules/fstream-npm/node_modules/fstream-ignore/test/zz-cleanup.js
/usr/lib/node_modules/npm/node_modules/fstream-npm/package.json
/usr/lib/node_modules/npm/node_modules/fstream/.npmignore
/usr/lib/node_modules/npm/node_modules/fstream/.travis.yml
/usr/lib/node_modules/npm/node_modules/fstream/LICENCE
/usr/lib/node_modules/npm/node_modules/fstream/README.md
/usr/lib/node_modules/npm/node_modules/fstream/fstream.js
/usr/lib/node_modules/npm/node_modules/fstream/lib/abstract.js
/usr/lib/node_modules/npm/node_modules/fstream/lib/collect.js
/usr/lib/node_modules/npm/node_modules/fstream/lib/dir-reader.js
/usr/lib/node_modules/npm/node_modules/fstream/lib/dir-writer.js
/usr/lib/node_modules/npm/node_modules/fstream/lib/file-reader.js
/usr/lib/node_modules/npm/node_modules/fstream/lib/file-writer.js
/usr/lib/node_modules/npm/node_modules/fstream/lib/get-type.js
/usr/lib/node_modules/npm/node_modules/fstream/lib/link-reader.js
/usr/lib/node_modules/npm/node_modules/fstream/lib/link-writer.js
/usr/lib/node_modules/npm/node_modules/fstream/lib/proxy-reader.js
/usr/lib/node_modules/npm/node_modules/fstream/lib/proxy-writer.js
/usr/lib/node_modules/npm/node_modules/fstream/lib/reader.js
/usr/lib/node_modules/npm/node_modules/fstream/lib/socket-reader.js
/usr/lib/node_modules/npm/node_modules/fstream/lib/writer.js
/usr/lib/node_modules/npm/node_modules/fstream/package.json
/usr/lib/node_modules/npm/node_modules/glob/.npmignore
/usr/lib/node_modules/npm/node_modules/glob/.travis.yml
/usr/lib/node_modules/npm/node_modules/glob/LICENCE
/usr/lib/node_modules/npm/node_modules/glob/README.md
/usr/lib/node_modules/npm/node_modules/glob/examples/g.js
/usr/lib/node_modules/npm/node_modules/glob/examples/usr-local.js
/usr/lib/node_modules/npm/node_modules/glob/glob.js
/usr/lib/node_modules/npm/node_modules/glob/package.json
/usr/lib/node_modules/npm/node_modules/glob/test/00-setup.js
/usr/lib/node_modules/npm/node_modules/glob/test/bash-comparison.js
/usr/lib/node_modules/npm/node_modules/glob/test/cwd-test.js
/usr/lib/node_modules/npm/node_modules/glob/test/pause-resume.js
/usr/lib/node_modules/npm/node_modules/glob/test/root-nomount.js
/usr/lib/node_modules/npm/node_modules/glob/test/root.js
/usr/lib/node_modules/npm/node_modules/glob/test/zz-cleanup.js
/usr/lib/node_modules/npm/node_modules/graceful-fs/.npmignore
/usr/lib/node_modules/npm/node_modules/graceful-fs/LICENSE
/usr/lib/node_modules/npm/node_modules/graceful-fs/README.md
/usr/lib/node_modules/npm/node_modules/graceful-fs/graceful-fs.js
/usr/lib/node_modules/npm/node_modules/graceful-fs/package.json
/usr/lib/node_modules/npm/node_modules/inherits/LICENSE
/usr/lib/node_modules/npm/node_modules/inherits/README.md
/usr/lib/node_modules/npm/node_modules/inherits/inherits-old.js
/usr/lib/node_modules/npm/node_modules/inherits/inherits.js
/usr/lib/node_modules/npm/node_modules/inherits/package.json
/usr/lib/node_modules/npm/node_modules/ini/LICENSE
/usr/lib/node_modules/npm/node_modules/ini/README.md
/usr/lib/node_modules/npm/node_modules/ini/ini.js
/usr/lib/node_modules/npm/node_modules/ini/package.json
/usr/lib/node_modules/npm/node_modules/init-package-json/README.md
/usr/lib/node_modules/npm/node_modules/init-package-json/default-input.js
/usr/lib/node_modules/npm/node_modules/init-package-json/example.js
/usr/lib/node_modules/npm/node_modules/init-package-json/init-package-json.js
/usr/lib/node_modules/npm/node_modules/init-package-json/node_modules/promzard/.npmignore
/usr/lib/node_modules/npm/node_modules/init-package-json/node_modules/promzard/README.md
/usr/lib/node_modules/npm/node_modules/init-package-json/node_modules/promzard/example/index.js
/usr/lib/node_modules/npm/node_modules/init-package-json/node_modules/promzard/example/npm-init/README.md
/usr/lib/node_modules/npm/node_modules/init-package-json/node_modules/promzard/example/npm-init/init-input.js
/usr/lib/node_modules/npm/node_modules/init-package-json/node_modules/promzard/example/npm-init/init.js
/usr/lib/node_modules/npm/node_modules/init-package-json/node_modules/promzard/example/npm-init/package.json
/usr/lib/node_modules/npm/node_modules/init-package-json/node_modules/promzard/example/substack-input.js
/usr/lib/node_modules/npm/node_modules/init-package-json/node_modules/promzard/package.json
/usr/lib/node_modules/npm/node_modules/init-package-json/node_modules/promzard/promzard.js
/usr/lib/node_modules/npm/node_modules/init-package-json/node_modules/promzard/test/basic.js
/usr/lib/node_modules/npm/node_modules/init-package-json/node_modules/promzard/test/exports.input
/usr/lib/node_modules/npm/node_modules/init-package-json/node_modules/promzard/test/exports.js
/usr/lib/node_modules/npm/node_modules/init-package-json/node_modules/promzard/test/fn.input
/usr/lib/node_modules/npm/node_modules/init-package-json/node_modules/promzard/test/fn.js
/usr/lib/node_modules/npm/node_modules/init-package-json/node_modules/promzard/test/simple.input
/usr/lib/node_modules/npm/node_modules/init-package-json/node_modules/promzard/test/simple.js
/usr/lib/node_modules/npm/node_modules/init-package-json/package.json
/usr/lib/node_modules/npm/node_modules/init-package-json/test/basic.input
/usr/lib/node_modules/npm/node_modules/init-package-json/test/basic.js
/usr/lib/node_modules/npm/node_modules/lockfile/LICENSE
/usr/lib/node_modules/npm/node_modules/lockfile/README.md
/usr/lib/node_modules/npm/node_modules/lockfile/lockfile.js
/usr/lib/node_modules/npm/node_modules/lockfile/package.json
/usr/lib/node_modules/npm/node_modules/lockfile/test/basic.js
/usr/lib/node_modules/npm/node_modules/lockfile/test/fixtures/bad-child.js
/usr/lib/node_modules/npm/node_modules/lockfile/test/fixtures/child.js
/usr/lib/node_modules/npm/node_modules/lru-cache/.npmignore
/usr/lib/node_modules/npm/node_modules/lru-cache/AUTHORS
/usr/lib/node_modules/npm/node_modules/lru-cache/LICENSE
/usr/lib/node_modules/npm/node_modules/lru-cache/README.md
/usr/lib/node_modules/npm/node_modules/lru-cache/lib/lru-cache.js
/usr/lib/node_modules/npm/node_modules/lru-cache/package.json
/usr/lib/node_modules/npm/node_modules/lru-cache/test/basic.js
/usr/lib/node_modules/npm/node_modules/minimatch/.travis.yml
/usr/lib/node_modules/npm/node_modules/minimatch/LICENSE
/usr/lib/node_modules/npm/node_modules/minimatch/README.md
/usr/lib/node_modules/npm/node_modules/minimatch/minimatch.js
/usr/lib/node_modules/npm/node_modules/minimatch/package.json
/usr/lib/node_modules/npm/node_modules/minimatch/test/basic.js
/usr/lib/node_modules/npm/node_modules/minimatch/test/brace-expand.js
/usr/lib/node_modules/npm/node_modules/minimatch/test/caching.js
/usr/lib/node_modules/npm/node_modules/minimatch/test/defaults.js
/usr/lib/node_modules/npm/node_modules/mkdirp/.gitignore.orig
/usr/lib/node_modules/npm/node_modules/mkdirp/.gitignore.rej
/usr/lib/node_modules/npm/node_modules/mkdirp/.npmignore
/usr/lib/node_modules/npm/node_modules/mkdirp/.travis.yml
/usr/lib/node_modules/npm/node_modules/mkdirp/LICENSE
/usr/lib/node_modules/npm/node_modules/mkdirp/README.markdown
/usr/lib/node_modules/npm/node_modules/mkdirp/examples/pow.js
/usr/lib/node_modules/npm/node_modules/mkdirp/examples/pow.js.orig
/usr/lib/node_modules/npm/node_modules/mkdirp/examples/pow.js.rej
/usr/lib/node_modules/npm/node_modules/mkdirp/index.js
/usr/lib/node_modules/npm/node_modules/mkdirp/package.json
/usr/lib/node_modules/npm/node_modules/mkdirp/test/chmod.js
/usr/lib/node_modules/npm/node_modules/mkdirp/test/clobber.js
/usr/lib/node_modules/npm/node_modules/mkdirp/test/mkdirp.js
/usr/lib/node_modules/npm/node_modules/mkdirp/test/perm.js
/usr/lib/node_modules/npm/node_modules/mkdirp/test/perm_sync.js
/usr/lib/node_modules/npm/node_modules/mkdirp/test/race.js
/usr/lib/node_modules/npm/node_modules/mkdirp/test/rel.js
/usr/lib/node_modules/npm/node_modules/mkdirp/test/return.js
/usr/lib/node_modules/npm/node_modules/mkdirp/test/return_sync.js
/usr/lib/node_modules/npm/node_modules/mkdirp/test/root.js
/usr/lib/node_modules/npm/node_modules/mkdirp/test/sync.js
/usr/lib/node_modules/npm/node_modules/mkdirp/test/umask.js
/usr/lib/node_modules/npm/node_modules/mkdirp/test/umask_sync.js
/usr/lib/node_modules/npm/node_modules/node-gyp/.npmignore
/usr/lib/node_modules/npm/node_modules/node-gyp/LICENSE
/usr/lib/node_modules/npm/node_modules/node-gyp/README.md
/usr/lib/node_modules/npm/node_modules/node-gyp/bin/node-gyp.js
/usr/lib/node_modules/npm/node_modules/node-gyp/legacy/common.gypi
/usr/lib/node_modules/npm/node_modules/node-gyp/legacy/tools/addon.gypi
/usr/lib/node_modules/npm/node_modules/node-gyp/legacy/tools/gyp/.npmignore
/usr/lib/node_modules/npm/node_modules/node-gyp/legacy/tools/gyp/AUTHORS
/usr/lib/node_modules/npm/node_modules/node-gyp/legacy/tools/gyp/DEPS
/usr/lib/node_modules/npm/node_modules/node-gyp/legacy/tools/gyp/LICENSE
/usr/lib/node_modules/npm/node_modules/node-gyp/legacy/tools/gyp/MANIFEST
/usr/lib/node_modules/npm/node_modules/node-gyp/legacy/tools/gyp/OWNERS
/usr/lib/node_modules/npm/node_modules/node-gyp/legacy/tools/gyp/PRESUBMIT.py
/usr/lib/node_modules/npm/node_modules/node-gyp/legacy/tools/gyp/buildbot/buildbot_run.py
/usr/lib/node_modules/npm/node_modules/node-gyp/legacy/tools/gyp/codereview.settings
/usr/lib/node_modules/npm/node_modules/node-gyp/legacy/tools/gyp/gyp
/usr/lib/node_modules/npm/node_modules/node-gyp/legacy/tools/gyp/gyp.bat
/usr/lib/node_modules/npm/node_modules/node-gyp/legacy/tools/gyp/gyp_dummy.c
/usr/lib/node_modules/npm/node_modules/node-gyp/legacy/tools/gyp/gyptest.py
/usr/lib/node_modules/npm/node_modules/node-gyp/legacy/tools/gyp/pylib/gyp/MSVSNew.py
/usr/lib/node_modules/npm/node_modules/node-gyp/legacy/tools/gyp/pylib/gyp/MSVSProject.py
/usr/lib/node_modules/npm/node_modules/node-gyp/legacy/tools/gyp/pylib/gyp/MSVSSettings.py
/usr/lib/node_modules/npm/node_modules/node-gyp/legacy/tools/gyp/pylib/gyp/MSVSSettings_test.py
/usr/lib/node_modules/npm/node_modules/node-gyp/legacy/tools/gyp/pylib/gyp/MSVSToolFile.py
/usr/lib/node_modules/npm/node_modules/node-gyp/legacy/tools/gyp/pylib/gyp/MSVSUserFile.py
/usr/lib/node_modules/npm/node_modules/node-gyp/legacy/tools/gyp/pylib/gyp/MSVSVersion.py
/usr/lib/node_modules/npm/node_modules/node-gyp/legacy/tools/gyp/pylib/gyp/SCons.py
/usr/lib/node_modules/npm/node_modules/node-gyp/legacy/tools/gyp/pylib/gyp/__init__.py
/usr/lib/node_modules/npm/node_modules/node-gyp/legacy/tools/gyp/pylib/gyp/common.py
/usr/lib/node_modules/npm/node_modules/node-gyp/legacy/tools/gyp/pylib/gyp/easy_xml.py
/usr/lib/node_modules/npm/node_modules/node-gyp/legacy/tools/gyp/pylib/gyp/easy_xml_test.py
/usr/lib/node_modules/npm/node_modules/node-gyp/legacy/tools/gyp/pylib/gyp/generator/__init__.py
/usr/lib/node_modules/npm/node_modules/node-gyp/legacy/tools/gyp/pylib/gyp/generator/dump_dependency_json.py
/usr/lib/node_modules/npm/node_modules/node-gyp/legacy/tools/gyp/pylib/gyp/generator/gypd.py
/usr/lib/node_modules/npm/node_modules/node-gyp/legacy/tools/gyp/pylib/gyp/generator/gypsh.py
/usr/lib/node_modules/npm/node_modules/node-gyp/legacy/tools/gyp/pylib/gyp/generator/make.py
/usr/lib/node_modules/npm/node_modules/node-gyp/legacy/tools/gyp/pylib/gyp/generator/msvs.py
/usr/lib/node_modules/npm/node_modules/node-gyp/legacy/tools/gyp/pylib/gyp/generator/msvs_test.py
/usr/lib/node_modules/npm/node_modules/node-gyp/legacy/tools/gyp/pylib/gyp/generator/ninja.py
/usr/lib/node_modules/npm/node_modules/node-gyp/legacy/tools/gyp/pylib/gyp/generator/ninja_test.py
/usr/lib/node_modules/npm/node_modules/node-gyp/legacy/tools/gyp/pylib/gyp/generator/scons.py
/usr/lib/node_modules/npm/node_modules/node-gyp/legacy/tools/gyp/pylib/gyp/generator/xcode.py
/usr/lib/node_modules/npm/node_modules/node-gyp/legacy/tools/gyp/pylib/gyp/input.py
/usr/lib/node_modules/npm/node_modules/node-gyp/legacy/tools/gyp/pylib/gyp/mac_tool.py
/usr/lib/node_modules/npm/node_modules/node-gyp/legacy/tools/gyp/pylib/gyp/ninja_syntax.py
/usr/lib/node_modules/npm/node_modules/node-gyp/legacy/tools/gyp/pylib/gyp/sun_tool.py
/usr/lib/node_modules/npm/node_modules/node-gyp/legacy/tools/gyp/pylib/gyp/system_test.py
/usr/lib/node_modules/npm/node_modules/node-gyp/legacy/tools/gyp/pylib/gyp/xcode_emulation.py
/usr/lib/node_modules/npm/node_modules/node-gyp/legacy/tools/gyp/pylib/gyp/xcodeproj_file.py
/usr/lib/node_modules/npm/node_modules/node-gyp/legacy/tools/gyp/pylib/gyp/xml_fix.py
/usr/lib/node_modules/npm/node_modules/node-gyp/legacy/tools/gyp/pylintrc
/usr/lib/node_modules/npm/node_modules/node-gyp/legacy/tools/gyp/samples/samples
/usr/lib/node_modules/npm/node_modules/node-gyp/legacy/tools/gyp/samples/samples.bat
/usr/lib/node_modules/npm/node_modules/node-gyp/legacy/tools/gyp/setup.py
/usr/lib/node_modules/npm/node_modules/node-gyp/legacy/tools/gyp/tools/README
/usr/lib/node_modules/npm/node_modules/node-gyp/legacy/tools/gyp/tools/Xcode/README
/usr/lib/node_modules/npm/node_modules/node-gyp/legacy/tools/gyp/tools/Xcode/Specifications/gyp.pbfilespec
/usr/lib/node_modules/npm/node_modules/node-gyp/legacy/tools/gyp/tools/Xcode/Specifications/gyp.xclangspec
/usr/lib/node_modules/npm/node_modules/node-gyp/legacy/tools/gyp/tools/graphviz.py
/usr/lib/node_modules/npm/node_modules/node-gyp/legacy/tools/gyp/tools/pretty_gyp.py
/usr/lib/node_modules/npm/node_modules/node-gyp/legacy/tools/gyp/tools/pretty_sln.py
/usr/lib/node_modules/npm/node_modules/node-gyp/legacy/tools/gyp/tools/pretty_vcproj.py
/usr/lib/node_modules/npm/node_modules/node-gyp/legacy/tools/gyp_addon
/usr/lib/node_modules/npm/node_modules/node-gyp/lib/build.js
/usr/lib/node_modules/npm/node_modules/node-gyp/lib/clean.js
/usr/lib/node_modules/npm/node_modules/node-gyp/lib/configure.js
/usr/lib/node_modules/npm/node_modules/node-gyp/lib/install.js
/usr/lib/node_modules/npm/node_modules/node-gyp/lib/list.js
/usr/lib/node_modules/npm/node_modules/node-gyp/lib/node-gyp.js
/usr/lib/node_modules/npm/node_modules/node-gyp/lib/rebuild.js
/usr/lib/node_modules/npm/node_modules/node-gyp/lib/remove.js
/usr/lib/node_modules/npm/node_modules/node-gyp/package.json
/usr/lib/node_modules/npm/node_modules/node-gyp/updateLegacy.sh
/usr/lib/node_modules/npm/node_modules/node-uuid/.npmignore
/usr/lib/node_modules/npm/node_modules/node-uuid/LICENSE.md
/usr/lib/node_modules/npm/node_modules/node-uuid/README.md
/usr/lib/node_modules/npm/node_modules/node-uuid/package.json
/usr/lib/node_modules/npm/node_modules/node-uuid/uuid.js
/usr/lib/node_modules/npm/node_modules/nopt/.npmignore
/usr/lib/node_modules/npm/node_modules/nopt/LICENSE
/usr/lib/node_modules/npm/node_modules/nopt/README.md
/usr/lib/node_modules/npm/node_modules/nopt/bin/nopt.js
/usr/lib/node_modules/npm/node_modules/nopt/lib/nopt.js
/usr/lib/node_modules/npm/node_modules/nopt/package.json
/usr/lib/node_modules/npm/node_modules/npm-registry-client/.npmignore
/usr/lib/node_modules/npm/node_modules/npm-registry-client/LICENSE
/usr/lib/node_modules/npm/node_modules/npm-registry-client/README.md
/usr/lib/node_modules/npm/node_modules/npm-registry-client/index.js
/usr/lib/node_modules/npm/node_modules/npm-registry-client/lib/adduser.js
/usr/lib/node_modules/npm/node_modules/npm-registry-client/lib/get.js
/usr/lib/node_modules/npm/node_modules/npm-registry-client/lib/publish.js
/usr/lib/node_modules/npm/node_modules/npm-registry-client/lib/request.js
/usr/lib/node_modules/npm/node_modules/npm-registry-client/lib/star.js
/usr/lib/node_modules/npm/node_modules/npm-registry-client/lib/tag.js
/usr/lib/node_modules/npm/node_modules/npm-registry-client/lib/unpublish.js
/usr/lib/node_modules/npm/node_modules/npm-registry-client/lib/upload.js
/usr/lib/node_modules/npm/node_modules/npm-registry-client/package.json
/usr/lib/node_modules/npm/node_modules/npm-registry-client/test/00-setup.js
/usr/lib/node_modules/npm/node_modules/npm-registry-client/test/adduser-new.js
/usr/lib/node_modules/npm/node_modules/npm-registry-client/test/adduser-update.js
/usr/lib/node_modules/npm/node_modules/npm-registry-client/test/basic.js
/usr/lib/node_modules/npm/node_modules/npm-registry-client/test/fixtures/server.js
/usr/lib/node_modules/npm/node_modules/npm-registry-client/test/fixtures/underscore/1.3.3/cache.json
/usr/lib/node_modules/npm/node_modules/npm-registry-client/test/fixtures/underscore/cache.json
/usr/lib/node_modules/npm/node_modules/npm-registry-client/test/retries.js
/usr/lib/node_modules/npm/node_modules/npm-registry-client/test/zz-cleanup.js
/usr/lib/node_modules/npm/node_modules/npmlog/LICENSE
/usr/lib/node_modules/npm/node_modules/npmlog/README.md
/usr/lib/node_modules/npm/node_modules/npmlog/example.js
/usr/lib/node_modules/npm/node_modules/npmlog/log.js
/usr/lib/node_modules/npm/node_modules/npmlog/package.json
/usr/lib/node_modules/npm/node_modules/npmlog/test/basic.js
/usr/lib/node_modules/npm/node_modules/osenv/LICENSE
/usr/lib/node_modules/npm/node_modules/osenv/README.md
/usr/lib/node_modules/npm/node_modules/osenv/osenv.js
/usr/lib/node_modules/npm/node_modules/osenv/package.json
/usr/lib/node_modules/npm/node_modules/osenv/test/unix.js
/usr/lib/node_modules/npm/node_modules/osenv/test/windows.js
/usr/lib/node_modules/npm/node_modules/proto-list/LICENSE
/usr/lib/node_modules/npm/node_modules/proto-list/README.md
/usr/lib/node_modules/npm/node_modules/proto-list/package.json
/usr/lib/node_modules/npm/node_modules/proto-list/proto-list.js
/usr/lib/node_modules/npm/node_modules/read-installed/README.md
/usr/lib/node_modules/npm/node_modules/read-installed/package.json
/usr/lib/node_modules/npm/node_modules/read-installed/read-installed.js
/usr/lib/node_modules/npm/node_modules/read-installed/test/basic.js
/usr/lib/node_modules/npm/node_modules/read-package-json/README.md
/usr/lib/node_modules/npm/node_modules/read-package-json/package.json
/usr/lib/node_modules/npm/node_modules/read-package-json/read-json.js
/usr/lib/node_modules/npm/node_modules/read-package-json/test/basic.js
/usr/lib/node_modules/npm/node_modules/read/LICENCE
/usr/lib/node_modules/npm/node_modules/read/README.md
/usr/lib/node_modules/npm/node_modules/read/example/example.js
/usr/lib/node_modules/npm/node_modules/read/lib/read.js
/usr/lib/node_modules/npm/node_modules/read/package.json
/usr/lib/node_modules/npm/node_modules/read/test/basic.js
/usr/lib/node_modules/npm/node_modules/request/LICENSE
/usr/lib/node_modules/npm/node_modules/request/README.md
/usr/lib/node_modules/npm/node_modules/request/aws.js
/usr/lib/node_modules/npm/node_modules/request/aws2.js
/usr/lib/node_modules/npm/node_modules/request/forever.js
/usr/lib/node_modules/npm/node_modules/request/main.js
/usr/lib/node_modules/npm/node_modules/request/mimetypes.js
/usr/lib/node_modules/npm/node_modules/request/oauth.js
/usr/lib/node_modules/npm/node_modules/request/package.json
/usr/lib/node_modules/npm/node_modules/request/tests/googledoodle.png
/usr/lib/node_modules/npm/node_modules/request/tests/run.js
/usr/lib/node_modules/npm/node_modules/request/tests/server.js
/usr/lib/node_modules/npm/node_modules/request/tests/squid.conf
/usr/lib/node_modules/npm/node_modules/request/tests/ssl/ca/ca.cnf
/usr/lib/node_modules/npm/node_modules/request/tests/ssl/ca/ca.crl
/usr/lib/node_modules/npm/node_modules/request/tests/ssl/ca/ca.crt
/usr/lib/node_modules/npm/node_modules/request/tests/ssl/ca/ca.csr
/usr/lib/node_modules/npm/node_modules/request/tests/ssl/ca/ca.key
/usr/lib/node_modules/npm/node_modules/request/tests/ssl/ca/ca.srl
/usr/lib/node_modules/npm/node_modules/request/tests/ssl/ca/server.cnf
/usr/lib/node_modules/npm/node_modules/request/tests/ssl/ca/server.crt
/usr/lib/node_modules/npm/node_modules/request/tests/ssl/ca/server.csr
/usr/lib/node_modules/npm/node_modules/request/tests/ssl/ca/server.js
/usr/lib/node_modules/npm/node_modules/request/tests/ssl/ca/server.key
/usr/lib/node_modules/npm/node_modules/request/tests/ssl/npm-ca.crt
/usr/lib/node_modules/npm/node_modules/request/tests/ssl/test.crt
/usr/lib/node_modules/npm/node_modules/request/tests/ssl/test.key
/usr/lib/node_modules/npm/node_modules/request/tests/test-body.js
/usr/lib/node_modules/npm/node_modules/request/tests/test-cookie.js
/usr/lib/node_modules/npm/node_modules/request/tests/test-cookiejar.js
/usr/lib/node_modules/npm/node_modules/request/tests/test-defaults.js
/usr/lib/node_modules/npm/node_modules/request/tests/test-errors.js
/usr/lib/node_modules/npm/node_modules/request/tests/test-headers.js
/usr/lib/node_modules/npm/node_modules/request/tests/test-httpModule.js
/usr/lib/node_modules/npm/node_modules/request/tests/test-https-strict.js
/usr/lib/node_modules/npm/node_modules/request/tests/test-https.js
/usr/lib/node_modules/npm/node_modules/request/tests/test-oauth.js
/usr/lib/node_modules/npm/node_modules/request/tests/test-params.js
/usr/lib/node_modules/npm/node_modules/request/tests/test-pipes.js
/usr/lib/node_modules/npm/node_modules/request/tests/test-pool.js
/usr/lib/node_modules/npm/node_modules/request/tests/test-proxy.js
/usr/lib/node_modules/npm/node_modules/request/tests/test-qs.js
/usr/lib/node_modules/npm/node_modules/request/tests/test-redirect.js
/usr/lib/node_modules/npm/node_modules/request/tests/test-s3.js
/usr/lib/node_modules/npm/node_modules/request/tests/test-timeout.js
/usr/lib/node_modules/npm/node_modules/request/tests/test-toJSON.js
/usr/lib/node_modules/npm/node_modules/request/tests/test-tunnel.js
/usr/lib/node_modules/npm/node_modules/request/tunnel.js
/usr/lib/node_modules/npm/node_modules/request/uuid.js
/usr/lib/node_modules/npm/node_modules/request/vendor/cookie/index.js
/usr/lib/node_modules/npm/node_modules/request/vendor/cookie/jar.js
/usr/lib/node_modules/npm/node_modules/retry/.npmignore
/usr/lib/node_modules/npm/node_modules/retry/License
/usr/lib/node_modules/npm/node_modules/retry/Makefile
/usr/lib/node_modules/npm/node_modules/retry/Readme.md
/usr/lib/node_modules/npm/node_modules/retry/equation.gif
/usr/lib/node_modules/npm/node_modules/retry/example/dns.js
/usr/lib/node_modules/npm/node_modules/retry/index.js
/usr/lib/node_modules/npm/node_modules/retry/lib/retry.js
/usr/lib/node_modules/npm/node_modules/retry/lib/retry_operation.js
/usr/lib/node_modules/npm/node_modules/retry/package.json
/usr/lib/node_modules/npm/node_modules/retry/test/common.js
/usr/lib/node_modules/npm/node_modules/retry/test/integration/test-retry-operation.js
/usr/lib/node_modules/npm/node_modules/retry/test/integration/test-timeouts.js
/usr/lib/node_modules/npm/node_modules/retry/test/runner.js
/usr/lib/node_modules/npm/node_modules/rimraf/AUTHORS
/usr/lib/node_modules/npm/node_modules/rimraf/LICENSE
/usr/lib/node_modules/npm/node_modules/rimraf/README.md
/usr/lib/node_modules/npm/node_modules/rimraf/package.json
/usr/lib/node_modules/npm/node_modules/rimraf/rimraf.js
/usr/lib/node_modules/npm/node_modules/semver/LICENSE
/usr/lib/node_modules/npm/node_modules/semver/README.md
/usr/lib/node_modules/npm/node_modules/semver/bin/semver
/usr/lib/node_modules/npm/node_modules/semver/package.json
/usr/lib/node_modules/npm/node_modules/semver/semver.js
/usr/lib/node_modules/npm/node_modules/slide/.npmignore
/usr/lib/node_modules/npm/node_modules/slide/LICENSE
/usr/lib/node_modules/npm/node_modules/slide/README.md
/usr/lib/node_modules/npm/node_modules/slide/index.js
/usr/lib/node_modules/npm/node_modules/slide/lib/async-map-ordered.js
/usr/lib/node_modules/npm/node_modules/slide/lib/async-map.js
/usr/lib/node_modules/npm/node_modules/slide/lib/bind-actor.js
/usr/lib/node_modules/npm/node_modules/slide/lib/chain.js
/usr/lib/node_modules/npm/node_modules/slide/lib/slide.js
/usr/lib/node_modules/npm/node_modules/slide/package.json
/usr/lib/node_modules/npm/node_modules/tar/.npmignore
/usr/lib/node_modules/npm/node_modules/tar/.travis.yml
/usr/lib/node_modules/npm/node_modules/tar/README.md
/usr/lib/node_modules/npm/node_modules/tar/lib/buffer-entry.js
/usr/lib/node_modules/npm/node_modules/tar/lib/entry-writer.js
/usr/lib/node_modules/npm/node_modules/tar/lib/entry.js
/usr/lib/node_modules/npm/node_modules/tar/lib/extended-header-writer.js
/usr/lib/node_modules/npm/node_modules/tar/lib/extended-header.js
/usr/lib/node_modules/npm/node_modules/tar/lib/extract.js
/usr/lib/node_modules/npm/node_modules/tar/lib/global-header-writer.js
/usr/lib/node_modules/npm/node_modules/tar/lib/header.js
/usr/lib/node_modules/npm/node_modules/tar/lib/pack.js
/usr/lib/node_modules/npm/node_modules/tar/lib/parse.js
/usr/lib/node_modules/npm/node_modules/tar/package.json
/usr/lib/node_modules/npm/node_modules/tar/tar.js
/usr/lib/node_modules/npm/node_modules/uid-number/LICENCE
/usr/lib/node_modules/npm/node_modules/uid-number/README.md
/usr/lib/node_modules/npm/node_modules/uid-number/get-uid-gid.js
/usr/lib/node_modules/npm/node_modules/uid-number/package.json
/usr/lib/node_modules/npm/node_modules/uid-number/uid-number.js
/usr/lib/node_modules/npm/node_modules/which/LICENSE
/usr/lib/node_modules/npm/node_modules/which/README.md
/usr/lib/node_modules/npm/node_modules/which/bin/which
/usr/lib/node_modules/npm/node_modules/which/package.json
/usr/lib/node_modules/npm/node_modules/which/which.js
/usr/lib/node_modules/npm/package.json
/usr/lib/node_modules/npm/scripts/clean-old.sh
/usr/lib/node_modules/npm/scripts/doc-build.sh
/usr/lib/node_modules/npm/scripts/index-build.js
/usr/lib/node_modules/npm/scripts/install.sh
/usr/lib/node_modules/npm/scripts/release.sh
/usr/lib/node_modules/npm/scripts/relocate.sh
/usr/lib/node_modules/npm/test/common.js
/usr/lib/node_modules/npm/test/disabled/bundlerecurs/package.json
/usr/lib/node_modules/npm/test/disabled/change-bin-1/bin/foo
/usr/lib/node_modules/npm/test/disabled/change-bin-1/package.json
/usr/lib/node_modules/npm/test/disabled/change-bin-2/bin/bar
/usr/lib/node_modules/npm/test/disabled/change-bin-2/package.json
/usr/lib/node_modules/npm/test/disabled/failer/package.json
/usr/lib/node_modules/npm/test/disabled/fast/package.json
/usr/lib/node_modules/npm/test/disabled/package-bar/package.json
/usr/lib/node_modules/npm/test/disabled/package-config/package.json
/usr/lib/node_modules/npm/test/disabled/package-config/test.js
/usr/lib/node_modules/npm/test/disabled/package-foo/package.json
/usr/lib/node_modules/npm/test/disabled/slow/package.json
/usr/lib/node_modules/npm/test/disabled/startstop/package.json
/usr/lib/node_modules/npm/test/packages/npm-test-array-bin/README
/usr/lib/node_modules/npm/test/packages/npm-test-array-bin/bin/array-bin
/usr/lib/node_modules/npm/test/packages/npm-test-array-bin/package.json
/usr/lib/node_modules/npm/test/packages/npm-test-array-bin/test.js
/usr/lib/node_modules/npm/test/packages/npm-test-blerg/README
/usr/lib/node_modules/npm/test/packages/npm-test-blerg/package.json
/usr/lib/node_modules/npm/test/packages/npm-test-blerg/test.js
/usr/lib/node_modules/npm/test/packages/npm-test-bundled-git/README
/usr/lib/node_modules/npm/test/packages/npm-test-bundled-git/minimatch-expected.json
/usr/lib/node_modules/npm/test/packages/npm-test-bundled-git/package.json
/usr/lib/node_modules/npm/test/packages/npm-test-bundled-git/test.js
/usr/lib/node_modules/npm/test/packages/npm-test-dir-bin/README
/usr/lib/node_modules/npm/test/packages/npm-test-dir-bin/bin/dir-bin
/usr/lib/node_modules/npm/test/packages/npm-test-dir-bin/package.json
/usr/lib/node_modules/npm/test/packages/npm-test-dir-bin/test.js
/usr/lib/node_modules/npm/test/packages/npm-test-env-reader/README
/usr/lib/node_modules/npm/test/packages/npm-test-env-reader/package.json
/usr/lib/node_modules/npm/test/packages/npm-test-env-reader/test.js
/usr/lib/node_modules/npm/test/packages/npm-test-files/.npmignore
/usr/lib/node_modules/npm/test/packages/npm-test-files/include4
/usr/lib/node_modules/npm/test/packages/npm-test-files/package.json
/usr/lib/node_modules/npm/test/packages/npm-test-files/sub/include
/usr/lib/node_modules/npm/test/packages/npm-test-files/sub/include2
/usr/lib/node_modules/npm/test/packages/npm-test-files/sub/include4
/usr/lib/node_modules/npm/test/packages/npm-test-files/test.sh
/usr/lib/node_modules/npm/test/packages/npm-test-ignore-nested-nm/README
/usr/lib/node_modules/npm/test/packages/npm-test-ignore-nested-nm/lib/node_modules/foo
/usr/lib/node_modules/npm/test/packages/npm-test-ignore-nested-nm/package.json
/usr/lib/node_modules/npm/test/packages/npm-test-ignore-nested-nm/test.js
/usr/lib/node_modules/npm/test/packages/npm-test-ignore/.npmignore
/usr/lib/node_modules/npm/test/packages/npm-test-ignore/README
/usr/lib/node_modules/npm/test/packages/npm-test-ignore/include4
/usr/lib/node_modules/npm/test/packages/npm-test-ignore/package.json
/usr/lib/node_modules/npm/test/packages/npm-test-ignore/sub/include
/usr/lib/node_modules/npm/test/packages/npm-test-ignore/sub/include2
/usr/lib/node_modules/npm/test/packages/npm-test-ignore/sub/include4
/usr/lib/node_modules/npm/test/packages/npm-test-ignore/test.sh
/usr/lib/node_modules/npm/test/packages/npm-test-missing-bindir/README
/usr/lib/node_modules/npm/test/packages/npm-test-missing-bindir/package.json
/usr/lib/node_modules/npm/test/packages/npm-test-missing-bindir/test.js
/usr/lib/node_modules/npm/test/packages/npm-test-optional-deps/README
/usr/lib/node_modules/npm/test/packages/npm-test-optional-deps/package.json
/usr/lib/node_modules/npm/test/packages/npm-test-optional-deps/test.js
/usr/lib/node_modules/npm/test/packages/npm-test-platform-all/README
/usr/lib/node_modules/npm/test/packages/npm-test-platform-all/package.json
/usr/lib/node_modules/npm/test/packages/npm-test-platform/README
/usr/lib/node_modules/npm/test/packages/npm-test-platform/package.json
/usr/lib/node_modules/npm/test/packages/npm-test-private/README
/usr/lib/node_modules/npm/test/packages/npm-test-private/package.json
/usr/lib/node_modules/npm/test/packages/npm-test-shrinkwrap/README
/usr/lib/node_modules/npm/test/packages/npm-test-shrinkwrap/npm-shrinkwrap.json
/usr/lib/node_modules/npm/test/packages/npm-test-shrinkwrap/package.json
/usr/lib/node_modules/npm/test/packages/npm-test-shrinkwrap/test.sh
/usr/lib/node_modules/npm/test/packages/npm-test-test-package/README
/usr/lib/node_modules/npm/test/packages/npm-test-test-package/package.json
/usr/lib/node_modules/npm/test/packages/npm-test-url-dep/README
/usr/lib/node_modules/npm/test/packages/npm-test-url-dep/package.json
/usr/lib/node_modules/npm/test/run.js
/usr/lib/node_modules/npm/test/tap/false_name.js
/usr/lib/node_modules/npm/test/tap/false_name/index.js
/usr/lib/node_modules/npm/test/tap/false_name/package.json
/usr/lib/node_modules/npm/test/update-test.sh

