/etc/conf.d/ntp-client
# adjust to japanese ntp servers
#sed /etc/conf.d/ntp-client s/0\.gentoo\.pool\.ntp\.org 1\.gentoo.pool\.ntp.org \\//
#sed /etc/conf.d/ntp-client s/2\.gentoo\.pool\.ntp\.org 3\.gentoo.pool\.ntp.org"$/ntp1.jst.mfeed.ad.jp ntp2.jst.mfeed.ad.jp ntp3.jst.mfeed.ad.jp"/
/etc/conf.d/ntpd
/etc/init.d/ntp-client
/etc/init.d/ntpd
/etc/ntp.conf
#/usr/bin/ntp-keygen
#/usr/bin/ntp-wait
#/usr/bin/ntpdc
/usr/bin/ntpq
/usr/bin/ntptime
#/usr/bin/ntptrace
#/usr/bin/sntp
#/usr/bin/tickadj
/usr/sbin/ntpd
/usr/sbin/ntpdate
#/usr/share/ntp/UpdatePoint
#/usr/share/ntp/VersionName
#/usr/share/ntp/calc_tickadj
#/usr/share/ntp/check--help
#/usr/share/ntp/checkChangeLog
#/usr/share/ntp/checktime
#/usr/share/ntp/cvo.sh
#/usr/share/ntp/fixautomakedepsmagic
#/usr/share/ntp/freq_adj
#/usr/share/ntp/genCommitLog
#/usr/share/ntp/genver
#/usr/share/ntp/hpadjtime.sh
#/usr/share/ntp/html2man
#/usr/share/ntp/mkver
#/usr/share/ntp/monitoring/lr.pl
#/usr/share/ntp/monitoring/ntp.pl
#/usr/share/ntp/monitoring/ntploopstat
#/usr/share/ntp/monitoring/ntploopwatch
#/usr/share/ntp/monitoring/ntptrap
#/usr/share/ntp/monitoring/timelocal.pl
#/usr/share/ntp/ntp-close
#/usr/share/ntp/ntp-groper
#/usr/share/ntp/ntp-restart
#/usr/share/ntp/ntp-status
#/usr/share/ntp/ntp-wait
#/usr/share/ntp/ntp.conf
#/usr/share/ntp/ntpsweep
#/usr/share/ntp/ntptrace
#/usr/share/ntp/ntpver
#/usr/share/ntp/plot_summary
#/usr/share/ntp/rc1/postinstall
#/usr/share/ntp/rc1/preinstall
#/usr/share/ntp/rc1/preremove
#/usr/share/ntp/rc1/prototype
#/usr/share/ntp/rc1/xntp
#/usr/share/ntp/rc2/local.ntpd
#/usr/share/ntp/stats/clock.awk
#/usr/share/ntp/stats/dupe.awk
#/usr/share/ntp/stats/ensemble.S
#/usr/share/ntp/stats/ensemble.awk
#/usr/share/ntp/stats/etf.S
#/usr/share/ntp/stats/etf.awk
#/usr/share/ntp/stats/itf.S
#/usr/share/ntp/stats/itf.awk
#/usr/share/ntp/stats/loop.S
#/usr/share/ntp/stats/loop.awk
#/usr/share/ntp/stats/loop_summary
#/usr/share/ntp/stats/peer.awk
#/usr/share/ntp/stats/psummary.awk
#/usr/share/ntp/stats/summary.sh
#/usr/share/ntp/stats/tdata.S
#/usr/share/ntp/stats/tdata.awk
#/usr/share/ntp/summary
/var/lib/ntp/.keep_net-misc_ntp-0
