/bin/rc-status
/etc/conf.d/bootmisc
/etc/conf.d/consolefont
/etc/conf.d/dmesg
/etc/conf.d/fsck
/etc/conf.d/hostname
/etc/conf.d/hwclock
/etc/conf.d/keymaps
# change to jp106 and disable windowkeys
#sed /etc/conf.d/keymaps s/^keymap="us"$/keymap="jp106"/
#sed /etc/conf.d/keymaps s/^windowkeys="YES"$/windowkeys="NO"/
/etc/conf.d/killprocs
/etc/conf.d/localmount
/etc/conf.d/modules
/etc/conf.d/net
/etc/conf.d/network
/etc/conf.d/staticroute
/etc/conf.d/urandom
/etc/init.d/bootmisc
/etc/init.d/consolefont
/etc/init.d/devfs
/etc/init.d/dmesg
/etc/init.d/fsck
/etc/init.d/functions.sh
/etc/init.d/hostname
/etc/init.d/hwclock
/etc/init.d/keymaps
/etc/init.d/killprocs
/etc/init.d/local
/etc/init.d/localmount
/etc/init.d/modules
/etc/init.d/mount-ro
/etc/init.d/mtab
/etc/init.d/net.lo
/etc/init.d/netmount
/etc/init.d/network
/etc/init.d/numlock
/etc/init.d/procfs
/etc/init.d/root
/etc/init.d/savecache
/etc/init.d/staticroute
/etc/init.d/swap
/etc/init.d/swclock
/etc/init.d/sysctl
/etc/init.d/sysfs
/etc/init.d/termencoding
/etc/init.d/urandom
/etc/local.d/README
/etc/logrotate.d/openrc
/etc/pam.d/start-stop-daemon
/etc/runlevels/default/udev-postmount
/etc/runlevels/default/netmount
/etc/runlevels/default/local
#/etc/rc.conf
/lib/rc/bin/checkpath
/lib/rc/bin/ebegin
/lib/rc/bin/eend
/lib/rc/bin/eerror
/lib/rc/bin/eerrorn
/lib/rc/bin/eindent
/lib/rc/bin/einfo
/lib/rc/bin/einfon
/lib/rc/bin/eoutdent
/lib/rc/bin/esyslog
/lib/rc/bin/eval_ecolors
/lib/rc/bin/ewaitfile
/lib/rc/bin/ewarn
/lib/rc/bin/ewarnn
/lib/rc/bin/ewend
/lib/rc/bin/fstabinfo
/lib/rc/bin/get_options
/lib/rc/bin/is_newer_than
/lib/rc/bin/is_older_than
/lib/rc/bin/mountinfo
/lib/rc/bin/on_ac_power
/lib/rc/bin/rc-depend
/lib/rc/bin/save_options
/lib/rc/bin/service_crashed
/lib/rc/bin/service_get_value
/lib/rc/bin/service_hotplugged
/lib/rc/bin/service_inactive
/lib/rc/bin/service_set_value
/lib/rc/bin/service_started
/lib/rc/bin/service_started_daemon
/lib/rc/bin/service_starting
/lib/rc/bin/service_stopped
/lib/rc/bin/service_stopping
/lib/rc/bin/service_wasinactive
/lib/rc/bin/shell_var
/lib/rc/bin/vebegin
/lib/rc/bin/veend
/lib/rc/bin/veindent
/lib/rc/bin/veinfo
/lib/rc/bin/veoutdent
/lib/rc/bin/vewarn
/lib/rc/bin/vewend
/lib/rc/init.d/.keep_sys-apps_openrc-0
/lib/rc/net/adsl.sh
/lib/rc/net/apipa.sh
/lib/rc/net/arping.sh
/lib/rc/net/bonding.sh
/lib/rc/net/br2684ctl.sh
/lib/rc/net/bridge.sh
/lib/rc/net/ccwgroup.sh
/lib/rc/net/clip.sh
/lib/rc/net/dhclient.sh
/lib/rc/net/dhcpcd.sh
/lib/rc/net/ethtool.sh
/lib/rc/net/ifconfig.sh
/lib/rc/net/ifplugd.sh
/lib/rc/net/ip6to4.sh
/lib/rc/net/ipppd.sh
/lib/rc/net/iproute2.sh
/lib/rc/net/iwconfig.sh
/lib/rc/net/macchanger.sh
/lib/rc/net/macnet.sh
/lib/rc/net/macvlan.sh
/lib/rc/net/netplugd.sh
/lib/rc/net/pppd.sh
/lib/rc/net/pump.sh
/lib/rc/net/ssidnet.sh
/lib/rc/net/system.sh
/lib/rc/net/tuntap.sh
/lib/rc/net/udhcpc.sh
/lib/rc/net/vlan.sh
/lib/rc/net/wpa_supplicant.sh
/lib/rc/sbin/mark_service_failed
/lib/rc/sbin/mark_service_hotplugged
/lib/rc/sbin/mark_service_inactive
/lib/rc/sbin/mark_service_started
/lib/rc/sbin/mark_service_starting
/lib/rc/sbin/mark_service_stopped
/lib/rc/sbin/mark_service_stopping
/lib/rc/sbin/mark_service_wasinactive
/lib/rc/sbin/rc-abort
/lib/rc/sbin/swclock
/lib/rc/sh/cgroup-release-agent.sh
/lib/rc/sh/functions.sh
/lib/rc/sh/gendepends.sh
/lib/rc/sh/init-common-post.sh
/lib/rc/sh/init-early.sh
/lib/rc/sh/init.sh
/lib/rc/sh/rc-functions.sh
/lib/rc/sh/rc-mount.sh
/lib/rc/sh/runscript.sh
/lib/rc/sh/udhcpc-hook.sh
/lib/rc/tmp/.keep_sys-apps_openrc-0
/lib/rc/version
/sbin/rc
/sbin/rc-service
/sbin/rc-update
/sbin/runscript
/sbin/start-stop-daemon
