/etc/ssl/certs/README.RootCerts
/etc/ssl/certs/ca-certificates.crt
/etc/ssl/misc/CA.pl
/etc/ssl/misc/CA.sh
/etc/ssl/misc/c_hash
/etc/ssl/misc/c_info
/etc/ssl/misc/c_issuer
/etc/ssl/misc/c_name
/etc/ssl/misc/tsget
/etc/ssl/openssl.cnf
/etc/ssl/private/.keep_dev-libs_openssl-0
/usr/bin/c_rehash
/usr/bin/openssl
/usr/lib/engines/lib4758cca.so
/usr/lib/engines/libaep.so
/usr/lib/engines/libatalla.so
/usr/lib/engines/libcapi.so
/usr/lib/engines/libchil.so
/usr/lib/engines/libcswift.so
/usr/lib/engines/libgmp.so
/usr/lib/engines/libgost.so
/usr/lib/engines/libnuron.so
/usr/lib/engines/libpadlock.so
/usr/lib/engines/libsureware.so
/usr/lib/engines/libubsec.so

