## system setup
#sed /etc/nsswitch.conf s/^\(hosts:.*\)$/\1 wins/
#chrootexec groupadd -g 999 oscar
#chrootexec useradd -m -u 999 -g 999 oscar
#chrootexec echo 'export PATH=$PATH:/opt/oscar/bin' >> /home/oscar/.bashrc
#chrootexec groupmems -g cron -a oscar
#chrootexec groupmems -g wheel -a oscar
#sed /etc/sudoers s/^# \(\%wheel ALL=(ALL) NOPASSWD: ALL\)$/\1/
#copy oscar/oscar.include /etc/apache2/vhosts.d/oscar.include
#patchsinglefile /etc/apache2/vhosts.d/00_default_vhost.conf oscar/00_default_vhost.conf.patch
#copy groonga/sysctl-groonga.conf /etc/sysctl.d/groonga.conf
#copy oscar/sysctl-oscar.conf /etc/sysctl.d/oscar.conf

## Samba
#copy oscar/smb.conf /etc/samba/smb.conf
#chrootexec chmod g+rwx /etc/samba /var/lib/samba/private
#chrootexec smbpasswd -an adm && smbpasswd -x adm
#chrootexec chmod g+rw /var/lib/samba/private/passdb.tdb
#chrootexec chgrp -R oscar /etc/samba /var/lib/samba/private

## groonga
##chrootexec cd /root && wget http://packages.groonga.org/source/groonga/groonga-4.0.5.tar.gz && tar xvzf groonga-*.tar.gz && cd groonga-*/ && ./configure --prefix=/usr --localstatedir=/var && make && make install && cd .. && rm -rf groonga-*/
#chrootexec cd /root && wget http://packages.groonga.org/source/groonga-gobject/groonga-gobject-1.0.1.tar.gz && tar zxvf groonga-gobject-*.tar.gz && cd groonga-gobject-* && ./configure && make && make install && cd .. && rm -rf groonga-gobject-*/
#chrootexec /sbin/ldconfig

## oscar
#chrootexec cd /root && git clone https://github.com/wbrxcorp/oscar.git && cd oscar && make install && cd .. && rm -rf oscar
#copy oscar/oscar-watch.init /etc/init.d/oscar-watch
#copy oscar/oscar-sched.init /etc/init.d/oscar-sched
#chrootexec chmod 755 /etc/init.d/oscar-watch
#chrootexec chmod 755 /etc/init.d/oscar-sched
#symlink /etc/runlevels/default/oscar-watch /etc/init.d/oscar-watch
#symlink /etc/runlevels/default/oscar-sched /etc/init.d/oscar-sched
#dir /var/log/oscar
#dir /opt/oscar/etc
#dir /var/lib/oscar
#dir /var/lib/oscar/share
#chrootexec /opt/oscar/bin/oscar init /var/lib/oscar/share
#chrootexec chown -R oscar.oscar /var/log/oscar /var/lib/oscar /opt/oscar

## clamav
##chrootexec /usr/bin/freshclam --no-warnings
#sed /etc/conf.d/clamd s/^START_CLAMD=.\+/START_CLAMD=no/
