#detectarch /usr/bin/perl
/usr/bin/a2p
/usr/bin/c2ph
/usr/bin/config_data-0.3603-perl-5.12.4
/usr/bin/corelist-2.500.0-perl-5.12.4
/usr/bin/cpan-1.945.600-perl-5.12.4
/usr/bin/cpan2dist-0.900.0-perl-5.12.4
/usr/bin/cpanp-0.900.0-perl-5.12.4
/usr/bin/cpanp-run-perl-0.900.0-perl-5.12.4
/usr/bin/dprofpp
/usr/bin/enc2xs-2.39-perl-5.12.4
/usr/bin/find2perl
/usr/bin/h2ph
/usr/bin/h2xs
/usr/bin/instmodsh-6.56-perl-5.12.4
/usr/bin/libnetcfg
/usr/bin/perl
/usr/bin/perlbug
/usr/bin/perldoc
/usr/bin/perlivp
/usr/bin/perlthanks
/usr/bin/piconv-2.39-perl-5.12.4
/usr/bin/pl2pm
/usr/bin/pod2html
/usr/bin/pod2latex
/usr/bin/pod2man-2.3.1-perl-5.12.4
/usr/bin/pod2text-2.3.1-perl-5.12.4
/usr/bin/pod2usage-1.370.0-perl-5.12.4
/usr/bin/podchecker-1.370.0-perl-5.12.4
/usr/bin/podselect-1.370.0-perl-5.12.4
/usr/bin/prove-3.17-perl-5.12.4
/usr/bin/psed
/usr/bin/pstruct
/usr/bin/ptar-1.54-perl-5.12.4
/usr/bin/ptardiff-1.54-perl-5.12.4
/usr/bin/s2p
/usr/bin/shasum-5.47-perl-5.12.4
/usr/bin/splain
/usr/bin/xsubpp-2.210.0-perl-5.12.4
/usr/lib/perl5/5.12.4/AnyDBM_File.pm
/usr/lib/perl5/5.12.4/App/Cpan.pm
/usr/lib/perl5/5.12.4/App/Prove.pm
/usr/lib/perl5/5.12.4/App/Prove/State.pm
/usr/lib/perl5/5.12.4/App/Prove/State/Result.pm
/usr/lib/perl5/5.12.4/App/Prove/State/Result/Test.pm
/usr/lib/perl5/5.12.4/Archive/Extract.pm
/usr/lib/perl5/5.12.4/Archive/Tar.pm
/usr/lib/perl5/5.12.4/Archive/Tar/Constant.pm
/usr/lib/perl5/5.12.4/Archive/Tar/File.pm
/usr/lib/perl5/5.12.4/Attribute/Handlers.pm
/usr/lib/perl5/5.12.4/AutoLoader.pm
/usr/lib/perl5/5.12.4/AutoSplit.pm
/usr/lib/perl5/5.12.4/B/Debug.pm
/usr/lib/perl5/5.12.4/B/Deparse.pm
/usr/lib/perl5/5.12.4/B/Lint.pm
/usr/lib/perl5/5.12.4/B/Lint/Debug.pm
/usr/lib/perl5/5.12.4/Benchmark.pm
/usr/lib/perl5/5.12.4/CGI.pm
/usr/lib/perl5/5.12.4/CGI/Apache.pm
/usr/lib/perl5/5.12.4/CGI/Carp.pm
/usr/lib/perl5/5.12.4/CGI/Cookie.pm
/usr/lib/perl5/5.12.4/CGI/Fast.pm
/usr/lib/perl5/5.12.4/CGI/Pretty.pm
/usr/lib/perl5/5.12.4/CGI/Push.pm
/usr/lib/perl5/5.12.4/CGI/Switch.pm
/usr/lib/perl5/5.12.4/CGI/Util.pm
/usr/lib/perl5/5.12.4/CORE.pod
/usr/lib/perl5/5.12.4/CPAN.pm
/usr/lib/perl5/5.12.4/CPAN/API/HOWTO.pod
/usr/lib/perl5/5.12.4/CPAN/Author.pm
/usr/lib/perl5/5.12.4/CPAN/Bundle.pm
/usr/lib/perl5/5.12.4/CPAN/CacheMgr.pm
/usr/lib/perl5/5.12.4/CPAN/Complete.pm
/usr/lib/perl5/5.12.4/CPAN/Debug.pm
/usr/lib/perl5/5.12.4/CPAN/DeferredCode.pm
/usr/lib/perl5/5.12.4/CPAN/Distribution.pm
/usr/lib/perl5/5.12.4/CPAN/Distroprefs.pm
/usr/lib/perl5/5.12.4/CPAN/Distrostatus.pm
/usr/lib/perl5/5.12.4/CPAN/Exception/RecursiveDependency.pm
/usr/lib/perl5/5.12.4/CPAN/Exception/blocked_urllist.pm
/usr/lib/perl5/5.12.4/CPAN/Exception/yaml_not_installed.pm
/usr/lib/perl5/5.12.4/CPAN/FTP.pm
/usr/lib/perl5/5.12.4/CPAN/FTP/netrc.pm
/usr/lib/perl5/5.12.4/CPAN/FirstTime.pm
/usr/lib/perl5/5.12.4/CPAN/HandleConfig.pm
/usr/lib/perl5/5.12.4/CPAN/Index.pm
/usr/lib/perl5/5.12.4/CPAN/InfoObj.pm
/usr/lib/perl5/5.12.4/CPAN/Kwalify.pm
/usr/lib/perl5/5.12.4/CPAN/Kwalify/distroprefs.dd
/usr/lib/perl5/5.12.4/CPAN/Kwalify/distroprefs.yml
/usr/lib/perl5/5.12.4/CPAN/LWP/UserAgent.pm
/usr/lib/perl5/5.12.4/CPAN/Mirrors.pm
/usr/lib/perl5/5.12.4/CPAN/Module.pm
/usr/lib/perl5/5.12.4/CPAN/Nox.pm
/usr/lib/perl5/5.12.4/CPAN/Prompt.pm
/usr/lib/perl5/5.12.4/CPAN/Queue.pm
/usr/lib/perl5/5.12.4/CPAN/Shell.pm
/usr/lib/perl5/5.12.4/CPAN/Tarzip.pm
/usr/lib/perl5/5.12.4/CPAN/URL.pm
/usr/lib/perl5/5.12.4/CPAN/Version.pm
/usr/lib/perl5/5.12.4/CPANPLUS.pm
/usr/lib/perl5/5.12.4/CPANPLUS/Backend.pm
/usr/lib/perl5/5.12.4/CPANPLUS/Backend/RV.pm
/usr/lib/perl5/5.12.4/CPANPLUS/Config.pm
/usr/lib/perl5/5.12.4/CPANPLUS/Configure.pm
/usr/lib/perl5/5.12.4/CPANPLUS/Configure/Setup.pm
/usr/lib/perl5/5.12.4/CPANPLUS/Dist.pm
/usr/lib/perl5/5.12.4/CPANPLUS/Dist/Autobundle.pm
/usr/lib/perl5/5.12.4/CPANPLUS/Dist/Base.pm
/usr/lib/perl5/5.12.4/CPANPLUS/Dist/Build.pm
/usr/lib/perl5/5.12.4/CPANPLUS/Dist/Build/Constants.pm
/usr/lib/perl5/5.12.4/CPANPLUS/Dist/MM.pm
/usr/lib/perl5/5.12.4/CPANPLUS/Dist/Sample.pm
/usr/lib/perl5/5.12.4/CPANPLUS/Error.pm
/usr/lib/perl5/5.12.4/CPANPLUS/FAQ.pod
/usr/lib/perl5/5.12.4/CPANPLUS/Hacking.pod
/usr/lib/perl5/5.12.4/CPANPLUS/Internals.pm
/usr/lib/perl5/5.12.4/CPANPLUS/Internals/Constants.pm
/usr/lib/perl5/5.12.4/CPANPLUS/Internals/Constants/Report.pm
/usr/lib/perl5/5.12.4/CPANPLUS/Internals/Extract.pm
/usr/lib/perl5/5.12.4/CPANPLUS/Internals/Fetch.pm
/usr/lib/perl5/5.12.4/CPANPLUS/Internals/Report.pm
/usr/lib/perl5/5.12.4/CPANPLUS/Internals/Search.pm
/usr/lib/perl5/5.12.4/CPANPLUS/Internals/Source.pm
/usr/lib/perl5/5.12.4/CPANPLUS/Internals/Source/Memory.pm
/usr/lib/perl5/5.12.4/CPANPLUS/Internals/Source/SQLite.pm
/usr/lib/perl5/5.12.4/CPANPLUS/Internals/Source/SQLite/Tie.pm
/usr/lib/perl5/5.12.4/CPANPLUS/Internals/Utils.pm
/usr/lib/perl5/5.12.4/CPANPLUS/Internals/Utils/Autoflush.pm
/usr/lib/perl5/5.12.4/CPANPLUS/Module.pm
/usr/lib/perl5/5.12.4/CPANPLUS/Module/Author.pm
/usr/lib/perl5/5.12.4/CPANPLUS/Module/Author/Fake.pm
/usr/lib/perl5/5.12.4/CPANPLUS/Module/Checksums.pm
/usr/lib/perl5/5.12.4/CPANPLUS/Module/Fake.pm
/usr/lib/perl5/5.12.4/CPANPLUS/Module/Signature.pm
/usr/lib/perl5/5.12.4/CPANPLUS/Selfupdate.pm
/usr/lib/perl5/5.12.4/CPANPLUS/Shell.pm
/usr/lib/perl5/5.12.4/CPANPLUS/Shell/Classic.pm
/usr/lib/perl5/5.12.4/CPANPLUS/Shell/Default.pm
/usr/lib/perl5/5.12.4/CPANPLUS/Shell/Default/Plugins/CustomSource.pm
/usr/lib/perl5/5.12.4/CPANPLUS/Shell/Default/Plugins/HOWTO.pod
/usr/lib/perl5/5.12.4/CPANPLUS/Shell/Default/Plugins/Remote.pm
/usr/lib/perl5/5.12.4/CPANPLUS/Shell/Default/Plugins/Source.pm
/usr/lib/perl5/5.12.4/Carp.pm
/usr/lib/perl5/5.12.4/Carp/Heavy.pm
/usr/lib/perl5/5.12.4/Class/ISA.pm
/usr/lib/perl5/5.12.4/Class/Struct.pm
/usr/lib/perl5/5.12.4/Compress/Zlib.pm
/usr/lib/perl5/5.12.4/Config/Extensions.pm
/usr/lib/perl5/5.12.4/DB.pm
/usr/lib/perl5/5.12.4/DBM_Filter.pm
/usr/lib/perl5/5.12.4/DBM_Filter/compress.pm
/usr/lib/perl5/5.12.4/DBM_Filter/encode.pm
/usr/lib/perl5/5.12.4/DBM_Filter/int32.pm
/usr/lib/perl5/5.12.4/DBM_Filter/null.pm
/usr/lib/perl5/5.12.4/DBM_Filter/utf8.pm
/usr/lib/perl5/5.12.4/Devel/InnerPackage.pm
/usr/lib/perl5/5.12.4/Devel/SelfStubber.pm
/usr/lib/perl5/5.12.4/Digest.pm
/usr/lib/perl5/5.12.4/Digest/base.pm
/usr/lib/perl5/5.12.4/Digest/file.pm
/usr/lib/perl5/5.12.4/DirHandle.pm
/usr/lib/perl5/5.12.4/Dumpvalue.pm
/usr/lib/perl5/5.12.4/Encode/Changes.e2x
/usr/lib/perl5/5.12.4/Encode/ConfigLocal_PM.e2x
/usr/lib/perl5/5.12.4/Encode/Makefile_PL.e2x
/usr/lib/perl5/5.12.4/Encode/PerlIO.pod
/usr/lib/perl5/5.12.4/Encode/README.e2x
/usr/lib/perl5/5.12.4/Encode/Supported.pod
/usr/lib/perl5/5.12.4/Encode/_PM.e2x
/usr/lib/perl5/5.12.4/Encode/_T.e2x
/usr/lib/perl5/5.12.4/Encode/encode.h
/usr/lib/perl5/5.12.4/English.pm
/usr/lib/perl5/5.12.4/Env.pm
/usr/lib/perl5/5.12.4/Exporter.pm
/usr/lib/perl5/5.12.4/Exporter/Heavy.pm
/usr/lib/perl5/5.12.4/ExtUtils/CBuilder.pm
/usr/lib/perl5/5.12.4/ExtUtils/CBuilder/Base.pm
/usr/lib/perl5/5.12.4/ExtUtils/CBuilder/Platform/Unix.pm
/usr/lib/perl5/5.12.4/ExtUtils/CBuilder/Platform/VMS.pm
/usr/lib/perl5/5.12.4/ExtUtils/CBuilder/Platform/Windows.pm
/usr/lib/perl5/5.12.4/ExtUtils/CBuilder/Platform/Windows/BCC.pm
/usr/lib/perl5/5.12.4/ExtUtils/CBuilder/Platform/Windows/GCC.pm
/usr/lib/perl5/5.12.4/ExtUtils/CBuilder/Platform/Windows/MSVC.pm
/usr/lib/perl5/5.12.4/ExtUtils/CBuilder/Platform/aix.pm
/usr/lib/perl5/5.12.4/ExtUtils/CBuilder/Platform/cygwin.pm
/usr/lib/perl5/5.12.4/ExtUtils/CBuilder/Platform/darwin.pm
/usr/lib/perl5/5.12.4/ExtUtils/CBuilder/Platform/dec_osf.pm
/usr/lib/perl5/5.12.4/ExtUtils/CBuilder/Platform/os2.pm
/usr/lib/perl5/5.12.4/ExtUtils/Command.pm
/usr/lib/perl5/5.12.4/ExtUtils/Command/MM.pm
/usr/lib/perl5/5.12.4/ExtUtils/Constant.pm
/usr/lib/perl5/5.12.4/ExtUtils/Constant/Base.pm
/usr/lib/perl5/5.12.4/ExtUtils/Constant/ProxySubs.pm
/usr/lib/perl5/5.12.4/ExtUtils/Constant/Utils.pm
/usr/lib/perl5/5.12.4/ExtUtils/Constant/XS.pm
/usr/lib/perl5/5.12.4/ExtUtils/Embed.pm
/usr/lib/perl5/5.12.4/ExtUtils/Install.pm
/usr/lib/perl5/5.12.4/ExtUtils/Installed.pm
/usr/lib/perl5/5.12.4/ExtUtils/Liblist.pm
/usr/lib/perl5/5.12.4/ExtUtils/Liblist/Kid.pm
/usr/lib/perl5/5.12.4/ExtUtils/MANIFEST.SKIP
/usr/lib/perl5/5.12.4/ExtUtils/MM.pm
/usr/lib/perl5/5.12.4/ExtUtils/MM_AIX.pm
/usr/lib/perl5/5.12.4/ExtUtils/MM_Any.pm
/usr/lib/perl5/5.12.4/ExtUtils/MM_BeOS.pm
/usr/lib/perl5/5.12.4/ExtUtils/MM_Cygwin.pm
/usr/lib/perl5/5.12.4/ExtUtils/MM_DOS.pm
/usr/lib/perl5/5.12.4/ExtUtils/MM_Darwin.pm
/usr/lib/perl5/5.12.4/ExtUtils/MM_MacOS.pm
/usr/lib/perl5/5.12.4/ExtUtils/MM_NW5.pm
/usr/lib/perl5/5.12.4/ExtUtils/MM_OS2.pm
/usr/lib/perl5/5.12.4/ExtUtils/MM_QNX.pm
/usr/lib/perl5/5.12.4/ExtUtils/MM_UWIN.pm
/usr/lib/perl5/5.12.4/ExtUtils/MM_Unix.pm
/usr/lib/perl5/5.12.4/ExtUtils/MM_VMS.pm
/usr/lib/perl5/5.12.4/ExtUtils/MM_VOS.pm
/usr/lib/perl5/5.12.4/ExtUtils/MM_Win32.pm
/usr/lib/perl5/5.12.4/ExtUtils/MM_Win95.pm
/usr/lib/perl5/5.12.4/ExtUtils/MY.pm
/usr/lib/perl5/5.12.4/ExtUtils/MakeMaker.pm
/usr/lib/perl5/5.12.4/ExtUtils/MakeMaker/Config.pm
/usr/lib/perl5/5.12.4/ExtUtils/MakeMaker/FAQ.pod
/usr/lib/perl5/5.12.4/ExtUtils/MakeMaker/Tutorial.pod
/usr/lib/perl5/5.12.4/ExtUtils/Manifest.pm
/usr/lib/perl5/5.12.4/ExtUtils/Miniperl.pm
/usr/lib/perl5/5.12.4/ExtUtils/Mkbootstrap.pm
/usr/lib/perl5/5.12.4/ExtUtils/Mksymlists.pm
/usr/lib/perl5/5.12.4/ExtUtils/Packlist.pm
/usr/lib/perl5/5.12.4/ExtUtils/ParseXS.pm
/usr/lib/perl5/5.12.4/ExtUtils/testlib.pm
/usr/lib/perl5/5.12.4/ExtUtils/typemap
/usr/lib/perl5/5.12.4/ExtUtils/xsubpp
/usr/lib/perl5/5.12.4/Fatal.pm
/usr/lib/perl5/5.12.4/File/Basename.pm
/usr/lib/perl5/5.12.4/File/CheckTree.pm
/usr/lib/perl5/5.12.4/File/Compare.pm
/usr/lib/perl5/5.12.4/File/Copy.pm
/usr/lib/perl5/5.12.4/File/DosGlob.pm
/usr/lib/perl5/5.12.4/File/Fetch.pm
/usr/lib/perl5/5.12.4/File/Find.pm
/usr/lib/perl5/5.12.4/File/GlobMapper.pm
/usr/lib/perl5/5.12.4/File/Path.pm
/usr/lib/perl5/5.12.4/File/Temp.pm
/usr/lib/perl5/5.12.4/File/stat.pm
/usr/lib/perl5/5.12.4/FileCache.pm
/usr/lib/perl5/5.12.4/FileHandle.pm
/usr/lib/perl5/5.12.4/Filter/Simple.pm
/usr/lib/perl5/5.12.4/FindBin.pm
/usr/lib/perl5/5.12.4/Getopt/Long.pm
/usr/lib/perl5/5.12.4/Getopt/Std.pm
/usr/lib/perl5/5.12.4/I18N/Collate.pm
/usr/lib/perl5/5.12.4/I18N/LangTags.pm
/usr/lib/perl5/5.12.4/I18N/LangTags/Detect.pm
/usr/lib/perl5/5.12.4/I18N/LangTags/List.pm
/usr/lib/perl5/5.12.4/IO/Compress/Adapter/Bzip2.pm
/usr/lib/perl5/5.12.4/IO/Compress/Adapter/Deflate.pm
/usr/lib/perl5/5.12.4/IO/Compress/Adapter/Identity.pm
/usr/lib/perl5/5.12.4/IO/Compress/Base.pm
/usr/lib/perl5/5.12.4/IO/Compress/Base/Common.pm
/usr/lib/perl5/5.12.4/IO/Compress/Bzip2.pm
/usr/lib/perl5/5.12.4/IO/Compress/Deflate.pm
/usr/lib/perl5/5.12.4/IO/Compress/Gzip.pm
/usr/lib/perl5/5.12.4/IO/Compress/Gzip/Constants.pm
/usr/lib/perl5/5.12.4/IO/Compress/RawDeflate.pm
/usr/lib/perl5/5.12.4/IO/Compress/Zip.pm
/usr/lib/perl5/5.12.4/IO/Compress/Zip/Constants.pm
/usr/lib/perl5/5.12.4/IO/Compress/Zlib/Constants.pm
/usr/lib/perl5/5.12.4/IO/Compress/Zlib/Extra.pm
/usr/lib/perl5/5.12.4/IO/Uncompress/Adapter/Bunzip2.pm
/usr/lib/perl5/5.12.4/IO/Uncompress/Adapter/Identity.pm
/usr/lib/perl5/5.12.4/IO/Uncompress/Adapter/Inflate.pm
/usr/lib/perl5/5.12.4/IO/Uncompress/AnyInflate.pm
/usr/lib/perl5/5.12.4/IO/Uncompress/AnyUncompress.pm
/usr/lib/perl5/5.12.4/IO/Uncompress/Base.pm
/usr/lib/perl5/5.12.4/IO/Uncompress/Bunzip2.pm
/usr/lib/perl5/5.12.4/IO/Uncompress/Gunzip.pm
/usr/lib/perl5/5.12.4/IO/Uncompress/Inflate.pm
/usr/lib/perl5/5.12.4/IO/Uncompress/RawInflate.pm
/usr/lib/perl5/5.12.4/IO/Uncompress/Unzip.pm
/usr/lib/perl5/5.12.4/IO/Zlib.pm
/usr/lib/perl5/5.12.4/IPC/Cmd.pm
/usr/lib/perl5/5.12.4/IPC/Open2.pm
/usr/lib/perl5/5.12.4/IPC/Open3.pm
/usr/lib/perl5/5.12.4/Locale/Constants.pm
/usr/lib/perl5/5.12.4/Locale/Constants.pod
/usr/lib/perl5/5.12.4/Locale/Country.pm
/usr/lib/perl5/5.12.4/Locale/Country.pod
/usr/lib/perl5/5.12.4/Locale/Currency.pm
/usr/lib/perl5/5.12.4/Locale/Currency.pod
/usr/lib/perl5/5.12.4/Locale/Language.pm
/usr/lib/perl5/5.12.4/Locale/Language.pod
/usr/lib/perl5/5.12.4/Locale/Maketext.pm
/usr/lib/perl5/5.12.4/Locale/Maketext.pod
/usr/lib/perl5/5.12.4/Locale/Maketext/Guts.pm
/usr/lib/perl5/5.12.4/Locale/Maketext/GutsLoader.pm
/usr/lib/perl5/5.12.4/Locale/Maketext/Simple.pm
/usr/lib/perl5/5.12.4/Locale/Maketext/TPJ13.pod
/usr/lib/perl5/5.12.4/Locale/Script.pm
/usr/lib/perl5/5.12.4/Locale/Script.pod
/usr/lib/perl5/5.12.4/Log/Message.pm
/usr/lib/perl5/5.12.4/Log/Message/Config.pm
/usr/lib/perl5/5.12.4/Log/Message/Handlers.pm
/usr/lib/perl5/5.12.4/Log/Message/Item.pm
/usr/lib/perl5/5.12.4/Log/Message/Simple.pm
/usr/lib/perl5/5.12.4/Math/BigFloat.pm
/usr/lib/perl5/5.12.4/Math/BigFloat/Trace.pm
/usr/lib/perl5/5.12.4/Math/BigInt.pm
/usr/lib/perl5/5.12.4/Math/BigInt/Calc.pm
/usr/lib/perl5/5.12.4/Math/BigInt/CalcEmu.pm
/usr/lib/perl5/5.12.4/Math/BigInt/Trace.pm
/usr/lib/perl5/5.12.4/Math/BigRat.pm
/usr/lib/perl5/5.12.4/Math/Complex.pm
/usr/lib/perl5/5.12.4/Math/Trig.pm
/usr/lib/perl5/5.12.4/Memoize.pm
/usr/lib/perl5/5.12.4/Memoize/AnyDBM_File.pm
/usr/lib/perl5/5.12.4/Memoize/Expire.pm
/usr/lib/perl5/5.12.4/Memoize/ExpireFile.pm
/usr/lib/perl5/5.12.4/Memoize/ExpireTest.pm
/usr/lib/perl5/5.12.4/Memoize/NDBM_File.pm
/usr/lib/perl5/5.12.4/Memoize/SDBM_File.pm
/usr/lib/perl5/5.12.4/Memoize/Storable.pm
/usr/lib/perl5/5.12.4/Module/Build.pm
/usr/lib/perl5/5.12.4/Module/Build/API.pod
/usr/lib/perl5/5.12.4/Module/Build/Authoring.pod
/usr/lib/perl5/5.12.4/Module/Build/Base.pm
/usr/lib/perl5/5.12.4/Module/Build/Bundling.pod
/usr/lib/perl5/5.12.4/Module/Build/Compat.pm
/usr/lib/perl5/5.12.4/Module/Build/Config.pm
/usr/lib/perl5/5.12.4/Module/Build/ConfigData.pm
/usr/lib/perl5/5.12.4/Module/Build/Cookbook.pm
/usr/lib/perl5/5.12.4/Module/Build/Dumper.pm
/usr/lib/perl5/5.12.4/Module/Build/ModuleInfo.pm
/usr/lib/perl5/5.12.4/Module/Build/Notes.pm
/usr/lib/perl5/5.12.4/Module/Build/PPMMaker.pm
/usr/lib/perl5/5.12.4/Module/Build/Platform/Amiga.pm
/usr/lib/perl5/5.12.4/Module/Build/Platform/Default.pm
/usr/lib/perl5/5.12.4/Module/Build/Platform/EBCDIC.pm
/usr/lib/perl5/5.12.4/Module/Build/Platform/MPEiX.pm
/usr/lib/perl5/5.12.4/Module/Build/Platform/MacOS.pm
/usr/lib/perl5/5.12.4/Module/Build/Platform/RiscOS.pm
/usr/lib/perl5/5.12.4/Module/Build/Platform/Unix.pm
/usr/lib/perl5/5.12.4/Module/Build/Platform/VMS.pm
/usr/lib/perl5/5.12.4/Module/Build/Platform/VOS.pm
/usr/lib/perl5/5.12.4/Module/Build/Platform/Windows.pm
/usr/lib/perl5/5.12.4/Module/Build/Platform/aix.pm
/usr/lib/perl5/5.12.4/Module/Build/Platform/cygwin.pm
/usr/lib/perl5/5.12.4/Module/Build/Platform/darwin.pm
/usr/lib/perl5/5.12.4/Module/Build/Platform/os2.pm
/usr/lib/perl5/5.12.4/Module/Build/PodParser.pm
/usr/lib/perl5/5.12.4/Module/Build/Version.pm
/usr/lib/perl5/5.12.4/Module/Build/YAML.pm
/usr/lib/perl5/5.12.4/Module/CoreList.pm
/usr/lib/perl5/5.12.4/Module/Load.pm
/usr/lib/perl5/5.12.4/Module/Load/Conditional.pm
/usr/lib/perl5/5.12.4/Module/Loaded.pm
/usr/lib/perl5/5.12.4/Module/Pluggable.pm
/usr/lib/perl5/5.12.4/Module/Pluggable/Object.pm
/usr/lib/perl5/5.12.4/NEXT.pm
/usr/lib/perl5/5.12.4/Net/Cmd.pm
/usr/lib/perl5/5.12.4/Net/Config.pm
/usr/lib/perl5/5.12.4/Net/Domain.pm
/usr/lib/perl5/5.12.4/Net/FTP.pm
/usr/lib/perl5/5.12.4/Net/FTP/A.pm
/usr/lib/perl5/5.12.4/Net/FTP/E.pm
/usr/lib/perl5/5.12.4/Net/FTP/I.pm
/usr/lib/perl5/5.12.4/Net/FTP/L.pm
/usr/lib/perl5/5.12.4/Net/FTP/dataconn.pm
/usr/lib/perl5/5.12.4/Net/NNTP.pm
/usr/lib/perl5/5.12.4/Net/Netrc.pm
/usr/lib/perl5/5.12.4/Net/POP3.pm
/usr/lib/perl5/5.12.4/Net/Ping.pm
/usr/lib/perl5/5.12.4/Net/SMTP.pm
/usr/lib/perl5/5.12.4/Net/Time.pm
/usr/lib/perl5/5.12.4/Net/hostent.pm
/usr/lib/perl5/5.12.4/Net/libnetFAQ.pod
/usr/lib/perl5/5.12.4/Net/netent.pm
/usr/lib/perl5/5.12.4/Net/protoent.pm
/usr/lib/perl5/5.12.4/Net/servent.pm
/usr/lib/perl5/5.12.4/Object/Accessor.pm
/usr/lib/perl5/5.12.4/Package/Constants.pm
/usr/lib/perl5/5.12.4/Params/Check.pm
/usr/lib/perl5/5.12.4/Parse/CPAN/Meta.pm
/usr/lib/perl5/5.12.4/PerlIO.pm
/usr/lib/perl5/5.12.4/PerlIO/via/QuotedPrint.pm
/usr/lib/perl5/5.12.4/Pod/Checker.pm
/usr/lib/perl5/5.12.4/Pod/Escapes.pm
/usr/lib/perl5/5.12.4/Pod/Find.pm
/usr/lib/perl5/5.12.4/Pod/Functions.pm
/usr/lib/perl5/5.12.4/Pod/Html.pm
/usr/lib/perl5/5.12.4/Pod/InputObjects.pm
/usr/lib/perl5/5.12.4/Pod/LaTeX.pm
/usr/lib/perl5/5.12.4/Pod/Man.pm
/usr/lib/perl5/5.12.4/Pod/ParseLink.pm
/usr/lib/perl5/5.12.4/Pod/ParseUtils.pm
/usr/lib/perl5/5.12.4/Pod/Parser.pm
/usr/lib/perl5/5.12.4/Pod/Perldoc.pm
/usr/lib/perl5/5.12.4/Pod/Perldoc/BaseTo.pm
/usr/lib/perl5/5.12.4/Pod/Perldoc/GetOptsOO.pm
/usr/lib/perl5/5.12.4/Pod/Perldoc/ToChecker.pm
/usr/lib/perl5/5.12.4/Pod/Perldoc/ToMan.pm
/usr/lib/perl5/5.12.4/Pod/Perldoc/ToNroff.pm
/usr/lib/perl5/5.12.4/Pod/Perldoc/ToPod.pm
/usr/lib/perl5/5.12.4/Pod/Perldoc/ToRtf.pm
/usr/lib/perl5/5.12.4/Pod/Perldoc/ToText.pm
/usr/lib/perl5/5.12.4/Pod/Perldoc/ToTk.pm
/usr/lib/perl5/5.12.4/Pod/Perldoc/ToXml.pm
/usr/lib/perl5/5.12.4/Pod/PlainText.pm
/usr/lib/perl5/5.12.4/Pod/Plainer.pm
/usr/lib/perl5/5.12.4/Pod/Select.pm
/usr/lib/perl5/5.12.4/Pod/Simple.pm
/usr/lib/perl5/5.12.4/Pod/Simple.pod
/usr/lib/perl5/5.12.4/Pod/Simple/BlackBox.pm
/usr/lib/perl5/5.12.4/Pod/Simple/Checker.pm
/usr/lib/perl5/5.12.4/Pod/Simple/Debug.pm
/usr/lib/perl5/5.12.4/Pod/Simple/DumpAsText.pm
/usr/lib/perl5/5.12.4/Pod/Simple/DumpAsXML.pm
/usr/lib/perl5/5.12.4/Pod/Simple/HTML.pm
/usr/lib/perl5/5.12.4/Pod/Simple/HTMLBatch.pm
/usr/lib/perl5/5.12.4/Pod/Simple/HTMLLegacy.pm
/usr/lib/perl5/5.12.4/Pod/Simple/LinkSection.pm
/usr/lib/perl5/5.12.4/Pod/Simple/Methody.pm
/usr/lib/perl5/5.12.4/Pod/Simple/Progress.pm
/usr/lib/perl5/5.12.4/Pod/Simple/PullParser.pm
/usr/lib/perl5/5.12.4/Pod/Simple/PullParserEndToken.pm
/usr/lib/perl5/5.12.4/Pod/Simple/PullParserStartToken.pm
/usr/lib/perl5/5.12.4/Pod/Simple/PullParserTextToken.pm
/usr/lib/perl5/5.12.4/Pod/Simple/PullParserToken.pm
/usr/lib/perl5/5.12.4/Pod/Simple/RTF.pm
/usr/lib/perl5/5.12.4/Pod/Simple/Search.pm
/usr/lib/perl5/5.12.4/Pod/Simple/SimpleTree.pm
/usr/lib/perl5/5.12.4/Pod/Simple/Subclassing.pod
/usr/lib/perl5/5.12.4/Pod/Simple/Text.pm
/usr/lib/perl5/5.12.4/Pod/Simple/TextContent.pm
/usr/lib/perl5/5.12.4/Pod/Simple/TiedOutFH.pm
/usr/lib/perl5/5.12.4/Pod/Simple/Transcode.pm
/usr/lib/perl5/5.12.4/Pod/Simple/TranscodeDumb.pm
/usr/lib/perl5/5.12.4/Pod/Simple/TranscodeSmart.pm
/usr/lib/perl5/5.12.4/Pod/Simple/XHTML.pm
/usr/lib/perl5/5.12.4/Pod/Simple/XMLOutStream.pm
/usr/lib/perl5/5.12.4/Pod/Text.pm
/usr/lib/perl5/5.12.4/Pod/Text/Color.pm
/usr/lib/perl5/5.12.4/Pod/Text/Overstrike.pm
/usr/lib/perl5/5.12.4/Pod/Text/Termcap.pm
/usr/lib/perl5/5.12.4/Pod/Usage.pm
/usr/lib/perl5/5.12.4/Safe.pm
/usr/lib/perl5/5.12.4/Search/Dict.pm
/usr/lib/perl5/5.12.4/SelectSaver.pm
/usr/lib/perl5/5.12.4/SelfLoader.pm
/usr/lib/perl5/5.12.4/Shell.pm
/usr/lib/perl5/5.12.4/Switch.pm
/usr/lib/perl5/5.12.4/Symbol.pm
/usr/lib/perl5/5.12.4/TAP/Base.pm
/usr/lib/perl5/5.12.4/TAP/Formatter/Base.pm
/usr/lib/perl5/5.12.4/TAP/Formatter/Color.pm
/usr/lib/perl5/5.12.4/TAP/Formatter/Console.pm
/usr/lib/perl5/5.12.4/TAP/Formatter/Console/ParallelSession.pm
/usr/lib/perl5/5.12.4/TAP/Formatter/Console/Session.pm
/usr/lib/perl5/5.12.4/TAP/Formatter/File.pm
/usr/lib/perl5/5.12.4/TAP/Formatter/File/Session.pm
/usr/lib/perl5/5.12.4/TAP/Formatter/Session.pm
/usr/lib/perl5/5.12.4/TAP/Harness.pm
/usr/lib/perl5/5.12.4/TAP/Object.pm
/usr/lib/perl5/5.12.4/TAP/Parser.pm
/usr/lib/perl5/5.12.4/TAP/Parser/Aggregator.pm
/usr/lib/perl5/5.12.4/TAP/Parser/Grammar.pm
/usr/lib/perl5/5.12.4/TAP/Parser/Iterator.pm
/usr/lib/perl5/5.12.4/TAP/Parser/Iterator/Array.pm
/usr/lib/perl5/5.12.4/TAP/Parser/Iterator/Process.pm
/usr/lib/perl5/5.12.4/TAP/Parser/Iterator/Stream.pm
/usr/lib/perl5/5.12.4/TAP/Parser/IteratorFactory.pm
/usr/lib/perl5/5.12.4/TAP/Parser/Multiplexer.pm
/usr/lib/perl5/5.12.4/TAP/Parser/Result.pm
/usr/lib/perl5/5.12.4/TAP/Parser/Result/Bailout.pm
/usr/lib/perl5/5.12.4/TAP/Parser/Result/Comment.pm
/usr/lib/perl5/5.12.4/TAP/Parser/Result/Plan.pm
/usr/lib/perl5/5.12.4/TAP/Parser/Result/Pragma.pm
/usr/lib/perl5/5.12.4/TAP/Parser/Result/Test.pm
/usr/lib/perl5/5.12.4/TAP/Parser/Result/Unknown.pm
/usr/lib/perl5/5.12.4/TAP/Parser/Result/Version.pm
/usr/lib/perl5/5.12.4/TAP/Parser/Result/YAML.pm
/usr/lib/perl5/5.12.4/TAP/Parser/ResultFactory.pm
/usr/lib/perl5/5.12.4/TAP/Parser/Scheduler.pm
/usr/lib/perl5/5.12.4/TAP/Parser/Scheduler/Job.pm
/usr/lib/perl5/5.12.4/TAP/Parser/Scheduler/Spinner.pm
/usr/lib/perl5/5.12.4/TAP/Parser/Source.pm
/usr/lib/perl5/5.12.4/TAP/Parser/Source/Perl.pm
/usr/lib/perl5/5.12.4/TAP/Parser/Utils.pm
/usr/lib/perl5/5.12.4/TAP/Parser/YAMLish/Reader.pm
/usr/lib/perl5/5.12.4/TAP/Parser/YAMLish/Writer.pm
/usr/lib/perl5/5.12.4/Term/ANSIColor.pm
/usr/lib/perl5/5.12.4/Term/Cap.pm
/usr/lib/perl5/5.12.4/Term/Complete.pm
/usr/lib/perl5/5.12.4/Term/ReadLine.pm
/usr/lib/perl5/5.12.4/Term/UI.pm
/usr/lib/perl5/5.12.4/Term/UI/History.pm
/usr/lib/perl5/5.12.4/Test.pm
/usr/lib/perl5/5.12.4/Test/Builder.pm
/usr/lib/perl5/5.12.4/Test/Builder/Module.pm
/usr/lib/perl5/5.12.4/Test/Builder/Tester.pm
/usr/lib/perl5/5.12.4/Test/Builder/Tester/Color.pm
/usr/lib/perl5/5.12.4/Test/Harness.pm
/usr/lib/perl5/5.12.4/Test/More.pm
/usr/lib/perl5/5.12.4/Test/Simple.pm
/usr/lib/perl5/5.12.4/Test/Tutorial.pod
/usr/lib/perl5/5.12.4/Text/Abbrev.pm
/usr/lib/perl5/5.12.4/Text/Balanced.pm
/usr/lib/perl5/5.12.4/Text/ParseWords.pm
/usr/lib/perl5/5.12.4/Text/Tabs.pm
/usr/lib/perl5/5.12.4/Text/Wrap.pm
/usr/lib/perl5/5.12.4/Thread.pm
/usr/lib/perl5/5.12.4/Thread/Queue.pm
/usr/lib/perl5/5.12.4/Thread/Semaphore.pm
/usr/lib/perl5/5.12.4/Tie/Array.pm
/usr/lib/perl5/5.12.4/Tie/File.pm
/usr/lib/perl5/5.12.4/Tie/Handle.pm
/usr/lib/perl5/5.12.4/Tie/Hash.pm
/usr/lib/perl5/5.12.4/Tie/Hash/NamedCapture.pm
/usr/lib/perl5/5.12.4/Tie/Memoize.pm
/usr/lib/perl5/5.12.4/Tie/RefHash.pm
/usr/lib/perl5/5.12.4/Tie/Scalar.pm
/usr/lib/perl5/5.12.4/Tie/StdHandle.pm
/usr/lib/perl5/5.12.4/Tie/SubstrHash.pm
/usr/lib/perl5/5.12.4/Time/Local.pm
/usr/lib/perl5/5.12.4/Time/gmtime.pm
/usr/lib/perl5/5.12.4/Time/localtime.pm
/usr/lib/perl5/5.12.4/Time/tm.pm
/usr/lib/perl5/5.12.4/UNIVERSAL.pm
/usr/lib/perl5/5.12.4/Unicode/Collate.pm
/usr/lib/perl5/5.12.4/Unicode/Collate/allkeys.txt
/usr/lib/perl5/5.12.4/Unicode/Collate/keys.txt
/usr/lib/perl5/5.12.4/Unicode/UCD.pm
/usr/lib/perl5/5.12.4/User/grent.pm
/usr/lib/perl5/5.12.4/User/pwent.pm
/usr/lib/perl5/5.12.4/XSLoader.pm
/usr/lib/perl5/5.12.4/abbrev.pl
/usr/lib/perl5/5.12.4/assert.pl
/usr/lib/perl5/5.12.4/autodie.pm
/usr/lib/perl5/5.12.4/autodie/exception.pm
/usr/lib/perl5/5.12.4/autodie/exception/system.pm
/usr/lib/perl5/5.12.4/autodie/hints.pm
/usr/lib/perl5/5.12.4/autouse.pm
/usr/lib/perl5/5.12.4/base.pm
/usr/lib/perl5/5.12.4/bigfloat.pl
/usr/lib/perl5/5.12.4/bigint.pl
/usr/lib/perl5/5.12.4/bigint.pm
/usr/lib/perl5/5.12.4/bignum.pm
/usr/lib/perl5/5.12.4/bigrat.pl
/usr/lib/perl5/5.12.4/bigrat.pm
/usr/lib/perl5/5.12.4/blib.pm
/usr/lib/perl5/5.12.4/bytes.pm
/usr/lib/perl5/5.12.4/bytes_heavy.pl
/usr/lib/perl5/5.12.4/cacheout.pl
/usr/lib/perl5/5.12.4/charnames.pm
/usr/lib/perl5/5.12.4/complete.pl
/usr/lib/perl5/5.12.4/constant.pm
/usr/lib/perl5/5.12.4/ctime.pl
/usr/lib/perl5/5.12.4/deprecate.pm
/usr/lib/perl5/5.12.4/diagnostics.pm
/usr/lib/perl5/5.12.4/dotsh.pl
/usr/lib/perl5/5.12.4/dumpvar.pl
/usr/lib/perl5/5.12.4/encoding/warnings.pm
/usr/lib/perl5/5.12.4/exceptions.pl
/usr/lib/perl5/5.12.4/fastcwd.pl
/usr/lib/perl5/5.12.4/feature.pm
/usr/lib/perl5/5.12.4/fields.pm
/usr/lib/perl5/5.12.4/filetest.pm
/usr/lib/perl5/5.12.4/find.pl
/usr/lib/perl5/5.12.4/finddepth.pl
/usr/lib/perl5/5.12.4/flush.pl
/usr/lib/perl5/5.12.4/getcwd.pl
/usr/lib/perl5/5.12.4/getopt.pl
/usr/lib/perl5/5.12.4/getopts.pl
/usr/lib/perl5/5.12.4/hostname.pl
/usr/lib/perl5/5.12.4/$(ARCH)-linux/B.pm
/usr/lib/perl5/5.12.4/$(ARCH)-linux/B/Concise.pm
/usr/lib/perl5/5.12.4/$(ARCH)-linux/B/Showlex.pm
/usr/lib/perl5/5.12.4/$(ARCH)-linux/B/Terse.pm
/usr/lib/perl5/5.12.4/$(ARCH)-linux/B/Xref.pm
/usr/lib/perl5/5.12.4/$(ARCH)-linux/CORE/EXTERN.h
/usr/lib/perl5/5.12.4/$(ARCH)-linux/CORE/INTERN.h
/usr/lib/perl5/5.12.4/$(ARCH)-linux/CORE/XSUB.h
/usr/lib/perl5/5.12.4/$(ARCH)-linux/CORE/av.h
/usr/lib/perl5/5.12.4/$(ARCH)-linux/CORE/bitcount.h
/usr/lib/perl5/5.12.4/$(ARCH)-linux/CORE/cc_runtime.h
/usr/lib/perl5/5.12.4/$(ARCH)-linux/CORE/config.h
/usr/lib/perl5/5.12.4/$(ARCH)-linux/CORE/cop.h
/usr/lib/perl5/5.12.4/$(ARCH)-linux/CORE/cv.h
/usr/lib/perl5/5.12.4/$(ARCH)-linux/CORE/dosish.h
/usr/lib/perl5/5.12.4/$(ARCH)-linux/CORE/embed.h
/usr/lib/perl5/5.12.4/$(ARCH)-linux/CORE/embedvar.h
/usr/lib/perl5/5.12.4/$(ARCH)-linux/CORE/fakesdio.h
/usr/lib/perl5/5.12.4/$(ARCH)-linux/CORE/fakethr.h
/usr/lib/perl5/5.12.4/$(ARCH)-linux/CORE/form.h
/usr/lib/perl5/5.12.4/$(ARCH)-linux/CORE/git_version.h
/usr/lib/perl5/5.12.4/$(ARCH)-linux/CORE/gv.h
/usr/lib/perl5/5.12.4/$(ARCH)-linux/CORE/handy.h
/usr/lib/perl5/5.12.4/$(ARCH)-linux/CORE/hv.h
/usr/lib/perl5/5.12.4/$(ARCH)-linux/CORE/intrpvar.h
/usr/lib/perl5/5.12.4/$(ARCH)-linux/CORE/iperlsys.h
/usr/lib/perl5/5.12.4/$(ARCH)-linux/CORE/keywords.h
/usr/lib/perl5/5.12.4/$(ARCH)-linux/CORE/libperl.so
/usr/lib/perl5/5.12.4/$(ARCH)-linux/CORE/libperl.so.5.12
/usr/lib/perl5/5.12.4/$(ARCH)-linux/CORE/libperl.so.5.12.4
/usr/lib/perl5/5.12.4/$(ARCH)-linux/CORE/malloc_ctl.h
/usr/lib/perl5/5.12.4/$(ARCH)-linux/CORE/mg.h
/usr/lib/perl5/5.12.4/$(ARCH)-linux/CORE/mydtrace.h
/usr/lib/perl5/5.12.4/$(ARCH)-linux/CORE/nostdio.h
/usr/lib/perl5/5.12.4/$(ARCH)-linux/CORE/op.h
/usr/lib/perl5/5.12.4/$(ARCH)-linux/CORE/opcode.h
/usr/lib/perl5/5.12.4/$(ARCH)-linux/CORE/opnames.h
/usr/lib/perl5/5.12.4/$(ARCH)-linux/CORE/overload.h
/usr/lib/perl5/5.12.4/$(ARCH)-linux/CORE/pad.h
/usr/lib/perl5/5.12.4/$(ARCH)-linux/CORE/parser.h
/usr/lib/perl5/5.12.4/$(ARCH)-linux/CORE/patchlevel.h
/usr/lib/perl5/5.12.4/$(ARCH)-linux/CORE/perl.h
/usr/lib/perl5/5.12.4/$(ARCH)-linux/CORE/perlapi.h
/usr/lib/perl5/5.12.4/$(ARCH)-linux/CORE/perlio.h
/usr/lib/perl5/5.12.4/$(ARCH)-linux/CORE/perliol.h
/usr/lib/perl5/5.12.4/$(ARCH)-linux/CORE/perlsdio.h
/usr/lib/perl5/5.12.4/$(ARCH)-linux/CORE/perlsfio.h
/usr/lib/perl5/5.12.4/$(ARCH)-linux/CORE/perlvars.h
/usr/lib/perl5/5.12.4/$(ARCH)-linux/CORE/perly.h
/usr/lib/perl5/5.12.4/$(ARCH)-linux/CORE/pp.h
/usr/lib/perl5/5.12.4/$(ARCH)-linux/CORE/pp_proto.h
/usr/lib/perl5/5.12.4/$(ARCH)-linux/CORE/proto.h
/usr/lib/perl5/5.12.4/$(ARCH)-linux/CORE/reentr.h
/usr/lib/perl5/5.12.4/$(ARCH)-linux/CORE/regcharclass.h
/usr/lib/perl5/5.12.4/$(ARCH)-linux/CORE/regcomp.h
/usr/lib/perl5/5.12.4/$(ARCH)-linux/CORE/regexp.h
/usr/lib/perl5/5.12.4/$(ARCH)-linux/CORE/regnodes.h
/usr/lib/perl5/5.12.4/$(ARCH)-linux/CORE/scope.h
/usr/lib/perl5/5.12.4/$(ARCH)-linux/CORE/sv.h
/usr/lib/perl5/5.12.4/$(ARCH)-linux/CORE/thread.h
/usr/lib/perl5/5.12.4/$(ARCH)-linux/CORE/time64.h
/usr/lib/perl5/5.12.4/$(ARCH)-linux/CORE/time64_config.h
/usr/lib/perl5/5.12.4/$(ARCH)-linux/CORE/uconfig.h
/usr/lib/perl5/5.12.4/$(ARCH)-linux/CORE/unixish.h
/usr/lib/perl5/5.12.4/$(ARCH)-linux/CORE/utf8.h
/usr/lib/perl5/5.12.4/$(ARCH)-linux/CORE/utfebcdic.h
/usr/lib/perl5/5.12.4/$(ARCH)-linux/CORE/util.h
/usr/lib/perl5/5.12.4/$(ARCH)-linux/CORE/uudmap.h
/usr/lib/perl5/5.12.4/$(ARCH)-linux/CORE/warnings.h
/usr/lib/perl5/5.12.4/$(ARCH)-linux/Compress/Raw/Bzip2.pm
/usr/lib/perl5/5.12.4/$(ARCH)-linux/Compress/Raw/Zlib.pm
/usr/lib/perl5/5.12.4/$(ARCH)-linux/Config.pm
/usr/lib/perl5/5.12.4/$(ARCH)-linux/Config.pod
/usr/lib/perl5/5.12.4/$(ARCH)-linux/Config_git.pl
/usr/lib/perl5/5.12.4/$(ARCH)-linux/Config_heavy.pl
/usr/lib/perl5/5.12.4/$(ARCH)-linux/Cwd.pm
/usr/lib/perl5/5.12.4/$(ARCH)-linux/DB_File.pm
/usr/lib/perl5/5.12.4/$(ARCH)-linux/Data/Dumper.pm
/usr/lib/perl5/5.12.4/$(ARCH)-linux/Devel/DProf.pm
/usr/lib/perl5/5.12.4/$(ARCH)-linux/Devel/PPPort.pm
/usr/lib/perl5/5.12.4/$(ARCH)-linux/Devel/Peek.pm
/usr/lib/perl5/5.12.4/$(ARCH)-linux/Digest/MD5.pm
/usr/lib/perl5/5.12.4/$(ARCH)-linux/Digest/SHA.pm
/usr/lib/perl5/5.12.4/$(ARCH)-linux/DynaLoader.pm
/usr/lib/perl5/5.12.4/$(ARCH)-linux/Encode.pm
/usr/lib/perl5/5.12.4/$(ARCH)-linux/Encode/Alias.pm
/usr/lib/perl5/5.12.4/$(ARCH)-linux/Encode/Byte.pm
/usr/lib/perl5/5.12.4/$(ARCH)-linux/Encode/CJKConstants.pm
/usr/lib/perl5/5.12.4/$(ARCH)-linux/Encode/CN.pm
/usr/lib/perl5/5.12.4/$(ARCH)-linux/Encode/CN/HZ.pm
/usr/lib/perl5/5.12.4/$(ARCH)-linux/Encode/Config.pm
/usr/lib/perl5/5.12.4/$(ARCH)-linux/Encode/EBCDIC.pm
/usr/lib/perl5/5.12.4/$(ARCH)-linux/Encode/Encoder.pm
/usr/lib/perl5/5.12.4/$(ARCH)-linux/Encode/Encoding.pm
/usr/lib/perl5/5.12.4/$(ARCH)-linux/Encode/GSM0338.pm
/usr/lib/perl5/5.12.4/$(ARCH)-linux/Encode/Guess.pm
/usr/lib/perl5/5.12.4/$(ARCH)-linux/Encode/JP.pm
/usr/lib/perl5/5.12.4/$(ARCH)-linux/Encode/JP/H2Z.pm
/usr/lib/perl5/5.12.4/$(ARCH)-linux/Encode/JP/JIS7.pm
/usr/lib/perl5/5.12.4/$(ARCH)-linux/Encode/KR.pm
/usr/lib/perl5/5.12.4/$(ARCH)-linux/Encode/KR/2022_KR.pm
/usr/lib/perl5/5.12.4/$(ARCH)-linux/Encode/MIME/Header.pm
/usr/lib/perl5/5.12.4/$(ARCH)-linux/Encode/MIME/Header/ISO_2022_JP.pm
/usr/lib/perl5/5.12.4/$(ARCH)-linux/Encode/MIME/Name.pm
/usr/lib/perl5/5.12.4/$(ARCH)-linux/Encode/Symbol.pm
/usr/lib/perl5/5.12.4/$(ARCH)-linux/Encode/TW.pm
/usr/lib/perl5/5.12.4/$(ARCH)-linux/Encode/Unicode.pm
/usr/lib/perl5/5.12.4/$(ARCH)-linux/Encode/Unicode/UTF7.pm
/usr/lib/perl5/5.12.4/$(ARCH)-linux/Errno.pm
/usr/lib/perl5/5.12.4/$(ARCH)-linux/Fcntl.pm
/usr/lib/perl5/5.12.4/$(ARCH)-linux/File/Glob.pm
/usr/lib/perl5/5.12.4/$(ARCH)-linux/File/Spec.pm
/usr/lib/perl5/5.12.4/$(ARCH)-linux/File/Spec/Cygwin.pm
/usr/lib/perl5/5.12.4/$(ARCH)-linux/File/Spec/Epoc.pm
/usr/lib/perl5/5.12.4/$(ARCH)-linux/File/Spec/Functions.pm
/usr/lib/perl5/5.12.4/$(ARCH)-linux/File/Spec/Mac.pm
/usr/lib/perl5/5.12.4/$(ARCH)-linux/File/Spec/OS2.pm
/usr/lib/perl5/5.12.4/$(ARCH)-linux/File/Spec/Unix.pm
/usr/lib/perl5/5.12.4/$(ARCH)-linux/File/Spec/VMS.pm
/usr/lib/perl5/5.12.4/$(ARCH)-linux/File/Spec/Win32.pm
/usr/lib/perl5/5.12.4/$(ARCH)-linux/Filter/Util/Call.pm
/usr/lib/perl5/5.12.4/$(ARCH)-linux/GDBM_File.pm
/usr/lib/perl5/5.12.4/$(ARCH)-linux/Hash/Util.pm
/usr/lib/perl5/5.12.4/$(ARCH)-linux/Hash/Util/FieldHash.pm
/usr/lib/perl5/5.12.4/$(ARCH)-linux/I18N/Langinfo.pm
/usr/lib/perl5/5.12.4/$(ARCH)-linux/IO.pm
/usr/lib/perl5/5.12.4/$(ARCH)-linux/IO/Dir.pm
/usr/lib/perl5/5.12.4/$(ARCH)-linux/IO/File.pm
/usr/lib/perl5/5.12.4/$(ARCH)-linux/IO/Handle.pm
/usr/lib/perl5/5.12.4/$(ARCH)-linux/IO/Pipe.pm
/usr/lib/perl5/5.12.4/$(ARCH)-linux/IO/Poll.pm
/usr/lib/perl5/5.12.4/$(ARCH)-linux/IO/Seekable.pm
/usr/lib/perl5/5.12.4/$(ARCH)-linux/IO/Select.pm
/usr/lib/perl5/5.12.4/$(ARCH)-linux/IO/Socket.pm
/usr/lib/perl5/5.12.4/$(ARCH)-linux/IO/Socket/INET.pm
/usr/lib/perl5/5.12.4/$(ARCH)-linux/IO/Socket/UNIX.pm
/usr/lib/perl5/5.12.4/$(ARCH)-linux/IPC/Msg.pm
/usr/lib/perl5/5.12.4/$(ARCH)-linux/IPC/Semaphore.pm
/usr/lib/perl5/5.12.4/$(ARCH)-linux/IPC/SharedMem.pm
/usr/lib/perl5/5.12.4/$(ARCH)-linux/IPC/SysV.pm
/usr/lib/perl5/5.12.4/$(ARCH)-linux/List/Util.pm
/usr/lib/perl5/5.12.4/$(ARCH)-linux/List/Util/PP.pm
/usr/lib/perl5/5.12.4/$(ARCH)-linux/List/Util/XS.pm
/usr/lib/perl5/5.12.4/$(ARCH)-linux/MIME/Base64.pm
/usr/lib/perl5/5.12.4/$(ARCH)-linux/MIME/QuotedPrint.pm
/usr/lib/perl5/5.12.4/$(ARCH)-linux/Math/BigInt/FastCalc.pm
/usr/lib/perl5/5.12.4/$(ARCH)-linux/NDBM_File.pm
/usr/lib/perl5/5.12.4/$(ARCH)-linux/O.pm
/usr/lib/perl5/5.12.4/$(ARCH)-linux/Opcode.pm
/usr/lib/perl5/5.12.4/$(ARCH)-linux/POSIX.pm
/usr/lib/perl5/5.12.4/$(ARCH)-linux/POSIX.pod
/usr/lib/perl5/5.12.4/$(ARCH)-linux/PerlIO/encoding.pm
/usr/lib/perl5/5.12.4/$(ARCH)-linux/PerlIO/scalar.pm
/usr/lib/perl5/5.12.4/$(ARCH)-linux/PerlIO/via.pm
/usr/lib/perl5/5.12.4/$(ARCH)-linux/SDBM_File.pm
/usr/lib/perl5/5.12.4/$(ARCH)-linux/Scalar/Util.pm
/usr/lib/perl5/5.12.4/$(ARCH)-linux/Scalar/Util/PP.pm
/usr/lib/perl5/5.12.4/$(ARCH)-linux/Socket.pm
/usr/lib/perl5/5.12.4/$(ARCH)-linux/Storable.pm
/usr/lib/perl5/5.12.4/$(ARCH)-linux/Sys/Hostname.pm
/usr/lib/perl5/5.12.4/$(ARCH)-linux/Sys/Syslog.pm
/usr/lib/perl5/5.12.4/$(ARCH)-linux/Text/Soundex.pm
/usr/lib/perl5/5.12.4/$(ARCH)-linux/Time/HiRes.pm
/usr/lib/perl5/5.12.4/$(ARCH)-linux/Time/Piece.pm
/usr/lib/perl5/5.12.4/$(ARCH)-linux/Time/Seconds.pm
/usr/lib/perl5/5.12.4/$(ARCH)-linux/Unicode/Normalize.pm
/usr/lib/perl5/5.12.4/$(ARCH)-linux/attributes.pm
/usr/lib/perl5/5.12.4/$(ARCH)-linux/auto/B/B.so
/usr/lib/perl5/5.12.4/$(ARCH)-linux/auto/Compress/Raw/Bzip2/Bzip2.so
/usr/lib/perl5/5.12.4/$(ARCH)-linux/auto/Compress/Raw/Bzip2/autosplit.ix
/usr/lib/perl5/5.12.4/$(ARCH)-linux/auto/Compress/Raw/Zlib/Zlib.so
/usr/lib/perl5/5.12.4/$(ARCH)-linux/auto/Compress/Raw/Zlib/autosplit.ix
/usr/lib/perl5/5.12.4/$(ARCH)-linux/auto/Cwd/Cwd.so
/usr/lib/perl5/5.12.4/$(ARCH)-linux/auto/DB_File/DB_File.so
/usr/lib/perl5/5.12.4/$(ARCH)-linux/auto/DB_File/autosplit.ix
/usr/lib/perl5/5.12.4/$(ARCH)-linux/auto/Data/Dumper/Dumper.so
/usr/lib/perl5/5.12.4/$(ARCH)-linux/auto/Devel/DProf/DProf.so
/usr/lib/perl5/5.12.4/$(ARCH)-linux/auto/Devel/PPPort/PPPort.so
/usr/lib/perl5/5.12.4/$(ARCH)-linux/auto/Devel/Peek/Peek.so
/usr/lib/perl5/5.12.4/$(ARCH)-linux/auto/Digest/MD5/MD5.so
/usr/lib/perl5/5.12.4/$(ARCH)-linux/auto/Digest/SHA/SHA.so
/usr/lib/perl5/5.12.4/$(ARCH)-linux/auto/DynaLoader/autosplit.ix
/usr/lib/perl5/5.12.4/$(ARCH)-linux/auto/DynaLoader/dl_expandspec.al
/usr/lib/perl5/5.12.4/$(ARCH)-linux/auto/DynaLoader/dl_find_symbol_anywhere.al
/usr/lib/perl5/5.12.4/$(ARCH)-linux/auto/DynaLoader/dl_findfile.al
/usr/lib/perl5/5.12.4/$(ARCH)-linux/auto/Encode/Byte/Byte.so
/usr/lib/perl5/5.12.4/$(ARCH)-linux/auto/Encode/CN/CN.so
/usr/lib/perl5/5.12.4/$(ARCH)-linux/auto/Encode/EBCDIC/EBCDIC.so
/usr/lib/perl5/5.12.4/$(ARCH)-linux/auto/Encode/Encode.so
/usr/lib/perl5/5.12.4/$(ARCH)-linux/auto/Encode/JP/JP.so
/usr/lib/perl5/5.12.4/$(ARCH)-linux/auto/Encode/KR/KR.so
/usr/lib/perl5/5.12.4/$(ARCH)-linux/auto/Encode/Symbol/Symbol.so
/usr/lib/perl5/5.12.4/$(ARCH)-linux/auto/Encode/TW/TW.so
/usr/lib/perl5/5.12.4/$(ARCH)-linux/auto/Encode/Unicode/Unicode.so
/usr/lib/perl5/5.12.4/$(ARCH)-linux/auto/Fcntl/Fcntl.so
/usr/lib/perl5/5.12.4/$(ARCH)-linux/auto/File/Glob/Glob.so
/usr/lib/perl5/5.12.4/$(ARCH)-linux/auto/Filter/Util/Call/Call.so
/usr/lib/perl5/5.12.4/$(ARCH)-linux/auto/GDBM_File/GDBM_File.so
/usr/lib/perl5/5.12.4/$(ARCH)-linux/auto/Hash/Util/FieldHash/FieldHash.so
/usr/lib/perl5/5.12.4/$(ARCH)-linux/auto/Hash/Util/Util.so
/usr/lib/perl5/5.12.4/$(ARCH)-linux/auto/I18N/Langinfo/Langinfo.so
/usr/lib/perl5/5.12.4/$(ARCH)-linux/auto/I18N/Langinfo/autosplit.ix
/usr/lib/perl5/5.12.4/$(ARCH)-linux/auto/IO/IO.so
/usr/lib/perl5/5.12.4/$(ARCH)-linux/auto/IPC/SysV/SysV.so
/usr/lib/perl5/5.12.4/$(ARCH)-linux/auto/List/Util/Util.so
/usr/lib/perl5/5.12.4/$(ARCH)-linux/auto/MIME/Base64/Base64.so
/usr/lib/perl5/5.12.4/$(ARCH)-linux/auto/Math/BigInt/FastCalc/FastCalc.so
/usr/lib/perl5/5.12.4/$(ARCH)-linux/auto/NDBM_File/NDBM_File.so
/usr/lib/perl5/5.12.4/$(ARCH)-linux/auto/Opcode/Opcode.so
/usr/lib/perl5/5.12.4/$(ARCH)-linux/auto/POSIX/POSIX.so
/usr/lib/perl5/5.12.4/$(ARCH)-linux/auto/POSIX/SigAction/flags.al
/usr/lib/perl5/5.12.4/$(ARCH)-linux/auto/POSIX/SigAction/handler.al
/usr/lib/perl5/5.12.4/$(ARCH)-linux/auto/POSIX/SigAction/mask.al
/usr/lib/perl5/5.12.4/$(ARCH)-linux/auto/POSIX/SigAction/new.al
/usr/lib/perl5/5.12.4/$(ARCH)-linux/auto/POSIX/SigAction/safe.al
/usr/lib/perl5/5.12.4/$(ARCH)-linux/auto/POSIX/SigRt/CLEAR.al
/usr/lib/perl5/5.12.4/$(ARCH)-linux/auto/POSIX/SigRt/DELETE.al
/usr/lib/perl5/5.12.4/$(ARCH)-linux/auto/POSIX/SigRt/EXISTS.al
/usr/lib/perl5/5.12.4/$(ARCH)-linux/auto/POSIX/SigRt/FETCH.al
/usr/lib/perl5/5.12.4/$(ARCH)-linux/auto/POSIX/SigRt/SCALAR.al
/usr/lib/perl5/5.12.4/$(ARCH)-linux/auto/POSIX/SigRt/STORE.al
/usr/lib/perl5/5.12.4/$(ARCH)-linux/auto/POSIX/SigRt/_check.al
/usr/lib/perl5/5.12.4/$(ARCH)-linux/auto/POSIX/SigRt/_croak.al
/usr/lib/perl5/5.12.4/$(ARCH)-linux/auto/POSIX/SigRt/_exist.al
/usr/lib/perl5/5.12.4/$(ARCH)-linux/auto/POSIX/SigRt/_getsig.al
/usr/lib/perl5/5.12.4/$(ARCH)-linux/auto/POSIX/SigRt/_init.al
/usr/lib/perl5/5.12.4/$(ARCH)-linux/auto/POSIX/SigRt/new.al
/usr/lib/perl5/5.12.4/$(ARCH)-linux/auto/POSIX/abs.al
/usr/lib/perl5/5.12.4/$(ARCH)-linux/auto/POSIX/alarm.al
/usr/lib/perl5/5.12.4/$(ARCH)-linux/auto/POSIX/assert.al
/usr/lib/perl5/5.12.4/$(ARCH)-linux/auto/POSIX/atan2.al
/usr/lib/perl5/5.12.4/$(ARCH)-linux/auto/POSIX/atexit.al
/usr/lib/perl5/5.12.4/$(ARCH)-linux/auto/POSIX/atof.al
/usr/lib/perl5/5.12.4/$(ARCH)-linux/auto/POSIX/atoi.al
/usr/lib/perl5/5.12.4/$(ARCH)-linux/auto/POSIX/atol.al
/usr/lib/perl5/5.12.4/$(ARCH)-linux/auto/POSIX/autosplit.ix
/usr/lib/perl5/5.12.4/$(ARCH)-linux/auto/POSIX/bsearch.al
/usr/lib/perl5/5.12.4/$(ARCH)-linux/auto/POSIX/calloc.al
/usr/lib/perl5/5.12.4/$(ARCH)-linux/auto/POSIX/chdir.al
/usr/lib/perl5/5.12.4/$(ARCH)-linux/auto/POSIX/chmod.al
/usr/lib/perl5/5.12.4/$(ARCH)-linux/auto/POSIX/chown.al
/usr/lib/perl5/5.12.4/$(ARCH)-linux/auto/POSIX/clearerr.al
/usr/lib/perl5/5.12.4/$(ARCH)-linux/auto/POSIX/closedir.al
/usr/lib/perl5/5.12.4/$(ARCH)-linux/auto/POSIX/cos.al
/usr/lib/perl5/5.12.4/$(ARCH)-linux/auto/POSIX/creat.al
/usr/lib/perl5/5.12.4/$(ARCH)-linux/auto/POSIX/div.al
/usr/lib/perl5/5.12.4/$(ARCH)-linux/auto/POSIX/errno.al
/usr/lib/perl5/5.12.4/$(ARCH)-linux/auto/POSIX/execl.al
/usr/lib/perl5/5.12.4/$(ARCH)-linux/auto/POSIX/execle.al
/usr/lib/perl5/5.12.4/$(ARCH)-linux/auto/POSIX/execlp.al
/usr/lib/perl5/5.12.4/$(ARCH)-linux/auto/POSIX/execv.al
/usr/lib/perl5/5.12.4/$(ARCH)-linux/auto/POSIX/execve.al
/usr/lib/perl5/5.12.4/$(ARCH)-linux/auto/POSIX/execvp.al
/usr/lib/perl5/5.12.4/$(ARCH)-linux/auto/POSIX/exit.al
/usr/lib/perl5/5.12.4/$(ARCH)-linux/auto/POSIX/exp.al
/usr/lib/perl5/5.12.4/$(ARCH)-linux/auto/POSIX/fabs.al
/usr/lib/perl5/5.12.4/$(ARCH)-linux/auto/POSIX/fclose.al
/usr/lib/perl5/5.12.4/$(ARCH)-linux/auto/POSIX/fcntl.al
/usr/lib/perl5/5.12.4/$(ARCH)-linux/auto/POSIX/fdopen.al
/usr/lib/perl5/5.12.4/$(ARCH)-linux/auto/POSIX/feof.al
/usr/lib/perl5/5.12.4/$(ARCH)-linux/auto/POSIX/ferror.al
/usr/lib/perl5/5.12.4/$(ARCH)-linux/auto/POSIX/fflush.al
/usr/lib/perl5/5.12.4/$(ARCH)-linux/auto/POSIX/fgetc.al
/usr/lib/perl5/5.12.4/$(ARCH)-linux/auto/POSIX/fgetpos.al
/usr/lib/perl5/5.12.4/$(ARCH)-linux/auto/POSIX/fgets.al
/usr/lib/perl5/5.12.4/$(ARCH)-linux/auto/POSIX/fileno.al
/usr/lib/perl5/5.12.4/$(ARCH)-linux/auto/POSIX/fopen.al
/usr/lib/perl5/5.12.4/$(ARCH)-linux/auto/POSIX/fork.al
/usr/lib/perl5/5.12.4/$(ARCH)-linux/auto/POSIX/fprintf.al
/usr/lib/perl5/5.12.4/$(ARCH)-linux/auto/POSIX/fputc.al
/usr/lib/perl5/5.12.4/$(ARCH)-linux/auto/POSIX/fputs.al
/usr/lib/perl5/5.12.4/$(ARCH)-linux/auto/POSIX/fread.al
/usr/lib/perl5/5.12.4/$(ARCH)-linux/auto/POSIX/free.al
/usr/lib/perl5/5.12.4/$(ARCH)-linux/auto/POSIX/freopen.al
/usr/lib/perl5/5.12.4/$(ARCH)-linux/auto/POSIX/fscanf.al
/usr/lib/perl5/5.12.4/$(ARCH)-linux/auto/POSIX/fseek.al
/usr/lib/perl5/5.12.4/$(ARCH)-linux/auto/POSIX/fsetpos.al
/usr/lib/perl5/5.12.4/$(ARCH)-linux/auto/POSIX/fstat.al
/usr/lib/perl5/5.12.4/$(ARCH)-linux/auto/POSIX/fsync.al
/usr/lib/perl5/5.12.4/$(ARCH)-linux/auto/POSIX/ftell.al
/usr/lib/perl5/5.12.4/$(ARCH)-linux/auto/POSIX/fwrite.al
/usr/lib/perl5/5.12.4/$(ARCH)-linux/auto/POSIX/getc.al
/usr/lib/perl5/5.12.4/$(ARCH)-linux/auto/POSIX/getchar.al
/usr/lib/perl5/5.12.4/$(ARCH)-linux/auto/POSIX/getegid.al
/usr/lib/perl5/5.12.4/$(ARCH)-linux/auto/POSIX/getenv.al
/usr/lib/perl5/5.12.4/$(ARCH)-linux/auto/POSIX/geteuid.al
/usr/lib/perl5/5.12.4/$(ARCH)-linux/auto/POSIX/getgid.al
/usr/lib/perl5/5.12.4/$(ARCH)-linux/auto/POSIX/getgrgid.al
/usr/lib/perl5/5.12.4/$(ARCH)-linux/auto/POSIX/getgrnam.al
/usr/lib/perl5/5.12.4/$(ARCH)-linux/auto/POSIX/getgroups.al
/usr/lib/perl5/5.12.4/$(ARCH)-linux/auto/POSIX/getlogin.al
/usr/lib/perl5/5.12.4/$(ARCH)-linux/auto/POSIX/getpgrp.al
/usr/lib/perl5/5.12.4/$(ARCH)-linux/auto/POSIX/getpid.al
/usr/lib/perl5/5.12.4/$(ARCH)-linux/auto/POSIX/getppid.al
/usr/lib/perl5/5.12.4/$(ARCH)-linux/auto/POSIX/getpwnam.al
/usr/lib/perl5/5.12.4/$(ARCH)-linux/auto/POSIX/getpwuid.al
/usr/lib/perl5/5.12.4/$(ARCH)-linux/auto/POSIX/gets.al
/usr/lib/perl5/5.12.4/$(ARCH)-linux/auto/POSIX/getuid.al
/usr/lib/perl5/5.12.4/$(ARCH)-linux/auto/POSIX/gmtime.al
/usr/lib/perl5/5.12.4/$(ARCH)-linux/auto/POSIX/isatty.al
/usr/lib/perl5/5.12.4/$(ARCH)-linux/auto/POSIX/kill.al
/usr/lib/perl5/5.12.4/$(ARCH)-linux/auto/POSIX/labs.al
/usr/lib/perl5/5.12.4/$(ARCH)-linux/auto/POSIX/ldiv.al
/usr/lib/perl5/5.12.4/$(ARCH)-linux/auto/POSIX/link.al
/usr/lib/perl5/5.12.4/$(ARCH)-linux/auto/POSIX/load_imports.al
/usr/lib/perl5/5.12.4/$(ARCH)-linux/auto/POSIX/localtime.al
/usr/lib/perl5/5.12.4/$(ARCH)-linux/auto/POSIX/log.al
/usr/lib/perl5/5.12.4/$(ARCH)-linux/auto/POSIX/longjmp.al
/usr/lib/perl5/5.12.4/$(ARCH)-linux/auto/POSIX/malloc.al
/usr/lib/perl5/5.12.4/$(ARCH)-linux/auto/POSIX/memchr.al
/usr/lib/perl5/5.12.4/$(ARCH)-linux/auto/POSIX/memcmp.al
/usr/lib/perl5/5.12.4/$(ARCH)-linux/auto/POSIX/memcpy.al
/usr/lib/perl5/5.12.4/$(ARCH)-linux/auto/POSIX/memmove.al
/usr/lib/perl5/5.12.4/$(ARCH)-linux/auto/POSIX/memset.al
/usr/lib/perl5/5.12.4/$(ARCH)-linux/auto/POSIX/mkdir.al
/usr/lib/perl5/5.12.4/$(ARCH)-linux/auto/POSIX/offsetof.al
/usr/lib/perl5/5.12.4/$(ARCH)-linux/auto/POSIX/opendir.al
/usr/lib/perl5/5.12.4/$(ARCH)-linux/auto/POSIX/perror.al
/usr/lib/perl5/5.12.4/$(ARCH)-linux/auto/POSIX/pow.al
/usr/lib/perl5/5.12.4/$(ARCH)-linux/auto/POSIX/printf.al
/usr/lib/perl5/5.12.4/$(ARCH)-linux/auto/POSIX/putc.al
/usr/lib/perl5/5.12.4/$(ARCH)-linux/auto/POSIX/putchar.al
/usr/lib/perl5/5.12.4/$(ARCH)-linux/auto/POSIX/puts.al
/usr/lib/perl5/5.12.4/$(ARCH)-linux/auto/POSIX/qsort.al
/usr/lib/perl5/5.12.4/$(ARCH)-linux/auto/POSIX/raise.al
/usr/lib/perl5/5.12.4/$(ARCH)-linux/auto/POSIX/rand.al
/usr/lib/perl5/5.12.4/$(ARCH)-linux/auto/POSIX/readdir.al
/usr/lib/perl5/5.12.4/$(ARCH)-linux/auto/POSIX/realloc.al
/usr/lib/perl5/5.12.4/$(ARCH)-linux/auto/POSIX/redef.al
/usr/lib/perl5/5.12.4/$(ARCH)-linux/auto/POSIX/remove.al
/usr/lib/perl5/5.12.4/$(ARCH)-linux/auto/POSIX/rename.al
/usr/lib/perl5/5.12.4/$(ARCH)-linux/auto/POSIX/rewind.al
/usr/lib/perl5/5.12.4/$(ARCH)-linux/auto/POSIX/rewinddir.al
/usr/lib/perl5/5.12.4/$(ARCH)-linux/auto/POSIX/rmdir.al
/usr/lib/perl5/5.12.4/$(ARCH)-linux/auto/POSIX/scanf.al
/usr/lib/perl5/5.12.4/$(ARCH)-linux/auto/POSIX/setbuf.al
/usr/lib/perl5/5.12.4/$(ARCH)-linux/auto/POSIX/setjmp.al
/usr/lib/perl5/5.12.4/$(ARCH)-linux/auto/POSIX/setvbuf.al
/usr/lib/perl5/5.12.4/$(ARCH)-linux/auto/POSIX/siglongjmp.al
/usr/lib/perl5/5.12.4/$(ARCH)-linux/auto/POSIX/sigsetjmp.al
/usr/lib/perl5/5.12.4/$(ARCH)-linux/auto/POSIX/sin.al
/usr/lib/perl5/5.12.4/$(ARCH)-linux/auto/POSIX/sleep.al
/usr/lib/perl5/5.12.4/$(ARCH)-linux/auto/POSIX/sprintf.al
/usr/lib/perl5/5.12.4/$(ARCH)-linux/auto/POSIX/sqrt.al
/usr/lib/perl5/5.12.4/$(ARCH)-linux/auto/POSIX/srand.al
/usr/lib/perl5/5.12.4/$(ARCH)-linux/auto/POSIX/sscanf.al
/usr/lib/perl5/5.12.4/$(ARCH)-linux/auto/POSIX/stat.al
/usr/lib/perl5/5.12.4/$(ARCH)-linux/auto/POSIX/strcat.al
/usr/lib/perl5/5.12.4/$(ARCH)-linux/auto/POSIX/strchr.al
/usr/lib/perl5/5.12.4/$(ARCH)-linux/auto/POSIX/strcmp.al
/usr/lib/perl5/5.12.4/$(ARCH)-linux/auto/POSIX/strcpy.al
/usr/lib/perl5/5.12.4/$(ARCH)-linux/auto/POSIX/strcspn.al
/usr/lib/perl5/5.12.4/$(ARCH)-linux/auto/POSIX/strerror.al
/usr/lib/perl5/5.12.4/$(ARCH)-linux/auto/POSIX/strlen.al
/usr/lib/perl5/5.12.4/$(ARCH)-linux/auto/POSIX/strncat.al
/usr/lib/perl5/5.12.4/$(ARCH)-linux/auto/POSIX/strncmp.al
/usr/lib/perl5/5.12.4/$(ARCH)-linux/auto/POSIX/strncpy.al
/usr/lib/perl5/5.12.4/$(ARCH)-linux/auto/POSIX/strpbrk.al
/usr/lib/perl5/5.12.4/$(ARCH)-linux/auto/POSIX/strrchr.al
/usr/lib/perl5/5.12.4/$(ARCH)-linux/auto/POSIX/strspn.al
/usr/lib/perl5/5.12.4/$(ARCH)-linux/auto/POSIX/strstr.al
/usr/lib/perl5/5.12.4/$(ARCH)-linux/auto/POSIX/strtok.al
/usr/lib/perl5/5.12.4/$(ARCH)-linux/auto/POSIX/system.al
/usr/lib/perl5/5.12.4/$(ARCH)-linux/auto/POSIX/time.al
/usr/lib/perl5/5.12.4/$(ARCH)-linux/auto/POSIX/tmpfile.al
/usr/lib/perl5/5.12.4/$(ARCH)-linux/auto/POSIX/tolower.al
/usr/lib/perl5/5.12.4/$(ARCH)-linux/auto/POSIX/toupper.al
/usr/lib/perl5/5.12.4/$(ARCH)-linux/auto/POSIX/umask.al
/usr/lib/perl5/5.12.4/$(ARCH)-linux/auto/POSIX/ungetc.al
/usr/lib/perl5/5.12.4/$(ARCH)-linux/auto/POSIX/unimpl.al
/usr/lib/perl5/5.12.4/$(ARCH)-linux/auto/POSIX/unlink.al
/usr/lib/perl5/5.12.4/$(ARCH)-linux/auto/POSIX/usage.al
/usr/lib/perl5/5.12.4/$(ARCH)-linux/auto/POSIX/utime.al
/usr/lib/perl5/5.12.4/$(ARCH)-linux/auto/POSIX/vfprintf.al
/usr/lib/perl5/5.12.4/$(ARCH)-linux/auto/POSIX/vprintf.al
/usr/lib/perl5/5.12.4/$(ARCH)-linux/auto/POSIX/vsprintf.al
/usr/lib/perl5/5.12.4/$(ARCH)-linux/auto/POSIX/wait.al
/usr/lib/perl5/5.12.4/$(ARCH)-linux/auto/POSIX/waitpid.al
/usr/lib/perl5/5.12.4/$(ARCH)-linux/auto/PerlIO/encoding/encoding.so
/usr/lib/perl5/5.12.4/$(ARCH)-linux/auto/PerlIO/scalar/scalar.so
/usr/lib/perl5/5.12.4/$(ARCH)-linux/auto/PerlIO/via/via.so
/usr/lib/perl5/5.12.4/$(ARCH)-linux/auto/SDBM_File/SDBM_File.so
/usr/lib/perl5/5.12.4/$(ARCH)-linux/auto/Socket/Socket.so
/usr/lib/perl5/5.12.4/$(ARCH)-linux/auto/Storable/Storable.so
/usr/lib/perl5/5.12.4/$(ARCH)-linux/auto/Sys/Hostname/Hostname.so
/usr/lib/perl5/5.12.4/$(ARCH)-linux/auto/Sys/Hostname/autosplit.ix
/usr/lib/perl5/5.12.4/$(ARCH)-linux/auto/Sys/Syslog/Syslog.so
/usr/lib/perl5/5.12.4/$(ARCH)-linux/auto/Text/Soundex/Soundex.so
/usr/lib/perl5/5.12.4/$(ARCH)-linux/auto/Time/HiRes/HiRes.so
/usr/lib/perl5/5.12.4/$(ARCH)-linux/auto/Time/Piece/Piece.so
/usr/lib/perl5/5.12.4/$(ARCH)-linux/auto/Unicode/Normalize/Normalize.so
/usr/lib/perl5/5.12.4/$(ARCH)-linux/auto/attributes/attributes.so
/usr/lib/perl5/5.12.4/$(ARCH)-linux/auto/mro/mro.so
/usr/lib/perl5/5.12.4/$(ARCH)-linux/auto/re/re.so
/usr/lib/perl5/5.12.4/$(ARCH)-linux/auto/sdbm/extralibs.ld
/usr/lib/perl5/5.12.4/$(ARCH)-linux/auto/threads/shared/shared.so
/usr/lib/perl5/5.12.4/$(ARCH)-linux/auto/threads/threads.so
/usr/lib/perl5/5.12.4/$(ARCH)-linux/encoding.pm
/usr/lib/perl5/5.12.4/$(ARCH)-linux/lib.pm
/usr/lib/perl5/5.12.4/$(ARCH)-linux/mro.pm
/usr/lib/perl5/5.12.4/$(ARCH)-linux/ops.pm
/usr/lib/perl5/5.12.4/$(ARCH)-linux/re.pm
/usr/lib/perl5/5.12.4/$(ARCH)-linux/threads.pm
/usr/lib/perl5/5.12.4/$(ARCH)-linux/threads/shared.pm
/usr/lib/perl5/5.12.4/if.pm
/usr/lib/perl5/5.12.4/importenv.pl
/usr/lib/perl5/5.12.4/inc/latest.pm
/usr/lib/perl5/5.12.4/inc/latest/private.pm
/usr/lib/perl5/5.12.4/integer.pm
/usr/lib/perl5/5.12.4/less.pm
/usr/lib/perl5/5.12.4/locale.pm
/usr/lib/perl5/5.12.4/look.pl
/usr/lib/perl5/5.12.4/newgetopt.pl
/usr/lib/perl5/5.12.4/open.pm
/usr/lib/perl5/5.12.4/open2.pl
/usr/lib/perl5/5.12.4/open3.pl
/usr/lib/perl5/5.12.4/overload.pm
/usr/lib/perl5/5.12.4/overload/numbers.pm
/usr/lib/perl5/5.12.4/overloading.pm
/usr/lib/perl5/5.12.4/parent.pm
/usr/lib/perl5/5.12.4/perl5db.pl
/usr/lib/perl5/5.12.4/pod/a2p.pod
/usr/lib/perl5/5.12.4/pod/perl.pod
/usr/lib/perl5/5.12.4/pod/perl5004delta.pod
/usr/lib/perl5/5.12.4/pod/perl5005delta.pod
/usr/lib/perl5/5.12.4/pod/perl5100delta.pod
/usr/lib/perl5/5.12.4/pod/perl5101delta.pod
/usr/lib/perl5/5.12.4/pod/perl5110delta.pod
/usr/lib/perl5/5.12.4/pod/perl5111delta.pod
/usr/lib/perl5/5.12.4/pod/perl5112delta.pod
/usr/lib/perl5/5.12.4/pod/perl5113delta.pod
/usr/lib/perl5/5.12.4/pod/perl5114delta.pod
/usr/lib/perl5/5.12.4/pod/perl5115delta.pod
/usr/lib/perl5/5.12.4/pod/perl5120delta.pod
/usr/lib/perl5/5.12.4/pod/perl5121delta.pod
/usr/lib/perl5/5.12.4/pod/perl5122delta.pod
/usr/lib/perl5/5.12.4/pod/perl5123delta.pod
/usr/lib/perl5/5.12.4/pod/perl5124delta.pod
/usr/lib/perl5/5.12.4/pod/perl561delta.pod
/usr/lib/perl5/5.12.4/pod/perl56delta.pod
/usr/lib/perl5/5.12.4/pod/perl570delta.pod
/usr/lib/perl5/5.12.4/pod/perl571delta.pod
/usr/lib/perl5/5.12.4/pod/perl572delta.pod
/usr/lib/perl5/5.12.4/pod/perl573delta.pod
/usr/lib/perl5/5.12.4/pod/perl581delta.pod
/usr/lib/perl5/5.12.4/pod/perl582delta.pod
/usr/lib/perl5/5.12.4/pod/perl583delta.pod
/usr/lib/perl5/5.12.4/pod/perl584delta.pod
/usr/lib/perl5/5.12.4/pod/perl585delta.pod
/usr/lib/perl5/5.12.4/pod/perl586delta.pod
/usr/lib/perl5/5.12.4/pod/perl587delta.pod
/usr/lib/perl5/5.12.4/pod/perl588delta.pod
/usr/lib/perl5/5.12.4/pod/perl589delta.pod
/usr/lib/perl5/5.12.4/pod/perl58delta.pod
/usr/lib/perl5/5.12.4/pod/perl590delta.pod
/usr/lib/perl5/5.12.4/pod/perl591delta.pod
/usr/lib/perl5/5.12.4/pod/perl592delta.pod
/usr/lib/perl5/5.12.4/pod/perl593delta.pod
/usr/lib/perl5/5.12.4/pod/perl594delta.pod
/usr/lib/perl5/5.12.4/pod/perl595delta.pod
/usr/lib/perl5/5.12.4/pod/perlaix.pod
/usr/lib/perl5/5.12.4/pod/perlamiga.pod
/usr/lib/perl5/5.12.4/pod/perlapi.pod
/usr/lib/perl5/5.12.4/pod/perlapio.pod
/usr/lib/perl5/5.12.4/pod/perlapollo.pod
/usr/lib/perl5/5.12.4/pod/perlartistic.pod
/usr/lib/perl5/5.12.4/pod/perlbeos.pod
/usr/lib/perl5/5.12.4/pod/perlbook.pod
/usr/lib/perl5/5.12.4/pod/perlboot.pod
/usr/lib/perl5/5.12.4/pod/perlbot.pod
/usr/lib/perl5/5.12.4/pod/perlbs2000.pod
/usr/lib/perl5/5.12.4/pod/perlcall.pod
/usr/lib/perl5/5.12.4/pod/perlce.pod
/usr/lib/perl5/5.12.4/pod/perlcheat.pod
/usr/lib/perl5/5.12.4/pod/perlclib.pod
/usr/lib/perl5/5.12.4/pod/perlcn.pod
/usr/lib/perl5/5.12.4/pod/perlcommunity.pod
/usr/lib/perl5/5.12.4/pod/perlcompile.pod
/usr/lib/perl5/5.12.4/pod/perlcygwin.pod
/usr/lib/perl5/5.12.4/pod/perldata.pod
/usr/lib/perl5/5.12.4/pod/perldbmfilter.pod
/usr/lib/perl5/5.12.4/pod/perldebguts.pod
/usr/lib/perl5/5.12.4/pod/perldebtut.pod
/usr/lib/perl5/5.12.4/pod/perldebug.pod
/usr/lib/perl5/5.12.4/pod/perldelta.pod
/usr/lib/perl5/5.12.4/pod/perldgux.pod
/usr/lib/perl5/5.12.4/pod/perldiag.pod
/usr/lib/perl5/5.12.4/pod/perldoc.pod
/usr/lib/perl5/5.12.4/pod/perldos.pod
/usr/lib/perl5/5.12.4/pod/perldsc.pod
/usr/lib/perl5/5.12.4/pod/perlebcdic.pod
/usr/lib/perl5/5.12.4/pod/perlembed.pod
/usr/lib/perl5/5.12.4/pod/perlepoc.pod
/usr/lib/perl5/5.12.4/pod/perlfaq.pod
/usr/lib/perl5/5.12.4/pod/perlfaq1.pod
/usr/lib/perl5/5.12.4/pod/perlfaq2.pod
/usr/lib/perl5/5.12.4/pod/perlfaq3.pod
/usr/lib/perl5/5.12.4/pod/perlfaq4.pod
/usr/lib/perl5/5.12.4/pod/perlfaq5.pod
/usr/lib/perl5/5.12.4/pod/perlfaq6.pod
/usr/lib/perl5/5.12.4/pod/perlfaq7.pod
/usr/lib/perl5/5.12.4/pod/perlfaq8.pod
/usr/lib/perl5/5.12.4/pod/perlfaq9.pod
/usr/lib/perl5/5.12.4/pod/perlfilter.pod
/usr/lib/perl5/5.12.4/pod/perlfork.pod
/usr/lib/perl5/5.12.4/pod/perlform.pod
/usr/lib/perl5/5.12.4/pod/perlfreebsd.pod
/usr/lib/perl5/5.12.4/pod/perlfunc.pod
/usr/lib/perl5/5.12.4/pod/perlglossary.pod
/usr/lib/perl5/5.12.4/pod/perlgpl.pod
/usr/lib/perl5/5.12.4/pod/perlguts.pod
/usr/lib/perl5/5.12.4/pod/perlhack.pod
/usr/lib/perl5/5.12.4/pod/perlhaiku.pod
/usr/lib/perl5/5.12.4/pod/perlhist.pod
/usr/lib/perl5/5.12.4/pod/perlhpux.pod
/usr/lib/perl5/5.12.4/pod/perlhurd.pod
/usr/lib/perl5/5.12.4/pod/perlintern.pod
/usr/lib/perl5/5.12.4/pod/perlintro.pod
/usr/lib/perl5/5.12.4/pod/perliol.pod
/usr/lib/perl5/5.12.4/pod/perlipc.pod
/usr/lib/perl5/5.12.4/pod/perlirix.pod
/usr/lib/perl5/5.12.4/pod/perljp.pod
/usr/lib/perl5/5.12.4/pod/perlko.pod
/usr/lib/perl5/5.12.4/pod/perllexwarn.pod
/usr/lib/perl5/5.12.4/pod/perllinux.pod
/usr/lib/perl5/5.12.4/pod/perllocale.pod
/usr/lib/perl5/5.12.4/pod/perllol.pod
/usr/lib/perl5/5.12.4/pod/perlmacos.pod
/usr/lib/perl5/5.12.4/pod/perlmacosx.pod
/usr/lib/perl5/5.12.4/pod/perlmod.pod
/usr/lib/perl5/5.12.4/pod/perlmodinstall.pod
/usr/lib/perl5/5.12.4/pod/perlmodlib.pod
/usr/lib/perl5/5.12.4/pod/perlmodstyle.pod
/usr/lib/perl5/5.12.4/pod/perlmpeix.pod
/usr/lib/perl5/5.12.4/pod/perlmroapi.pod
/usr/lib/perl5/5.12.4/pod/perlnetware.pod
/usr/lib/perl5/5.12.4/pod/perlnewmod.pod
/usr/lib/perl5/5.12.4/pod/perlnumber.pod
/usr/lib/perl5/5.12.4/pod/perlobj.pod
/usr/lib/perl5/5.12.4/pod/perlop.pod
/usr/lib/perl5/5.12.4/pod/perlopenbsd.pod
/usr/lib/perl5/5.12.4/pod/perlopentut.pod
/usr/lib/perl5/5.12.4/pod/perlos2.pod
/usr/lib/perl5/5.12.4/pod/perlos390.pod
/usr/lib/perl5/5.12.4/pod/perlos400.pod
/usr/lib/perl5/5.12.4/pod/perlpacktut.pod
/usr/lib/perl5/5.12.4/pod/perlperf.pod
/usr/lib/perl5/5.12.4/pod/perlplan9.pod
/usr/lib/perl5/5.12.4/pod/perlpod.pod
/usr/lib/perl5/5.12.4/pod/perlpodspec.pod
/usr/lib/perl5/5.12.4/pod/perlpolicy.pod
/usr/lib/perl5/5.12.4/pod/perlport.pod
/usr/lib/perl5/5.12.4/pod/perlpragma.pod
/usr/lib/perl5/5.12.4/pod/perlqnx.pod
/usr/lib/perl5/5.12.4/pod/perlre.pod
/usr/lib/perl5/5.12.4/pod/perlreapi.pod
/usr/lib/perl5/5.12.4/pod/perlrebackslash.pod
/usr/lib/perl5/5.12.4/pod/perlrecharclass.pod
/usr/lib/perl5/5.12.4/pod/perlref.pod
/usr/lib/perl5/5.12.4/pod/perlreftut.pod
/usr/lib/perl5/5.12.4/pod/perlreguts.pod
/usr/lib/perl5/5.12.4/pod/perlrepository.pod
/usr/lib/perl5/5.12.4/pod/perlrequick.pod
/usr/lib/perl5/5.12.4/pod/perlreref.pod
/usr/lib/perl5/5.12.4/pod/perlretut.pod
/usr/lib/perl5/5.12.4/pod/perlriscos.pod
/usr/lib/perl5/5.12.4/pod/perlrun.pod
/usr/lib/perl5/5.12.4/pod/perlsec.pod
/usr/lib/perl5/5.12.4/pod/perlsolaris.pod
/usr/lib/perl5/5.12.4/pod/perlstyle.pod
/usr/lib/perl5/5.12.4/pod/perlsub.pod
/usr/lib/perl5/5.12.4/pod/perlsymbian.pod
/usr/lib/perl5/5.12.4/pod/perlsyn.pod
/usr/lib/perl5/5.12.4/pod/perlthrtut.pod
/usr/lib/perl5/5.12.4/pod/perltie.pod
/usr/lib/perl5/5.12.4/pod/perltoc.pod
/usr/lib/perl5/5.12.4/pod/perltodo.pod
/usr/lib/perl5/5.12.4/pod/perltooc.pod
/usr/lib/perl5/5.12.4/pod/perltoot.pod
/usr/lib/perl5/5.12.4/pod/perltrap.pod
/usr/lib/perl5/5.12.4/pod/perltru64.pod
/usr/lib/perl5/5.12.4/pod/perltw.pod
/usr/lib/perl5/5.12.4/pod/perlunicode.pod
/usr/lib/perl5/5.12.4/pod/perlunifaq.pod
/usr/lib/perl5/5.12.4/pod/perluniintro.pod
/usr/lib/perl5/5.12.4/pod/perluniprops.pod
/usr/lib/perl5/5.12.4/pod/perlunitut.pod
/usr/lib/perl5/5.12.4/pod/perlutil.pod
/usr/lib/perl5/5.12.4/pod/perluts.pod
/usr/lib/perl5/5.12.4/pod/perlvar.pod
/usr/lib/perl5/5.12.4/pod/perlvmesa.pod
/usr/lib/perl5/5.12.4/pod/perlvms.pod
/usr/lib/perl5/5.12.4/pod/perlvos.pod
/usr/lib/perl5/5.12.4/pod/perlwin32.pod
/usr/lib/perl5/5.12.4/pod/perlxs.pod
/usr/lib/perl5/5.12.4/pod/perlxstut.pod
/usr/lib/perl5/5.12.4/pwd.pl
/usr/lib/perl5/5.12.4/shellwords.pl
/usr/lib/perl5/5.12.4/sigtrap.pm
/usr/lib/perl5/5.12.4/sort.pm
/usr/lib/perl5/5.12.4/stat.pl
/usr/lib/perl5/5.12.4/strict.pm
/usr/lib/perl5/5.12.4/subs.pm
/usr/lib/perl5/5.12.4/syslog.pl
/usr/lib/perl5/5.12.4/tainted.pl
/usr/lib/perl5/5.12.4/termcap.pl
/usr/lib/perl5/5.12.4/timelocal.pl
/usr/lib/perl5/5.12.4/unicore/ArabicShaping.txt
/usr/lib/perl5/5.12.4/unicore/BidiMirroring.txt
/usr/lib/perl5/5.12.4/unicore/Blocks.txt
/usr/lib/perl5/5.12.4/unicore/CJKRadicals.txt
/usr/lib/perl5/5.12.4/unicore/CaseFolding.txt
/usr/lib/perl5/5.12.4/unicore/CombiningClass.pl
/usr/lib/perl5/5.12.4/unicore/CompositionExclusions.txt
/usr/lib/perl5/5.12.4/unicore/DAge.txt
/usr/lib/perl5/5.12.4/unicore/DCoreProperties.txt
/usr/lib/perl5/5.12.4/unicore/DNormalizationProps.txt
/usr/lib/perl5/5.12.4/unicore/Decomposition.pl
/usr/lib/perl5/5.12.4/unicore/EastAsianWidth.txt
/usr/lib/perl5/5.12.4/unicore/HangulSyllableType.txt
/usr/lib/perl5/5.12.4/unicore/Heavy.pl
/usr/lib/perl5/5.12.4/unicore/Index.txt
/usr/lib/perl5/5.12.4/unicore/Jamo.txt
/usr/lib/perl5/5.12.4/unicore/LineBreak.txt
/usr/lib/perl5/5.12.4/unicore/Name.pl
/usr/lib/perl5/5.12.4/unicore/NameAliases.txt
/usr/lib/perl5/5.12.4/unicore/NamedSequences.txt
/usr/lib/perl5/5.12.4/unicore/NamedSqProv.txt
/usr/lib/perl5/5.12.4/unicore/NamesList.txt
/usr/lib/perl5/5.12.4/unicore/NormalizationCorrections.txt
/usr/lib/perl5/5.12.4/unicore/PropList.txt
/usr/lib/perl5/5.12.4/unicore/PropValueAliases.txt
/usr/lib/perl5/5.12.4/unicore/PropertyAliases.txt
/usr/lib/perl5/5.12.4/unicore/ReadMe.txt
/usr/lib/perl5/5.12.4/unicore/Scripts.txt
/usr/lib/perl5/5.12.4/unicore/SpecialCasing.txt
/usr/lib/perl5/5.12.4/unicore/StandardizedVariants.txt
/usr/lib/perl5/5.12.4/unicore/TestProp.pl
/usr/lib/perl5/5.12.4/unicore/To/Bmg.pl
/usr/lib/perl5/5.12.4/unicore/To/Digit.pl
/usr/lib/perl5/5.12.4/unicore/To/Fold.pl
/usr/lib/perl5/5.12.4/unicore/To/Lower.pl
/usr/lib/perl5/5.12.4/unicore/To/NFKCCF.pl
/usr/lib/perl5/5.12.4/unicore/To/Title.pl
/usr/lib/perl5/5.12.4/unicore/To/Upper.pl
/usr/lib/perl5/5.12.4/unicore/UnicodeData.txt
/usr/lib/perl5/5.12.4/unicore/auxiliary/GCBTest.txt
/usr/lib/perl5/5.12.4/unicore/auxiliary/GraphemeBreakProperty.txt
/usr/lib/perl5/5.12.4/unicore/auxiliary/SentenceBreakProperty.txt
/usr/lib/perl5/5.12.4/unicore/auxiliary/WordBreakProperty.txt
/usr/lib/perl5/5.12.4/unicore/extracted/DBidiClass.txt
/usr/lib/perl5/5.12.4/unicore/extracted/DBinaryProperties.txt
/usr/lib/perl5/5.12.4/unicore/extracted/DCombiningClass.txt
/usr/lib/perl5/5.12.4/unicore/extracted/DDecompositionType.txt
/usr/lib/perl5/5.12.4/unicore/extracted/DEastAsianWidth.txt
/usr/lib/perl5/5.12.4/unicore/extracted/DGeneralCategory.txt
/usr/lib/perl5/5.12.4/unicore/extracted/DJoinGroup.txt
/usr/lib/perl5/5.12.4/unicore/extracted/DJoinType.txt
/usr/lib/perl5/5.12.4/unicore/extracted/DLineBreak.txt
/usr/lib/perl5/5.12.4/unicore/extracted/DNumType.txt
/usr/lib/perl5/5.12.4/unicore/extracted/DNumValues.txt
/usr/lib/perl5/5.12.4/unicore/lib/AHex/N.pl
/usr/lib/perl5/5.12.4/unicore/lib/AHex/Y.pl
/usr/lib/perl5/5.12.4/unicore/lib/Age/1_1.pl
/usr/lib/perl5/5.12.4/unicore/lib/Age/2_0.pl
/usr/lib/perl5/5.12.4/unicore/lib/Age/2_1.pl
/usr/lib/perl5/5.12.4/unicore/lib/Age/3_0.pl
/usr/lib/perl5/5.12.4/unicore/lib/Age/3_1.pl
/usr/lib/perl5/5.12.4/unicore/lib/Age/3_2.pl
/usr/lib/perl5/5.12.4/unicore/lib/Age/4_0.pl
/usr/lib/perl5/5.12.4/unicore/lib/Age/4_1.pl
/usr/lib/perl5/5.12.4/unicore/lib/Age/5_0.pl
/usr/lib/perl5/5.12.4/unicore/lib/Age/5_1.pl
/usr/lib/perl5/5.12.4/unicore/lib/Age/5_2.pl
/usr/lib/perl5/5.12.4/unicore/lib/Age/Unassign.pl
/usr/lib/perl5/5.12.4/unicore/lib/Alpha/N.pl
/usr/lib/perl5/5.12.4/unicore/lib/Alpha/Y.pl
/usr/lib/perl5/5.12.4/unicore/lib/Bc/AL.pl
/usr/lib/perl5/5.12.4/unicore/lib/Bc/AN.pl
/usr/lib/perl5/5.12.4/unicore/lib/Bc/B.pl
/usr/lib/perl5/5.12.4/unicore/lib/Bc/BN.pl
/usr/lib/perl5/5.12.4/unicore/lib/Bc/CS.pl
/usr/lib/perl5/5.12.4/unicore/lib/Bc/EN.pl
/usr/lib/perl5/5.12.4/unicore/lib/Bc/ES.pl
/usr/lib/perl5/5.12.4/unicore/lib/Bc/ET.pl
/usr/lib/perl5/5.12.4/unicore/lib/Bc/L.pl
/usr/lib/perl5/5.12.4/unicore/lib/Bc/LRE.pl
/usr/lib/perl5/5.12.4/unicore/lib/Bc/LRO.pl
/usr/lib/perl5/5.12.4/unicore/lib/Bc/NSM.pl
/usr/lib/perl5/5.12.4/unicore/lib/Bc/ON.pl
/usr/lib/perl5/5.12.4/unicore/lib/Bc/PDF.pl
/usr/lib/perl5/5.12.4/unicore/lib/Bc/R.pl
/usr/lib/perl5/5.12.4/unicore/lib/Bc/RLE.pl
/usr/lib/perl5/5.12.4/unicore/lib/Bc/RLO.pl
/usr/lib/perl5/5.12.4/unicore/lib/Bc/S.pl
/usr/lib/perl5/5.12.4/unicore/lib/Bc/WS.pl
/usr/lib/perl5/5.12.4/unicore/lib/BidiC/N.pl
/usr/lib/perl5/5.12.4/unicore/lib/BidiC/Y.pl
/usr/lib/perl5/5.12.4/unicore/lib/BidiM/N.pl
/usr/lib/perl5/5.12.4/unicore/lib/BidiM/Y.pl
/usr/lib/perl5/5.12.4/unicore/lib/Blk/ASCII.pl
/usr/lib/perl5/5.12.4/unicore/lib/Blk/AegeanNu.pl
/usr/lib/perl5/5.12.4/unicore/lib/Blk/Alphabet.pl
/usr/lib/perl5/5.12.4/unicore/lib/Blk/Ancient2.pl
/usr/lib/perl5/5.12.4/unicore/lib/Blk/AncientG.pl
/usr/lib/perl5/5.12.4/unicore/lib/Blk/AncientS.pl
/usr/lib/perl5/5.12.4/unicore/lib/Blk/Arabic.pl
/usr/lib/perl5/5.12.4/unicore/lib/Blk/ArabicP2.pl
/usr/lib/perl5/5.12.4/unicore/lib/Blk/ArabicPr.pl
/usr/lib/perl5/5.12.4/unicore/lib/Blk/ArabicSu.pl
/usr/lib/perl5/5.12.4/unicore/lib/Blk/Armenian.pl
/usr/lib/perl5/5.12.4/unicore/lib/Blk/Arrows.pl
/usr/lib/perl5/5.12.4/unicore/lib/Blk/Avestan.pl
/usr/lib/perl5/5.12.4/unicore/lib/Blk/Balinese.pl
/usr/lib/perl5/5.12.4/unicore/lib/Blk/Bamum.pl
/usr/lib/perl5/5.12.4/unicore/lib/Blk/Bengali.pl
/usr/lib/perl5/5.12.4/unicore/lib/Blk/BlockEle.pl
/usr/lib/perl5/5.12.4/unicore/lib/Blk/Bopomof2.pl
/usr/lib/perl5/5.12.4/unicore/lib/Blk/Bopomofo.pl
/usr/lib/perl5/5.12.4/unicore/lib/Blk/BoxDrawi.pl
/usr/lib/perl5/5.12.4/unicore/lib/Blk/BrailleP.pl
/usr/lib/perl5/5.12.4/unicore/lib/Blk/Buginese.pl
/usr/lib/perl5/5.12.4/unicore/lib/Blk/Buhid.pl
/usr/lib/perl5/5.12.4/unicore/lib/Blk/Byzantin.pl
/usr/lib/perl5/5.12.4/unicore/lib/Blk/CJKComp2.pl
/usr/lib/perl5/5.12.4/unicore/lib/Blk/CJKComp3.pl
/usr/lib/perl5/5.12.4/unicore/lib/Blk/CJKComp4.pl
/usr/lib/perl5/5.12.4/unicore/lib/Blk/CJKCompa.pl
/usr/lib/perl5/5.12.4/unicore/lib/Blk/CJKRadic.pl
/usr/lib/perl5/5.12.4/unicore/lib/Blk/CJKStrok.pl
/usr/lib/perl5/5.12.4/unicore/lib/Blk/CJKSymbo.pl
/usr/lib/perl5/5.12.4/unicore/lib/Blk/CJKUnif2.pl
/usr/lib/perl5/5.12.4/unicore/lib/Blk/CJKUnif3.pl
/usr/lib/perl5/5.12.4/unicore/lib/Blk/CJKUnif4.pl
/usr/lib/perl5/5.12.4/unicore/lib/Blk/CJKUnifi.pl
/usr/lib/perl5/5.12.4/unicore/lib/Blk/Canadian.pl
/usr/lib/perl5/5.12.4/unicore/lib/Blk/Carian.pl
/usr/lib/perl5/5.12.4/unicore/lib/Blk/Cham.pl
/usr/lib/perl5/5.12.4/unicore/lib/Blk/Cherokee.pl
/usr/lib/perl5/5.12.4/unicore/lib/Blk/Combini2.pl
/usr/lib/perl5/5.12.4/unicore/lib/Blk/Combini3.pl
/usr/lib/perl5/5.12.4/unicore/lib/Blk/Combini4.pl
/usr/lib/perl5/5.12.4/unicore/lib/Blk/Combinin.pl
/usr/lib/perl5/5.12.4/unicore/lib/Blk/CommonIn.pl
/usr/lib/perl5/5.12.4/unicore/lib/Blk/ControlP.pl
/usr/lib/perl5/5.12.4/unicore/lib/Blk/Coptic.pl
/usr/lib/perl5/5.12.4/unicore/lib/Blk/Counting.pl
/usr/lib/perl5/5.12.4/unicore/lib/Blk/Cuneifo2.pl
/usr/lib/perl5/5.12.4/unicore/lib/Blk/Cuneifor.pl
/usr/lib/perl5/5.12.4/unicore/lib/Blk/Currency.pl
/usr/lib/perl5/5.12.4/unicore/lib/Blk/CypriotS.pl
/usr/lib/perl5/5.12.4/unicore/lib/Blk/Cyrilli2.pl
/usr/lib/perl5/5.12.4/unicore/lib/Blk/Cyrilli3.pl
/usr/lib/perl5/5.12.4/unicore/lib/Blk/Cyrilli4.pl
/usr/lib/perl5/5.12.4/unicore/lib/Blk/Cyrillic.pl
/usr/lib/perl5/5.12.4/unicore/lib/Blk/Deseret.pl
/usr/lib/perl5/5.12.4/unicore/lib/Blk/Devanag2.pl
/usr/lib/perl5/5.12.4/unicore/lib/Blk/Devanaga.pl
/usr/lib/perl5/5.12.4/unicore/lib/Blk/Dingbats.pl
/usr/lib/perl5/5.12.4/unicore/lib/Blk/DominoTi.pl
/usr/lib/perl5/5.12.4/unicore/lib/Blk/Egyptian.pl
/usr/lib/perl5/5.12.4/unicore/lib/Blk/Enclose2.pl
/usr/lib/perl5/5.12.4/unicore/lib/Blk/Enclose3.pl
/usr/lib/perl5/5.12.4/unicore/lib/Blk/Enclose4.pl
/usr/lib/perl5/5.12.4/unicore/lib/Blk/Enclosed.pl
/usr/lib/perl5/5.12.4/unicore/lib/Blk/Ethiopi2.pl
/usr/lib/perl5/5.12.4/unicore/lib/Blk/Ethiopi3.pl
/usr/lib/perl5/5.12.4/unicore/lib/Blk/Ethiopic.pl
/usr/lib/perl5/5.12.4/unicore/lib/Blk/GeneralP.pl
/usr/lib/perl5/5.12.4/unicore/lib/Blk/Geometri.pl
/usr/lib/perl5/5.12.4/unicore/lib/Blk/Georgia2.pl
/usr/lib/perl5/5.12.4/unicore/lib/Blk/Georgian.pl
/usr/lib/perl5/5.12.4/unicore/lib/Blk/Glagolit.pl
/usr/lib/perl5/5.12.4/unicore/lib/Blk/Gothic.pl
/usr/lib/perl5/5.12.4/unicore/lib/Blk/Greek.pl
/usr/lib/perl5/5.12.4/unicore/lib/Blk/GreekExt.pl
/usr/lib/perl5/5.12.4/unicore/lib/Blk/Gujarati.pl
/usr/lib/perl5/5.12.4/unicore/lib/Blk/Gurmukhi.pl
/usr/lib/perl5/5.12.4/unicore/lib/Blk/Halfwidt.pl
/usr/lib/perl5/5.12.4/unicore/lib/Blk/HangulCo.pl
/usr/lib/perl5/5.12.4/unicore/lib/Blk/HangulJ2.pl
/usr/lib/perl5/5.12.4/unicore/lib/Blk/HangulJ3.pl
/usr/lib/perl5/5.12.4/unicore/lib/Blk/HangulJa.pl
/usr/lib/perl5/5.12.4/unicore/lib/Blk/HangulSy.pl
/usr/lib/perl5/5.12.4/unicore/lib/Blk/Hanunoo.pl
/usr/lib/perl5/5.12.4/unicore/lib/Blk/Hebrew.pl
/usr/lib/perl5/5.12.4/unicore/lib/Blk/HighPriv.pl
/usr/lib/perl5/5.12.4/unicore/lib/Blk/HighSurr.pl
/usr/lib/perl5/5.12.4/unicore/lib/Blk/Hiragana.pl
/usr/lib/perl5/5.12.4/unicore/lib/Blk/IPAExten.pl
/usr/lib/perl5/5.12.4/unicore/lib/Blk/Ideograp.pl
/usr/lib/perl5/5.12.4/unicore/lib/Blk/Imperial.pl
/usr/lib/perl5/5.12.4/unicore/lib/Blk/Inscrip2.pl
/usr/lib/perl5/5.12.4/unicore/lib/Blk/Inscript.pl
/usr/lib/perl5/5.12.4/unicore/lib/Blk/Javanese.pl
/usr/lib/perl5/5.12.4/unicore/lib/Blk/Kaithi.pl
/usr/lib/perl5/5.12.4/unicore/lib/Blk/Kanbun.pl
/usr/lib/perl5/5.12.4/unicore/lib/Blk/KangxiRa.pl
/usr/lib/perl5/5.12.4/unicore/lib/Blk/Kannada.pl
/usr/lib/perl5/5.12.4/unicore/lib/Blk/Katakan2.pl
/usr/lib/perl5/5.12.4/unicore/lib/Blk/Katakana.pl
/usr/lib/perl5/5.12.4/unicore/lib/Blk/KayahLi.pl
/usr/lib/perl5/5.12.4/unicore/lib/Blk/Kharosht.pl
/usr/lib/perl5/5.12.4/unicore/lib/Blk/Khmer.pl
/usr/lib/perl5/5.12.4/unicore/lib/Blk/KhmerSym.pl
/usr/lib/perl5/5.12.4/unicore/lib/Blk/Lao.pl
/usr/lib/perl5/5.12.4/unicore/lib/Blk/Latin1.pl
/usr/lib/perl5/5.12.4/unicore/lib/Blk/LatinEx2.pl
/usr/lib/perl5/5.12.4/unicore/lib/Blk/LatinEx3.pl
/usr/lib/perl5/5.12.4/unicore/lib/Blk/LatinEx4.pl
/usr/lib/perl5/5.12.4/unicore/lib/Blk/LatinEx5.pl
/usr/lib/perl5/5.12.4/unicore/lib/Blk/LatinExt.pl
/usr/lib/perl5/5.12.4/unicore/lib/Blk/Lepcha.pl
/usr/lib/perl5/5.12.4/unicore/lib/Blk/Letterli.pl
/usr/lib/perl5/5.12.4/unicore/lib/Blk/Limbu.pl
/usr/lib/perl5/5.12.4/unicore/lib/Blk/LinearBI.pl
/usr/lib/perl5/5.12.4/unicore/lib/Blk/LinearBS.pl
/usr/lib/perl5/5.12.4/unicore/lib/Blk/Lisu.pl
/usr/lib/perl5/5.12.4/unicore/lib/Blk/LowSurro.pl
/usr/lib/perl5/5.12.4/unicore/lib/Blk/Lycian.pl
/usr/lib/perl5/5.12.4/unicore/lib/Blk/Lydian.pl
/usr/lib/perl5/5.12.4/unicore/lib/Blk/MahjongT.pl
/usr/lib/perl5/5.12.4/unicore/lib/Blk/Malayala.pl
/usr/lib/perl5/5.12.4/unicore/lib/Blk/Mathema2.pl
/usr/lib/perl5/5.12.4/unicore/lib/Blk/Mathemat.pl
/usr/lib/perl5/5.12.4/unicore/lib/Blk/MeeteiMa.pl
/usr/lib/perl5/5.12.4/unicore/lib/Blk/Miscell2.pl
/usr/lib/perl5/5.12.4/unicore/lib/Blk/Miscell3.pl
/usr/lib/perl5/5.12.4/unicore/lib/Blk/Miscell4.pl
/usr/lib/perl5/5.12.4/unicore/lib/Blk/Miscell5.pl
/usr/lib/perl5/5.12.4/unicore/lib/Blk/Miscella.pl
/usr/lib/perl5/5.12.4/unicore/lib/Blk/Modifier.pl
/usr/lib/perl5/5.12.4/unicore/lib/Blk/Mongolia.pl
/usr/lib/perl5/5.12.4/unicore/lib/Blk/MusicalS.pl
/usr/lib/perl5/5.12.4/unicore/lib/Blk/Myanmar.pl
/usr/lib/perl5/5.12.4/unicore/lib/Blk/MyanmarE.pl
/usr/lib/perl5/5.12.4/unicore/lib/Blk/NKo.pl
/usr/lib/perl5/5.12.4/unicore/lib/Blk/NewTaiLu.pl
/usr/lib/perl5/5.12.4/unicore/lib/Blk/NoBlock.pl
/usr/lib/perl5/5.12.4/unicore/lib/Blk/NumberFo.pl
/usr/lib/perl5/5.12.4/unicore/lib/Blk/Ogham.pl
/usr/lib/perl5/5.12.4/unicore/lib/Blk/OlChiki.pl
/usr/lib/perl5/5.12.4/unicore/lib/Blk/OldItali.pl
/usr/lib/perl5/5.12.4/unicore/lib/Blk/OldPersi.pl
/usr/lib/perl5/5.12.4/unicore/lib/Blk/OldSouth.pl
/usr/lib/perl5/5.12.4/unicore/lib/Blk/OldTurki.pl
/usr/lib/perl5/5.12.4/unicore/lib/Blk/OpticalC.pl
/usr/lib/perl5/5.12.4/unicore/lib/Blk/Oriya.pl
/usr/lib/perl5/5.12.4/unicore/lib/Blk/Osmanya.pl
/usr/lib/perl5/5.12.4/unicore/lib/Blk/PhagsPa.pl
/usr/lib/perl5/5.12.4/unicore/lib/Blk/Phaistos.pl
/usr/lib/perl5/5.12.4/unicore/lib/Blk/Phoenici.pl
/usr/lib/perl5/5.12.4/unicore/lib/Blk/Phoneti2.pl
/usr/lib/perl5/5.12.4/unicore/lib/Blk/Phonetic.pl
/usr/lib/perl5/5.12.4/unicore/lib/Blk/PrivateU.pl
/usr/lib/perl5/5.12.4/unicore/lib/Blk/Rejang.pl
/usr/lib/perl5/5.12.4/unicore/lib/Blk/RumiNume.pl
/usr/lib/perl5/5.12.4/unicore/lib/Blk/Runic.pl
/usr/lib/perl5/5.12.4/unicore/lib/Blk/Samarita.pl
/usr/lib/perl5/5.12.4/unicore/lib/Blk/Saurasht.pl
/usr/lib/perl5/5.12.4/unicore/lib/Blk/Shavian.pl
/usr/lib/perl5/5.12.4/unicore/lib/Blk/Sinhala.pl
/usr/lib/perl5/5.12.4/unicore/lib/Blk/SmallFor.pl
/usr/lib/perl5/5.12.4/unicore/lib/Blk/SpacingM.pl
/usr/lib/perl5/5.12.4/unicore/lib/Blk/Specials.pl
/usr/lib/perl5/5.12.4/unicore/lib/Blk/Sundanes.pl
/usr/lib/perl5/5.12.4/unicore/lib/Blk/Superscr.pl
/usr/lib/perl5/5.12.4/unicore/lib/Blk/Supplem2.pl
/usr/lib/perl5/5.12.4/unicore/lib/Blk/Supplem3.pl
/usr/lib/perl5/5.12.4/unicore/lib/Blk/Supplem4.pl
/usr/lib/perl5/5.12.4/unicore/lib/Blk/Supplem5.pl
/usr/lib/perl5/5.12.4/unicore/lib/Blk/Supplem6.pl
/usr/lib/perl5/5.12.4/unicore/lib/Blk/Suppleme.pl
/usr/lib/perl5/5.12.4/unicore/lib/Blk/SylotiNa.pl
/usr/lib/perl5/5.12.4/unicore/lib/Blk/Syriac.pl
/usr/lib/perl5/5.12.4/unicore/lib/Blk/Tagalog.pl
/usr/lib/perl5/5.12.4/unicore/lib/Blk/Tagbanwa.pl
/usr/lib/perl5/5.12.4/unicore/lib/Blk/Tags.pl
/usr/lib/perl5/5.12.4/unicore/lib/Blk/TaiLe.pl
/usr/lib/perl5/5.12.4/unicore/lib/Blk/TaiTham.pl
/usr/lib/perl5/5.12.4/unicore/lib/Blk/TaiViet.pl
/usr/lib/perl5/5.12.4/unicore/lib/Blk/TaiXuanJ.pl
/usr/lib/perl5/5.12.4/unicore/lib/Blk/Tamil.pl
/usr/lib/perl5/5.12.4/unicore/lib/Blk/Telugu.pl
/usr/lib/perl5/5.12.4/unicore/lib/Blk/Thaana.pl
/usr/lib/perl5/5.12.4/unicore/lib/Blk/Thai.pl
/usr/lib/perl5/5.12.4/unicore/lib/Blk/Tibetan.pl
/usr/lib/perl5/5.12.4/unicore/lib/Blk/Tifinagh.pl
/usr/lib/perl5/5.12.4/unicore/lib/Blk/Ugaritic.pl
/usr/lib/perl5/5.12.4/unicore/lib/Blk/UnifiedC.pl
/usr/lib/perl5/5.12.4/unicore/lib/Blk/Vai.pl
/usr/lib/perl5/5.12.4/unicore/lib/Blk/Variati2.pl
/usr/lib/perl5/5.12.4/unicore/lib/Blk/Variatio.pl
/usr/lib/perl5/5.12.4/unicore/lib/Blk/VedicExt.pl
/usr/lib/perl5/5.12.4/unicore/lib/Blk/Vertical.pl
/usr/lib/perl5/5.12.4/unicore/lib/Blk/YiRadica.pl
/usr/lib/perl5/5.12.4/unicore/lib/Blk/YiSyllab.pl
/usr/lib/perl5/5.12.4/unicore/lib/Blk/YijingHe.pl
/usr/lib/perl5/5.12.4/unicore/lib/CE/N.pl
/usr/lib/perl5/5.12.4/unicore/lib/CE/Y.pl
/usr/lib/perl5/5.12.4/unicore/lib/CI/N.pl
/usr/lib/perl5/5.12.4/unicore/lib/CI/Y.pl
/usr/lib/perl5/5.12.4/unicore/lib/CWCF/N.pl
/usr/lib/perl5/5.12.4/unicore/lib/CWCF/Y.pl
/usr/lib/perl5/5.12.4/unicore/lib/CWCM/N.pl
/usr/lib/perl5/5.12.4/unicore/lib/CWCM/Y.pl
/usr/lib/perl5/5.12.4/unicore/lib/CWKCF/N.pl
/usr/lib/perl5/5.12.4/unicore/lib/CWKCF/Y.pl
/usr/lib/perl5/5.12.4/unicore/lib/CWL/N.pl
/usr/lib/perl5/5.12.4/unicore/lib/CWL/Y.pl
/usr/lib/perl5/5.12.4/unicore/lib/CWT/N.pl
/usr/lib/perl5/5.12.4/unicore/lib/CWT/Y.pl
/usr/lib/perl5/5.12.4/unicore/lib/CWU/N.pl
/usr/lib/perl5/5.12.4/unicore/lib/CWU/Y.pl
/usr/lib/perl5/5.12.4/unicore/lib/Cased/N.pl
/usr/lib/perl5/5.12.4/unicore/lib/Cased/Y.pl
/usr/lib/perl5/5.12.4/unicore/lib/Ccc/10.pl
/usr/lib/perl5/5.12.4/unicore/lib/Ccc/103.pl
/usr/lib/perl5/5.12.4/unicore/lib/Ccc/107.pl
/usr/lib/perl5/5.12.4/unicore/lib/Ccc/11.pl
/usr/lib/perl5/5.12.4/unicore/lib/Ccc/118.pl
/usr/lib/perl5/5.12.4/unicore/lib/Ccc/12.pl
/usr/lib/perl5/5.12.4/unicore/lib/Ccc/122.pl
/usr/lib/perl5/5.12.4/unicore/lib/Ccc/129.pl
/usr/lib/perl5/5.12.4/unicore/lib/Ccc/13.pl
/usr/lib/perl5/5.12.4/unicore/lib/Ccc/130.pl
/usr/lib/perl5/5.12.4/unicore/lib/Ccc/132.pl
/usr/lib/perl5/5.12.4/unicore/lib/Ccc/14.pl
/usr/lib/perl5/5.12.4/unicore/lib/Ccc/15.pl
/usr/lib/perl5/5.12.4/unicore/lib/Ccc/16.pl
/usr/lib/perl5/5.12.4/unicore/lib/Ccc/17.pl
/usr/lib/perl5/5.12.4/unicore/lib/Ccc/18.pl
/usr/lib/perl5/5.12.4/unicore/lib/Ccc/19.pl
/usr/lib/perl5/5.12.4/unicore/lib/Ccc/20.pl
/usr/lib/perl5/5.12.4/unicore/lib/Ccc/21.pl
/usr/lib/perl5/5.12.4/unicore/lib/Ccc/22.pl
/usr/lib/perl5/5.12.4/unicore/lib/Ccc/23.pl
/usr/lib/perl5/5.12.4/unicore/lib/Ccc/24.pl
/usr/lib/perl5/5.12.4/unicore/lib/Ccc/25.pl
/usr/lib/perl5/5.12.4/unicore/lib/Ccc/26.pl
/usr/lib/perl5/5.12.4/unicore/lib/Ccc/27.pl
/usr/lib/perl5/5.12.4/unicore/lib/Ccc/28.pl
/usr/lib/perl5/5.12.4/unicore/lib/Ccc/29.pl
/usr/lib/perl5/5.12.4/unicore/lib/Ccc/30.pl
/usr/lib/perl5/5.12.4/unicore/lib/Ccc/31.pl
/usr/lib/perl5/5.12.4/unicore/lib/Ccc/32.pl
/usr/lib/perl5/5.12.4/unicore/lib/Ccc/33.pl
/usr/lib/perl5/5.12.4/unicore/lib/Ccc/34.pl
/usr/lib/perl5/5.12.4/unicore/lib/Ccc/35.pl
/usr/lib/perl5/5.12.4/unicore/lib/Ccc/36.pl
/usr/lib/perl5/5.12.4/unicore/lib/Ccc/84.pl
/usr/lib/perl5/5.12.4/unicore/lib/Ccc/91.pl
/usr/lib/perl5/5.12.4/unicore/lib/Ccc/A.pl
/usr/lib/perl5/5.12.4/unicore/lib/Ccc/AL.pl
/usr/lib/perl5/5.12.4/unicore/lib/Ccc/AR.pl
/usr/lib/perl5/5.12.4/unicore/lib/Ccc/ATA.pl
/usr/lib/perl5/5.12.4/unicore/lib/Ccc/ATAR.pl
/usr/lib/perl5/5.12.4/unicore/lib/Ccc/ATB.pl
/usr/lib/perl5/5.12.4/unicore/lib/Ccc/ATBL.pl
/usr/lib/perl5/5.12.4/unicore/lib/Ccc/B.pl
/usr/lib/perl5/5.12.4/unicore/lib/Ccc/BL.pl
/usr/lib/perl5/5.12.4/unicore/lib/Ccc/BR.pl
/usr/lib/perl5/5.12.4/unicore/lib/Ccc/DA.pl
/usr/lib/perl5/5.12.4/unicore/lib/Ccc/DB.pl
/usr/lib/perl5/5.12.4/unicore/lib/Ccc/IS.pl
/usr/lib/perl5/5.12.4/unicore/lib/Ccc/KV.pl
/usr/lib/perl5/5.12.4/unicore/lib/Ccc/L.pl
/usr/lib/perl5/5.12.4/unicore/lib/Ccc/NK.pl
/usr/lib/perl5/5.12.4/unicore/lib/Ccc/NR.pl
/usr/lib/perl5/5.12.4/unicore/lib/Ccc/OV.pl
/usr/lib/perl5/5.12.4/unicore/lib/Ccc/R.pl
/usr/lib/perl5/5.12.4/unicore/lib/Ccc/VR.pl
/usr/lib/perl5/5.12.4/unicore/lib/CompEx/N.pl
/usr/lib/perl5/5.12.4/unicore/lib/CompEx/Y.pl
/usr/lib/perl5/5.12.4/unicore/lib/DI/N.pl
/usr/lib/perl5/5.12.4/unicore/lib/DI/Y.pl
/usr/lib/perl5/5.12.4/unicore/lib/Dash/N.pl
/usr/lib/perl5/5.12.4/unicore/lib/Dash/Y.pl
/usr/lib/perl5/5.12.4/unicore/lib/Dep/N.pl
/usr/lib/perl5/5.12.4/unicore/lib/Dep/Y.pl
/usr/lib/perl5/5.12.4/unicore/lib/Dia/N.pl
/usr/lib/perl5/5.12.4/unicore/lib/Dia/Y.pl
/usr/lib/perl5/5.12.4/unicore/lib/Dt/Com.pl
/usr/lib/perl5/5.12.4/unicore/lib/Dt/Enc.pl
/usr/lib/perl5/5.12.4/unicore/lib/Dt/Fin.pl
/usr/lib/perl5/5.12.4/unicore/lib/Dt/Font.pl
/usr/lib/perl5/5.12.4/unicore/lib/Dt/Fra.pl
/usr/lib/perl5/5.12.4/unicore/lib/Dt/Init.pl
/usr/lib/perl5/5.12.4/unicore/lib/Dt/Iso.pl
/usr/lib/perl5/5.12.4/unicore/lib/Dt/Med.pl
/usr/lib/perl5/5.12.4/unicore/lib/Dt/Nar.pl
/usr/lib/perl5/5.12.4/unicore/lib/Dt/Nb.pl
/usr/lib/perl5/5.12.4/unicore/lib/Dt/NonCanon.pl
/usr/lib/perl5/5.12.4/unicore/lib/Dt/None.pl
/usr/lib/perl5/5.12.4/unicore/lib/Dt/Sml.pl
/usr/lib/perl5/5.12.4/unicore/lib/Dt/Sqr.pl
/usr/lib/perl5/5.12.4/unicore/lib/Dt/Sub.pl
/usr/lib/perl5/5.12.4/unicore/lib/Dt/Sup.pl
/usr/lib/perl5/5.12.4/unicore/lib/Dt/Vert.pl
/usr/lib/perl5/5.12.4/unicore/lib/Ea/A.pl
/usr/lib/perl5/5.12.4/unicore/lib/Ea/F.pl
/usr/lib/perl5/5.12.4/unicore/lib/Ea/H.pl
/usr/lib/perl5/5.12.4/unicore/lib/Ea/N.pl
/usr/lib/perl5/5.12.4/unicore/lib/Ea/Na.pl
/usr/lib/perl5/5.12.4/unicore/lib/Ea/W.pl
/usr/lib/perl5/5.12.4/unicore/lib/Ext/N.pl
/usr/lib/perl5/5.12.4/unicore/lib/Ext/Y.pl
/usr/lib/perl5/5.12.4/unicore/lib/GCB/CN.pl
/usr/lib/perl5/5.12.4/unicore/lib/GCB/CR.pl
/usr/lib/perl5/5.12.4/unicore/lib/GCB/EX.pl
/usr/lib/perl5/5.12.4/unicore/lib/GCB/L.pl
/usr/lib/perl5/5.12.4/unicore/lib/GCB/LF.pl
/usr/lib/perl5/5.12.4/unicore/lib/GCB/LV.pl
/usr/lib/perl5/5.12.4/unicore/lib/GCB/LVT.pl
/usr/lib/perl5/5.12.4/unicore/lib/GCB/PP.pl
/usr/lib/perl5/5.12.4/unicore/lib/GCB/SM.pl
/usr/lib/perl5/5.12.4/unicore/lib/GCB/T.pl
/usr/lib/perl5/5.12.4/unicore/lib/GCB/V.pl
/usr/lib/perl5/5.12.4/unicore/lib/GCB/XX.pl
/usr/lib/perl5/5.12.4/unicore/lib/Gc/C.pl
/usr/lib/perl5/5.12.4/unicore/lib/Gc/Cc.pl
/usr/lib/perl5/5.12.4/unicore/lib/Gc/Cf.pl
/usr/lib/perl5/5.12.4/unicore/lib/Gc/Cn.pl
/usr/lib/perl5/5.12.4/unicore/lib/Gc/Co.pl
/usr/lib/perl5/5.12.4/unicore/lib/Gc/Cs.pl
/usr/lib/perl5/5.12.4/unicore/lib/Gc/L.pl
/usr/lib/perl5/5.12.4/unicore/lib/Gc/LC.pl
/usr/lib/perl5/5.12.4/unicore/lib/Gc/Ll.pl
/usr/lib/perl5/5.12.4/unicore/lib/Gc/Lm.pl
/usr/lib/perl5/5.12.4/unicore/lib/Gc/Lo.pl
/usr/lib/perl5/5.12.4/unicore/lib/Gc/Lt.pl
/usr/lib/perl5/5.12.4/unicore/lib/Gc/Lu.pl
/usr/lib/perl5/5.12.4/unicore/lib/Gc/M.pl
/usr/lib/perl5/5.12.4/unicore/lib/Gc/Mc.pl
/usr/lib/perl5/5.12.4/unicore/lib/Gc/Me.pl
/usr/lib/perl5/5.12.4/unicore/lib/Gc/Mn.pl
/usr/lib/perl5/5.12.4/unicore/lib/Gc/N.pl
/usr/lib/perl5/5.12.4/unicore/lib/Gc/Nl.pl
/usr/lib/perl5/5.12.4/unicore/lib/Gc/No.pl
/usr/lib/perl5/5.12.4/unicore/lib/Gc/P.pl
/usr/lib/perl5/5.12.4/unicore/lib/Gc/Pd.pl
/usr/lib/perl5/5.12.4/unicore/lib/Gc/Pe.pl
/usr/lib/perl5/5.12.4/unicore/lib/Gc/Pf.pl
/usr/lib/perl5/5.12.4/unicore/lib/Gc/Pi.pl
/usr/lib/perl5/5.12.4/unicore/lib/Gc/Po.pl
/usr/lib/perl5/5.12.4/unicore/lib/Gc/Ps.pl
/usr/lib/perl5/5.12.4/unicore/lib/Gc/S.pl
/usr/lib/perl5/5.12.4/unicore/lib/Gc/Sc.pl
/usr/lib/perl5/5.12.4/unicore/lib/Gc/Sk.pl
/usr/lib/perl5/5.12.4/unicore/lib/Gc/Sm.pl
/usr/lib/perl5/5.12.4/unicore/lib/Gc/So.pl
/usr/lib/perl5/5.12.4/unicore/lib/Gc/Z.pl
/usr/lib/perl5/5.12.4/unicore/lib/Gc/Zl.pl
/usr/lib/perl5/5.12.4/unicore/lib/Gc/Zp.pl
/usr/lib/perl5/5.12.4/unicore/lib/Gc/Zs.pl
/usr/lib/perl5/5.12.4/unicore/lib/GrBase/N.pl
/usr/lib/perl5/5.12.4/unicore/lib/GrBase/Y.pl
/usr/lib/perl5/5.12.4/unicore/lib/GrExt/N.pl
/usr/lib/perl5/5.12.4/unicore/lib/GrExt/Y.pl
/usr/lib/perl5/5.12.4/unicore/lib/Hex/N.pl
/usr/lib/perl5/5.12.4/unicore/lib/Hex/Y.pl
/usr/lib/perl5/5.12.4/unicore/lib/Hst/NA.pl
/usr/lib/perl5/5.12.4/unicore/lib/Hyphen/N.pl
/usr/lib/perl5/5.12.4/unicore/lib/Hyphen/Y.pl
/usr/lib/perl5/5.12.4/unicore/lib/IDC/N.pl
/usr/lib/perl5/5.12.4/unicore/lib/IDC/Y.pl
/usr/lib/perl5/5.12.4/unicore/lib/IDS/N.pl
/usr/lib/perl5/5.12.4/unicore/lib/IDS/Y.pl
/usr/lib/perl5/5.12.4/unicore/lib/IDSB/N.pl
/usr/lib/perl5/5.12.4/unicore/lib/IDSB/Y.pl
/usr/lib/perl5/5.12.4/unicore/lib/IDST/N.pl
/usr/lib/perl5/5.12.4/unicore/lib/IDST/Y.pl
/usr/lib/perl5/5.12.4/unicore/lib/Ideo/N.pl
/usr/lib/perl5/5.12.4/unicore/lib/Ideo/Y.pl
/usr/lib/perl5/5.12.4/unicore/lib/In/2_0.pl
/usr/lib/perl5/5.12.4/unicore/lib/In/2_1.pl
/usr/lib/perl5/5.12.4/unicore/lib/In/3_0.pl
/usr/lib/perl5/5.12.4/unicore/lib/In/3_1.pl
/usr/lib/perl5/5.12.4/unicore/lib/In/3_2.pl
/usr/lib/perl5/5.12.4/unicore/lib/In/4_0.pl
/usr/lib/perl5/5.12.4/unicore/lib/In/4_1.pl
/usr/lib/perl5/5.12.4/unicore/lib/In/5_0.pl
/usr/lib/perl5/5.12.4/unicore/lib/In/5_1.pl
/usr/lib/perl5/5.12.4/unicore/lib/In/5_2.pl
/usr/lib/perl5/5.12.4/unicore/lib/Jg/Ain.pl
/usr/lib/perl5/5.12.4/unicore/lib/Jg/Alaph.pl
/usr/lib/perl5/5.12.4/unicore/lib/Jg/Alef.pl
/usr/lib/perl5/5.12.4/unicore/lib/Jg/Beh.pl
/usr/lib/perl5/5.12.4/unicore/lib/Jg/Beth.pl
/usr/lib/perl5/5.12.4/unicore/lib/Jg/Burushas.pl
/usr/lib/perl5/5.12.4/unicore/lib/Jg/Dal.pl
/usr/lib/perl5/5.12.4/unicore/lib/Jg/DalathRi.pl
/usr/lib/perl5/5.12.4/unicore/lib/Jg/E.pl
/usr/lib/perl5/5.12.4/unicore/lib/Jg/FarsiYeh.pl
/usr/lib/perl5/5.12.4/unicore/lib/Jg/Fe.pl
/usr/lib/perl5/5.12.4/unicore/lib/Jg/Feh.pl
/usr/lib/perl5/5.12.4/unicore/lib/Jg/FinalSem.pl
/usr/lib/perl5/5.12.4/unicore/lib/Jg/Gaf.pl
/usr/lib/perl5/5.12.4/unicore/lib/Jg/Gamal.pl
/usr/lib/perl5/5.12.4/unicore/lib/Jg/Hah.pl
/usr/lib/perl5/5.12.4/unicore/lib/Jg/HamzaOnH.pl
/usr/lib/perl5/5.12.4/unicore/lib/Jg/He.pl
/usr/lib/perl5/5.12.4/unicore/lib/Jg/Heh.pl
/usr/lib/perl5/5.12.4/unicore/lib/Jg/HehGoal.pl
/usr/lib/perl5/5.12.4/unicore/lib/Jg/Heth.pl
/usr/lib/perl5/5.12.4/unicore/lib/Jg/Kaf.pl
/usr/lib/perl5/5.12.4/unicore/lib/Jg/Kaph.pl
/usr/lib/perl5/5.12.4/unicore/lib/Jg/Khaph.pl
/usr/lib/perl5/5.12.4/unicore/lib/Jg/KnottedH.pl
/usr/lib/perl5/5.12.4/unicore/lib/Jg/Lam.pl
/usr/lib/perl5/5.12.4/unicore/lib/Jg/Lamadh.pl
/usr/lib/perl5/5.12.4/unicore/lib/Jg/Meem.pl
/usr/lib/perl5/5.12.4/unicore/lib/Jg/Mim.pl
/usr/lib/perl5/5.12.4/unicore/lib/Jg/NoJoinin.pl
/usr/lib/perl5/5.12.4/unicore/lib/Jg/Noon.pl
/usr/lib/perl5/5.12.4/unicore/lib/Jg/Nun.pl
/usr/lib/perl5/5.12.4/unicore/lib/Jg/Nya.pl
/usr/lib/perl5/5.12.4/unicore/lib/Jg/Pe.pl
/usr/lib/perl5/5.12.4/unicore/lib/Jg/Qaf.pl
/usr/lib/perl5/5.12.4/unicore/lib/Jg/Qaph.pl
/usr/lib/perl5/5.12.4/unicore/lib/Jg/Reh.pl
/usr/lib/perl5/5.12.4/unicore/lib/Jg/Reversed.pl
/usr/lib/perl5/5.12.4/unicore/lib/Jg/Sad.pl
/usr/lib/perl5/5.12.4/unicore/lib/Jg/Sadhe.pl
/usr/lib/perl5/5.12.4/unicore/lib/Jg/Seen.pl
/usr/lib/perl5/5.12.4/unicore/lib/Jg/Semkath.pl
/usr/lib/perl5/5.12.4/unicore/lib/Jg/Shin.pl
/usr/lib/perl5/5.12.4/unicore/lib/Jg/SwashKaf.pl
/usr/lib/perl5/5.12.4/unicore/lib/Jg/SyriacWa.pl
/usr/lib/perl5/5.12.4/unicore/lib/Jg/Tah.pl
/usr/lib/perl5/5.12.4/unicore/lib/Jg/Taw.pl
/usr/lib/perl5/5.12.4/unicore/lib/Jg/TehMarbu.pl
/usr/lib/perl5/5.12.4/unicore/lib/Jg/Teth.pl
/usr/lib/perl5/5.12.4/unicore/lib/Jg/Waw.pl
/usr/lib/perl5/5.12.4/unicore/lib/Jg/Yeh.pl
/usr/lib/perl5/5.12.4/unicore/lib/Jg/YehBarre.pl
/usr/lib/perl5/5.12.4/unicore/lib/Jg/YehWithT.pl
/usr/lib/perl5/5.12.4/unicore/lib/Jg/Yudh.pl
/usr/lib/perl5/5.12.4/unicore/lib/Jg/YudhHe.pl
/usr/lib/perl5/5.12.4/unicore/lib/Jg/Zain.pl
/usr/lib/perl5/5.12.4/unicore/lib/Jg/Zhain.pl
/usr/lib/perl5/5.12.4/unicore/lib/JoinC/N.pl
/usr/lib/perl5/5.12.4/unicore/lib/JoinC/Y.pl
/usr/lib/perl5/5.12.4/unicore/lib/Jt/C.pl
/usr/lib/perl5/5.12.4/unicore/lib/Jt/D.pl
/usr/lib/perl5/5.12.4/unicore/lib/Jt/R.pl
/usr/lib/perl5/5.12.4/unicore/lib/Jt/T.pl
/usr/lib/perl5/5.12.4/unicore/lib/Jt/U.pl
/usr/lib/perl5/5.12.4/unicore/lib/LOE/N.pl
/usr/lib/perl5/5.12.4/unicore/lib/Lb/AI.pl
/usr/lib/perl5/5.12.4/unicore/lib/Lb/AL.pl
/usr/lib/perl5/5.12.4/unicore/lib/Lb/B2.pl
/usr/lib/perl5/5.12.4/unicore/lib/Lb/BA.pl
/usr/lib/perl5/5.12.4/unicore/lib/Lb/BB.pl
/usr/lib/perl5/5.12.4/unicore/lib/Lb/BK.pl
/usr/lib/perl5/5.12.4/unicore/lib/Lb/CB.pl
/usr/lib/perl5/5.12.4/unicore/lib/Lb/CL.pl
/usr/lib/perl5/5.12.4/unicore/lib/Lb/CM.pl
/usr/lib/perl5/5.12.4/unicore/lib/Lb/CP.pl
/usr/lib/perl5/5.12.4/unicore/lib/Lb/EX.pl
/usr/lib/perl5/5.12.4/unicore/lib/Lb/GL.pl
/usr/lib/perl5/5.12.4/unicore/lib/Lb/HY.pl
/usr/lib/perl5/5.12.4/unicore/lib/Lb/ID.pl
/usr/lib/perl5/5.12.4/unicore/lib/Lb/IN.pl
/usr/lib/perl5/5.12.4/unicore/lib/Lb/IS.pl
/usr/lib/perl5/5.12.4/unicore/lib/Lb/NL.pl
/usr/lib/perl5/5.12.4/unicore/lib/Lb/NS.pl
/usr/lib/perl5/5.12.4/unicore/lib/Lb/NU.pl
/usr/lib/perl5/5.12.4/unicore/lib/Lb/OP.pl
/usr/lib/perl5/5.12.4/unicore/lib/Lb/PO.pl
/usr/lib/perl5/5.12.4/unicore/lib/Lb/PR.pl
/usr/lib/perl5/5.12.4/unicore/lib/Lb/QU.pl
/usr/lib/perl5/5.12.4/unicore/lib/Lb/SA.pl
/usr/lib/perl5/5.12.4/unicore/lib/Lb/SG.pl
/usr/lib/perl5/5.12.4/unicore/lib/Lb/SP.pl
/usr/lib/perl5/5.12.4/unicore/lib/Lb/SY.pl
/usr/lib/perl5/5.12.4/unicore/lib/Lb/WJ.pl
/usr/lib/perl5/5.12.4/unicore/lib/Lb/XX.pl
/usr/lib/perl5/5.12.4/unicore/lib/Lb/ZW.pl
/usr/lib/perl5/5.12.4/unicore/lib/Lower/N.pl
/usr/lib/perl5/5.12.4/unicore/lib/Lower/Y.pl
/usr/lib/perl5/5.12.4/unicore/lib/Math/N.pl
/usr/lib/perl5/5.12.4/unicore/lib/Math/Y.pl
/usr/lib/perl5/5.12.4/unicore/lib/NChar/N.pl
/usr/lib/perl5/5.12.4/unicore/lib/NChar/Y.pl
/usr/lib/perl5/5.12.4/unicore/lib/NFCQC/Y.pl
/usr/lib/perl5/5.12.4/unicore/lib/NFDQC/N.pl
/usr/lib/perl5/5.12.4/unicore/lib/NFDQC/Y.pl
/usr/lib/perl5/5.12.4/unicore/lib/NFKCQC/M.pl
/usr/lib/perl5/5.12.4/unicore/lib/NFKCQC/N.pl
/usr/lib/perl5/5.12.4/unicore/lib/NFKCQC/Y.pl
/usr/lib/perl5/5.12.4/unicore/lib/NFKDQC/N.pl
/usr/lib/perl5/5.12.4/unicore/lib/Nt/De.pl
/usr/lib/perl5/5.12.4/unicore/lib/Nt/Di.pl
/usr/lib/perl5/5.12.4/unicore/lib/Nt/Nu.pl
/usr/lib/perl5/5.12.4/unicore/lib/Nv/0.pl
/usr/lib/perl5/5.12.4/unicore/lib/Nv/1.pl
/usr/lib/perl5/5.12.4/unicore/lib/Nv/10.pl
/usr/lib/perl5/5.12.4/unicore/lib/Nv/100.pl
/usr/lib/perl5/5.12.4/unicore/lib/Nv/1000.pl
/usr/lib/perl5/5.12.4/unicore/lib/Nv/10000.pl
/usr/lib/perl5/5.12.4/unicore/lib/Nv/100000.pl
/usr/lib/perl5/5.12.4/unicore/lib/Nv/10000000.pl
/usr/lib/perl5/5.12.4/unicore/lib/Nv/10000002.pl
/usr/lib/perl5/5.12.4/unicore/lib/Nv/11.pl
/usr/lib/perl5/5.12.4/unicore/lib/Nv/11_2.pl
/usr/lib/perl5/5.12.4/unicore/lib/Nv/12.pl
/usr/lib/perl5/5.12.4/unicore/lib/Nv/13.pl
/usr/lib/perl5/5.12.4/unicore/lib/Nv/13_2.pl
/usr/lib/perl5/5.12.4/unicore/lib/Nv/14.pl
/usr/lib/perl5/5.12.4/unicore/lib/Nv/15.pl
/usr/lib/perl5/5.12.4/unicore/lib/Nv/15_2.pl
/usr/lib/perl5/5.12.4/unicore/lib/Nv/16.pl
/usr/lib/perl5/5.12.4/unicore/lib/Nv/17.pl
/usr/lib/perl5/5.12.4/unicore/lib/Nv/17_2.pl
/usr/lib/perl5/5.12.4/unicore/lib/Nv/18.pl
/usr/lib/perl5/5.12.4/unicore/lib/Nv/19.pl
/usr/lib/perl5/5.12.4/unicore/lib/Nv/1_10.pl
/usr/lib/perl5/5.12.4/unicore/lib/Nv/1_16.pl
/usr/lib/perl5/5.12.4/unicore/lib/Nv/1_2.pl
/usr/lib/perl5/5.12.4/unicore/lib/Nv/1_3.pl
/usr/lib/perl5/5.12.4/unicore/lib/Nv/1_4.pl
/usr/lib/perl5/5.12.4/unicore/lib/Nv/1_5.pl
/usr/lib/perl5/5.12.4/unicore/lib/Nv/1_6.pl
/usr/lib/perl5/5.12.4/unicore/lib/Nv/1_7.pl
/usr/lib/perl5/5.12.4/unicore/lib/Nv/1_8.pl
/usr/lib/perl5/5.12.4/unicore/lib/Nv/1_9.pl
/usr/lib/perl5/5.12.4/unicore/lib/Nv/2.pl
/usr/lib/perl5/5.12.4/unicore/lib/Nv/20.pl
/usr/lib/perl5/5.12.4/unicore/lib/Nv/200.pl
/usr/lib/perl5/5.12.4/unicore/lib/Nv/2000.pl
/usr/lib/perl5/5.12.4/unicore/lib/Nv/20000.pl
/usr/lib/perl5/5.12.4/unicore/lib/Nv/21.pl
/usr/lib/perl5/5.12.4/unicore/lib/Nv/22.pl
/usr/lib/perl5/5.12.4/unicore/lib/Nv/23.pl
/usr/lib/perl5/5.12.4/unicore/lib/Nv/24.pl
/usr/lib/perl5/5.12.4/unicore/lib/Nv/25.pl
/usr/lib/perl5/5.12.4/unicore/lib/Nv/26.pl
/usr/lib/perl5/5.12.4/unicore/lib/Nv/27.pl
/usr/lib/perl5/5.12.4/unicore/lib/Nv/28.pl
/usr/lib/perl5/5.12.4/unicore/lib/Nv/29.pl
/usr/lib/perl5/5.12.4/unicore/lib/Nv/2_3.pl
/usr/lib/perl5/5.12.4/unicore/lib/Nv/2_5.pl
/usr/lib/perl5/5.12.4/unicore/lib/Nv/3.pl
/usr/lib/perl5/5.12.4/unicore/lib/Nv/30.pl
/usr/lib/perl5/5.12.4/unicore/lib/Nv/300.pl
/usr/lib/perl5/5.12.4/unicore/lib/Nv/3000.pl
/usr/lib/perl5/5.12.4/unicore/lib/Nv/30000.pl
/usr/lib/perl5/5.12.4/unicore/lib/Nv/31.pl
/usr/lib/perl5/5.12.4/unicore/lib/Nv/32.pl
/usr/lib/perl5/5.12.4/unicore/lib/Nv/33.pl
/usr/lib/perl5/5.12.4/unicore/lib/Nv/34.pl
/usr/lib/perl5/5.12.4/unicore/lib/Nv/35.pl
/usr/lib/perl5/5.12.4/unicore/lib/Nv/36.pl
/usr/lib/perl5/5.12.4/unicore/lib/Nv/37.pl
/usr/lib/perl5/5.12.4/unicore/lib/Nv/38.pl
/usr/lib/perl5/5.12.4/unicore/lib/Nv/39.pl
/usr/lib/perl5/5.12.4/unicore/lib/Nv/3_16.pl
/usr/lib/perl5/5.12.4/unicore/lib/Nv/3_2.pl
/usr/lib/perl5/5.12.4/unicore/lib/Nv/3_4.pl
/usr/lib/perl5/5.12.4/unicore/lib/Nv/3_5.pl
/usr/lib/perl5/5.12.4/unicore/lib/Nv/3_8.pl
/usr/lib/perl5/5.12.4/unicore/lib/Nv/4.pl
/usr/lib/perl5/5.12.4/unicore/lib/Nv/40.pl
/usr/lib/perl5/5.12.4/unicore/lib/Nv/400.pl
/usr/lib/perl5/5.12.4/unicore/lib/Nv/4000.pl
/usr/lib/perl5/5.12.4/unicore/lib/Nv/40000.pl
/usr/lib/perl5/5.12.4/unicore/lib/Nv/41.pl
/usr/lib/perl5/5.12.4/unicore/lib/Nv/42.pl
/usr/lib/perl5/5.12.4/unicore/lib/Nv/43.pl
/usr/lib/perl5/5.12.4/unicore/lib/Nv/44.pl
/usr/lib/perl5/5.12.4/unicore/lib/Nv/45.pl
/usr/lib/perl5/5.12.4/unicore/lib/Nv/46.pl
/usr/lib/perl5/5.12.4/unicore/lib/Nv/47.pl
/usr/lib/perl5/5.12.4/unicore/lib/Nv/48.pl
/usr/lib/perl5/5.12.4/unicore/lib/Nv/49.pl
/usr/lib/perl5/5.12.4/unicore/lib/Nv/4_5.pl
/usr/lib/perl5/5.12.4/unicore/lib/Nv/5.pl
/usr/lib/perl5/5.12.4/unicore/lib/Nv/50.pl
/usr/lib/perl5/5.12.4/unicore/lib/Nv/500.pl
/usr/lib/perl5/5.12.4/unicore/lib/Nv/5000.pl
/usr/lib/perl5/5.12.4/unicore/lib/Nv/50000.pl
/usr/lib/perl5/5.12.4/unicore/lib/Nv/5_2.pl
/usr/lib/perl5/5.12.4/unicore/lib/Nv/5_6.pl
/usr/lib/perl5/5.12.4/unicore/lib/Nv/5_8.pl
/usr/lib/perl5/5.12.4/unicore/lib/Nv/6.pl
/usr/lib/perl5/5.12.4/unicore/lib/Nv/60.pl
/usr/lib/perl5/5.12.4/unicore/lib/Nv/600.pl
/usr/lib/perl5/5.12.4/unicore/lib/Nv/6000.pl
/usr/lib/perl5/5.12.4/unicore/lib/Nv/60000.pl
/usr/lib/perl5/5.12.4/unicore/lib/Nv/7.pl
/usr/lib/perl5/5.12.4/unicore/lib/Nv/70.pl
/usr/lib/perl5/5.12.4/unicore/lib/Nv/700.pl
/usr/lib/perl5/5.12.4/unicore/lib/Nv/7000.pl
/usr/lib/perl5/5.12.4/unicore/lib/Nv/70000.pl
/usr/lib/perl5/5.12.4/unicore/lib/Nv/7_2.pl
/usr/lib/perl5/5.12.4/unicore/lib/Nv/7_8.pl
/usr/lib/perl5/5.12.4/unicore/lib/Nv/8.pl
/usr/lib/perl5/5.12.4/unicore/lib/Nv/80.pl
/usr/lib/perl5/5.12.4/unicore/lib/Nv/800.pl
/usr/lib/perl5/5.12.4/unicore/lib/Nv/8000.pl
/usr/lib/perl5/5.12.4/unicore/lib/Nv/80000.pl
/usr/lib/perl5/5.12.4/unicore/lib/Nv/9.pl
/usr/lib/perl5/5.12.4/unicore/lib/Nv/90.pl
/usr/lib/perl5/5.12.4/unicore/lib/Nv/900.pl
/usr/lib/perl5/5.12.4/unicore/lib/Nv/9000.pl
/usr/lib/perl5/5.12.4/unicore/lib/Nv/90000.pl
/usr/lib/perl5/5.12.4/unicore/lib/Nv/9_2.pl
/usr/lib/perl5/5.12.4/unicore/lib/Nv/NaN.pl
/usr/lib/perl5/5.12.4/unicore/lib/Nv/_1_2.pl
/usr/lib/perl5/5.12.4/unicore/lib/OAlpha/N.pl
/usr/lib/perl5/5.12.4/unicore/lib/OAlpha/Y.pl
/usr/lib/perl5/5.12.4/unicore/lib/ODI/N.pl
/usr/lib/perl5/5.12.4/unicore/lib/ODI/Y.pl
/usr/lib/perl5/5.12.4/unicore/lib/OGrExt/N.pl
/usr/lib/perl5/5.12.4/unicore/lib/OGrExt/Y.pl
/usr/lib/perl5/5.12.4/unicore/lib/OIDC/N.pl
/usr/lib/perl5/5.12.4/unicore/lib/OIDC/Y.pl
/usr/lib/perl5/5.12.4/unicore/lib/OIDS/N.pl
/usr/lib/perl5/5.12.4/unicore/lib/OIDS/Y.pl
/usr/lib/perl5/5.12.4/unicore/lib/OLower/N.pl
/usr/lib/perl5/5.12.4/unicore/lib/OLower/Y.pl
/usr/lib/perl5/5.12.4/unicore/lib/OMath/N.pl
/usr/lib/perl5/5.12.4/unicore/lib/OMath/Y.pl
/usr/lib/perl5/5.12.4/unicore/lib/OUpper/N.pl
/usr/lib/perl5/5.12.4/unicore/lib/OUpper/Y.pl
/usr/lib/perl5/5.12.4/unicore/lib/PatSyn/N.pl
/usr/lib/perl5/5.12.4/unicore/lib/PatSyn/Y.pl
/usr/lib/perl5/5.12.4/unicore/lib/PatWS/N.pl
/usr/lib/perl5/5.12.4/unicore/lib/PatWS/Y.pl
/usr/lib/perl5/5.12.4/unicore/lib/Perl/Alnum.pl
/usr/lib/perl5/5.12.4/unicore/lib/Perl/Any.pl
/usr/lib/perl5/5.12.4/unicore/lib/Perl/Assigned.pl
/usr/lib/perl5/5.12.4/unicore/lib/Perl/Blank.pl
/usr/lib/perl5/5.12.4/unicore/lib/Perl/Graph.pl
/usr/lib/perl5/5.12.4/unicore/lib/Perl/PerlSpac.pl
/usr/lib/perl5/5.12.4/unicore/lib/Perl/PerlWord.pl
/usr/lib/perl5/5.12.4/unicore/lib/Perl/PosixAln.pl
/usr/lib/perl5/5.12.4/unicore/lib/Perl/PosixAlp.pl
/usr/lib/perl5/5.12.4/unicore/lib/Perl/PosixBla.pl
/usr/lib/perl5/5.12.4/unicore/lib/Perl/PosixCnt.pl
/usr/lib/perl5/5.12.4/unicore/lib/Perl/PosixDig.pl
/usr/lib/perl5/5.12.4/unicore/lib/Perl/PosixGra.pl
/usr/lib/perl5/5.12.4/unicore/lib/Perl/PosixLow.pl
/usr/lib/perl5/5.12.4/unicore/lib/Perl/PosixPri.pl
/usr/lib/perl5/5.12.4/unicore/lib/Perl/PosixPun.pl
/usr/lib/perl5/5.12.4/unicore/lib/Perl/PosixSpa.pl
/usr/lib/perl5/5.12.4/unicore/lib/Perl/PosixUpp.pl
/usr/lib/perl5/5.12.4/unicore/lib/Perl/Print.pl
/usr/lib/perl5/5.12.4/unicore/lib/Perl/SpacePer.pl
/usr/lib/perl5/5.12.4/unicore/lib/Perl/VertSpac.pl
/usr/lib/perl5/5.12.4/unicore/lib/Perl/Word.pl
/usr/lib/perl5/5.12.4/unicore/lib/Perl/_XBegin.pl
/usr/lib/perl5/5.12.4/unicore/lib/Perl/_XExtend.pl
/usr/lib/perl5/5.12.4/unicore/lib/Perl/_XLVLVTV.pl
/usr/lib/perl5/5.12.4/unicore/lib/QMark/N.pl
/usr/lib/perl5/5.12.4/unicore/lib/QMark/Y.pl
/usr/lib/perl5/5.12.4/unicore/lib/Radical/N.pl
/usr/lib/perl5/5.12.4/unicore/lib/Radical/Y.pl
/usr/lib/perl5/5.12.4/unicore/lib/SB/AT.pl
/usr/lib/perl5/5.12.4/unicore/lib/SB/CL.pl
/usr/lib/perl5/5.12.4/unicore/lib/SB/EX.pl
/usr/lib/perl5/5.12.4/unicore/lib/SB/FO.pl
/usr/lib/perl5/5.12.4/unicore/lib/SB/LE.pl
/usr/lib/perl5/5.12.4/unicore/lib/SB/LO.pl
/usr/lib/perl5/5.12.4/unicore/lib/SB/SC.pl
/usr/lib/perl5/5.12.4/unicore/lib/SB/SE.pl
/usr/lib/perl5/5.12.4/unicore/lib/SB/ST.pl
/usr/lib/perl5/5.12.4/unicore/lib/SB/Sp.pl
/usr/lib/perl5/5.12.4/unicore/lib/SB/UP.pl
/usr/lib/perl5/5.12.4/unicore/lib/SB/XX.pl
/usr/lib/perl5/5.12.4/unicore/lib/SD/N.pl
/usr/lib/perl5/5.12.4/unicore/lib/SD/Y.pl
/usr/lib/perl5/5.12.4/unicore/lib/STerm/N.pl
/usr/lib/perl5/5.12.4/unicore/lib/STerm/Y.pl
/usr/lib/perl5/5.12.4/unicore/lib/Sc/Arab.pl
/usr/lib/perl5/5.12.4/unicore/lib/Sc/Armi.pl
/usr/lib/perl5/5.12.4/unicore/lib/Sc/Armn.pl
/usr/lib/perl5/5.12.4/unicore/lib/Sc/Avst.pl
/usr/lib/perl5/5.12.4/unicore/lib/Sc/Bali.pl
/usr/lib/perl5/5.12.4/unicore/lib/Sc/Bamu.pl
/usr/lib/perl5/5.12.4/unicore/lib/Sc/Beng.pl
/usr/lib/perl5/5.12.4/unicore/lib/Sc/Bopo.pl
/usr/lib/perl5/5.12.4/unicore/lib/Sc/Bugi.pl
/usr/lib/perl5/5.12.4/unicore/lib/Sc/Buhd.pl
/usr/lib/perl5/5.12.4/unicore/lib/Sc/Cans.pl
/usr/lib/perl5/5.12.4/unicore/lib/Sc/Cari.pl
/usr/lib/perl5/5.12.4/unicore/lib/Sc/Cham.pl
/usr/lib/perl5/5.12.4/unicore/lib/Sc/Cher.pl
/usr/lib/perl5/5.12.4/unicore/lib/Sc/Copt.pl
/usr/lib/perl5/5.12.4/unicore/lib/Sc/Cprt.pl
/usr/lib/perl5/5.12.4/unicore/lib/Sc/Cyrl.pl
/usr/lib/perl5/5.12.4/unicore/lib/Sc/Deva.pl
/usr/lib/perl5/5.12.4/unicore/lib/Sc/Egyp.pl
/usr/lib/perl5/5.12.4/unicore/lib/Sc/Ethi.pl
/usr/lib/perl5/5.12.4/unicore/lib/Sc/Geor.pl
/usr/lib/perl5/5.12.4/unicore/lib/Sc/Glag.pl
/usr/lib/perl5/5.12.4/unicore/lib/Sc/Goth.pl
/usr/lib/perl5/5.12.4/unicore/lib/Sc/Grek.pl
/usr/lib/perl5/5.12.4/unicore/lib/Sc/Gujr.pl
/usr/lib/perl5/5.12.4/unicore/lib/Sc/Guru.pl
/usr/lib/perl5/5.12.4/unicore/lib/Sc/Han.pl
/usr/lib/perl5/5.12.4/unicore/lib/Sc/Hang.pl
/usr/lib/perl5/5.12.4/unicore/lib/Sc/Hano.pl
/usr/lib/perl5/5.12.4/unicore/lib/Sc/Hebr.pl
/usr/lib/perl5/5.12.4/unicore/lib/Sc/Hira.pl
/usr/lib/perl5/5.12.4/unicore/lib/Sc/Ital.pl
/usr/lib/perl5/5.12.4/unicore/lib/Sc/Java.pl
/usr/lib/perl5/5.12.4/unicore/lib/Sc/Kana.pl
/usr/lib/perl5/5.12.4/unicore/lib/Sc/Khar.pl
/usr/lib/perl5/5.12.4/unicore/lib/Sc/Khmr.pl
/usr/lib/perl5/5.12.4/unicore/lib/Sc/Knda.pl
/usr/lib/perl5/5.12.4/unicore/lib/Sc/Kthi.pl
/usr/lib/perl5/5.12.4/unicore/lib/Sc/Lana.pl
/usr/lib/perl5/5.12.4/unicore/lib/Sc/Lao.pl
/usr/lib/perl5/5.12.4/unicore/lib/Sc/Latn.pl
/usr/lib/perl5/5.12.4/unicore/lib/Sc/Lepc.pl
/usr/lib/perl5/5.12.4/unicore/lib/Sc/Limb.pl
/usr/lib/perl5/5.12.4/unicore/lib/Sc/Linb.pl
/usr/lib/perl5/5.12.4/unicore/lib/Sc/Lyci.pl
/usr/lib/perl5/5.12.4/unicore/lib/Sc/Lydi.pl
/usr/lib/perl5/5.12.4/unicore/lib/Sc/Mlym.pl
/usr/lib/perl5/5.12.4/unicore/lib/Sc/Mong.pl
/usr/lib/perl5/5.12.4/unicore/lib/Sc/Mtei.pl
/usr/lib/perl5/5.12.4/unicore/lib/Sc/Mymr.pl
/usr/lib/perl5/5.12.4/unicore/lib/Sc/Nko.pl
/usr/lib/perl5/5.12.4/unicore/lib/Sc/Ogam.pl
/usr/lib/perl5/5.12.4/unicore/lib/Sc/Orkh.pl
/usr/lib/perl5/5.12.4/unicore/lib/Sc/Orya.pl
/usr/lib/perl5/5.12.4/unicore/lib/Sc/Osma.pl
/usr/lib/perl5/5.12.4/unicore/lib/Sc/Phag.pl
/usr/lib/perl5/5.12.4/unicore/lib/Sc/Phli.pl
/usr/lib/perl5/5.12.4/unicore/lib/Sc/Phnx.pl
/usr/lib/perl5/5.12.4/unicore/lib/Sc/Prti.pl
/usr/lib/perl5/5.12.4/unicore/lib/Sc/Rjng.pl
/usr/lib/perl5/5.12.4/unicore/lib/Sc/Runr.pl
/usr/lib/perl5/5.12.4/unicore/lib/Sc/Samr.pl
/usr/lib/perl5/5.12.4/unicore/lib/Sc/Saur.pl
/usr/lib/perl5/5.12.4/unicore/lib/Sc/Sinh.pl
/usr/lib/perl5/5.12.4/unicore/lib/Sc/Sund.pl
/usr/lib/perl5/5.12.4/unicore/lib/Sc/Sylo.pl
/usr/lib/perl5/5.12.4/unicore/lib/Sc/Syrc.pl
/usr/lib/perl5/5.12.4/unicore/lib/Sc/Tagb.pl
/usr/lib/perl5/5.12.4/unicore/lib/Sc/Tale.pl
/usr/lib/perl5/5.12.4/unicore/lib/Sc/Talu.pl
/usr/lib/perl5/5.12.4/unicore/lib/Sc/Taml.pl
/usr/lib/perl5/5.12.4/unicore/lib/Sc/Tavt.pl
/usr/lib/perl5/5.12.4/unicore/lib/Sc/Telu.pl
/usr/lib/perl5/5.12.4/unicore/lib/Sc/Tfng.pl
/usr/lib/perl5/5.12.4/unicore/lib/Sc/Tglg.pl
/usr/lib/perl5/5.12.4/unicore/lib/Sc/Thaa.pl
/usr/lib/perl5/5.12.4/unicore/lib/Sc/Thai.pl
/usr/lib/perl5/5.12.4/unicore/lib/Sc/Tibt.pl
/usr/lib/perl5/5.12.4/unicore/lib/Sc/Ugar.pl
/usr/lib/perl5/5.12.4/unicore/lib/Sc/Vai.pl
/usr/lib/perl5/5.12.4/unicore/lib/Sc/Xpeo.pl
/usr/lib/perl5/5.12.4/unicore/lib/Sc/Xsux.pl
/usr/lib/perl5/5.12.4/unicore/lib/Sc/Yi.pl
/usr/lib/perl5/5.12.4/unicore/lib/Sc/Zinh.pl
/usr/lib/perl5/5.12.4/unicore/lib/Sc/Zyyy.pl
/usr/lib/perl5/5.12.4/unicore/lib/Sc/Zzzz.pl
/usr/lib/perl5/5.12.4/unicore/lib/Space/N.pl
/usr/lib/perl5/5.12.4/unicore/lib/Space/Y.pl
/usr/lib/perl5/5.12.4/unicore/lib/Term/N.pl
/usr/lib/perl5/5.12.4/unicore/lib/Term/Y.pl
/usr/lib/perl5/5.12.4/unicore/lib/UIdeo/N.pl
/usr/lib/perl5/5.12.4/unicore/lib/UIdeo/Y.pl
/usr/lib/perl5/5.12.4/unicore/lib/Upper/N.pl
/usr/lib/perl5/5.12.4/unicore/lib/Upper/Y.pl
/usr/lib/perl5/5.12.4/unicore/lib/VS/N.pl
/usr/lib/perl5/5.12.4/unicore/lib/VS/Y.pl
/usr/lib/perl5/5.12.4/unicore/lib/WB/EX.pl
/usr/lib/perl5/5.12.4/unicore/lib/WB/FO.pl
/usr/lib/perl5/5.12.4/unicore/lib/WB/KA.pl
/usr/lib/perl5/5.12.4/unicore/lib/WB/LE.pl
/usr/lib/perl5/5.12.4/unicore/lib/WB/MB.pl
/usr/lib/perl5/5.12.4/unicore/lib/WB/ML.pl
/usr/lib/perl5/5.12.4/unicore/lib/WB/MN.pl
/usr/lib/perl5/5.12.4/unicore/lib/WB/NL.pl
/usr/lib/perl5/5.12.4/unicore/lib/WB/NU.pl
/usr/lib/perl5/5.12.4/unicore/lib/WB/XX.pl
/usr/lib/perl5/5.12.4/unicore/lib/XIDC/N.pl
/usr/lib/perl5/5.12.4/unicore/lib/XIDC/Y.pl
/usr/lib/perl5/5.12.4/unicore/lib/XIDS/N.pl
/usr/lib/perl5/5.12.4/unicore/lib/XIDS/Y.pl
/usr/lib/perl5/5.12.4/unicore/mktables
/usr/lib/perl5/5.12.4/unicore/mktables.lst
/usr/lib/perl5/5.12.4/unicore/version
/usr/lib/perl5/5.12.4/utf8.pm
/usr/lib/perl5/5.12.4/utf8_heavy.pl
/usr/lib/perl5/5.12.4/validate.pl
/usr/lib/perl5/5.12.4/vars.pm
/usr/lib/perl5/5.12.4/version.pm
/usr/lib/perl5/5.12.4/version.pod
/usr/lib/perl5/5.12.4/version/Internals.pod
/usr/lib/perl5/5.12.4/vmsish.pm
/usr/lib/perl5/5.12.4/warnings.pm
/usr/lib/perl5/5.12.4/warnings/register.pm
#dir /usr/lib/perl5/site_perl/5.12.4/$(ARCH)-linux
