#require apache.lst
/etc/apache2/modules.d/70_mod_php5.conf
/etc/env.d/20php5.3
#dir /etc/php/apache2-php5.3/ext
#dir /etc/php/apache2-php5.3/ext-active
/etc/php/apache2-php5.3/php.ini
#dir /etc/php/cli-php5.3/ext
#dir /etc/php/cli-php5.3/ext-active
/etc/php/cli-php5.3/php.ini
/usr/lib/apache2/modules/.keep_dev-lang_php-5.3
/usr/lib/apache2/modules/libphp5.so
/usr/lib/php5.3/apache2/libphp5.so
/usr/lib/php5.3/bin/php
#symlink /usr/bin/php ../lib/php5.3/bin/php
/usr/lib/php5.3/bin/php-config
#symlink /usr/bin/php-config ../lib/php5.3/bin/php-config
/usr/lib/php5.3/bin/phpize
#symlink /usr/bin/phpize ../lib/php5.3/bin/phpize
/usr/share/php5/.keep_dev-lang_php-5.3

#sed /etc/php/apache2-php5.3/php.ini s/^;date\.timezone.*$/date.timezone=Asia\/Tokyo/
#sed /etc/php/cli-php5.3/php.ini s/^;date\.timezone.*$/date.timezone=Asia\/Tokyo/
#sed /etc/conf.d/apache2 s/^\(APACHE2_OPTS=.*\)\"$/\1 -D PHP5"/
