#require apache.lst
#require php54.lst
#require mysql.lst
/usr/share/webapps/phpmyadmin/3.5.3/config-files
/usr/share/webapps/phpmyadmin/3.5.3/htdocs/ChangeLog
/usr/share/webapps/phpmyadmin/3.5.3/htdocs/Documentation.html
/usr/share/webapps/phpmyadmin/3.5.3/htdocs/Documentation.txt
/usr/share/webapps/phpmyadmin/3.5.3/htdocs/browse_foreigners.php
/usr/share/webapps/phpmyadmin/3.5.3/htdocs/bs_disp_as_mime_type.php
/usr/share/webapps/phpmyadmin/3.5.3/htdocs/bs_play_media.php
/usr/share/webapps/phpmyadmin/3.5.3/htdocs/changelog.php
/usr/share/webapps/phpmyadmin/3.5.3/htdocs/chk_rel.php
/usr/share/webapps/phpmyadmin/3.5.3/htdocs/config.sample.inc.php
/usr/share/webapps/phpmyadmin/3.5.3/htdocs/db_create.php
/usr/share/webapps/phpmyadmin/3.5.3/htdocs/db_datadict.php
/usr/share/webapps/phpmyadmin/3.5.3/htdocs/db_events.php
/usr/share/webapps/phpmyadmin/3.5.3/htdocs/db_export.php
/usr/share/webapps/phpmyadmin/3.5.3/htdocs/db_import.php
/usr/share/webapps/phpmyadmin/3.5.3/htdocs/db_operations.php
/usr/share/webapps/phpmyadmin/3.5.3/htdocs/db_printview.php
/usr/share/webapps/phpmyadmin/3.5.3/htdocs/db_qbe.php
/usr/share/webapps/phpmyadmin/3.5.3/htdocs/db_routines.php
/usr/share/webapps/phpmyadmin/3.5.3/htdocs/db_search.php
/usr/share/webapps/phpmyadmin/3.5.3/htdocs/db_sql.php
/usr/share/webapps/phpmyadmin/3.5.3/htdocs/db_structure.php
/usr/share/webapps/phpmyadmin/3.5.3/htdocs/db_tracking.php
/usr/share/webapps/phpmyadmin/3.5.3/htdocs/db_triggers.php
/usr/share/webapps/phpmyadmin/3.5.3/htdocs/docs.css
/usr/share/webapps/phpmyadmin/3.5.3/htdocs/enum_editor.php
/usr/share/webapps/phpmyadmin/3.5.3/htdocs/examples/config.manyhosts.inc.php
/usr/share/webapps/phpmyadmin/3.5.3/htdocs/examples/create_tables.sql
/usr/share/webapps/phpmyadmin/3.5.3/htdocs/examples/create_tables_drizzle.sql
/usr/share/webapps/phpmyadmin/3.5.3/htdocs/examples/openid.php
/usr/share/webapps/phpmyadmin/3.5.3/htdocs/examples/signon-script.php
/usr/share/webapps/phpmyadmin/3.5.3/htdocs/examples/signon.php
/usr/share/webapps/phpmyadmin/3.5.3/htdocs/examples/swekey.sample.conf
/usr/share/webapps/phpmyadmin/3.5.3/htdocs/examples/upgrade_tables_mysql_4_1_2+.sql
/usr/share/webapps/phpmyadmin/3.5.3/htdocs/export.php
/usr/share/webapps/phpmyadmin/3.5.3/htdocs/favicon.ico
/usr/share/webapps/phpmyadmin/3.5.3/htdocs/file_echo.php
/usr/share/webapps/phpmyadmin/3.5.3/htdocs/gis_data_editor.php
/usr/share/webapps/phpmyadmin/3.5.3/htdocs/import.php
/usr/share/webapps/phpmyadmin/3.5.3/htdocs/import_status.php
/usr/share/webapps/phpmyadmin/3.5.3/htdocs/index.php
/usr/share/webapps/phpmyadmin/3.5.3/htdocs/js/OpenStreetMap.js
/usr/share/webapps/phpmyadmin/3.5.3/htdocs/js/canvg/MIT-LICENSE.txt
/usr/share/webapps/phpmyadmin/3.5.3/htdocs/js/canvg/canvg.js
/usr/share/webapps/phpmyadmin/3.5.3/htdocs/js/canvg/flashcanvas.js
/usr/share/webapps/phpmyadmin/3.5.3/htdocs/js/canvg/flashcanvas.swf
/usr/share/webapps/phpmyadmin/3.5.3/htdocs/js/codemirror/LICENSE
/usr/share/webapps/phpmyadmin/3.5.3/htdocs/js/codemirror/lib/codemirror.js
/usr/share/webapps/phpmyadmin/3.5.3/htdocs/js/codemirror/mode/mysql/mysql.js
/usr/share/webapps/phpmyadmin/3.5.3/htdocs/js/common.js
/usr/share/webapps/phpmyadmin/3.5.3/htdocs/js/config.js
/usr/share/webapps/phpmyadmin/3.5.3/htdocs/js/cross_framing_protection.js
/usr/share/webapps/phpmyadmin/3.5.3/htdocs/js/date.js
/usr/share/webapps/phpmyadmin/3.5.3/htdocs/js/db_operations.js
/usr/share/webapps/phpmyadmin/3.5.3/htdocs/js/db_search.js
/usr/share/webapps/phpmyadmin/3.5.3/htdocs/js/db_structure.js
/usr/share/webapps/phpmyadmin/3.5.3/htdocs/js/dom-drag.js
/usr/share/webapps/phpmyadmin/3.5.3/htdocs/js/export.js
/usr/share/webapps/phpmyadmin/3.5.3/htdocs/js/functions.js
/usr/share/webapps/phpmyadmin/3.5.3/htdocs/js/get_image.js.php
/usr/share/webapps/phpmyadmin/3.5.3/htdocs/js/gis_data_editor.js
/usr/share/webapps/phpmyadmin/3.5.3/htdocs/js/import.js
/usr/share/webapps/phpmyadmin/3.5.3/htdocs/js/indexes.js
/usr/share/webapps/phpmyadmin/3.5.3/htdocs/js/jqplot/excanvas.js
/usr/share/webapps/phpmyadmin/3.5.3/htdocs/js/jqplot/jquery.jqplot.js
/usr/share/webapps/phpmyadmin/3.5.3/htdocs/js/jqplot/plugins/jqplot.barRenderer.js
/usr/share/webapps/phpmyadmin/3.5.3/htdocs/js/jqplot/plugins/jqplot.canvasAxisLabelRenderer.js
/usr/share/webapps/phpmyadmin/3.5.3/htdocs/js/jqplot/plugins/jqplot.canvasTextRenderer.js
/usr/share/webapps/phpmyadmin/3.5.3/htdocs/js/jqplot/plugins/jqplot.categoryAxisRenderer.js
/usr/share/webapps/phpmyadmin/3.5.3/htdocs/js/jqplot/plugins/jqplot.cursor.js
/usr/share/webapps/phpmyadmin/3.5.3/htdocs/js/jqplot/plugins/jqplot.dateAxisRenderer.js
/usr/share/webapps/phpmyadmin/3.5.3/htdocs/js/jqplot/plugins/jqplot.highlighter.js
/usr/share/webapps/phpmyadmin/3.5.3/htdocs/js/jqplot/plugins/jqplot.pieRenderer.js
/usr/share/webapps/phpmyadmin/3.5.3/htdocs/js/jqplot/plugins/jqplot.pointLabels.js
/usr/share/webapps/phpmyadmin/3.5.3/htdocs/js/jquery/jquery-1.6.2.js
/usr/share/webapps/phpmyadmin/3.5.3/htdocs/js/jquery/jquery-ui-1.8.16.custom.js
/usr/share/webapps/phpmyadmin/3.5.3/htdocs/js/jquery/jquery.cookie.js
/usr/share/webapps/phpmyadmin/3.5.3/htdocs/js/jquery/jquery.event.drag-2.0.js
/usr/share/webapps/phpmyadmin/3.5.3/htdocs/js/jquery/jquery.json-2.2.js
/usr/share/webapps/phpmyadmin/3.5.3/htdocs/js/jquery/jquery.mousewheel.js
/usr/share/webapps/phpmyadmin/3.5.3/htdocs/js/jquery/jquery.qtip-1.0.0-rc3.js
/usr/share/webapps/phpmyadmin/3.5.3/htdocs/js/jquery/jquery.sortableTable.js
/usr/share/webapps/phpmyadmin/3.5.3/htdocs/js/jquery/jquery.sprintf.js
/usr/share/webapps/phpmyadmin/3.5.3/htdocs/js/jquery/jquery.svg.js
/usr/share/webapps/phpmyadmin/3.5.3/htdocs/js/jquery/jquery.tablesorter.js
/usr/share/webapps/phpmyadmin/3.5.3/htdocs/js/jquery/timepicker.js
/usr/share/webapps/phpmyadmin/3.5.3/htdocs/js/keyhandler.js
/usr/share/webapps/phpmyadmin/3.5.3/htdocs/js/makegrid.js
/usr/share/webapps/phpmyadmin/3.5.3/htdocs/js/messages.php
/usr/share/webapps/phpmyadmin/3.5.3/htdocs/js/navigation.js
/usr/share/webapps/phpmyadmin/3.5.3/htdocs/js/openlayers/OpenLayers.js
/usr/share/webapps/phpmyadmin/3.5.3/htdocs/js/openlayers/img/blank.gif
/usr/share/webapps/phpmyadmin/3.5.3/htdocs/js/openlayers/img/cloud-popup-relative.png
/usr/share/webapps/phpmyadmin/3.5.3/htdocs/js/openlayers/img/drag-rectangle-off.png
/usr/share/webapps/phpmyadmin/3.5.3/htdocs/js/openlayers/img/drag-rectangle-on.png
/usr/share/webapps/phpmyadmin/3.5.3/htdocs/js/openlayers/img/east-mini.png
/usr/share/webapps/phpmyadmin/3.5.3/htdocs/js/openlayers/img/layer-switcher-maximize.png
/usr/share/webapps/phpmyadmin/3.5.3/htdocs/js/openlayers/img/layer-switcher-minimize.png
/usr/share/webapps/phpmyadmin/3.5.3/htdocs/js/openlayers/img/marker-blue.png
/usr/share/webapps/phpmyadmin/3.5.3/htdocs/js/openlayers/img/marker-gold.png
/usr/share/webapps/phpmyadmin/3.5.3/htdocs/js/openlayers/img/marker-green.png
/usr/share/webapps/phpmyadmin/3.5.3/htdocs/js/openlayers/img/marker.png
/usr/share/webapps/phpmyadmin/3.5.3/htdocs/js/openlayers/img/measuring-stick-off.png
/usr/share/webapps/phpmyadmin/3.5.3/htdocs/js/openlayers/img/measuring-stick-on.png
/usr/share/webapps/phpmyadmin/3.5.3/htdocs/js/openlayers/img/north-mini.png
/usr/share/webapps/phpmyadmin/3.5.3/htdocs/js/openlayers/img/panning-hand-off.png
/usr/share/webapps/phpmyadmin/3.5.3/htdocs/js/openlayers/img/panning-hand-on.png
/usr/share/webapps/phpmyadmin/3.5.3/htdocs/js/openlayers/img/slider.png
/usr/share/webapps/phpmyadmin/3.5.3/htdocs/js/openlayers/img/south-mini.png
/usr/share/webapps/phpmyadmin/3.5.3/htdocs/js/openlayers/img/west-mini.png
/usr/share/webapps/phpmyadmin/3.5.3/htdocs/js/openlayers/img/zoom-minus-mini.png
/usr/share/webapps/phpmyadmin/3.5.3/htdocs/js/openlayers/img/zoom-plus-mini.png
/usr/share/webapps/phpmyadmin/3.5.3/htdocs/js/openlayers/img/zoom-world-mini.png
/usr/share/webapps/phpmyadmin/3.5.3/htdocs/js/openlayers/img/zoombar.png
/usr/share/webapps/phpmyadmin/3.5.3/htdocs/js/openlayers/theme/default/framedCloud.css
/usr/share/webapps/phpmyadmin/3.5.3/htdocs/js/openlayers/theme/default/google.css
/usr/share/webapps/phpmyadmin/3.5.3/htdocs/js/openlayers/theme/default/ie6-style.css
/usr/share/webapps/phpmyadmin/3.5.3/htdocs/js/openlayers/theme/default/img/add_point_off.png
/usr/share/webapps/phpmyadmin/3.5.3/htdocs/js/openlayers/theme/default/img/add_point_on.png
/usr/share/webapps/phpmyadmin/3.5.3/htdocs/js/openlayers/theme/default/img/blank.gif
/usr/share/webapps/phpmyadmin/3.5.3/htdocs/js/openlayers/theme/default/img/close.gif
/usr/share/webapps/phpmyadmin/3.5.3/htdocs/js/openlayers/theme/default/img/drag-rectangle-off.png
/usr/share/webapps/phpmyadmin/3.5.3/htdocs/js/openlayers/theme/default/img/drag-rectangle-on.png
/usr/share/webapps/phpmyadmin/3.5.3/htdocs/js/openlayers/theme/default/img/draw_line_off.png
/usr/share/webapps/phpmyadmin/3.5.3/htdocs/js/openlayers/theme/default/img/draw_line_on.png
/usr/share/webapps/phpmyadmin/3.5.3/htdocs/js/openlayers/theme/default/img/draw_point_off.png
/usr/share/webapps/phpmyadmin/3.5.3/htdocs/js/openlayers/theme/default/img/draw_point_on.png
/usr/share/webapps/phpmyadmin/3.5.3/htdocs/js/openlayers/theme/default/img/draw_polygon_off.png
/usr/share/webapps/phpmyadmin/3.5.3/htdocs/js/openlayers/theme/default/img/draw_polygon_on.png
/usr/share/webapps/phpmyadmin/3.5.3/htdocs/js/openlayers/theme/default/img/editing_tool_bar.png
/usr/share/webapps/phpmyadmin/3.5.3/htdocs/js/openlayers/theme/default/img/move_feature_off.png
/usr/share/webapps/phpmyadmin/3.5.3/htdocs/js/openlayers/theme/default/img/move_feature_on.png
/usr/share/webapps/phpmyadmin/3.5.3/htdocs/js/openlayers/theme/default/img/navigation_history.png
/usr/share/webapps/phpmyadmin/3.5.3/htdocs/js/openlayers/theme/default/img/overview_replacement.gif
/usr/share/webapps/phpmyadmin/3.5.3/htdocs/js/openlayers/theme/default/img/pan-panel-NOALPHA.png
/usr/share/webapps/phpmyadmin/3.5.3/htdocs/js/openlayers/theme/default/img/pan-panel.png
/usr/share/webapps/phpmyadmin/3.5.3/htdocs/js/openlayers/theme/default/img/pan_off.png
/usr/share/webapps/phpmyadmin/3.5.3/htdocs/js/openlayers/theme/default/img/pan_on.png
/usr/share/webapps/phpmyadmin/3.5.3/htdocs/js/openlayers/theme/default/img/panning-hand-off.png
/usr/share/webapps/phpmyadmin/3.5.3/htdocs/js/openlayers/theme/default/img/panning-hand-on.png
/usr/share/webapps/phpmyadmin/3.5.3/htdocs/js/openlayers/theme/default/img/remove_point_off.png
/usr/share/webapps/phpmyadmin/3.5.3/htdocs/js/openlayers/theme/default/img/remove_point_on.png
/usr/share/webapps/phpmyadmin/3.5.3/htdocs/js/openlayers/theme/default/img/ruler.png
/usr/share/webapps/phpmyadmin/3.5.3/htdocs/js/openlayers/theme/default/img/save_features_off.png
/usr/share/webapps/phpmyadmin/3.5.3/htdocs/js/openlayers/theme/default/img/save_features_on.png
/usr/share/webapps/phpmyadmin/3.5.3/htdocs/js/openlayers/theme/default/img/view_next_off.png
/usr/share/webapps/phpmyadmin/3.5.3/htdocs/js/openlayers/theme/default/img/view_next_on.png
/usr/share/webapps/phpmyadmin/3.5.3/htdocs/js/openlayers/theme/default/img/view_previous_off.png
/usr/share/webapps/phpmyadmin/3.5.3/htdocs/js/openlayers/theme/default/img/view_previous_on.png
/usr/share/webapps/phpmyadmin/3.5.3/htdocs/js/openlayers/theme/default/img/zoom-panel-NOALPHA.png
/usr/share/webapps/phpmyadmin/3.5.3/htdocs/js/openlayers/theme/default/img/zoom-panel.png
/usr/share/webapps/phpmyadmin/3.5.3/htdocs/js/openlayers/theme/default/style.css
/usr/share/webapps/phpmyadmin/3.5.3/htdocs/js/pmd/ajax.js
/usr/share/webapps/phpmyadmin/3.5.3/htdocs/js/pmd/history.js
/usr/share/webapps/phpmyadmin/3.5.3/htdocs/js/pmd/iecanvas.js
/usr/share/webapps/phpmyadmin/3.5.3/htdocs/js/pmd/move.js
/usr/share/webapps/phpmyadmin/3.5.3/htdocs/js/querywindow.js
/usr/share/webapps/phpmyadmin/3.5.3/htdocs/js/replication.js
/usr/share/webapps/phpmyadmin/3.5.3/htdocs/js/rte/common.js
/usr/share/webapps/phpmyadmin/3.5.3/htdocs/js/rte/events.js
/usr/share/webapps/phpmyadmin/3.5.3/htdocs/js/rte/routines.js
/usr/share/webapps/phpmyadmin/3.5.3/htdocs/js/rte/triggers.js
/usr/share/webapps/phpmyadmin/3.5.3/htdocs/js/server_plugins.js
/usr/share/webapps/phpmyadmin/3.5.3/htdocs/js/server_privileges.js
/usr/share/webapps/phpmyadmin/3.5.3/htdocs/js/server_status.js
/usr/share/webapps/phpmyadmin/3.5.3/htdocs/js/server_status_monitor.js
/usr/share/webapps/phpmyadmin/3.5.3/htdocs/js/server_synchronize.js
/usr/share/webapps/phpmyadmin/3.5.3/htdocs/js/server_variables.js
/usr/share/webapps/phpmyadmin/3.5.3/htdocs/js/sql.js
/usr/share/webapps/phpmyadmin/3.5.3/htdocs/js/tbl_change.js
/usr/share/webapps/phpmyadmin/3.5.3/htdocs/js/tbl_chart.js
/usr/share/webapps/phpmyadmin/3.5.3/htdocs/js/tbl_gis_visualization.js
/usr/share/webapps/phpmyadmin/3.5.3/htdocs/js/tbl_relation.js
/usr/share/webapps/phpmyadmin/3.5.3/htdocs/js/tbl_select.js
/usr/share/webapps/phpmyadmin/3.5.3/htdocs/js/tbl_structure.js
/usr/share/webapps/phpmyadmin/3.5.3/htdocs/js/tbl_zoom_plot_jqplot.js
/usr/share/webapps/phpmyadmin/3.5.3/htdocs/js/update-location.js
/usr/share/webapps/phpmyadmin/3.5.3/htdocs/libraries/.htaccess
/usr/share/webapps/phpmyadmin/3.5.3/htdocs/libraries/Advisor.class.php
/usr/share/webapps/phpmyadmin/3.5.3/htdocs/libraries/Config.class.php
/usr/share/webapps/phpmyadmin/3.5.3/htdocs/libraries/Error.class.php
/usr/share/webapps/phpmyadmin/3.5.3/htdocs/libraries/Error_Handler.class.php
/usr/share/webapps/phpmyadmin/3.5.3/htdocs/libraries/File.class.php
/usr/share/webapps/phpmyadmin/3.5.3/htdocs/libraries/Index.class.php
/usr/share/webapps/phpmyadmin/3.5.3/htdocs/libraries/List.class.php
/usr/share/webapps/phpmyadmin/3.5.3/htdocs/libraries/List_Database.class.php
/usr/share/webapps/phpmyadmin/3.5.3/htdocs/libraries/Message.class.php
/usr/share/webapps/phpmyadmin/3.5.3/htdocs/libraries/PDF.class.php
/usr/share/webapps/phpmyadmin/3.5.3/htdocs/libraries/PMA.php
/usr/share/webapps/phpmyadmin/3.5.3/htdocs/libraries/Partition.class.php
/usr/share/webapps/phpmyadmin/3.5.3/htdocs/libraries/RecentTable.class.php
/usr/share/webapps/phpmyadmin/3.5.3/htdocs/libraries/StorageEngine.class.php
/usr/share/webapps/phpmyadmin/3.5.3/htdocs/libraries/Table.class.php
/usr/share/webapps/phpmyadmin/3.5.3/htdocs/libraries/Theme.class.php
/usr/share/webapps/phpmyadmin/3.5.3/htdocs/libraries/Theme_Manager.class.php
/usr/share/webapps/phpmyadmin/3.5.3/htdocs/libraries/Tracker.class.php
/usr/share/webapps/phpmyadmin/3.5.3/htdocs/libraries/advisory_rules.txt
/usr/share/webapps/phpmyadmin/3.5.3/htdocs/libraries/auth/config.auth.lib.php
/usr/share/webapps/phpmyadmin/3.5.3/htdocs/libraries/auth/cookie.auth.lib.php
/usr/share/webapps/phpmyadmin/3.5.3/htdocs/libraries/auth/http.auth.lib.php
/usr/share/webapps/phpmyadmin/3.5.3/htdocs/libraries/auth/signon.auth.lib.php
/usr/share/webapps/phpmyadmin/3.5.3/htdocs/libraries/auth/swekey/authentication.inc.php
/usr/share/webapps/phpmyadmin/3.5.3/htdocs/libraries/auth/swekey/musbe-ca.crt
/usr/share/webapps/phpmyadmin/3.5.3/htdocs/libraries/auth/swekey/swekey.auth.lib.php
/usr/share/webapps/phpmyadmin/3.5.3/htdocs/libraries/auth/swekey/swekey.php
/usr/share/webapps/phpmyadmin/3.5.3/htdocs/libraries/bfShapeFiles/ShapeFile.lib.php
/usr/share/webapps/phpmyadmin/3.5.3/htdocs/libraries/blobstreaming.lib.php
/usr/share/webapps/phpmyadmin/3.5.3/htdocs/libraries/blowfish.php
/usr/share/webapps/phpmyadmin/3.5.3/htdocs/libraries/bookmark.lib.php
/usr/share/webapps/phpmyadmin/3.5.3/htdocs/libraries/build_html_for_db.lib.php
/usr/share/webapps/phpmyadmin/3.5.3/htdocs/libraries/charset_conversion.lib.php
/usr/share/webapps/phpmyadmin/3.5.3/htdocs/libraries/check_user_privileges.lib.php
/usr/share/webapps/phpmyadmin/3.5.3/htdocs/libraries/cleanup.lib.php
/usr/share/webapps/phpmyadmin/3.5.3/htdocs/libraries/common.inc.php
/usr/share/webapps/phpmyadmin/3.5.3/htdocs/libraries/common.lib.php
/usr/share/webapps/phpmyadmin/3.5.3/htdocs/libraries/config.default.php
/usr/share/webapps/phpmyadmin/3.5.3/htdocs/libraries/config.values.php
/usr/share/webapps/phpmyadmin/3.5.3/htdocs/libraries/config/ConfigFile.class.php
/usr/share/webapps/phpmyadmin/3.5.3/htdocs/libraries/config/Form.class.php
/usr/share/webapps/phpmyadmin/3.5.3/htdocs/libraries/config/FormDisplay.class.php
/usr/share/webapps/phpmyadmin/3.5.3/htdocs/libraries/config/FormDisplay.tpl.php
/usr/share/webapps/phpmyadmin/3.5.3/htdocs/libraries/config/config_functions.lib.php
/usr/share/webapps/phpmyadmin/3.5.3/htdocs/libraries/config/messages.inc.php
/usr/share/webapps/phpmyadmin/3.5.3/htdocs/libraries/config/setup.forms.php
/usr/share/webapps/phpmyadmin/3.5.3/htdocs/libraries/config/user_preferences.forms.php
/usr/share/webapps/phpmyadmin/3.5.3/htdocs/libraries/config/validate.lib.php
/usr/share/webapps/phpmyadmin/3.5.3/htdocs/libraries/core.lib.php
/usr/share/webapps/phpmyadmin/3.5.3/htdocs/libraries/data_dictionary_relations.lib.php
/usr/share/webapps/phpmyadmin/3.5.3/htdocs/libraries/data_drizzle.inc.php
/usr/share/webapps/phpmyadmin/3.5.3/htdocs/libraries/data_mysql.inc.php
/usr/share/webapps/phpmyadmin/3.5.3/htdocs/libraries/database_interface.lib.php
/usr/share/webapps/phpmyadmin/3.5.3/htdocs/libraries/db_common.inc.php
/usr/share/webapps/phpmyadmin/3.5.3/htdocs/libraries/db_info.inc.php
/usr/share/webapps/phpmyadmin/3.5.3/htdocs/libraries/db_links.inc.php
/usr/share/webapps/phpmyadmin/3.5.3/htdocs/libraries/db_structure.lib.php
/usr/share/webapps/phpmyadmin/3.5.3/htdocs/libraries/db_table_exists.lib.php
/usr/share/webapps/phpmyadmin/3.5.3/htdocs/libraries/dbi/drizzle-wrappers.lib.php
/usr/share/webapps/phpmyadmin/3.5.3/htdocs/libraries/dbi/drizzle.dbi.lib.php
/usr/share/webapps/phpmyadmin/3.5.3/htdocs/libraries/dbi/mysql.dbi.lib.php
/usr/share/webapps/phpmyadmin/3.5.3/htdocs/libraries/dbi/mysqli.dbi.lib.php
/usr/share/webapps/phpmyadmin/3.5.3/htdocs/libraries/display_change_password.lib.php
/usr/share/webapps/phpmyadmin/3.5.3/htdocs/libraries/display_create_database.lib.php
/usr/share/webapps/phpmyadmin/3.5.3/htdocs/libraries/display_create_table.lib.php
/usr/share/webapps/phpmyadmin/3.5.3/htdocs/libraries/display_export.lib.php
/usr/share/webapps/phpmyadmin/3.5.3/htdocs/libraries/display_import.lib.php
/usr/share/webapps/phpmyadmin/3.5.3/htdocs/libraries/display_import_ajax.lib.php
/usr/share/webapps/phpmyadmin/3.5.3/htdocs/libraries/display_select_lang.lib.php
/usr/share/webapps/phpmyadmin/3.5.3/htdocs/libraries/display_tbl.lib.php
/usr/share/webapps/phpmyadmin/3.5.3/htdocs/libraries/engines/bdb.lib.php
/usr/share/webapps/phpmyadmin/3.5.3/htdocs/libraries/engines/berkeleydb.lib.php
/usr/share/webapps/phpmyadmin/3.5.3/htdocs/libraries/engines/binlog.lib.php
/usr/share/webapps/phpmyadmin/3.5.3/htdocs/libraries/engines/innobase.lib.php
/usr/share/webapps/phpmyadmin/3.5.3/htdocs/libraries/engines/innodb.lib.php
/usr/share/webapps/phpmyadmin/3.5.3/htdocs/libraries/engines/memory.lib.php
/usr/share/webapps/phpmyadmin/3.5.3/htdocs/libraries/engines/merge.lib.php
/usr/share/webapps/phpmyadmin/3.5.3/htdocs/libraries/engines/mrg_myisam.lib.php
/usr/share/webapps/phpmyadmin/3.5.3/htdocs/libraries/engines/myisam.lib.php
/usr/share/webapps/phpmyadmin/3.5.3/htdocs/libraries/engines/ndbcluster.lib.php
/usr/share/webapps/phpmyadmin/3.5.3/htdocs/libraries/engines/pbms.lib.php
/usr/share/webapps/phpmyadmin/3.5.3/htdocs/libraries/engines/pbxt.lib.php
/usr/share/webapps/phpmyadmin/3.5.3/htdocs/libraries/error.inc.php
/usr/share/webapps/phpmyadmin/3.5.3/htdocs/libraries/export/codegen.php
/usr/share/webapps/phpmyadmin/3.5.3/htdocs/libraries/export/csv.php
/usr/share/webapps/phpmyadmin/3.5.3/htdocs/libraries/export/excel.php
/usr/share/webapps/phpmyadmin/3.5.3/htdocs/libraries/export/htmlword.php
/usr/share/webapps/phpmyadmin/3.5.3/htdocs/libraries/export/json.php
/usr/share/webapps/phpmyadmin/3.5.3/htdocs/libraries/export/latex.php
/usr/share/webapps/phpmyadmin/3.5.3/htdocs/libraries/export/mediawiki.php
/usr/share/webapps/phpmyadmin/3.5.3/htdocs/libraries/export/ods.php
/usr/share/webapps/phpmyadmin/3.5.3/htdocs/libraries/export/odt.php
/usr/share/webapps/phpmyadmin/3.5.3/htdocs/libraries/export/pdf.php
/usr/share/webapps/phpmyadmin/3.5.3/htdocs/libraries/export/php_array.php
/usr/share/webapps/phpmyadmin/3.5.3/htdocs/libraries/export/sql.php
/usr/share/webapps/phpmyadmin/3.5.3/htdocs/libraries/export/texytext.php
/usr/share/webapps/phpmyadmin/3.5.3/htdocs/libraries/export/xml.php
/usr/share/webapps/phpmyadmin/3.5.3/htdocs/libraries/export/yaml.php
/usr/share/webapps/phpmyadmin/3.5.3/htdocs/libraries/file_listing.php
/usr/share/webapps/phpmyadmin/3.5.3/htdocs/libraries/footer.inc.php
/usr/share/webapps/phpmyadmin/3.5.3/htdocs/libraries/gis/pma_gis_factory.php
/usr/share/webapps/phpmyadmin/3.5.3/htdocs/libraries/gis/pma_gis_geometry.php
/usr/share/webapps/phpmyadmin/3.5.3/htdocs/libraries/gis/pma_gis_geometrycollection.php
/usr/share/webapps/phpmyadmin/3.5.3/htdocs/libraries/gis/pma_gis_linestring.php
/usr/share/webapps/phpmyadmin/3.5.3/htdocs/libraries/gis/pma_gis_multilinestring.php
/usr/share/webapps/phpmyadmin/3.5.3/htdocs/libraries/gis/pma_gis_multipoint.php
/usr/share/webapps/phpmyadmin/3.5.3/htdocs/libraries/gis/pma_gis_multipolygon.php
/usr/share/webapps/phpmyadmin/3.5.3/htdocs/libraries/gis/pma_gis_point.php
/usr/share/webapps/phpmyadmin/3.5.3/htdocs/libraries/gis/pma_gis_polygon.php
/usr/share/webapps/phpmyadmin/3.5.3/htdocs/libraries/gis/pma_gis_visualization.php
/usr/share/webapps/phpmyadmin/3.5.3/htdocs/libraries/gis_visualization.lib.php
/usr/share/webapps/phpmyadmin/3.5.3/htdocs/libraries/grab_globals.lib.php
/usr/share/webapps/phpmyadmin/3.5.3/htdocs/libraries/header.inc.php
/usr/share/webapps/phpmyadmin/3.5.3/htdocs/libraries/header_http.inc.php
/usr/share/webapps/phpmyadmin/3.5.3/htdocs/libraries/header_meta_style.inc.php
/usr/share/webapps/phpmyadmin/3.5.3/htdocs/libraries/header_printview.inc.php
/usr/share/webapps/phpmyadmin/3.5.3/htdocs/libraries/header_scripts.inc.php
/usr/share/webapps/phpmyadmin/3.5.3/htdocs/libraries/iconv_wrapper.lib.php
/usr/share/webapps/phpmyadmin/3.5.3/htdocs/libraries/import.lib.php
/usr/share/webapps/phpmyadmin/3.5.3/htdocs/libraries/import/README
/usr/share/webapps/phpmyadmin/3.5.3/htdocs/libraries/import/csv.php
/usr/share/webapps/phpmyadmin/3.5.3/htdocs/libraries/import/docsql.php
/usr/share/webapps/phpmyadmin/3.5.3/htdocs/libraries/import/ldi.php
/usr/share/webapps/phpmyadmin/3.5.3/htdocs/libraries/import/ods.php
/usr/share/webapps/phpmyadmin/3.5.3/htdocs/libraries/import/shp.php
/usr/share/webapps/phpmyadmin/3.5.3/htdocs/libraries/import/sql.php
/usr/share/webapps/phpmyadmin/3.5.3/htdocs/libraries/import/upload/apc.php
/usr/share/webapps/phpmyadmin/3.5.3/htdocs/libraries/import/upload/noplugin.php
/usr/share/webapps/phpmyadmin/3.5.3/htdocs/libraries/import/upload/uploadprogress.php
/usr/share/webapps/phpmyadmin/3.5.3/htdocs/libraries/import/xml.php
/usr/share/webapps/phpmyadmin/3.5.3/htdocs/libraries/information_schema_relations.lib.php
/usr/share/webapps/phpmyadmin/3.5.3/htdocs/libraries/ip_allow_deny.lib.php
/usr/share/webapps/phpmyadmin/3.5.3/htdocs/libraries/js_escape.lib.php
/usr/share/webapps/phpmyadmin/3.5.3/htdocs/libraries/kanji-encoding.lib.php
/usr/share/webapps/phpmyadmin/3.5.3/htdocs/libraries/language_stats.inc.php
/usr/share/webapps/phpmyadmin/3.5.3/htdocs/libraries/logging.lib.php
/usr/share/webapps/phpmyadmin/3.5.3/htdocs/libraries/mime.lib.php
/usr/share/webapps/phpmyadmin/3.5.3/htdocs/libraries/mult_submits.inc.php
/usr/share/webapps/phpmyadmin/3.5.3/htdocs/libraries/mysql_charsets.lib.php
/usr/share/webapps/phpmyadmin/3.5.3/htdocs/libraries/navigation_header.inc.php
/usr/share/webapps/phpmyadmin/3.5.3/htdocs/libraries/ob.lib.php
/usr/share/webapps/phpmyadmin/3.5.3/htdocs/libraries/opendocument.lib.php
/usr/share/webapps/phpmyadmin/3.5.3/htdocs/libraries/parse_analyze.lib.php
/usr/share/webapps/phpmyadmin/3.5.3/htdocs/libraries/php-gettext/gettext.inc
/usr/share/webapps/phpmyadmin/3.5.3/htdocs/libraries/php-gettext/gettext.php
/usr/share/webapps/phpmyadmin/3.5.3/htdocs/libraries/php-gettext/streams.php
/usr/share/webapps/phpmyadmin/3.5.3/htdocs/libraries/plugin_interface.lib.php
/usr/share/webapps/phpmyadmin/3.5.3/htdocs/libraries/pmd_common.php
/usr/share/webapps/phpmyadmin/3.5.3/htdocs/libraries/relation.lib.php
/usr/share/webapps/phpmyadmin/3.5.3/htdocs/libraries/relation_cleanup.lib.php
/usr/share/webapps/phpmyadmin/3.5.3/htdocs/libraries/replication.inc.php
/usr/share/webapps/phpmyadmin/3.5.3/htdocs/libraries/replication_gui.lib.php
/usr/share/webapps/phpmyadmin/3.5.3/htdocs/libraries/rte/rte_events.lib.php
/usr/share/webapps/phpmyadmin/3.5.3/htdocs/libraries/rte/rte_export.lib.php
/usr/share/webapps/phpmyadmin/3.5.3/htdocs/libraries/rte/rte_footer.lib.php
/usr/share/webapps/phpmyadmin/3.5.3/htdocs/libraries/rte/rte_list.lib.php
/usr/share/webapps/phpmyadmin/3.5.3/htdocs/libraries/rte/rte_main.inc.php
/usr/share/webapps/phpmyadmin/3.5.3/htdocs/libraries/rte/rte_routines.lib.php
/usr/share/webapps/phpmyadmin/3.5.3/htdocs/libraries/rte/rte_triggers.lib.php
/usr/share/webapps/phpmyadmin/3.5.3/htdocs/libraries/rte/rte_words.lib.php
/usr/share/webapps/phpmyadmin/3.5.3/htdocs/libraries/sanitizing.lib.php
/usr/share/webapps/phpmyadmin/3.5.3/htdocs/libraries/schema/Dia_Relation_Schema.class.php
/usr/share/webapps/phpmyadmin/3.5.3/htdocs/libraries/schema/Eps_Relation_Schema.class.php
/usr/share/webapps/phpmyadmin/3.5.3/htdocs/libraries/schema/Export_Relation_Schema.class.php
/usr/share/webapps/phpmyadmin/3.5.3/htdocs/libraries/schema/Pdf_Relation_Schema.class.php
/usr/share/webapps/phpmyadmin/3.5.3/htdocs/libraries/schema/Svg_Relation_Schema.class.php
/usr/share/webapps/phpmyadmin/3.5.3/htdocs/libraries/schema/User_Schema.class.php
/usr/share/webapps/phpmyadmin/3.5.3/htdocs/libraries/schema/Visio_Relation_Schema.class.php
/usr/share/webapps/phpmyadmin/3.5.3/htdocs/libraries/select_lang.lib.php
/usr/share/webapps/phpmyadmin/3.5.3/htdocs/libraries/select_server.lib.php
/usr/share/webapps/phpmyadmin/3.5.3/htdocs/libraries/server_common.inc.php
/usr/share/webapps/phpmyadmin/3.5.3/htdocs/libraries/server_links.inc.php
/usr/share/webapps/phpmyadmin/3.5.3/htdocs/libraries/server_synchronize.lib.php
/usr/share/webapps/phpmyadmin/3.5.3/htdocs/libraries/server_variables_doc.php
/usr/share/webapps/phpmyadmin/3.5.3/htdocs/libraries/session.inc.php
/usr/share/webapps/phpmyadmin/3.5.3/htdocs/libraries/sql_query_form.lib.php
/usr/share/webapps/phpmyadmin/3.5.3/htdocs/libraries/sqlparser.data.php
/usr/share/webapps/phpmyadmin/3.5.3/htdocs/libraries/sqlparser.lib.php
/usr/share/webapps/phpmyadmin/3.5.3/htdocs/libraries/sqlvalidator.class.php
/usr/share/webapps/phpmyadmin/3.5.3/htdocs/libraries/sqlvalidator.lib.php
/usr/share/webapps/phpmyadmin/3.5.3/htdocs/libraries/string.lib.php
/usr/share/webapps/phpmyadmin/3.5.3/htdocs/libraries/string_mb.lib.php
/usr/share/webapps/phpmyadmin/3.5.3/htdocs/libraries/string_native.lib.php
/usr/share/webapps/phpmyadmin/3.5.3/htdocs/libraries/string_type_ctype.lib.php
/usr/share/webapps/phpmyadmin/3.5.3/htdocs/libraries/string_type_native.lib.php
/usr/share/webapps/phpmyadmin/3.5.3/htdocs/libraries/sysinfo.lib.php
/usr/share/webapps/phpmyadmin/3.5.3/htdocs/libraries/tbl_common.php
/usr/share/webapps/phpmyadmin/3.5.3/htdocs/libraries/tbl_info.inc.php
/usr/share/webapps/phpmyadmin/3.5.3/htdocs/libraries/tbl_links.inc.php
/usr/share/webapps/phpmyadmin/3.5.3/htdocs/libraries/tbl_properties.inc.php
/usr/share/webapps/phpmyadmin/3.5.3/htdocs/libraries/tbl_replace_fields.inc.php
/usr/share/webapps/phpmyadmin/3.5.3/htdocs/libraries/tbl_select.lib.php
/usr/share/webapps/phpmyadmin/3.5.3/htdocs/libraries/tcpdf/LICENSE.TXT
/usr/share/webapps/phpmyadmin/3.5.3/htdocs/libraries/tcpdf/README.TXT
/usr/share/webapps/phpmyadmin/3.5.3/htdocs/libraries/tcpdf/config/tcpdf_config.php
/usr/share/webapps/phpmyadmin/3.5.3/htdocs/libraries/tcpdf/encodings_maps.php
/usr/share/webapps/phpmyadmin/3.5.3/htdocs/libraries/tcpdf/fonts/dejavu-fonts-ttf-2.33/LICENSE
/usr/share/webapps/phpmyadmin/3.5.3/htdocs/libraries/tcpdf/fonts/dejavusans.ctg.z
/usr/share/webapps/phpmyadmin/3.5.3/htdocs/libraries/tcpdf/fonts/dejavusans.php
/usr/share/webapps/phpmyadmin/3.5.3/htdocs/libraries/tcpdf/fonts/dejavusans.z
/usr/share/webapps/phpmyadmin/3.5.3/htdocs/libraries/tcpdf/fonts/dejavusansb.ctg.z
/usr/share/webapps/phpmyadmin/3.5.3/htdocs/libraries/tcpdf/fonts/dejavusansb.php
/usr/share/webapps/phpmyadmin/3.5.3/htdocs/libraries/tcpdf/fonts/dejavusansb.z
/usr/share/webapps/phpmyadmin/3.5.3/htdocs/libraries/tcpdf/fonts/helvetica.php
/usr/share/webapps/phpmyadmin/3.5.3/htdocs/libraries/tcpdf/htmlcolors.php
/usr/share/webapps/phpmyadmin/3.5.3/htdocs/libraries/tcpdf/tcpdf.php
/usr/share/webapps/phpmyadmin/3.5.3/htdocs/libraries/tcpdf/unicode_data.php
/usr/share/webapps/phpmyadmin/3.5.3/htdocs/libraries/transformations.lib.php
/usr/share/webapps/phpmyadmin/3.5.3/htdocs/libraries/transformations/README
/usr/share/webapps/phpmyadmin/3.5.3/htdocs/libraries/transformations/TEMPLATE
/usr/share/webapps/phpmyadmin/3.5.3/htdocs/libraries/transformations/TEMPLATE_MIMETYPE
/usr/share/webapps/phpmyadmin/3.5.3/htdocs/libraries/transformations/application_octetstream__download.inc.php
/usr/share/webapps/phpmyadmin/3.5.3/htdocs/libraries/transformations/application_octetstream__hex.inc.php
/usr/share/webapps/phpmyadmin/3.5.3/htdocs/libraries/transformations/generator.sh
/usr/share/webapps/phpmyadmin/3.5.3/htdocs/libraries/transformations/global.inc.php
/usr/share/webapps/phpmyadmin/3.5.3/htdocs/libraries/transformations/image_jpeg__inline.inc.php
/usr/share/webapps/phpmyadmin/3.5.3/htdocs/libraries/transformations/image_jpeg__link.inc.php
/usr/share/webapps/phpmyadmin/3.5.3/htdocs/libraries/transformations/image_png__inline.inc.php
/usr/share/webapps/phpmyadmin/3.5.3/htdocs/libraries/transformations/template_generator.sh
/usr/share/webapps/phpmyadmin/3.5.3/htdocs/libraries/transformations/template_generator_mimetype.sh
/usr/share/webapps/phpmyadmin/3.5.3/htdocs/libraries/transformations/text_plain__dateformat.inc.php
/usr/share/webapps/phpmyadmin/3.5.3/htdocs/libraries/transformations/text_plain__external.inc.php
/usr/share/webapps/phpmyadmin/3.5.3/htdocs/libraries/transformations/text_plain__formatted.inc.php
/usr/share/webapps/phpmyadmin/3.5.3/htdocs/libraries/transformations/text_plain__imagelink.inc.php
/usr/share/webapps/phpmyadmin/3.5.3/htdocs/libraries/transformations/text_plain__link.inc.php
/usr/share/webapps/phpmyadmin/3.5.3/htdocs/libraries/transformations/text_plain__longToIpv4.inc.php
/usr/share/webapps/phpmyadmin/3.5.3/htdocs/libraries/transformations/text_plain__sql.inc.php
/usr/share/webapps/phpmyadmin/3.5.3/htdocs/libraries/transformations/text_plain__substr.inc.php
/usr/share/webapps/phpmyadmin/3.5.3/htdocs/libraries/url_generating.lib.php
/usr/share/webapps/phpmyadmin/3.5.3/htdocs/libraries/user_preferences.inc.php
/usr/share/webapps/phpmyadmin/3.5.3/htdocs/libraries/user_preferences.lib.php
/usr/share/webapps/phpmyadmin/3.5.3/htdocs/libraries/vendor_config.php
/usr/share/webapps/phpmyadmin/3.5.3/htdocs/libraries/zip.lib.php
/usr/share/webapps/phpmyadmin/3.5.3/htdocs/libraries/zip_extension.lib.php
/usr/share/webapps/phpmyadmin/3.5.3/htdocs/license.php
/usr/share/webapps/phpmyadmin/3.5.3/htdocs/locale/ar/LC_MESSAGES/phpmyadmin.mo
/usr/share/webapps/phpmyadmin/3.5.3/htdocs/locale/bg/LC_MESSAGES/phpmyadmin.mo
/usr/share/webapps/phpmyadmin/3.5.3/htdocs/locale/ca/LC_MESSAGES/phpmyadmin.mo
/usr/share/webapps/phpmyadmin/3.5.3/htdocs/locale/cs/LC_MESSAGES/phpmyadmin.mo
/usr/share/webapps/phpmyadmin/3.5.3/htdocs/locale/da/LC_MESSAGES/phpmyadmin.mo
/usr/share/webapps/phpmyadmin/3.5.3/htdocs/locale/de/LC_MESSAGES/phpmyadmin.mo
/usr/share/webapps/phpmyadmin/3.5.3/htdocs/locale/el/LC_MESSAGES/phpmyadmin.mo
/usr/share/webapps/phpmyadmin/3.5.3/htdocs/locale/en_GB/LC_MESSAGES/phpmyadmin.mo
/usr/share/webapps/phpmyadmin/3.5.3/htdocs/locale/es/LC_MESSAGES/phpmyadmin.mo
/usr/share/webapps/phpmyadmin/3.5.3/htdocs/locale/et/LC_MESSAGES/phpmyadmin.mo
/usr/share/webapps/phpmyadmin/3.5.3/htdocs/locale/fi/LC_MESSAGES/phpmyadmin.mo
/usr/share/webapps/phpmyadmin/3.5.3/htdocs/locale/fr/LC_MESSAGES/phpmyadmin.mo
/usr/share/webapps/phpmyadmin/3.5.3/htdocs/locale/gl/LC_MESSAGES/phpmyadmin.mo
/usr/share/webapps/phpmyadmin/3.5.3/htdocs/locale/hi/LC_MESSAGES/phpmyadmin.mo
/usr/share/webapps/phpmyadmin/3.5.3/htdocs/locale/hr/LC_MESSAGES/phpmyadmin.mo
/usr/share/webapps/phpmyadmin/3.5.3/htdocs/locale/hu/LC_MESSAGES/phpmyadmin.mo
/usr/share/webapps/phpmyadmin/3.5.3/htdocs/locale/id/LC_MESSAGES/phpmyadmin.mo
/usr/share/webapps/phpmyadmin/3.5.3/htdocs/locale/it/LC_MESSAGES/phpmyadmin.mo
/usr/share/webapps/phpmyadmin/3.5.3/htdocs/locale/ja/LC_MESSAGES/phpmyadmin.mo
/usr/share/webapps/phpmyadmin/3.5.3/htdocs/locale/lt/LC_MESSAGES/phpmyadmin.mo
/usr/share/webapps/phpmyadmin/3.5.3/htdocs/locale/nb/LC_MESSAGES/phpmyadmin.mo
/usr/share/webapps/phpmyadmin/3.5.3/htdocs/locale/nl/LC_MESSAGES/phpmyadmin.mo
/usr/share/webapps/phpmyadmin/3.5.3/htdocs/locale/pl/LC_MESSAGES/phpmyadmin.mo
/usr/share/webapps/phpmyadmin/3.5.3/htdocs/locale/pt_BR/LC_MESSAGES/phpmyadmin.mo
/usr/share/webapps/phpmyadmin/3.5.3/htdocs/locale/ro/LC_MESSAGES/phpmyadmin.mo
/usr/share/webapps/phpmyadmin/3.5.3/htdocs/locale/ru/LC_MESSAGES/phpmyadmin.mo
/usr/share/webapps/phpmyadmin/3.5.3/htdocs/locale/si/LC_MESSAGES/phpmyadmin.mo
/usr/share/webapps/phpmyadmin/3.5.3/htdocs/locale/sk/LC_MESSAGES/phpmyadmin.mo
/usr/share/webapps/phpmyadmin/3.5.3/htdocs/locale/sl/LC_MESSAGES/phpmyadmin.mo
/usr/share/webapps/phpmyadmin/3.5.3/htdocs/locale/sr@latin/LC_MESSAGES/phpmyadmin.mo
/usr/share/webapps/phpmyadmin/3.5.3/htdocs/locale/sv/LC_MESSAGES/phpmyadmin.mo
/usr/share/webapps/phpmyadmin/3.5.3/htdocs/locale/tr/LC_MESSAGES/phpmyadmin.mo
/usr/share/webapps/phpmyadmin/3.5.3/htdocs/locale/uk/LC_MESSAGES/phpmyadmin.mo
/usr/share/webapps/phpmyadmin/3.5.3/htdocs/locale/uz/LC_MESSAGES/phpmyadmin.mo
/usr/share/webapps/phpmyadmin/3.5.3/htdocs/locale/uz@latin/LC_MESSAGES/phpmyadmin.mo
/usr/share/webapps/phpmyadmin/3.5.3/htdocs/locale/zh_CN/LC_MESSAGES/phpmyadmin.mo
/usr/share/webapps/phpmyadmin/3.5.3/htdocs/locale/zh_TW/LC_MESSAGES/phpmyadmin.mo
/usr/share/webapps/phpmyadmin/3.5.3/htdocs/main.php
/usr/share/webapps/phpmyadmin/3.5.3/htdocs/navigation.php
/usr/share/webapps/phpmyadmin/3.5.3/htdocs/phpinfo.php
/usr/share/webapps/phpmyadmin/3.5.3/htdocs/phpmyadmin.css.php
/usr/share/webapps/phpmyadmin/3.5.3/htdocs/pmd_display_field.php
/usr/share/webapps/phpmyadmin/3.5.3/htdocs/pmd_general.php
/usr/share/webapps/phpmyadmin/3.5.3/htdocs/pmd_pdf.php
/usr/share/webapps/phpmyadmin/3.5.3/htdocs/pmd_relation_new.php
/usr/share/webapps/phpmyadmin/3.5.3/htdocs/pmd_relation_upd.php
/usr/share/webapps/phpmyadmin/3.5.3/htdocs/pmd_save_pos.php
/usr/share/webapps/phpmyadmin/3.5.3/htdocs/prefs_forms.php
/usr/share/webapps/phpmyadmin/3.5.3/htdocs/prefs_manage.php
/usr/share/webapps/phpmyadmin/3.5.3/htdocs/print.css
/usr/share/webapps/phpmyadmin/3.5.3/htdocs/querywindow.php
/usr/share/webapps/phpmyadmin/3.5.3/htdocs/robots.txt
/usr/share/webapps/phpmyadmin/3.5.3/htdocs/schema_edit.php
/usr/share/webapps/phpmyadmin/3.5.3/htdocs/schema_export.php
/usr/share/webapps/phpmyadmin/3.5.3/htdocs/server_binlog.php
/usr/share/webapps/phpmyadmin/3.5.3/htdocs/server_collations.php
/usr/share/webapps/phpmyadmin/3.5.3/htdocs/server_databases.php
/usr/share/webapps/phpmyadmin/3.5.3/htdocs/server_engines.php
/usr/share/webapps/phpmyadmin/3.5.3/htdocs/server_export.php
/usr/share/webapps/phpmyadmin/3.5.3/htdocs/server_import.php
/usr/share/webapps/phpmyadmin/3.5.3/htdocs/server_plugins.php
/usr/share/webapps/phpmyadmin/3.5.3/htdocs/server_privileges.php
/usr/share/webapps/phpmyadmin/3.5.3/htdocs/server_replication.php
/usr/share/webapps/phpmyadmin/3.5.3/htdocs/server_sql.php
/usr/share/webapps/phpmyadmin/3.5.3/htdocs/server_status.php
/usr/share/webapps/phpmyadmin/3.5.3/htdocs/server_synchronize.php
/usr/share/webapps/phpmyadmin/3.5.3/htdocs/server_variables.php
/usr/share/webapps/phpmyadmin/3.5.3/htdocs/show_config_errors.php
/usr/share/webapps/phpmyadmin/3.5.3/htdocs/sql.php
/usr/share/webapps/phpmyadmin/3.5.3/htdocs/tbl_addfield.php
/usr/share/webapps/phpmyadmin/3.5.3/htdocs/tbl_alter.php
/usr/share/webapps/phpmyadmin/3.5.3/htdocs/tbl_change.php
/usr/share/webapps/phpmyadmin/3.5.3/htdocs/tbl_chart.php
/usr/share/webapps/phpmyadmin/3.5.3/htdocs/tbl_create.php
/usr/share/webapps/phpmyadmin/3.5.3/htdocs/tbl_export.php
/usr/share/webapps/phpmyadmin/3.5.3/htdocs/tbl_get_field.php
/usr/share/webapps/phpmyadmin/3.5.3/htdocs/tbl_gis_visualization.php
/usr/share/webapps/phpmyadmin/3.5.3/htdocs/tbl_import.php
/usr/share/webapps/phpmyadmin/3.5.3/htdocs/tbl_indexes.php
/usr/share/webapps/phpmyadmin/3.5.3/htdocs/tbl_move_copy.php
/usr/share/webapps/phpmyadmin/3.5.3/htdocs/tbl_operations.php
/usr/share/webapps/phpmyadmin/3.5.3/htdocs/tbl_printview.php
/usr/share/webapps/phpmyadmin/3.5.3/htdocs/tbl_relation.php
/usr/share/webapps/phpmyadmin/3.5.3/htdocs/tbl_replace.php
/usr/share/webapps/phpmyadmin/3.5.3/htdocs/tbl_row_action.php
/usr/share/webapps/phpmyadmin/3.5.3/htdocs/tbl_select.php
/usr/share/webapps/phpmyadmin/3.5.3/htdocs/tbl_sql.php
/usr/share/webapps/phpmyadmin/3.5.3/htdocs/tbl_structure.php
/usr/share/webapps/phpmyadmin/3.5.3/htdocs/tbl_tracking.php
/usr/share/webapps/phpmyadmin/3.5.3/htdocs/tbl_triggers.php
/usr/share/webapps/phpmyadmin/3.5.3/htdocs/tbl_zoom_select.php
/usr/share/webapps/phpmyadmin/3.5.3/htdocs/themes.php
/usr/share/webapps/phpmyadmin/3.5.3/htdocs/themes/dot.gif
/usr/share/webapps/phpmyadmin/3.5.3/htdocs/themes/original/css/theme_left.css.php
/usr/share/webapps/phpmyadmin/3.5.3/htdocs/themes/original/css/theme_print.css.php
/usr/share/webapps/phpmyadmin/3.5.3/htdocs/themes/original/css/theme_right.css.php
/usr/share/webapps/phpmyadmin/3.5.3/htdocs/themes/original/img/ajax_clock_small.gif
/usr/share/webapps/phpmyadmin/3.5.3/htdocs/themes/original/img/arrow_ltr.png
/usr/share/webapps/phpmyadmin/3.5.3/htdocs/themes/original/img/arrow_rtl.png
/usr/share/webapps/phpmyadmin/3.5.3/htdocs/themes/original/img/b_bookmark.png
/usr/share/webapps/phpmyadmin/3.5.3/htdocs/themes/original/img/b_browse.png
/usr/share/webapps/phpmyadmin/3.5.3/htdocs/themes/original/img/b_calendar.png
/usr/share/webapps/phpmyadmin/3.5.3/htdocs/themes/original/img/b_chart.png
/usr/share/webapps/phpmyadmin/3.5.3/htdocs/themes/original/img/b_close.png
/usr/share/webapps/phpmyadmin/3.5.3/htdocs/themes/original/img/b_comment.png
/usr/share/webapps/phpmyadmin/3.5.3/htdocs/themes/original/img/b_dbstatistics.png
/usr/share/webapps/phpmyadmin/3.5.3/htdocs/themes/original/img/b_deltbl.png
/usr/share/webapps/phpmyadmin/3.5.3/htdocs/themes/original/img/b_docs.png
/usr/share/webapps/phpmyadmin/3.5.3/htdocs/themes/original/img/b_drop.png
/usr/share/webapps/phpmyadmin/3.5.3/htdocs/themes/original/img/b_edit.png
/usr/share/webapps/phpmyadmin/3.5.3/htdocs/themes/original/img/b_empty.png
/usr/share/webapps/phpmyadmin/3.5.3/htdocs/themes/original/img/b_engine.png
/usr/share/webapps/phpmyadmin/3.5.3/htdocs/themes/original/img/b_event_add.png
/usr/share/webapps/phpmyadmin/3.5.3/htdocs/themes/original/img/b_events.png
/usr/share/webapps/phpmyadmin/3.5.3/htdocs/themes/original/img/b_export.png
/usr/share/webapps/phpmyadmin/3.5.3/htdocs/themes/original/img/b_ftext.png
/usr/share/webapps/phpmyadmin/3.5.3/htdocs/themes/original/img/b_globe.gif
/usr/share/webapps/phpmyadmin/3.5.3/htdocs/themes/original/img/b_help.png
/usr/share/webapps/phpmyadmin/3.5.3/htdocs/themes/original/img/b_home.png
/usr/share/webapps/phpmyadmin/3.5.3/htdocs/themes/original/img/b_import.png
/usr/share/webapps/phpmyadmin/3.5.3/htdocs/themes/original/img/b_index.png
/usr/share/webapps/phpmyadmin/3.5.3/htdocs/themes/original/img/b_info.png
/usr/share/webapps/phpmyadmin/3.5.3/htdocs/themes/original/img/b_inline_edit.png
/usr/share/webapps/phpmyadmin/3.5.3/htdocs/themes/original/img/b_insrow.png
/usr/share/webapps/phpmyadmin/3.5.3/htdocs/themes/original/img/b_minus.png
/usr/share/webapps/phpmyadmin/3.5.3/htdocs/themes/original/img/b_more.png
/usr/share/webapps/phpmyadmin/3.5.3/htdocs/themes/original/img/b_newdb.png
/usr/share/webapps/phpmyadmin/3.5.3/htdocs/themes/original/img/b_newtbl.png
/usr/share/webapps/phpmyadmin/3.5.3/htdocs/themes/original/img/b_nextpage.png
/usr/share/webapps/phpmyadmin/3.5.3/htdocs/themes/original/img/b_plus.png
/usr/share/webapps/phpmyadmin/3.5.3/htdocs/themes/original/img/b_primary.png
/usr/share/webapps/phpmyadmin/3.5.3/htdocs/themes/original/img/b_print.png
/usr/share/webapps/phpmyadmin/3.5.3/htdocs/themes/original/img/b_props.png
/usr/share/webapps/phpmyadmin/3.5.3/htdocs/themes/original/img/b_relations.png
/usr/share/webapps/phpmyadmin/3.5.3/htdocs/themes/original/img/b_routine_add.png
/usr/share/webapps/phpmyadmin/3.5.3/htdocs/themes/original/img/b_routines.png
/usr/share/webapps/phpmyadmin/3.5.3/htdocs/themes/original/img/b_save.png
/usr/share/webapps/phpmyadmin/3.5.3/htdocs/themes/original/img/b_sbrowse.png
/usr/share/webapps/phpmyadmin/3.5.3/htdocs/themes/original/img/b_search.png
/usr/share/webapps/phpmyadmin/3.5.3/htdocs/themes/original/img/b_selboard.png
/usr/share/webapps/phpmyadmin/3.5.3/htdocs/themes/original/img/b_select.png
/usr/share/webapps/phpmyadmin/3.5.3/htdocs/themes/original/img/b_snewtbl.png
/usr/share/webapps/phpmyadmin/3.5.3/htdocs/themes/original/img/b_spatial.png
/usr/share/webapps/phpmyadmin/3.5.3/htdocs/themes/original/img/b_sql.png
/usr/share/webapps/phpmyadmin/3.5.3/htdocs/themes/original/img/b_sqlhelp.png
/usr/share/webapps/phpmyadmin/3.5.3/htdocs/themes/original/img/b_tblanalyse.png
/usr/share/webapps/phpmyadmin/3.5.3/htdocs/themes/original/img/b_tblexport.png
/usr/share/webapps/phpmyadmin/3.5.3/htdocs/themes/original/img/b_tblimport.png
/usr/share/webapps/phpmyadmin/3.5.3/htdocs/themes/original/img/b_tblops.png
/usr/share/webapps/phpmyadmin/3.5.3/htdocs/themes/original/img/b_tbloptimize.png
/usr/share/webapps/phpmyadmin/3.5.3/htdocs/themes/original/img/b_tipp.png
/usr/share/webapps/phpmyadmin/3.5.3/htdocs/themes/original/img/b_trigger_add.png
/usr/share/webapps/phpmyadmin/3.5.3/htdocs/themes/original/img/b_triggers.png
/usr/share/webapps/phpmyadmin/3.5.3/htdocs/themes/original/img/b_unique.png
/usr/share/webapps/phpmyadmin/3.5.3/htdocs/themes/original/img/b_usradd.png
/usr/share/webapps/phpmyadmin/3.5.3/htdocs/themes/original/img/b_usrcheck.png
/usr/share/webapps/phpmyadmin/3.5.3/htdocs/themes/original/img/b_usrdrop.png
/usr/share/webapps/phpmyadmin/3.5.3/htdocs/themes/original/img/b_usredit.png
/usr/share/webapps/phpmyadmin/3.5.3/htdocs/themes/original/img/b_usrlist.png
/usr/share/webapps/phpmyadmin/3.5.3/htdocs/themes/original/img/b_view.png
/usr/share/webapps/phpmyadmin/3.5.3/htdocs/themes/original/img/b_views.png
/usr/share/webapps/phpmyadmin/3.5.3/htdocs/themes/original/img/bd_browse.png
/usr/share/webapps/phpmyadmin/3.5.3/htdocs/themes/original/img/bd_deltbl.png
/usr/share/webapps/phpmyadmin/3.5.3/htdocs/themes/original/img/bd_drop.png
/usr/share/webapps/phpmyadmin/3.5.3/htdocs/themes/original/img/bd_edit.png
/usr/share/webapps/phpmyadmin/3.5.3/htdocs/themes/original/img/bd_empty.png
/usr/share/webapps/phpmyadmin/3.5.3/htdocs/themes/original/img/bd_export.png
/usr/share/webapps/phpmyadmin/3.5.3/htdocs/themes/original/img/bd_ftext.png
/usr/share/webapps/phpmyadmin/3.5.3/htdocs/themes/original/img/bd_index.png
/usr/share/webapps/phpmyadmin/3.5.3/htdocs/themes/original/img/bd_insrow.png
/usr/share/webapps/phpmyadmin/3.5.3/htdocs/themes/original/img/bd_nextpage.png
/usr/share/webapps/phpmyadmin/3.5.3/htdocs/themes/original/img/bd_primary.png
/usr/share/webapps/phpmyadmin/3.5.3/htdocs/themes/original/img/bd_sbrowse.png
/usr/share/webapps/phpmyadmin/3.5.3/htdocs/themes/original/img/bd_select.png
/usr/share/webapps/phpmyadmin/3.5.3/htdocs/themes/original/img/bd_spatial.png
/usr/share/webapps/phpmyadmin/3.5.3/htdocs/themes/original/img/bd_unique.png
/usr/share/webapps/phpmyadmin/3.5.3/htdocs/themes/original/img/cleardot.gif
/usr/share/webapps/phpmyadmin/3.5.3/htdocs/themes/original/img/col_drop.png
/usr/share/webapps/phpmyadmin/3.5.3/htdocs/themes/original/img/col_pointer.png
/usr/share/webapps/phpmyadmin/3.5.3/htdocs/themes/original/img/col_pointer_ver.png
/usr/share/webapps/phpmyadmin/3.5.3/htdocs/themes/original/img/docs_menu_bg.png
/usr/share/webapps/phpmyadmin/3.5.3/htdocs/themes/original/img/east-mini.png
/usr/share/webapps/phpmyadmin/3.5.3/htdocs/themes/original/img/error.ico
/usr/share/webapps/phpmyadmin/3.5.3/htdocs/themes/original/img/eye.png
/usr/share/webapps/phpmyadmin/3.5.3/htdocs/themes/original/img/eye_grey.png
/usr/share/webapps/phpmyadmin/3.5.3/htdocs/themes/original/img/item_ltr.png
/usr/share/webapps/phpmyadmin/3.5.3/htdocs/themes/original/img/item_rtl.png
/usr/share/webapps/phpmyadmin/3.5.3/htdocs/themes/original/img/logo_left.png
/usr/share/webapps/phpmyadmin/3.5.3/htdocs/themes/original/img/logo_right.png
/usr/share/webapps/phpmyadmin/3.5.3/htdocs/themes/original/img/more.png
/usr/share/webapps/phpmyadmin/3.5.3/htdocs/themes/original/img/new_data.png
/usr/share/webapps/phpmyadmin/3.5.3/htdocs/themes/original/img/new_data_hovered.png
/usr/share/webapps/phpmyadmin/3.5.3/htdocs/themes/original/img/new_data_selected.png
/usr/share/webapps/phpmyadmin/3.5.3/htdocs/themes/original/img/new_data_selected_hovered.png
/usr/share/webapps/phpmyadmin/3.5.3/htdocs/themes/original/img/new_struct.png
/usr/share/webapps/phpmyadmin/3.5.3/htdocs/themes/original/img/new_struct_hovered.png
/usr/share/webapps/phpmyadmin/3.5.3/htdocs/themes/original/img/new_struct_selected.png
/usr/share/webapps/phpmyadmin/3.5.3/htdocs/themes/original/img/new_struct_selected_hovered.png
/usr/share/webapps/phpmyadmin/3.5.3/htdocs/themes/original/img/north-mini.png
/usr/share/webapps/phpmyadmin/3.5.3/htdocs/themes/original/img/pause.png
/usr/share/webapps/phpmyadmin/3.5.3/htdocs/themes/original/img/play.png
/usr/share/webapps/phpmyadmin/3.5.3/htdocs/themes/original/img/pmd/1.png
/usr/share/webapps/phpmyadmin/3.5.3/htdocs/themes/original/img/pmd/2.png
/usr/share/webapps/phpmyadmin/3.5.3/htdocs/themes/original/img/pmd/2leftarrow.png
/usr/share/webapps/phpmyadmin/3.5.3/htdocs/themes/original/img/pmd/2leftarrow_m.png
/usr/share/webapps/phpmyadmin/3.5.3/htdocs/themes/original/img/pmd/2rightarrow.png
/usr/share/webapps/phpmyadmin/3.5.3/htdocs/themes/original/img/pmd/2rightarrow_m.png
/usr/share/webapps/phpmyadmin/3.5.3/htdocs/themes/original/img/pmd/3.png
/usr/share/webapps/phpmyadmin/3.5.3/htdocs/themes/original/img/pmd/4.png
/usr/share/webapps/phpmyadmin/3.5.3/htdocs/themes/original/img/pmd/5.png
/usr/share/webapps/phpmyadmin/3.5.3/htdocs/themes/original/img/pmd/6.png
/usr/share/webapps/phpmyadmin/3.5.3/htdocs/themes/original/img/pmd/7.png
/usr/share/webapps/phpmyadmin/3.5.3/htdocs/themes/original/img/pmd/8.png
/usr/share/webapps/phpmyadmin/3.5.3/htdocs/themes/original/img/pmd/FieldKey_small.png
/usr/share/webapps/phpmyadmin/3.5.3/htdocs/themes/original/img/pmd/Field_small.png
/usr/share/webapps/phpmyadmin/3.5.3/htdocs/themes/original/img/pmd/Field_small_char.png
/usr/share/webapps/phpmyadmin/3.5.3/htdocs/themes/original/img/pmd/Field_small_date.png
/usr/share/webapps/phpmyadmin/3.5.3/htdocs/themes/original/img/pmd/Field_small_int.png
/usr/share/webapps/phpmyadmin/3.5.3/htdocs/themes/original/img/pmd/Header.png
/usr/share/webapps/phpmyadmin/3.5.3/htdocs/themes/original/img/pmd/Header_Linked.png
/usr/share/webapps/phpmyadmin/3.5.3/htdocs/themes/original/img/pmd/and_icon.png
/usr/share/webapps/phpmyadmin/3.5.3/htdocs/themes/original/img/pmd/ang_direct.png
/usr/share/webapps/phpmyadmin/3.5.3/htdocs/themes/original/img/pmd/bord.png
/usr/share/webapps/phpmyadmin/3.5.3/htdocs/themes/original/img/pmd/bottom.png
/usr/share/webapps/phpmyadmin/3.5.3/htdocs/themes/original/img/pmd/def.png
/usr/share/webapps/phpmyadmin/3.5.3/htdocs/themes/original/img/pmd/display_field.png
/usr/share/webapps/phpmyadmin/3.5.3/htdocs/themes/original/img/pmd/downarrow1.png
/usr/share/webapps/phpmyadmin/3.5.3/htdocs/themes/original/img/pmd/downarrow2.png
/usr/share/webapps/phpmyadmin/3.5.3/htdocs/themes/original/img/pmd/downarrow2_m.png
/usr/share/webapps/phpmyadmin/3.5.3/htdocs/themes/original/img/pmd/exec.png
/usr/share/webapps/phpmyadmin/3.5.3/htdocs/themes/original/img/pmd/exec_small.png
/usr/share/webapps/phpmyadmin/3.5.3/htdocs/themes/original/img/pmd/favicon.ico
/usr/share/webapps/phpmyadmin/3.5.3/htdocs/themes/original/img/pmd/grid.png
/usr/share/webapps/phpmyadmin/3.5.3/htdocs/themes/original/img/pmd/help.png
/usr/share/webapps/phpmyadmin/3.5.3/htdocs/themes/original/img/pmd/help_relation.png
/usr/share/webapps/phpmyadmin/3.5.3/htdocs/themes/original/img/pmd/left_panel_butt.png
/usr/share/webapps/phpmyadmin/3.5.3/htdocs/themes/original/img/pmd/left_panel_tab.png
/usr/share/webapps/phpmyadmin/3.5.3/htdocs/themes/original/img/pmd/minus.png
/usr/share/webapps/phpmyadmin/3.5.3/htdocs/themes/original/img/pmd/or_icon.png
/usr/share/webapps/phpmyadmin/3.5.3/htdocs/themes/original/img/pmd/pdf.png
/usr/share/webapps/phpmyadmin/3.5.3/htdocs/themes/original/img/pmd/plus.png
/usr/share/webapps/phpmyadmin/3.5.3/htdocs/themes/original/img/pmd/query_builder.png
/usr/share/webapps/phpmyadmin/3.5.3/htdocs/themes/original/img/pmd/relation.png
/usr/share/webapps/phpmyadmin/3.5.3/htdocs/themes/original/img/pmd/reload.png
/usr/share/webapps/phpmyadmin/3.5.3/htdocs/themes/original/img/pmd/resize.png
/usr/share/webapps/phpmyadmin/3.5.3/htdocs/themes/original/img/pmd/rightarrow1.png
/usr/share/webapps/phpmyadmin/3.5.3/htdocs/themes/original/img/pmd/rightarrow2.png
/usr/share/webapps/phpmyadmin/3.5.3/htdocs/themes/original/img/pmd/save.png
/usr/share/webapps/phpmyadmin/3.5.3/htdocs/themes/original/img/pmd/small_tab.png
/usr/share/webapps/phpmyadmin/3.5.3/htdocs/themes/original/img/pmd/table.png
/usr/share/webapps/phpmyadmin/3.5.3/htdocs/themes/original/img/pmd/toggle_lines.png
/usr/share/webapps/phpmyadmin/3.5.3/htdocs/themes/original/img/pmd/top_panel.png
/usr/share/webapps/phpmyadmin/3.5.3/htdocs/themes/original/img/pmd/uparrow2_m.png
/usr/share/webapps/phpmyadmin/3.5.3/htdocs/themes/original/img/s_asc.png
/usr/share/webapps/phpmyadmin/3.5.3/htdocs/themes/original/img/s_asci.png
/usr/share/webapps/phpmyadmin/3.5.3/htdocs/themes/original/img/s_attention.png
/usr/share/webapps/phpmyadmin/3.5.3/htdocs/themes/original/img/s_cancel.png
/usr/share/webapps/phpmyadmin/3.5.3/htdocs/themes/original/img/s_cog.png
/usr/share/webapps/phpmyadmin/3.5.3/htdocs/themes/original/img/s_db.png
/usr/share/webapps/phpmyadmin/3.5.3/htdocs/themes/original/img/s_desc.png
/usr/share/webapps/phpmyadmin/3.5.3/htdocs/themes/original/img/s_error.png
/usr/share/webapps/phpmyadmin/3.5.3/htdocs/themes/original/img/s_error2.png
/usr/share/webapps/phpmyadmin/3.5.3/htdocs/themes/original/img/s_fulltext.png
/usr/share/webapps/phpmyadmin/3.5.3/htdocs/themes/original/img/s_host.png
/usr/share/webapps/phpmyadmin/3.5.3/htdocs/themes/original/img/s_info.png
/usr/share/webapps/phpmyadmin/3.5.3/htdocs/themes/original/img/s_lang.png
/usr/share/webapps/phpmyadmin/3.5.3/htdocs/themes/original/img/s_loggoff.png
/usr/share/webapps/phpmyadmin/3.5.3/htdocs/themes/original/img/s_notice.png
/usr/share/webapps/phpmyadmin/3.5.3/htdocs/themes/original/img/s_okay.png
/usr/share/webapps/phpmyadmin/3.5.3/htdocs/themes/original/img/s_partialtext.png
/usr/share/webapps/phpmyadmin/3.5.3/htdocs/themes/original/img/s_passwd.png
/usr/share/webapps/phpmyadmin/3.5.3/htdocs/themes/original/img/s_process.png
/usr/share/webapps/phpmyadmin/3.5.3/htdocs/themes/original/img/s_really.png
/usr/share/webapps/phpmyadmin/3.5.3/htdocs/themes/original/img/s_reload.png
/usr/share/webapps/phpmyadmin/3.5.3/htdocs/themes/original/img/s_replication.png
/usr/share/webapps/phpmyadmin/3.5.3/htdocs/themes/original/img/s_rights.png
/usr/share/webapps/phpmyadmin/3.5.3/htdocs/themes/original/img/s_sortable.png
/usr/share/webapps/phpmyadmin/3.5.3/htdocs/themes/original/img/s_status.png
/usr/share/webapps/phpmyadmin/3.5.3/htdocs/themes/original/img/s_success.png
/usr/share/webapps/phpmyadmin/3.5.3/htdocs/themes/original/img/s_sync.png
/usr/share/webapps/phpmyadmin/3.5.3/htdocs/themes/original/img/s_tbl.png
/usr/share/webapps/phpmyadmin/3.5.3/htdocs/themes/original/img/s_theme.png
/usr/share/webapps/phpmyadmin/3.5.3/htdocs/themes/original/img/s_vars.png
/usr/share/webapps/phpmyadmin/3.5.3/htdocs/themes/original/img/s_views.png
/usr/share/webapps/phpmyadmin/3.5.3/htdocs/themes/original/img/south-mini.png
/usr/share/webapps/phpmyadmin/3.5.3/htdocs/themes/original/img/spacer.png
/usr/share/webapps/phpmyadmin/3.5.3/htdocs/themes/original/img/sprites.png
/usr/share/webapps/phpmyadmin/3.5.3/htdocs/themes/original/img/toggle-ltr.png
/usr/share/webapps/phpmyadmin/3.5.3/htdocs/themes/original/img/toggle-rtl.png
/usr/share/webapps/phpmyadmin/3.5.3/htdocs/themes/original/img/vertical_line.png
/usr/share/webapps/phpmyadmin/3.5.3/htdocs/themes/original/img/west-mini.png
/usr/share/webapps/phpmyadmin/3.5.3/htdocs/themes/original/img/window-new.png
/usr/share/webapps/phpmyadmin/3.5.3/htdocs/themes/original/img/zoom-minus-mini.png
/usr/share/webapps/phpmyadmin/3.5.3/htdocs/themes/original/img/zoom-plus-mini.png
/usr/share/webapps/phpmyadmin/3.5.3/htdocs/themes/original/img/zoom-world-mini.png
/usr/share/webapps/phpmyadmin/3.5.3/htdocs/themes/original/info.inc.php
/usr/share/webapps/phpmyadmin/3.5.3/htdocs/themes/original/jquery/images/ui-bg_flat_0_aaaaaa_40x100.png
/usr/share/webapps/phpmyadmin/3.5.3/htdocs/themes/original/jquery/images/ui-bg_flat_75_ffffff_40x100.png
/usr/share/webapps/phpmyadmin/3.5.3/htdocs/themes/original/jquery/images/ui-bg_glass_55_fbf9ee_1x400.png
/usr/share/webapps/phpmyadmin/3.5.3/htdocs/themes/original/jquery/images/ui-bg_glass_65_ffffff_1x400.png
/usr/share/webapps/phpmyadmin/3.5.3/htdocs/themes/original/jquery/images/ui-bg_glass_75_dadada_1x400.png
/usr/share/webapps/phpmyadmin/3.5.3/htdocs/themes/original/jquery/images/ui-bg_glass_75_e6e6e6_1x400.png
/usr/share/webapps/phpmyadmin/3.5.3/htdocs/themes/original/jquery/images/ui-bg_glass_95_fef1ec_1x400.png
/usr/share/webapps/phpmyadmin/3.5.3/htdocs/themes/original/jquery/images/ui-bg_highlight-soft_75_cccccc_1x100.png
/usr/share/webapps/phpmyadmin/3.5.3/htdocs/themes/original/jquery/images/ui-icons_222222_256x240.png
/usr/share/webapps/phpmyadmin/3.5.3/htdocs/themes/original/jquery/images/ui-icons_2e83ff_256x240.png
/usr/share/webapps/phpmyadmin/3.5.3/htdocs/themes/original/jquery/images/ui-icons_454545_256x240.png
/usr/share/webapps/phpmyadmin/3.5.3/htdocs/themes/original/jquery/images/ui-icons_888888_256x240.png
/usr/share/webapps/phpmyadmin/3.5.3/htdocs/themes/original/jquery/images/ui-icons_cd0a0a_256x240.png
/usr/share/webapps/phpmyadmin/3.5.3/htdocs/themes/original/jquery/jquery-ui-1.8.16.custom.css
/usr/share/webapps/phpmyadmin/3.5.3/htdocs/themes/original/layout.inc.php
/usr/share/webapps/phpmyadmin/3.5.3/htdocs/themes/original/screen.png
/usr/share/webapps/phpmyadmin/3.5.3/htdocs/themes/original/sprites.lib.php
/usr/share/webapps/phpmyadmin/3.5.3/htdocs/themes/pmahomme/css/theme_left.css.php
/usr/share/webapps/phpmyadmin/3.5.3/htdocs/themes/pmahomme/css/theme_print.css.php
/usr/share/webapps/phpmyadmin/3.5.3/htdocs/themes/pmahomme/css/theme_right.css.php
/usr/share/webapps/phpmyadmin/3.5.3/htdocs/themes/pmahomme/img/ajax_clock_small.gif
/usr/share/webapps/phpmyadmin/3.5.3/htdocs/themes/pmahomme/img/arrow_ltr.png
/usr/share/webapps/phpmyadmin/3.5.3/htdocs/themes/pmahomme/img/arrow_rtl.png
/usr/share/webapps/phpmyadmin/3.5.3/htdocs/themes/pmahomme/img/asc_order.png
/usr/share/webapps/phpmyadmin/3.5.3/htdocs/themes/pmahomme/img/b_bookmark.png
/usr/share/webapps/phpmyadmin/3.5.3/htdocs/themes/pmahomme/img/b_browse.png
/usr/share/webapps/phpmyadmin/3.5.3/htdocs/themes/pmahomme/img/b_calendar.png
/usr/share/webapps/phpmyadmin/3.5.3/htdocs/themes/pmahomme/img/b_chart.png
/usr/share/webapps/phpmyadmin/3.5.3/htdocs/themes/pmahomme/img/b_close.png
/usr/share/webapps/phpmyadmin/3.5.3/htdocs/themes/pmahomme/img/b_comment.png
/usr/share/webapps/phpmyadmin/3.5.3/htdocs/themes/pmahomme/img/b_dbstatistics.png
/usr/share/webapps/phpmyadmin/3.5.3/htdocs/themes/pmahomme/img/b_deltbl.png
/usr/share/webapps/phpmyadmin/3.5.3/htdocs/themes/pmahomme/img/b_docs.png
/usr/share/webapps/phpmyadmin/3.5.3/htdocs/themes/pmahomme/img/b_docsql.png
/usr/share/webapps/phpmyadmin/3.5.3/htdocs/themes/pmahomme/img/b_drop.png
/usr/share/webapps/phpmyadmin/3.5.3/htdocs/themes/pmahomme/img/b_edit.png
/usr/share/webapps/phpmyadmin/3.5.3/htdocs/themes/pmahomme/img/b_empty.png
/usr/share/webapps/phpmyadmin/3.5.3/htdocs/themes/pmahomme/img/b_engine.png
/usr/share/webapps/phpmyadmin/3.5.3/htdocs/themes/pmahomme/img/b_event_add.png
/usr/share/webapps/phpmyadmin/3.5.3/htdocs/themes/pmahomme/img/b_events.png
/usr/share/webapps/phpmyadmin/3.5.3/htdocs/themes/pmahomme/img/b_export.png
/usr/share/webapps/phpmyadmin/3.5.3/htdocs/themes/pmahomme/img/b_firstpage.png
/usr/share/webapps/phpmyadmin/3.5.3/htdocs/themes/pmahomme/img/b_ftext.png
/usr/share/webapps/phpmyadmin/3.5.3/htdocs/themes/pmahomme/img/b_globe.gif
/usr/share/webapps/phpmyadmin/3.5.3/htdocs/themes/pmahomme/img/b_help.png
/usr/share/webapps/phpmyadmin/3.5.3/htdocs/themes/pmahomme/img/b_home.png
/usr/share/webapps/phpmyadmin/3.5.3/htdocs/themes/pmahomme/img/b_import.png
/usr/share/webapps/phpmyadmin/3.5.3/htdocs/themes/pmahomme/img/b_index.png
/usr/share/webapps/phpmyadmin/3.5.3/htdocs/themes/pmahomme/img/b_info.png
/usr/share/webapps/phpmyadmin/3.5.3/htdocs/themes/pmahomme/img/b_inline_edit.png
/usr/share/webapps/phpmyadmin/3.5.3/htdocs/themes/pmahomme/img/b_insrow.png
/usr/share/webapps/phpmyadmin/3.5.3/htdocs/themes/pmahomme/img/b_lastpage.png
/usr/share/webapps/phpmyadmin/3.5.3/htdocs/themes/pmahomme/img/b_minus.png
/usr/share/webapps/phpmyadmin/3.5.3/htdocs/themes/pmahomme/img/b_more.png
/usr/share/webapps/phpmyadmin/3.5.3/htdocs/themes/pmahomme/img/b_newdb.png
/usr/share/webapps/phpmyadmin/3.5.3/htdocs/themes/pmahomme/img/b_newtbl.png
/usr/share/webapps/phpmyadmin/3.5.3/htdocs/themes/pmahomme/img/b_nextpage.png
/usr/share/webapps/phpmyadmin/3.5.3/htdocs/themes/pmahomme/img/b_pdfdoc.png
/usr/share/webapps/phpmyadmin/3.5.3/htdocs/themes/pmahomme/img/b_plus.png
/usr/share/webapps/phpmyadmin/3.5.3/htdocs/themes/pmahomme/img/b_prevpage.png
/usr/share/webapps/phpmyadmin/3.5.3/htdocs/themes/pmahomme/img/b_primary.png
/usr/share/webapps/phpmyadmin/3.5.3/htdocs/themes/pmahomme/img/b_print.png
/usr/share/webapps/phpmyadmin/3.5.3/htdocs/themes/pmahomme/img/b_props.png
/usr/share/webapps/phpmyadmin/3.5.3/htdocs/themes/pmahomme/img/b_relations.png
/usr/share/webapps/phpmyadmin/3.5.3/htdocs/themes/pmahomme/img/b_routine_add.png
/usr/share/webapps/phpmyadmin/3.5.3/htdocs/themes/pmahomme/img/b_routines.png
/usr/share/webapps/phpmyadmin/3.5.3/htdocs/themes/pmahomme/img/b_save.png
/usr/share/webapps/phpmyadmin/3.5.3/htdocs/themes/pmahomme/img/b_sbrowse.png
/usr/share/webapps/phpmyadmin/3.5.3/htdocs/themes/pmahomme/img/b_sdb.png
/usr/share/webapps/phpmyadmin/3.5.3/htdocs/themes/pmahomme/img/b_search.png
/usr/share/webapps/phpmyadmin/3.5.3/htdocs/themes/pmahomme/img/b_selboard.png
/usr/share/webapps/phpmyadmin/3.5.3/htdocs/themes/pmahomme/img/b_select.png
/usr/share/webapps/phpmyadmin/3.5.3/htdocs/themes/pmahomme/img/b_snewtbl.png
/usr/share/webapps/phpmyadmin/3.5.3/htdocs/themes/pmahomme/img/b_spatial.png
/usr/share/webapps/phpmyadmin/3.5.3/htdocs/themes/pmahomme/img/b_sql.png
/usr/share/webapps/phpmyadmin/3.5.3/htdocs/themes/pmahomme/img/b_sqldoc.png
/usr/share/webapps/phpmyadmin/3.5.3/htdocs/themes/pmahomme/img/b_sqlhelp.png
/usr/share/webapps/phpmyadmin/3.5.3/htdocs/themes/pmahomme/img/b_tblanalyse.png
/usr/share/webapps/phpmyadmin/3.5.3/htdocs/themes/pmahomme/img/b_tblexport.png
/usr/share/webapps/phpmyadmin/3.5.3/htdocs/themes/pmahomme/img/b_tblimport.png
/usr/share/webapps/phpmyadmin/3.5.3/htdocs/themes/pmahomme/img/b_tblops.png
/usr/share/webapps/phpmyadmin/3.5.3/htdocs/themes/pmahomme/img/b_tbloptimize.png
/usr/share/webapps/phpmyadmin/3.5.3/htdocs/themes/pmahomme/img/b_tipp.png
/usr/share/webapps/phpmyadmin/3.5.3/htdocs/themes/pmahomme/img/b_trigger_add.png
/usr/share/webapps/phpmyadmin/3.5.3/htdocs/themes/pmahomme/img/b_triggers.png
/usr/share/webapps/phpmyadmin/3.5.3/htdocs/themes/pmahomme/img/b_unique.png
/usr/share/webapps/phpmyadmin/3.5.3/htdocs/themes/pmahomme/img/b_usradd.png
/usr/share/webapps/phpmyadmin/3.5.3/htdocs/themes/pmahomme/img/b_usrcheck.png
/usr/share/webapps/phpmyadmin/3.5.3/htdocs/themes/pmahomme/img/b_usrdrop.png
/usr/share/webapps/phpmyadmin/3.5.3/htdocs/themes/pmahomme/img/b_usredit.png
/usr/share/webapps/phpmyadmin/3.5.3/htdocs/themes/pmahomme/img/b_usrlist.png
/usr/share/webapps/phpmyadmin/3.5.3/htdocs/themes/pmahomme/img/b_view.png
/usr/share/webapps/phpmyadmin/3.5.3/htdocs/themes/pmahomme/img/b_views.png
/usr/share/webapps/phpmyadmin/3.5.3/htdocs/themes/pmahomme/img/bd_browse.png
/usr/share/webapps/phpmyadmin/3.5.3/htdocs/themes/pmahomme/img/bd_deltbl.png
/usr/share/webapps/phpmyadmin/3.5.3/htdocs/themes/pmahomme/img/bd_drop.png
/usr/share/webapps/phpmyadmin/3.5.3/htdocs/themes/pmahomme/img/bd_edit.png
/usr/share/webapps/phpmyadmin/3.5.3/htdocs/themes/pmahomme/img/bd_empty.png
/usr/share/webapps/phpmyadmin/3.5.3/htdocs/themes/pmahomme/img/bd_export.png
/usr/share/webapps/phpmyadmin/3.5.3/htdocs/themes/pmahomme/img/bd_firstpage.png
/usr/share/webapps/phpmyadmin/3.5.3/htdocs/themes/pmahomme/img/bd_ftext.png
/usr/share/webapps/phpmyadmin/3.5.3/htdocs/themes/pmahomme/img/bd_index.png
/usr/share/webapps/phpmyadmin/3.5.3/htdocs/themes/pmahomme/img/bd_insrow.png
/usr/share/webapps/phpmyadmin/3.5.3/htdocs/themes/pmahomme/img/bd_lastpage.png
/usr/share/webapps/phpmyadmin/3.5.3/htdocs/themes/pmahomme/img/bd_nextpage.png
/usr/share/webapps/phpmyadmin/3.5.3/htdocs/themes/pmahomme/img/bd_prevpage.png
/usr/share/webapps/phpmyadmin/3.5.3/htdocs/themes/pmahomme/img/bd_primary.png
/usr/share/webapps/phpmyadmin/3.5.3/htdocs/themes/pmahomme/img/bd_sbrowse.png
/usr/share/webapps/phpmyadmin/3.5.3/htdocs/themes/pmahomme/img/bd_select.png
/usr/share/webapps/phpmyadmin/3.5.3/htdocs/themes/pmahomme/img/bd_spatial.png
/usr/share/webapps/phpmyadmin/3.5.3/htdocs/themes/pmahomme/img/bd_unique.png
/usr/share/webapps/phpmyadmin/3.5.3/htdocs/themes/pmahomme/img/body_bg.png
/usr/share/webapps/phpmyadmin/3.5.3/htdocs/themes/pmahomme/img/col_drop.png
/usr/share/webapps/phpmyadmin/3.5.3/htdocs/themes/pmahomme/img/col_pointer.png
/usr/share/webapps/phpmyadmin/3.5.3/htdocs/themes/pmahomme/img/col_pointer_ver.png
/usr/share/webapps/phpmyadmin/3.5.3/htdocs/themes/pmahomme/img/database.png
/usr/share/webapps/phpmyadmin/3.5.3/htdocs/themes/pmahomme/img/database_list_li_hover.png
/usr/share/webapps/phpmyadmin/3.5.3/htdocs/themes/pmahomme/img/docs_menu_bg.png
/usr/share/webapps/phpmyadmin/3.5.3/htdocs/themes/pmahomme/img/east-mini.png
/usr/share/webapps/phpmyadmin/3.5.3/htdocs/themes/pmahomme/img/error.ico
/usr/share/webapps/phpmyadmin/3.5.3/htdocs/themes/pmahomme/img/eye.png
/usr/share/webapps/phpmyadmin/3.5.3/htdocs/themes/pmahomme/img/eye_grey.png
/usr/share/webapps/phpmyadmin/3.5.3/htdocs/themes/pmahomme/img/input_bg.gif
/usr/share/webapps/phpmyadmin/3.5.3/htdocs/themes/pmahomme/img/item.png
/usr/share/webapps/phpmyadmin/3.5.3/htdocs/themes/pmahomme/img/item_ltr.png
/usr/share/webapps/phpmyadmin/3.5.3/htdocs/themes/pmahomme/img/item_rtl.png
/usr/share/webapps/phpmyadmin/3.5.3/htdocs/themes/pmahomme/img/left_nav_bg.png
/usr/share/webapps/phpmyadmin/3.5.3/htdocs/themes/pmahomme/img/logo_left.png
/usr/share/webapps/phpmyadmin/3.5.3/htdocs/themes/pmahomme/img/logo_right.png
/usr/share/webapps/phpmyadmin/3.5.3/htdocs/themes/pmahomme/img/marked_bg.png
/usr/share/webapps/phpmyadmin/3.5.3/htdocs/themes/pmahomme/img/more.png
/usr/share/webapps/phpmyadmin/3.5.3/htdocs/themes/pmahomme/img/new_data.png
/usr/share/webapps/phpmyadmin/3.5.3/htdocs/themes/pmahomme/img/new_data_hovered.png
/usr/share/webapps/phpmyadmin/3.5.3/htdocs/themes/pmahomme/img/new_data_selected.png
/usr/share/webapps/phpmyadmin/3.5.3/htdocs/themes/pmahomme/img/new_data_selected_hovered.png
/usr/share/webapps/phpmyadmin/3.5.3/htdocs/themes/pmahomme/img/new_struct.png
/usr/share/webapps/phpmyadmin/3.5.3/htdocs/themes/pmahomme/img/new_struct_hovered.png
/usr/share/webapps/phpmyadmin/3.5.3/htdocs/themes/pmahomme/img/new_struct_selected.png
/usr/share/webapps/phpmyadmin/3.5.3/htdocs/themes/pmahomme/img/new_struct_selected_hovered.png
/usr/share/webapps/phpmyadmin/3.5.3/htdocs/themes/pmahomme/img/north-mini.png
/usr/share/webapps/phpmyadmin/3.5.3/htdocs/themes/pmahomme/img/pause.png
/usr/share/webapps/phpmyadmin/3.5.3/htdocs/themes/pmahomme/img/php_sym.png
/usr/share/webapps/phpmyadmin/3.5.3/htdocs/themes/pmahomme/img/play.png
/usr/share/webapps/phpmyadmin/3.5.3/htdocs/themes/pmahomme/img/pma_logo2.png
/usr/share/webapps/phpmyadmin/3.5.3/htdocs/themes/pmahomme/img/pmd/1.png
/usr/share/webapps/phpmyadmin/3.5.3/htdocs/themes/pmahomme/img/pmd/2.png
/usr/share/webapps/phpmyadmin/3.5.3/htdocs/themes/pmahomme/img/pmd/2leftarrow.png
/usr/share/webapps/phpmyadmin/3.5.3/htdocs/themes/pmahomme/img/pmd/2leftarrow_m.png
/usr/share/webapps/phpmyadmin/3.5.3/htdocs/themes/pmahomme/img/pmd/2rightarrow.png
/usr/share/webapps/phpmyadmin/3.5.3/htdocs/themes/pmahomme/img/pmd/2rightarrow_m.png
/usr/share/webapps/phpmyadmin/3.5.3/htdocs/themes/pmahomme/img/pmd/3.png
/usr/share/webapps/phpmyadmin/3.5.3/htdocs/themes/pmahomme/img/pmd/4.png
/usr/share/webapps/phpmyadmin/3.5.3/htdocs/themes/pmahomme/img/pmd/5.png
/usr/share/webapps/phpmyadmin/3.5.3/htdocs/themes/pmahomme/img/pmd/6.png
/usr/share/webapps/phpmyadmin/3.5.3/htdocs/themes/pmahomme/img/pmd/7.png
/usr/share/webapps/phpmyadmin/3.5.3/htdocs/themes/pmahomme/img/pmd/8.png
/usr/share/webapps/phpmyadmin/3.5.3/htdocs/themes/pmahomme/img/pmd/FieldKey_small.png
/usr/share/webapps/phpmyadmin/3.5.3/htdocs/themes/pmahomme/img/pmd/Field_small.png
/usr/share/webapps/phpmyadmin/3.5.3/htdocs/themes/pmahomme/img/pmd/Field_small_char.png
/usr/share/webapps/phpmyadmin/3.5.3/htdocs/themes/pmahomme/img/pmd/Field_small_date.png
/usr/share/webapps/phpmyadmin/3.5.3/htdocs/themes/pmahomme/img/pmd/Field_small_int.png
/usr/share/webapps/phpmyadmin/3.5.3/htdocs/themes/pmahomme/img/pmd/Header.png
/usr/share/webapps/phpmyadmin/3.5.3/htdocs/themes/pmahomme/img/pmd/Header_Linked.png
/usr/share/webapps/phpmyadmin/3.5.3/htdocs/themes/pmahomme/img/pmd/and_icon.png
/usr/share/webapps/phpmyadmin/3.5.3/htdocs/themes/pmahomme/img/pmd/ang_direct.png
/usr/share/webapps/phpmyadmin/3.5.3/htdocs/themes/pmahomme/img/pmd/bord.png
/usr/share/webapps/phpmyadmin/3.5.3/htdocs/themes/pmahomme/img/pmd/bottom.png
/usr/share/webapps/phpmyadmin/3.5.3/htdocs/themes/pmahomme/img/pmd/def.png
/usr/share/webapps/phpmyadmin/3.5.3/htdocs/themes/pmahomme/img/pmd/display_field.png
/usr/share/webapps/phpmyadmin/3.5.3/htdocs/themes/pmahomme/img/pmd/downarrow1.png
/usr/share/webapps/phpmyadmin/3.5.3/htdocs/themes/pmahomme/img/pmd/downarrow2.png
/usr/share/webapps/phpmyadmin/3.5.3/htdocs/themes/pmahomme/img/pmd/downarrow2_m.png
/usr/share/webapps/phpmyadmin/3.5.3/htdocs/themes/pmahomme/img/pmd/exec.png
/usr/share/webapps/phpmyadmin/3.5.3/htdocs/themes/pmahomme/img/pmd/exec_small.png
/usr/share/webapps/phpmyadmin/3.5.3/htdocs/themes/pmahomme/img/pmd/favicon.ico
/usr/share/webapps/phpmyadmin/3.5.3/htdocs/themes/pmahomme/img/pmd/grid.png
/usr/share/webapps/phpmyadmin/3.5.3/htdocs/themes/pmahomme/img/pmd/help.png
/usr/share/webapps/phpmyadmin/3.5.3/htdocs/themes/pmahomme/img/pmd/help_relation.png
/usr/share/webapps/phpmyadmin/3.5.3/htdocs/themes/pmahomme/img/pmd/left_panel_butt.png
/usr/share/webapps/phpmyadmin/3.5.3/htdocs/themes/pmahomme/img/pmd/left_panel_tab.png
/usr/share/webapps/phpmyadmin/3.5.3/htdocs/themes/pmahomme/img/pmd/minus.png
/usr/share/webapps/phpmyadmin/3.5.3/htdocs/themes/pmahomme/img/pmd/or_icon.png
/usr/share/webapps/phpmyadmin/3.5.3/htdocs/themes/pmahomme/img/pmd/pdf.png
/usr/share/webapps/phpmyadmin/3.5.3/htdocs/themes/pmahomme/img/pmd/plus.png
/usr/share/webapps/phpmyadmin/3.5.3/htdocs/themes/pmahomme/img/pmd/query_builder.png
/usr/share/webapps/phpmyadmin/3.5.3/htdocs/themes/pmahomme/img/pmd/relation.png
/usr/share/webapps/phpmyadmin/3.5.3/htdocs/themes/pmahomme/img/pmd/reload.png
/usr/share/webapps/phpmyadmin/3.5.3/htdocs/themes/pmahomme/img/pmd/resize.png
/usr/share/webapps/phpmyadmin/3.5.3/htdocs/themes/pmahomme/img/pmd/rightarrow1.png
/usr/share/webapps/phpmyadmin/3.5.3/htdocs/themes/pmahomme/img/pmd/rightarrow2.png
/usr/share/webapps/phpmyadmin/3.5.3/htdocs/themes/pmahomme/img/pmd/save.png
/usr/share/webapps/phpmyadmin/3.5.3/htdocs/themes/pmahomme/img/pmd/small_tab.png
/usr/share/webapps/phpmyadmin/3.5.3/htdocs/themes/pmahomme/img/pmd/table.png
/usr/share/webapps/phpmyadmin/3.5.3/htdocs/themes/pmahomme/img/pmd/toggle_lines.png
/usr/share/webapps/phpmyadmin/3.5.3/htdocs/themes/pmahomme/img/pmd/top_panel.png
/usr/share/webapps/phpmyadmin/3.5.3/htdocs/themes/pmahomme/img/pmd/uparrow2_m.png
/usr/share/webapps/phpmyadmin/3.5.3/htdocs/themes/pmahomme/img/s_asc.png
/usr/share/webapps/phpmyadmin/3.5.3/htdocs/themes/pmahomme/img/s_asci.png
/usr/share/webapps/phpmyadmin/3.5.3/htdocs/themes/pmahomme/img/s_attention.png
/usr/share/webapps/phpmyadmin/3.5.3/htdocs/themes/pmahomme/img/s_cancel.png
/usr/share/webapps/phpmyadmin/3.5.3/htdocs/themes/pmahomme/img/s_cancel2.png
/usr/share/webapps/phpmyadmin/3.5.3/htdocs/themes/pmahomme/img/s_cog.png
/usr/share/webapps/phpmyadmin/3.5.3/htdocs/themes/pmahomme/img/s_db.png
/usr/share/webapps/phpmyadmin/3.5.3/htdocs/themes/pmahomme/img/s_desc.png
/usr/share/webapps/phpmyadmin/3.5.3/htdocs/themes/pmahomme/img/s_error.png
/usr/share/webapps/phpmyadmin/3.5.3/htdocs/themes/pmahomme/img/s_error2.png
/usr/share/webapps/phpmyadmin/3.5.3/htdocs/themes/pmahomme/img/s_fulltext.png
/usr/share/webapps/phpmyadmin/3.5.3/htdocs/themes/pmahomme/img/s_host.png
/usr/share/webapps/phpmyadmin/3.5.3/htdocs/themes/pmahomme/img/s_info.png
/usr/share/webapps/phpmyadmin/3.5.3/htdocs/themes/pmahomme/img/s_lang.png
/usr/share/webapps/phpmyadmin/3.5.3/htdocs/themes/pmahomme/img/s_loggoff.png
/usr/share/webapps/phpmyadmin/3.5.3/htdocs/themes/pmahomme/img/s_notice.png
/usr/share/webapps/phpmyadmin/3.5.3/htdocs/themes/pmahomme/img/s_okay.png
/usr/share/webapps/phpmyadmin/3.5.3/htdocs/themes/pmahomme/img/s_partialtext.png
/usr/share/webapps/phpmyadmin/3.5.3/htdocs/themes/pmahomme/img/s_passwd.png
/usr/share/webapps/phpmyadmin/3.5.3/htdocs/themes/pmahomme/img/s_process.png
/usr/share/webapps/phpmyadmin/3.5.3/htdocs/themes/pmahomme/img/s_really.png
/usr/share/webapps/phpmyadmin/3.5.3/htdocs/themes/pmahomme/img/s_reload.png
/usr/share/webapps/phpmyadmin/3.5.3/htdocs/themes/pmahomme/img/s_replication.png
/usr/share/webapps/phpmyadmin/3.5.3/htdocs/themes/pmahomme/img/s_rights.png
/usr/share/webapps/phpmyadmin/3.5.3/htdocs/themes/pmahomme/img/s_sortable.png
/usr/share/webapps/phpmyadmin/3.5.3/htdocs/themes/pmahomme/img/s_status.png
/usr/share/webapps/phpmyadmin/3.5.3/htdocs/themes/pmahomme/img/s_success.png
/usr/share/webapps/phpmyadmin/3.5.3/htdocs/themes/pmahomme/img/s_sync.png
/usr/share/webapps/phpmyadmin/3.5.3/htdocs/themes/pmahomme/img/s_tbl.png
/usr/share/webapps/phpmyadmin/3.5.3/htdocs/themes/pmahomme/img/s_theme.png
/usr/share/webapps/phpmyadmin/3.5.3/htdocs/themes/pmahomme/img/s_vars.png
/usr/share/webapps/phpmyadmin/3.5.3/htdocs/themes/pmahomme/img/s_views.png
/usr/share/webapps/phpmyadmin/3.5.3/htdocs/themes/pmahomme/img/south-mini.png
/usr/share/webapps/phpmyadmin/3.5.3/htdocs/themes/pmahomme/img/spacer.png
/usr/share/webapps/phpmyadmin/3.5.3/htdocs/themes/pmahomme/img/sprites.png
/usr/share/webapps/phpmyadmin/3.5.3/htdocs/themes/pmahomme/img/tab_bg.png
/usr/share/webapps/phpmyadmin/3.5.3/htdocs/themes/pmahomme/img/tab_hover_bg.png
/usr/share/webapps/phpmyadmin/3.5.3/htdocs/themes/pmahomme/img/tabactive_bg.png
/usr/share/webapps/phpmyadmin/3.5.3/htdocs/themes/pmahomme/img/toggle-ltr.png
/usr/share/webapps/phpmyadmin/3.5.3/htdocs/themes/pmahomme/img/toggle-rtl.png
/usr/share/webapps/phpmyadmin/3.5.3/htdocs/themes/pmahomme/img/vertical_line.png
/usr/share/webapps/phpmyadmin/3.5.3/htdocs/themes/pmahomme/img/west-mini.png
/usr/share/webapps/phpmyadmin/3.5.3/htdocs/themes/pmahomme/img/window-new.png
/usr/share/webapps/phpmyadmin/3.5.3/htdocs/themes/pmahomme/img/zoom-minus-mini.png
/usr/share/webapps/phpmyadmin/3.5.3/htdocs/themes/pmahomme/img/zoom-plus-mini.png
/usr/share/webapps/phpmyadmin/3.5.3/htdocs/themes/pmahomme/img/zoom-world-mini.png
/usr/share/webapps/phpmyadmin/3.5.3/htdocs/themes/pmahomme/info.inc.php
/usr/share/webapps/phpmyadmin/3.5.3/htdocs/themes/pmahomme/jquery/images/ui-bg_flat_0_aaaaaa_40x100.png
/usr/share/webapps/phpmyadmin/3.5.3/htdocs/themes/pmahomme/jquery/images/ui-bg_flat_75_ffffff_40x100.png
/usr/share/webapps/phpmyadmin/3.5.3/htdocs/themes/pmahomme/jquery/images/ui-bg_glass_55_fbf9ee_1x400.png
/usr/share/webapps/phpmyadmin/3.5.3/htdocs/themes/pmahomme/jquery/images/ui-bg_glass_65_ffffff_1x400.png
/usr/share/webapps/phpmyadmin/3.5.3/htdocs/themes/pmahomme/jquery/images/ui-bg_glass_75_dadada_1x400.png
/usr/share/webapps/phpmyadmin/3.5.3/htdocs/themes/pmahomme/jquery/images/ui-bg_glass_75_e6e6e6_1x400.png
/usr/share/webapps/phpmyadmin/3.5.3/htdocs/themes/pmahomme/jquery/images/ui-bg_glass_95_fef1ec_1x400.png
/usr/share/webapps/phpmyadmin/3.5.3/htdocs/themes/pmahomme/jquery/images/ui-bg_highlight-soft_75_cccccc_1x100.png
/usr/share/webapps/phpmyadmin/3.5.3/htdocs/themes/pmahomme/jquery/images/ui-icons_222222_256x240.png
/usr/share/webapps/phpmyadmin/3.5.3/htdocs/themes/pmahomme/jquery/images/ui-icons_2e83ff_256x240.png
/usr/share/webapps/phpmyadmin/3.5.3/htdocs/themes/pmahomme/jquery/images/ui-icons_454545_256x240.png
/usr/share/webapps/phpmyadmin/3.5.3/htdocs/themes/pmahomme/jquery/images/ui-icons_888888_256x240.png
/usr/share/webapps/phpmyadmin/3.5.3/htdocs/themes/pmahomme/jquery/images/ui-icons_cd0a0a_256x240.png
/usr/share/webapps/phpmyadmin/3.5.3/htdocs/themes/pmahomme/jquery/jquery-ui-1.8.16.custom.css
/usr/share/webapps/phpmyadmin/3.5.3/htdocs/themes/pmahomme/layout.inc.php
/usr/share/webapps/phpmyadmin/3.5.3/htdocs/themes/pmahomme/screen.png
/usr/share/webapps/phpmyadmin/3.5.3/htdocs/themes/pmahomme/sprites.lib.php
/usr/share/webapps/phpmyadmin/3.5.3/htdocs/themes/sprites.css.php
/usr/share/webapps/phpmyadmin/3.5.3/htdocs/themes/svg_gradient.php
/usr/share/webapps/phpmyadmin/3.5.3/htdocs/transformation_overview.php
/usr/share/webapps/phpmyadmin/3.5.3/htdocs/transformation_wrapper.php
/usr/share/webapps/phpmyadmin/3.5.3/htdocs/url.php
/usr/share/webapps/phpmyadmin/3.5.3/htdocs/user_password.php
/usr/share/webapps/phpmyadmin/3.5.3/htdocs/view_create.php
/usr/share/webapps/phpmyadmin/3.5.3/htdocs/view_operations.php
/usr/share/webapps/phpmyadmin/3.5.3/htdocs/webapp.php
/usr/share/webapps/phpmyadmin/3.5.3/installed_by_webapp_eclass
/usr/share/webapps/phpmyadmin/3.5.3/postinst-en.txt
/usr/share/webapps/phpmyadmin/3.5.3/server-owned-files
/var/db/webapps/phpmyadmin/3.5.3/.keep_dev-db_phpmyadmin-3.5.3

#copy phpmyadmin/config.inc.php /usr/share/webapps/phpmyadmin/3.5.3/htdocs/config.inc.php

