#require python27.lst
/usr/bin/pip-2.7
#symlink /usr/bin/pip pip-2.7
/usr/lib/python2.7/site-packages/pip/__init__.py
/usr/lib/python2.7/site-packages/pip/_pkgutil.py
/usr/lib/python2.7/site-packages/pip/backwardcompat.py
/usr/lib/python2.7/site-packages/pip/basecommand.py
/usr/lib/python2.7/site-packages/pip/baseparser.py
/usr/lib/python2.7/site-packages/pip/commands/__init__.py
/usr/lib/python2.7/site-packages/pip/commands/bundle.py
/usr/lib/python2.7/site-packages/pip/commands/completion.py
/usr/lib/python2.7/site-packages/pip/commands/freeze.py
/usr/lib/python2.7/site-packages/pip/commands/help.py
/usr/lib/python2.7/site-packages/pip/commands/install.py
/usr/lib/python2.7/site-packages/pip/commands/search.py
/usr/lib/python2.7/site-packages/pip/commands/uninstall.py
/usr/lib/python2.7/site-packages/pip/commands/unzip.py
/usr/lib/python2.7/site-packages/pip/commands/zip.py
/usr/lib/python2.7/site-packages/pip/download.py
/usr/lib/python2.7/site-packages/pip/exceptions.py
/usr/lib/python2.7/site-packages/pip/index.py
/usr/lib/python2.7/site-packages/pip/locations.py
/usr/lib/python2.7/site-packages/pip/log.py
/usr/lib/python2.7/site-packages/pip/req.py
/usr/lib/python2.7/site-packages/pip/runner.py
/usr/lib/python2.7/site-packages/pip/util.py
/usr/lib/python2.7/site-packages/pip/vcs/__init__.py
/usr/lib/python2.7/site-packages/pip/vcs/bazaar.py
/usr/lib/python2.7/site-packages/pip/vcs/git.py
/usr/lib/python2.7/site-packages/pip/vcs/mercurial.py
/usr/lib/python2.7/site-packages/pip/vcs/subversion.py
/usr/lib/python2.7/site-packages/pip/venv.py
/usr/share/bash-completion/pip
