/etc/postgresql-9.1/.keep_dev-db_postgresql-base-9.1
/usr/lib/postgresql-9.1/bin/clusterdb
/usr/lib/postgresql-9.1/bin/createdb
/usr/lib/postgresql-9.1/bin/createlang
/usr/lib/postgresql-9.1/bin/createuser
/usr/lib/postgresql-9.1/bin/dropdb
/usr/lib/postgresql-9.1/bin/droplang
/usr/lib/postgresql-9.1/bin/dropuser
/usr/lib/postgresql-9.1/bin/ecpg
/usr/lib/postgresql-9.1/bin/oid2name
/usr/lib/postgresql-9.1/bin/pg_config
/usr/lib/postgresql-9.1/bin/pg_dump
/usr/lib/postgresql-9.1/bin/pg_dumpall
/usr/lib/postgresql-9.1/bin/pg_restore
/usr/lib/postgresql-9.1/bin/pgbench
/usr/lib/postgresql-9.1/bin/psql
/usr/lib/postgresql-9.1/bin/reindexdb
/usr/lib/postgresql-9.1/bin/vacuumdb
/usr/lib/postgresql-9.1/bin/vacuumlo
/usr/lib/postgresql-9.1/lib/libecpg.a
/usr/lib/postgresql-9.1/lib/libecpg.so
/usr/lib/postgresql-9.1/lib/libecpg.so.6
/usr/lib/postgresql-9.1/lib/libecpg.so.6.3
/usr/lib/postgresql-9.1/lib/libecpg_compat.a
/usr/lib/postgresql-9.1/lib/libecpg_compat.so
/usr/lib/postgresql-9.1/lib/libecpg_compat.so.3
/usr/lib/postgresql-9.1/lib/libecpg_compat.so.3.3
/usr/lib/postgresql-9.1/lib/libpgport.a
/usr/lib/postgresql-9.1/lib/libpgtypes.a
/usr/lib/postgresql-9.1/lib/libpgtypes.so
/usr/lib/postgresql-9.1/lib/libpgtypes.so.3
/usr/lib/postgresql-9.1/lib/libpgtypes.so.3.2
/usr/lib/postgresql-9.1/lib/libpq.a
/usr/lib/postgresql-9.1/lib/libpq.so
/usr/lib/postgresql-9.1/lib/libpq.so.5
/usr/lib/postgresql-9.1/lib/libpq.so.5.4
/usr/lib/postgresql-9.1/share/locale/cs/LC_MESSAGES/ecpg-9.1.mo
/usr/lib/postgresql-9.1/share/locale/cs/LC_MESSAGES/ecpglib6-9.1.mo
/usr/lib/postgresql-9.1/share/locale/cs/LC_MESSAGES/libpq5-9.1.mo
/usr/lib/postgresql-9.1/share/locale/cs/LC_MESSAGES/pg_config-9.1.mo
/usr/lib/postgresql-9.1/share/locale/cs/LC_MESSAGES/pg_dump-9.1.mo
/usr/lib/postgresql-9.1/share/locale/cs/LC_MESSAGES/pgscripts-9.1.mo
/usr/lib/postgresql-9.1/share/locale/cs/LC_MESSAGES/psql-9.1.mo
/usr/lib/postgresql-9.1/share/locale/de/LC_MESSAGES/ecpg-9.1.mo
/usr/lib/postgresql-9.1/share/locale/de/LC_MESSAGES/ecpglib6-9.1.mo
/usr/lib/postgresql-9.1/share/locale/de/LC_MESSAGES/libpq5-9.1.mo
/usr/lib/postgresql-9.1/share/locale/de/LC_MESSAGES/pg_config-9.1.mo
/usr/lib/postgresql-9.1/share/locale/de/LC_MESSAGES/pg_dump-9.1.mo
/usr/lib/postgresql-9.1/share/locale/de/LC_MESSAGES/pgscripts-9.1.mo
/usr/lib/postgresql-9.1/share/locale/de/LC_MESSAGES/psql-9.1.mo
/usr/lib/postgresql-9.1/share/locale/es/LC_MESSAGES/ecpg-9.1.mo
/usr/lib/postgresql-9.1/share/locale/es/LC_MESSAGES/ecpglib6-9.1.mo
/usr/lib/postgresql-9.1/share/locale/es/LC_MESSAGES/libpq5-9.1.mo
/usr/lib/postgresql-9.1/share/locale/es/LC_MESSAGES/pg_config-9.1.mo
/usr/lib/postgresql-9.1/share/locale/es/LC_MESSAGES/pg_dump-9.1.mo
/usr/lib/postgresql-9.1/share/locale/es/LC_MESSAGES/pgscripts-9.1.mo
/usr/lib/postgresql-9.1/share/locale/es/LC_MESSAGES/psql-9.1.mo
/usr/lib/postgresql-9.1/share/locale/fr/LC_MESSAGES/ecpg-9.1.mo
/usr/lib/postgresql-9.1/share/locale/fr/LC_MESSAGES/ecpglib6-9.1.mo
/usr/lib/postgresql-9.1/share/locale/fr/LC_MESSAGES/libpq5-9.1.mo
/usr/lib/postgresql-9.1/share/locale/fr/LC_MESSAGES/pg_config-9.1.mo
/usr/lib/postgresql-9.1/share/locale/fr/LC_MESSAGES/pg_dump-9.1.mo
/usr/lib/postgresql-9.1/share/locale/fr/LC_MESSAGES/pgscripts-9.1.mo
/usr/lib/postgresql-9.1/share/locale/fr/LC_MESSAGES/psql-9.1.mo
/usr/lib/postgresql-9.1/share/locale/it/LC_MESSAGES/ecpg-9.1.mo
/usr/lib/postgresql-9.1/share/locale/it/LC_MESSAGES/ecpglib6-9.1.mo
/usr/lib/postgresql-9.1/share/locale/it/LC_MESSAGES/libpq5-9.1.mo
/usr/lib/postgresql-9.1/share/locale/it/LC_MESSAGES/pg_config-9.1.mo
/usr/lib/postgresql-9.1/share/locale/it/LC_MESSAGES/pg_dump-9.1.mo
/usr/lib/postgresql-9.1/share/locale/it/LC_MESSAGES/pgscripts-9.1.mo
/usr/lib/postgresql-9.1/share/locale/it/LC_MESSAGES/psql-9.1.mo
/usr/lib/postgresql-9.1/share/locale/ja/LC_MESSAGES/ecpg-9.1.mo
/usr/lib/postgresql-9.1/share/locale/ja/LC_MESSAGES/ecpglib6-9.1.mo
/usr/lib/postgresql-9.1/share/locale/ja/LC_MESSAGES/libpq5-9.1.mo
/usr/lib/postgresql-9.1/share/locale/ja/LC_MESSAGES/pg_config-9.1.mo
/usr/lib/postgresql-9.1/share/locale/ja/LC_MESSAGES/pg_dump-9.1.mo
/usr/lib/postgresql-9.1/share/locale/ja/LC_MESSAGES/pgscripts-9.1.mo
/usr/lib/postgresql-9.1/share/locale/ja/LC_MESSAGES/psql-9.1.mo
/usr/lib/postgresql-9.1/share/locale/ko/LC_MESSAGES/ecpg-9.1.mo
/usr/lib/postgresql-9.1/share/locale/ko/LC_MESSAGES/libpq5-9.1.mo
/usr/lib/postgresql-9.1/share/locale/ko/LC_MESSAGES/pg_config-9.1.mo
/usr/lib/postgresql-9.1/share/locale/ko/LC_MESSAGES/pg_dump-9.1.mo
/usr/lib/postgresql-9.1/share/locale/ko/LC_MESSAGES/pgscripts-9.1.mo
/usr/lib/postgresql-9.1/share/locale/nb/LC_MESSAGES/pg_config-9.1.mo
/usr/lib/postgresql-9.1/share/locale/pl/LC_MESSAGES/ecpg-9.1.mo
/usr/lib/postgresql-9.1/share/locale/pl/LC_MESSAGES/ecpglib6-9.1.mo
/usr/lib/postgresql-9.1/share/locale/pl/LC_MESSAGES/libpq5-9.1.mo
/usr/lib/postgresql-9.1/share/locale/pl/LC_MESSAGES/pg_config-9.1.mo
/usr/lib/postgresql-9.1/share/locale/pl/LC_MESSAGES/pg_dump-9.1.mo
/usr/lib/postgresql-9.1/share/locale/pl/LC_MESSAGES/pgscripts-9.1.mo
/usr/lib/postgresql-9.1/share/locale/pl/LC_MESSAGES/psql-9.1.mo
/usr/lib/postgresql-9.1/share/locale/pt_BR/LC_MESSAGES/ecpg-9.1.mo
/usr/lib/postgresql-9.1/share/locale/pt_BR/LC_MESSAGES/ecpglib6-9.1.mo
/usr/lib/postgresql-9.1/share/locale/pt_BR/LC_MESSAGES/libpq5-9.1.mo
/usr/lib/postgresql-9.1/share/locale/pt_BR/LC_MESSAGES/pg_config-9.1.mo
/usr/lib/postgresql-9.1/share/locale/pt_BR/LC_MESSAGES/pg_dump-9.1.mo
/usr/lib/postgresql-9.1/share/locale/pt_BR/LC_MESSAGES/pgscripts-9.1.mo
/usr/lib/postgresql-9.1/share/locale/pt_BR/LC_MESSAGES/psql-9.1.mo
/usr/lib/postgresql-9.1/share/locale/ro/LC_MESSAGES/pg_config-9.1.mo
/usr/lib/postgresql-9.1/share/locale/ro/LC_MESSAGES/pgscripts-9.1.mo
/usr/lib/postgresql-9.1/share/locale/ru/LC_MESSAGES/ecpg-9.1.mo
/usr/lib/postgresql-9.1/share/locale/ru/LC_MESSAGES/ecpglib6-9.1.mo
/usr/lib/postgresql-9.1/share/locale/ru/LC_MESSAGES/libpq5-9.1.mo
/usr/lib/postgresql-9.1/share/locale/ru/LC_MESSAGES/pg_config-9.1.mo
/usr/lib/postgresql-9.1/share/locale/ru/LC_MESSAGES/pg_dump-9.1.mo
/usr/lib/postgresql-9.1/share/locale/ru/LC_MESSAGES/pgscripts-9.1.mo
/usr/lib/postgresql-9.1/share/locale/ru/LC_MESSAGES/psql-9.1.mo
/usr/lib/postgresql-9.1/share/locale/sv/LC_MESSAGES/libpq5-9.1.mo
/usr/lib/postgresql-9.1/share/locale/sv/LC_MESSAGES/pg_config-9.1.mo
/usr/lib/postgresql-9.1/share/locale/sv/LC_MESSAGES/pg_dump-9.1.mo
/usr/lib/postgresql-9.1/share/locale/sv/LC_MESSAGES/pgscripts-9.1.mo
/usr/lib/postgresql-9.1/share/locale/ta/LC_MESSAGES/pg_config-9.1.mo
/usr/lib/postgresql-9.1/share/locale/ta/LC_MESSAGES/pgscripts-9.1.mo
/usr/lib/postgresql-9.1/share/locale/tr/LC_MESSAGES/ecpg-9.1.mo
/usr/lib/postgresql-9.1/share/locale/tr/LC_MESSAGES/ecpglib6-9.1.mo
/usr/lib/postgresql-9.1/share/locale/tr/LC_MESSAGES/libpq5-9.1.mo
/usr/lib/postgresql-9.1/share/locale/tr/LC_MESSAGES/pg_config-9.1.mo
/usr/lib/postgresql-9.1/share/locale/tr/LC_MESSAGES/pg_dump-9.1.mo
/usr/lib/postgresql-9.1/share/locale/tr/LC_MESSAGES/pgscripts-9.1.mo
/usr/lib/postgresql-9.1/share/locale/tr/LC_MESSAGES/psql-9.1.mo
/usr/lib/postgresql-9.1/share/locale/zh_CN/LC_MESSAGES/ecpg-9.1.mo
/usr/lib/postgresql-9.1/share/locale/zh_CN/LC_MESSAGES/ecpglib6-9.1.mo
/usr/lib/postgresql-9.1/share/locale/zh_CN/LC_MESSAGES/libpq5-9.1.mo
/usr/lib/postgresql-9.1/share/locale/zh_CN/LC_MESSAGES/pg_config-9.1.mo
/usr/lib/postgresql-9.1/share/locale/zh_CN/LC_MESSAGES/pg_dump-9.1.mo
/usr/lib/postgresql-9.1/share/locale/zh_CN/LC_MESSAGES/pgscripts-9.1.mo
/usr/lib/postgresql-9.1/share/locale/zh_CN/LC_MESSAGES/psql-9.1.mo
/usr/lib/postgresql-9.1/share/locale/zh_TW/LC_MESSAGES/ecpg-9.1.mo
/usr/lib/postgresql-9.1/share/locale/zh_TW/LC_MESSAGES/libpq5-9.1.mo
/usr/lib/postgresql-9.1/share/locale/zh_TW/LC_MESSAGES/pg_config-9.1.mo
/usr/lib/postgresql-9.1/share/locale/zh_TW/LC_MESSAGES/pg_dump-9.1.mo
/usr/lib/postgresql-9.1/share/locale/zh_TW/LC_MESSAGES/pgscripts-9.1.mo
/usr/lib/postgresql-9.1/share/locale/zh_TW/LC_MESSAGES/psql-9.1.mo
/etc/conf.d/postgresql-9.1
/etc/eselect/postgresql/slots/9.1/server
/etc/init.d/postgresql-9.1
/etc/pam.d/postgresql
/usr/lib/postgresql-9.1/bin/initdb
/usr/lib/postgresql-9.1/bin/pg_archivecleanup
/usr/lib/postgresql-9.1/bin/pg_basebackup
/usr/lib/postgresql-9.1/bin/pg_controldata
/usr/lib/postgresql-9.1/bin/pg_ctl
/usr/lib/postgresql-9.1/bin/pg_resetxlog
/usr/lib/postgresql-9.1/bin/pg_standby
/usr/lib/postgresql-9.1/bin/pg_test_fsync
/usr/lib/postgresql-9.1/bin/pg_upgrade
/usr/lib/postgresql-9.1/bin/postgres
/usr/lib/postgresql-9.1/bin/postmaster
/usr/lib/postgresql-9.1/lib/_int.so
/usr/lib/postgresql-9.1/lib/adminpack.so
/usr/lib/postgresql-9.1/lib/ascii_and_mic.so
/usr/lib/postgresql-9.1/lib/auth_delay.so
/usr/lib/postgresql-9.1/lib/auto_explain.so
/usr/lib/postgresql-9.1/lib/autoinc.so
/usr/lib/postgresql-9.1/lib/btree_gin.so
/usr/lib/postgresql-9.1/lib/btree_gist.so
/usr/lib/postgresql-9.1/lib/chkpass.so
/usr/lib/postgresql-9.1/lib/citext.so
/usr/lib/postgresql-9.1/lib/cube.so
/usr/lib/postgresql-9.1/lib/cyrillic_and_mic.so
/usr/lib/postgresql-9.1/lib/dblink.so
/usr/lib/postgresql-9.1/lib/dict_int.so
/usr/lib/postgresql-9.1/lib/dict_snowball.so
/usr/lib/postgresql-9.1/lib/dict_xsyn.so
/usr/lib/postgresql-9.1/lib/dummy_seclabel.so
/usr/lib/postgresql-9.1/lib/earthdistance.so
/usr/lib/postgresql-9.1/lib/euc2004_sjis2004.so
/usr/lib/postgresql-9.1/lib/euc_cn_and_mic.so
/usr/lib/postgresql-9.1/lib/euc_jp_and_sjis.so
/usr/lib/postgresql-9.1/lib/euc_kr_and_mic.so
/usr/lib/postgresql-9.1/lib/euc_tw_and_big5.so
/usr/lib/postgresql-9.1/lib/file_fdw.so
/usr/lib/postgresql-9.1/lib/fuzzystrmatch.so
/usr/lib/postgresql-9.1/lib/hstore.so
/usr/lib/postgresql-9.1/lib/insert_username.so
/usr/lib/postgresql-9.1/lib/isn.so
/usr/lib/postgresql-9.1/lib/latin2_and_win1250.so
/usr/lib/postgresql-9.1/lib/latin_and_mic.so
/usr/lib/postgresql-9.1/lib/libpqwalreceiver.so
/usr/lib/postgresql-9.1/lib/lo.so
/usr/lib/postgresql-9.1/lib/ltree.so
/usr/lib/postgresql-9.1/lib/moddatetime.so
/usr/lib/postgresql-9.1/lib/pageinspect.so
/usr/lib/postgresql-9.1/lib/passwordcheck.so
/usr/lib/postgresql-9.1/lib/pg_buffercache.so
/usr/lib/postgresql-9.1/lib/pg_freespacemap.so
/usr/lib/postgresql-9.1/lib/pg_stat_statements.so
/usr/lib/postgresql-9.1/lib/pg_trgm.so
/usr/lib/postgresql-9.1/lib/pg_upgrade_support.so
/usr/lib/postgresql-9.1/lib/pgcrypto.so
/usr/lib/postgresql-9.1/lib/pgrowlocks.so
/usr/lib/postgresql-9.1/lib/pgstattuple.so
/usr/lib/postgresql-9.1/lib/plpgsql.so
/usr/lib/postgresql-9.1/lib/refint.so
/usr/lib/postgresql-9.1/lib/seg.so
/usr/lib/postgresql-9.1/lib/sslinfo.so
/usr/lib/postgresql-9.1/lib/tablefunc.so
/usr/lib/postgresql-9.1/lib/test_parser.so
/usr/lib/postgresql-9.1/lib/timetravel.so
/usr/lib/postgresql-9.1/lib/tsearch2.so
/usr/lib/postgresql-9.1/lib/unaccent.so
/usr/lib/postgresql-9.1/lib/utf8_and_ascii.so
/usr/lib/postgresql-9.1/lib/utf8_and_big5.so
/usr/lib/postgresql-9.1/lib/utf8_and_cyrillic.so
/usr/lib/postgresql-9.1/lib/utf8_and_euc2004.so
/usr/lib/postgresql-9.1/lib/utf8_and_euc_cn.so
/usr/lib/postgresql-9.1/lib/utf8_and_euc_jp.so
/usr/lib/postgresql-9.1/lib/utf8_and_euc_kr.so
/usr/lib/postgresql-9.1/lib/utf8_and_euc_tw.so
/usr/lib/postgresql-9.1/lib/utf8_and_gb18030.so
/usr/lib/postgresql-9.1/lib/utf8_and_gbk.so
/usr/lib/postgresql-9.1/lib/utf8_and_iso8859.so
/usr/lib/postgresql-9.1/lib/utf8_and_iso8859_1.so
/usr/lib/postgresql-9.1/lib/utf8_and_johab.so
/usr/lib/postgresql-9.1/lib/utf8_and_sjis.so
/usr/lib/postgresql-9.1/lib/utf8_and_sjis2004.so
/usr/lib/postgresql-9.1/lib/utf8_and_uhc.so
/usr/lib/postgresql-9.1/lib/utf8_and_win.so
/usr/lib/postgresql-9.1/share/locale/cs/LC_MESSAGES/initdb-9.1.mo
/usr/lib/postgresql-9.1/share/locale/cs/LC_MESSAGES/pg_basebackup-9.1.mo
/usr/lib/postgresql-9.1/share/locale/cs/LC_MESSAGES/pg_controldata-9.1.mo
/usr/lib/postgresql-9.1/share/locale/cs/LC_MESSAGES/pg_ctl-9.1.mo
/usr/lib/postgresql-9.1/share/locale/cs/LC_MESSAGES/pg_resetxlog-9.1.mo
/usr/lib/postgresql-9.1/share/locale/cs/LC_MESSAGES/plpgsql-9.1.mo
/usr/lib/postgresql-9.1/share/locale/de/LC_MESSAGES/initdb-9.1.mo
/usr/lib/postgresql-9.1/share/locale/de/LC_MESSAGES/pg_basebackup-9.1.mo
/usr/lib/postgresql-9.1/share/locale/de/LC_MESSAGES/pg_controldata-9.1.mo
/usr/lib/postgresql-9.1/share/locale/de/LC_MESSAGES/pg_ctl-9.1.mo
/usr/lib/postgresql-9.1/share/locale/de/LC_MESSAGES/pg_resetxlog-9.1.mo
/usr/lib/postgresql-9.1/share/locale/de/LC_MESSAGES/plpgsql-9.1.mo
/usr/lib/postgresql-9.1/share/locale/de/LC_MESSAGES/postgres-9.1.mo
/usr/lib/postgresql-9.1/share/locale/es/LC_MESSAGES/initdb-9.1.mo
/usr/lib/postgresql-9.1/share/locale/es/LC_MESSAGES/pg_basebackup-9.1.mo
/usr/lib/postgresql-9.1/share/locale/es/LC_MESSAGES/pg_controldata-9.1.mo
/usr/lib/postgresql-9.1/share/locale/es/LC_MESSAGES/pg_ctl-9.1.mo
/usr/lib/postgresql-9.1/share/locale/es/LC_MESSAGES/pg_resetxlog-9.1.mo
/usr/lib/postgresql-9.1/share/locale/es/LC_MESSAGES/plpgsql-9.1.mo
/usr/lib/postgresql-9.1/share/locale/es/LC_MESSAGES/postgres-9.1.mo
/usr/lib/postgresql-9.1/share/locale/fr/LC_MESSAGES/initdb-9.1.mo
/usr/lib/postgresql-9.1/share/locale/fr/LC_MESSAGES/pg_basebackup-9.1.mo
/usr/lib/postgresql-9.1/share/locale/fr/LC_MESSAGES/pg_controldata-9.1.mo
/usr/lib/postgresql-9.1/share/locale/fr/LC_MESSAGES/pg_ctl-9.1.mo
/usr/lib/postgresql-9.1/share/locale/fr/LC_MESSAGES/pg_resetxlog-9.1.mo
/usr/lib/postgresql-9.1/share/locale/fr/LC_MESSAGES/plpgsql-9.1.mo
/usr/lib/postgresql-9.1/share/locale/fr/LC_MESSAGES/postgres-9.1.mo
/usr/lib/postgresql-9.1/share/locale/it/LC_MESSAGES/initdb-9.1.mo
/usr/lib/postgresql-9.1/share/locale/it/LC_MESSAGES/pg_controldata-9.1.mo
/usr/lib/postgresql-9.1/share/locale/it/LC_MESSAGES/pg_resetxlog-9.1.mo
/usr/lib/postgresql-9.1/share/locale/it/LC_MESSAGES/plpgsql-9.1.mo
/usr/lib/postgresql-9.1/share/locale/ja/LC_MESSAGES/initdb-9.1.mo
/usr/lib/postgresql-9.1/share/locale/ja/LC_MESSAGES/pg_basebackup-9.1.mo
/usr/lib/postgresql-9.1/share/locale/ja/LC_MESSAGES/pg_controldata-9.1.mo
/usr/lib/postgresql-9.1/share/locale/ja/LC_MESSAGES/pg_ctl-9.1.mo
/usr/lib/postgresql-9.1/share/locale/ja/LC_MESSAGES/pg_resetxlog-9.1.mo
/usr/lib/postgresql-9.1/share/locale/ja/LC_MESSAGES/plpgsql-9.1.mo
/usr/lib/postgresql-9.1/share/locale/ja/LC_MESSAGES/postgres-9.1.mo
/usr/lib/postgresql-9.1/share/locale/ko/LC_MESSAGES/initdb-9.1.mo
/usr/lib/postgresql-9.1/share/locale/ko/LC_MESSAGES/pg_controldata-9.1.mo
/usr/lib/postgresql-9.1/share/locale/ko/LC_MESSAGES/pg_resetxlog-9.1.mo
/usr/lib/postgresql-9.1/share/locale/ko/LC_MESSAGES/plpgsql-9.1.mo
/usr/lib/postgresql-9.1/share/locale/pl/LC_MESSAGES/initdb-9.1.mo
/usr/lib/postgresql-9.1/share/locale/pl/LC_MESSAGES/pg_basebackup-9.1.mo
/usr/lib/postgresql-9.1/share/locale/pl/LC_MESSAGES/pg_controldata-9.1.mo
/usr/lib/postgresql-9.1/share/locale/pl/LC_MESSAGES/pg_ctl-9.1.mo
/usr/lib/postgresql-9.1/share/locale/pl/LC_MESSAGES/pg_resetxlog-9.1.mo
/usr/lib/postgresql-9.1/share/locale/pl/LC_MESSAGES/plpgsql-9.1.mo
/usr/lib/postgresql-9.1/share/locale/pl/LC_MESSAGES/postgres-9.1.mo
/usr/lib/postgresql-9.1/share/locale/pt_BR/LC_MESSAGES/initdb-9.1.mo
/usr/lib/postgresql-9.1/share/locale/pt_BR/LC_MESSAGES/pg_basebackup-9.1.mo
/usr/lib/postgresql-9.1/share/locale/pt_BR/LC_MESSAGES/pg_controldata-9.1.mo
/usr/lib/postgresql-9.1/share/locale/pt_BR/LC_MESSAGES/pg_ctl-9.1.mo
/usr/lib/postgresql-9.1/share/locale/pt_BR/LC_MESSAGES/pg_resetxlog-9.1.mo
/usr/lib/postgresql-9.1/share/locale/pt_BR/LC_MESSAGES/plpgsql-9.1.mo
/usr/lib/postgresql-9.1/share/locale/pt_BR/LC_MESSAGES/postgres-9.1.mo
/usr/lib/postgresql-9.1/share/locale/ro/LC_MESSAGES/initdb-9.1.mo
/usr/lib/postgresql-9.1/share/locale/ro/LC_MESSAGES/pg_basebackup-9.1.mo
/usr/lib/postgresql-9.1/share/locale/ro/LC_MESSAGES/pg_controldata-9.1.mo
/usr/lib/postgresql-9.1/share/locale/ro/LC_MESSAGES/pg_resetxlog-9.1.mo
/usr/lib/postgresql-9.1/share/locale/ro/LC_MESSAGES/plpgsql-9.1.mo
/usr/lib/postgresql-9.1/share/locale/ru/LC_MESSAGES/initdb-9.1.mo
/usr/lib/postgresql-9.1/share/locale/ru/LC_MESSAGES/pg_basebackup-9.1.mo
/usr/lib/postgresql-9.1/share/locale/ru/LC_MESSAGES/pg_controldata-9.1.mo
/usr/lib/postgresql-9.1/share/locale/ru/LC_MESSAGES/pg_ctl-9.1.mo
/usr/lib/postgresql-9.1/share/locale/ru/LC_MESSAGES/pg_resetxlog-9.1.mo
/usr/lib/postgresql-9.1/share/locale/ru/LC_MESSAGES/plpgsql-9.1.mo
/usr/lib/postgresql-9.1/share/locale/ru/LC_MESSAGES/postgres-9.1.mo
/usr/lib/postgresql-9.1/share/locale/sv/LC_MESSAGES/initdb-9.1.mo
/usr/lib/postgresql-9.1/share/locale/sv/LC_MESSAGES/pg_resetxlog-9.1.mo
/usr/lib/postgresql-9.1/share/locale/ta/LC_MESSAGES/pg_resetxlog-9.1.mo
/usr/lib/postgresql-9.1/share/locale/tr/LC_MESSAGES/initdb-9.1.mo
/usr/lib/postgresql-9.1/share/locale/tr/LC_MESSAGES/pg_controldata-9.1.mo
/usr/lib/postgresql-9.1/share/locale/tr/LC_MESSAGES/pg_ctl-9.1.mo
/usr/lib/postgresql-9.1/share/locale/tr/LC_MESSAGES/pg_resetxlog-9.1.mo
/usr/lib/postgresql-9.1/share/locale/tr/LC_MESSAGES/plpgsql-9.1.mo
/usr/lib/postgresql-9.1/share/locale/zh_CN/LC_MESSAGES/initdb-9.1.mo
/usr/lib/postgresql-9.1/share/locale/zh_CN/LC_MESSAGES/pg_controldata-9.1.mo
/usr/lib/postgresql-9.1/share/locale/zh_CN/LC_MESSAGES/pg_resetxlog-9.1.mo
/usr/lib/postgresql-9.1/share/locale/zh_CN/LC_MESSAGES/plpgsql-9.1.mo
/usr/lib/postgresql-9.1/share/locale/zh_CN/LC_MESSAGES/postgres-9.1.mo
/usr/lib/postgresql-9.1/share/locale/zh_TW/LC_MESSAGES/initdb-9.1.mo
/usr/lib/postgresql-9.1/share/locale/zh_TW/LC_MESSAGES/pg_controldata-9.1.mo
/usr/lib/postgresql-9.1/share/locale/zh_TW/LC_MESSAGES/pg_ctl-9.1.mo
/usr/lib/postgresql-9.1/share/locale/zh_TW/LC_MESSAGES/pg_resetxlog-9.1.mo
/usr/lib/postgresql-9.1/share/locale/zh_TW/LC_MESSAGES/plpgsql-9.1.mo
/usr/lib/postgresql-9.1/share/locale/zh_TW/LC_MESSAGES/postgres-9.1.mo
/usr/share/postgresql-9.1/conversion_create.sql
/usr/share/postgresql-9.1/extension/adminpack--1.0.sql
/usr/share/postgresql-9.1/extension/adminpack.control
/usr/share/postgresql-9.1/extension/autoinc--1.0.sql
/usr/share/postgresql-9.1/extension/autoinc--unpackaged--1.0.sql
/usr/share/postgresql-9.1/extension/autoinc.control
/usr/share/postgresql-9.1/extension/btree_gin--1.0.sql
/usr/share/postgresql-9.1/extension/btree_gin--unpackaged--1.0.sql
/usr/share/postgresql-9.1/extension/btree_gin.control
/usr/share/postgresql-9.1/extension/btree_gist--1.0.sql
/usr/share/postgresql-9.1/extension/btree_gist--unpackaged--1.0.sql
/usr/share/postgresql-9.1/extension/btree_gist.control
/usr/share/postgresql-9.1/extension/chkpass--1.0.sql
/usr/share/postgresql-9.1/extension/chkpass--unpackaged--1.0.sql
/usr/share/postgresql-9.1/extension/chkpass.control
/usr/share/postgresql-9.1/extension/citext--1.0.sql
/usr/share/postgresql-9.1/extension/citext--unpackaged--1.0.sql
/usr/share/postgresql-9.1/extension/citext.control
/usr/share/postgresql-9.1/extension/cube--1.0.sql
/usr/share/postgresql-9.1/extension/cube--unpackaged--1.0.sql
/usr/share/postgresql-9.1/extension/cube.control
/usr/share/postgresql-9.1/extension/dblink--1.0.sql
/usr/share/postgresql-9.1/extension/dblink--unpackaged--1.0.sql
/usr/share/postgresql-9.1/extension/dblink.control
/usr/share/postgresql-9.1/extension/dict_int--1.0.sql
/usr/share/postgresql-9.1/extension/dict_int--unpackaged--1.0.sql
/usr/share/postgresql-9.1/extension/dict_int.control
/usr/share/postgresql-9.1/extension/dict_xsyn--1.0.sql
/usr/share/postgresql-9.1/extension/dict_xsyn--unpackaged--1.0.sql
/usr/share/postgresql-9.1/extension/dict_xsyn.control
/usr/share/postgresql-9.1/extension/earthdistance--1.0.sql
/usr/share/postgresql-9.1/extension/earthdistance--unpackaged--1.0.sql
/usr/share/postgresql-9.1/extension/earthdistance.control
/usr/share/postgresql-9.1/extension/file_fdw--1.0.sql
/usr/share/postgresql-9.1/extension/file_fdw.control
/usr/share/postgresql-9.1/extension/fuzzystrmatch--1.0.sql
/usr/share/postgresql-9.1/extension/fuzzystrmatch--unpackaged--1.0.sql
/usr/share/postgresql-9.1/extension/fuzzystrmatch.control
/usr/share/postgresql-9.1/extension/hstore--1.0.sql
/usr/share/postgresql-9.1/extension/hstore--unpackaged--1.0.sql
/usr/share/postgresql-9.1/extension/hstore.control
/usr/share/postgresql-9.1/extension/insert_username--1.0.sql
/usr/share/postgresql-9.1/extension/insert_username--unpackaged--1.0.sql
/usr/share/postgresql-9.1/extension/insert_username.control
/usr/share/postgresql-9.1/extension/intagg--1.0.sql
/usr/share/postgresql-9.1/extension/intagg--unpackaged--1.0.sql
/usr/share/postgresql-9.1/extension/intagg.control
/usr/share/postgresql-9.1/extension/intarray--1.0.sql
/usr/share/postgresql-9.1/extension/intarray--unpackaged--1.0.sql
/usr/share/postgresql-9.1/extension/intarray.control
/usr/share/postgresql-9.1/extension/isn--1.0.sql
/usr/share/postgresql-9.1/extension/isn--unpackaged--1.0.sql
/usr/share/postgresql-9.1/extension/isn.control
/usr/share/postgresql-9.1/extension/lo--1.0.sql
/usr/share/postgresql-9.1/extension/lo--unpackaged--1.0.sql
/usr/share/postgresql-9.1/extension/lo.control
/usr/share/postgresql-9.1/extension/ltree--1.0.sql
/usr/share/postgresql-9.1/extension/ltree--unpackaged--1.0.sql
/usr/share/postgresql-9.1/extension/ltree.control
/usr/share/postgresql-9.1/extension/moddatetime--1.0.sql
/usr/share/postgresql-9.1/extension/moddatetime--unpackaged--1.0.sql
/usr/share/postgresql-9.1/extension/moddatetime.control
/usr/share/postgresql-9.1/extension/pageinspect--1.0.sql
/usr/share/postgresql-9.1/extension/pageinspect--unpackaged--1.0.sql
/usr/share/postgresql-9.1/extension/pageinspect.control
/usr/share/postgresql-9.1/extension/pg_buffercache--1.0.sql
/usr/share/postgresql-9.1/extension/pg_buffercache--unpackaged--1.0.sql
/usr/share/postgresql-9.1/extension/pg_buffercache.control
/usr/share/postgresql-9.1/extension/pg_freespacemap--1.0.sql
/usr/share/postgresql-9.1/extension/pg_freespacemap--unpackaged--1.0.sql
/usr/share/postgresql-9.1/extension/pg_freespacemap.control
/usr/share/postgresql-9.1/extension/pg_stat_statements--1.0.sql
/usr/share/postgresql-9.1/extension/pg_stat_statements--unpackaged--1.0.sql
/usr/share/postgresql-9.1/extension/pg_stat_statements.control
/usr/share/postgresql-9.1/extension/pg_trgm--1.0.sql
/usr/share/postgresql-9.1/extension/pg_trgm--unpackaged--1.0.sql
/usr/share/postgresql-9.1/extension/pg_trgm.control
/usr/share/postgresql-9.1/extension/pgcrypto--1.0.sql
/usr/share/postgresql-9.1/extension/pgcrypto--unpackaged--1.0.sql
/usr/share/postgresql-9.1/extension/pgcrypto.control
/usr/share/postgresql-9.1/extension/pgrowlocks--1.0.sql
/usr/share/postgresql-9.1/extension/pgrowlocks--unpackaged--1.0.sql
/usr/share/postgresql-9.1/extension/pgrowlocks.control
/usr/share/postgresql-9.1/extension/pgstattuple--1.0.sql
/usr/share/postgresql-9.1/extension/pgstattuple--unpackaged--1.0.sql
/usr/share/postgresql-9.1/extension/pgstattuple.control
/usr/share/postgresql-9.1/extension/plpgsql--1.0.sql
/usr/share/postgresql-9.1/extension/plpgsql--unpackaged--1.0.sql
/usr/share/postgresql-9.1/extension/plpgsql.control
/usr/share/postgresql-9.1/extension/refint--1.0.sql
/usr/share/postgresql-9.1/extension/refint--unpackaged--1.0.sql
/usr/share/postgresql-9.1/extension/refint.control
/usr/share/postgresql-9.1/extension/seg--1.0.sql
/usr/share/postgresql-9.1/extension/seg--unpackaged--1.0.sql
/usr/share/postgresql-9.1/extension/seg.control
/usr/share/postgresql-9.1/extension/sslinfo--1.0.sql
/usr/share/postgresql-9.1/extension/sslinfo--unpackaged--1.0.sql
/usr/share/postgresql-9.1/extension/sslinfo.control
/usr/share/postgresql-9.1/extension/tablefunc--1.0.sql
/usr/share/postgresql-9.1/extension/tablefunc--unpackaged--1.0.sql
/usr/share/postgresql-9.1/extension/tablefunc.control
/usr/share/postgresql-9.1/extension/test_parser--1.0.sql
/usr/share/postgresql-9.1/extension/test_parser--unpackaged--1.0.sql
/usr/share/postgresql-9.1/extension/test_parser.control
/usr/share/postgresql-9.1/extension/timetravel--1.0.sql
/usr/share/postgresql-9.1/extension/timetravel--unpackaged--1.0.sql
/usr/share/postgresql-9.1/extension/timetravel.control
/usr/share/postgresql-9.1/extension/tsearch2--1.0.sql
/usr/share/postgresql-9.1/extension/tsearch2--unpackaged--1.0.sql
/usr/share/postgresql-9.1/extension/tsearch2.control
/usr/share/postgresql-9.1/extension/unaccent--1.0.sql
/usr/share/postgresql-9.1/extension/unaccent--unpackaged--1.0.sql
/usr/share/postgresql-9.1/extension/unaccent.control
/usr/share/postgresql-9.1/information_schema.sql
/usr/share/postgresql-9.1/postgres.bki
/usr/share/postgresql-9.1/postgres.description
/usr/share/postgresql-9.1/postgres.shdescription
/usr/share/postgresql-9.1/snowball_create.sql
/usr/share/postgresql-9.1/sql_features.txt
/usr/share/postgresql-9.1/system_views.sql
/usr/share/postgresql-9.1/timezonesets/Africa.txt
/usr/share/postgresql-9.1/timezonesets/America.txt
/usr/share/postgresql-9.1/timezonesets/Antarctica.txt
/usr/share/postgresql-9.1/timezonesets/Asia.txt
/usr/share/postgresql-9.1/timezonesets/Atlantic.txt
/usr/share/postgresql-9.1/timezonesets/Australia
/usr/share/postgresql-9.1/timezonesets/Australia.txt
/usr/share/postgresql-9.1/timezonesets/Default
/usr/share/postgresql-9.1/timezonesets/Etc.txt
/usr/share/postgresql-9.1/timezonesets/Europe.txt
/usr/share/postgresql-9.1/timezonesets/India
/usr/share/postgresql-9.1/timezonesets/Indian.txt
/usr/share/postgresql-9.1/timezonesets/Pacific.txt
/usr/share/postgresql-9.1/tsearch_data/danish.stop
/usr/share/postgresql-9.1/tsearch_data/dutch.stop
/usr/share/postgresql-9.1/tsearch_data/english.stop
/usr/share/postgresql-9.1/tsearch_data/finnish.stop
/usr/share/postgresql-9.1/tsearch_data/french.stop
/usr/share/postgresql-9.1/tsearch_data/german.stop
/usr/share/postgresql-9.1/tsearch_data/hungarian.stop
/usr/share/postgresql-9.1/tsearch_data/hunspell_sample.affix
/usr/share/postgresql-9.1/tsearch_data/ispell_sample.affix
/usr/share/postgresql-9.1/tsearch_data/ispell_sample.dict
/usr/share/postgresql-9.1/tsearch_data/italian.stop
/usr/share/postgresql-9.1/tsearch_data/norwegian.stop
/usr/share/postgresql-9.1/tsearch_data/portuguese.stop
/usr/share/postgresql-9.1/tsearch_data/russian.stop
/usr/share/postgresql-9.1/tsearch_data/spanish.stop
/usr/share/postgresql-9.1/tsearch_data/swedish.stop
/usr/share/postgresql-9.1/tsearch_data/synonym_sample.syn
/usr/share/postgresql-9.1/tsearch_data/thesaurus_sample.ths
/usr/share/postgresql-9.1/tsearch_data/turkish.stop
/usr/share/postgresql-9.1/tsearch_data/unaccent.rules
/usr/share/postgresql-9.1/tsearch_data/xsyn_sample.rules

