#require nodejs.lst
#require ruby19.lst
#require apache.lst
#require rack.lst
#require builder.lst
#require tilt.lst
#require ffi.lst
#require passenger.lst
#require mysql2.lst

# ragel
/usr/bin/ragel

#portage dev-ruby/rake-0.9.6
#portage dev-ruby/racc-1.4.9
#portage dev-ruby/rdoc-4.0.1-r1
#symlink /usr/bin/rdoc rdoc19
#symlink /usr/bin/ri ri19

# dev-ruby/i18n
/usr/lib/ruby/gems/1.9.1/gems/i18n-0.6.4/lib/i18n.rb
/usr/lib/ruby/gems/1.9.1/gems/i18n-0.6.4/lib/i18n/backend.rb
/usr/lib/ruby/gems/1.9.1/gems/i18n-0.6.4/lib/i18n/backend/base.rb
/usr/lib/ruby/gems/1.9.1/gems/i18n-0.6.4/lib/i18n/backend/cache.rb
/usr/lib/ruby/gems/1.9.1/gems/i18n-0.6.4/lib/i18n/backend/cascade.rb
/usr/lib/ruby/gems/1.9.1/gems/i18n-0.6.4/lib/i18n/backend/chain.rb
/usr/lib/ruby/gems/1.9.1/gems/i18n-0.6.4/lib/i18n/backend/fallbacks.rb
/usr/lib/ruby/gems/1.9.1/gems/i18n-0.6.4/lib/i18n/backend/flatten.rb
/usr/lib/ruby/gems/1.9.1/gems/i18n-0.6.4/lib/i18n/backend/gettext.rb
/usr/lib/ruby/gems/1.9.1/gems/i18n-0.6.4/lib/i18n/backend/interpolation_compiler.rb
/usr/lib/ruby/gems/1.9.1/gems/i18n-0.6.4/lib/i18n/backend/key_value.rb
/usr/lib/ruby/gems/1.9.1/gems/i18n-0.6.4/lib/i18n/backend/memoize.rb
/usr/lib/ruby/gems/1.9.1/gems/i18n-0.6.4/lib/i18n/backend/metadata.rb
/usr/lib/ruby/gems/1.9.1/gems/i18n-0.6.4/lib/i18n/backend/pluralization.rb
/usr/lib/ruby/gems/1.9.1/gems/i18n-0.6.4/lib/i18n/backend/simple.rb
/usr/lib/ruby/gems/1.9.1/gems/i18n-0.6.4/lib/i18n/backend/transliterator.rb
/usr/lib/ruby/gems/1.9.1/gems/i18n-0.6.4/lib/i18n/config.rb
/usr/lib/ruby/gems/1.9.1/gems/i18n-0.6.4/lib/i18n/core_ext/hash.rb
/usr/lib/ruby/gems/1.9.1/gems/i18n-0.6.4/lib/i18n/core_ext/kernel/surpress_warnings.rb
/usr/lib/ruby/gems/1.9.1/gems/i18n-0.6.4/lib/i18n/core_ext/string/interpolate.rb
/usr/lib/ruby/gems/1.9.1/gems/i18n-0.6.4/lib/i18n/exceptions.rb
/usr/lib/ruby/gems/1.9.1/gems/i18n-0.6.4/lib/i18n/gettext.rb
/usr/lib/ruby/gems/1.9.1/gems/i18n-0.6.4/lib/i18n/gettext/helpers.rb
/usr/lib/ruby/gems/1.9.1/gems/i18n-0.6.4/lib/i18n/gettext/po_parser.rb
/usr/lib/ruby/gems/1.9.1/gems/i18n-0.6.4/lib/i18n/interpolate/ruby.rb
/usr/lib/ruby/gems/1.9.1/gems/i18n-0.6.4/lib/i18n/locale.rb
/usr/lib/ruby/gems/1.9.1/gems/i18n-0.6.4/lib/i18n/locale/fallbacks.rb
/usr/lib/ruby/gems/1.9.1/gems/i18n-0.6.4/lib/i18n/locale/tag.rb
/usr/lib/ruby/gems/1.9.1/gems/i18n-0.6.4/lib/i18n/locale/tag/parents.rb
/usr/lib/ruby/gems/1.9.1/gems/i18n-0.6.4/lib/i18n/locale/tag/rfc4646.rb
/usr/lib/ruby/gems/1.9.1/gems/i18n-0.6.4/lib/i18n/locale/tag/simple.rb
/usr/lib/ruby/gems/1.9.1/gems/i18n-0.6.4/lib/i18n/tests.rb
/usr/lib/ruby/gems/1.9.1/gems/i18n-0.6.4/lib/i18n/tests/basics.rb
/usr/lib/ruby/gems/1.9.1/gems/i18n-0.6.4/lib/i18n/tests/defaults.rb
/usr/lib/ruby/gems/1.9.1/gems/i18n-0.6.4/lib/i18n/tests/interpolation.rb
/usr/lib/ruby/gems/1.9.1/gems/i18n-0.6.4/lib/i18n/tests/link.rb
/usr/lib/ruby/gems/1.9.1/gems/i18n-0.6.4/lib/i18n/tests/localization.rb
/usr/lib/ruby/gems/1.9.1/gems/i18n-0.6.4/lib/i18n/tests/localization/date.rb
/usr/lib/ruby/gems/1.9.1/gems/i18n-0.6.4/lib/i18n/tests/localization/date_time.rb
/usr/lib/ruby/gems/1.9.1/gems/i18n-0.6.4/lib/i18n/tests/localization/procs.rb
/usr/lib/ruby/gems/1.9.1/gems/i18n-0.6.4/lib/i18n/tests/localization/time.rb
/usr/lib/ruby/gems/1.9.1/gems/i18n-0.6.4/lib/i18n/tests/lookup.rb
/usr/lib/ruby/gems/1.9.1/gems/i18n-0.6.4/lib/i18n/tests/pluralization.rb
/usr/lib/ruby/gems/1.9.1/gems/i18n-0.6.4/lib/i18n/tests/procs.rb
/usr/lib/ruby/gems/1.9.1/gems/i18n-0.6.4/lib/i18n/version.rb
/usr/lib/ruby/gems/1.9.1/specifications/i18n-0.6.4.gemspec

#portage dev-ruby/multi_json-1.5.0

# thor
/usr/bin/thor
/usr/lib/ruby/gems/1.9.1/gems/thor-0.14.6/bin/rake2thor
/usr/lib/ruby/gems/1.9.1/gems/thor-0.14.6/bin/thor
/usr/lib/ruby/gems/1.9.1/gems/thor-0.14.6/lib/thor.rb
/usr/lib/ruby/gems/1.9.1/gems/thor-0.14.6/lib/thor/actions.rb
/usr/lib/ruby/gems/1.9.1/gems/thor-0.14.6/lib/thor/actions/create_file.rb
/usr/lib/ruby/gems/1.9.1/gems/thor-0.14.6/lib/thor/actions/create_link.rb
/usr/lib/ruby/gems/1.9.1/gems/thor-0.14.6/lib/thor/actions/directory.rb
/usr/lib/ruby/gems/1.9.1/gems/thor-0.14.6/lib/thor/actions/empty_directory.rb
/usr/lib/ruby/gems/1.9.1/gems/thor-0.14.6/lib/thor/actions/file_manipulation.rb
/usr/lib/ruby/gems/1.9.1/gems/thor-0.14.6/lib/thor/actions/inject_into_file.rb
/usr/lib/ruby/gems/1.9.1/gems/thor-0.14.6/lib/thor/base.rb
/usr/lib/ruby/gems/1.9.1/gems/thor-0.14.6/lib/thor/core_ext/file_binary_read.rb
/usr/lib/ruby/gems/1.9.1/gems/thor-0.14.6/lib/thor/core_ext/hash_with_indifferent_access.rb
/usr/lib/ruby/gems/1.9.1/gems/thor-0.14.6/lib/thor/core_ext/ordered_hash.rb
/usr/lib/ruby/gems/1.9.1/gems/thor-0.14.6/lib/thor/error.rb
/usr/lib/ruby/gems/1.9.1/gems/thor-0.14.6/lib/thor/group.rb
/usr/lib/ruby/gems/1.9.1/gems/thor-0.14.6/lib/thor/invocation.rb
/usr/lib/ruby/gems/1.9.1/gems/thor-0.14.6/lib/thor/parser.rb
/usr/lib/ruby/gems/1.9.1/gems/thor-0.14.6/lib/thor/parser/argument.rb
/usr/lib/ruby/gems/1.9.1/gems/thor-0.14.6/lib/thor/parser/arguments.rb
/usr/lib/ruby/gems/1.9.1/gems/thor-0.14.6/lib/thor/parser/option.rb
/usr/lib/ruby/gems/1.9.1/gems/thor-0.14.6/lib/thor/parser/options.rb
/usr/lib/ruby/gems/1.9.1/gems/thor-0.14.6/lib/thor/rake_compat.rb
/usr/lib/ruby/gems/1.9.1/gems/thor-0.14.6/lib/thor/runner.rb
/usr/lib/ruby/gems/1.9.1/gems/thor-0.14.6/lib/thor/shell.rb
/usr/lib/ruby/gems/1.9.1/gems/thor-0.14.6/lib/thor/shell/basic.rb
/usr/lib/ruby/gems/1.9.1/gems/thor-0.14.6/lib/thor/shell/color.rb
/usr/lib/ruby/gems/1.9.1/gems/thor-0.14.6/lib/thor/shell/html.rb
/usr/lib/ruby/gems/1.9.1/gems/thor-0.14.6/lib/thor/task.rb
/usr/lib/ruby/gems/1.9.1/gems/thor-0.14.6/lib/thor/util.rb
/usr/lib/ruby/gems/1.9.1/gems/thor-0.14.6/lib/thor/version.rb
/usr/lib/ruby/gems/1.9.1/specifications/thor-0.14.6.gemspec

#portage dev-ruby/bundler-1.3.5

# dev-ruby/mime-types
/usr/lib/ruby/gems/1.9.1/gems/mime-types-1.19/lib/mime/types.rb
/usr/lib/ruby/gems/1.9.1/gems/mime-types-1.19/lib/mime/types/application
/usr/lib/ruby/gems/1.9.1/gems/mime-types-1.19/lib/mime/types/application.mac
/usr/lib/ruby/gems/1.9.1/gems/mime-types-1.19/lib/mime/types/application.nonstandard
/usr/lib/ruby/gems/1.9.1/gems/mime-types-1.19/lib/mime/types/application.obsolete
/usr/lib/ruby/gems/1.9.1/gems/mime-types-1.19/lib/mime/types/audio
/usr/lib/ruby/gems/1.9.1/gems/mime-types-1.19/lib/mime/types/audio.nonstandard
/usr/lib/ruby/gems/1.9.1/gems/mime-types-1.19/lib/mime/types/audio.obsolete
/usr/lib/ruby/gems/1.9.1/gems/mime-types-1.19/lib/mime/types/image
/usr/lib/ruby/gems/1.9.1/gems/mime-types-1.19/lib/mime/types/image.nonstandard
/usr/lib/ruby/gems/1.9.1/gems/mime-types-1.19/lib/mime/types/image.obsolete
/usr/lib/ruby/gems/1.9.1/gems/mime-types-1.19/lib/mime/types/message
/usr/lib/ruby/gems/1.9.1/gems/mime-types-1.19/lib/mime/types/message.obsolete
/usr/lib/ruby/gems/1.9.1/gems/mime-types-1.19/lib/mime/types/model
/usr/lib/ruby/gems/1.9.1/gems/mime-types-1.19/lib/mime/types/multipart
/usr/lib/ruby/gems/1.9.1/gems/mime-types-1.19/lib/mime/types/multipart.nonstandard
/usr/lib/ruby/gems/1.9.1/gems/mime-types-1.19/lib/mime/types/multipart.obsolete
/usr/lib/ruby/gems/1.9.1/gems/mime-types-1.19/lib/mime/types/other.nonstandard
/usr/lib/ruby/gems/1.9.1/gems/mime-types-1.19/lib/mime/types/text
/usr/lib/ruby/gems/1.9.1/gems/mime-types-1.19/lib/mime/types/text.nonstandard
/usr/lib/ruby/gems/1.9.1/gems/mime-types-1.19/lib/mime/types/text.obsolete
/usr/lib/ruby/gems/1.9.1/gems/mime-types-1.19/lib/mime/types/text.vms
/usr/lib/ruby/gems/1.9.1/gems/mime-types-1.19/lib/mime/types/video
/usr/lib/ruby/gems/1.9.1/gems/mime-types-1.19/lib/mime/types/video.nonstandard
/usr/lib/ruby/gems/1.9.1/gems/mime-types-1.19/lib/mime/types/video.obsolete
/usr/lib/ruby/gems/1.9.1/specifications/mime-types-1.19.gemspec

# polyglot
/usr/lib/ruby/gems/1.9.1/gems/polyglot-0.3.3/lib/polyglot.rb
/usr/lib/ruby/gems/1.9.1/gems/polyglot-0.3.3/lib/polyglot/version.rb
/usr/lib/ruby/gems/1.9.1/specifications/polyglot-0.3.3.gemspec

#portage dev-ruby/tzinfo-0.3.37

# arel
/usr/lib/ruby/gems/1.9.1/gems/arel-3.0.2/lib/arel.rb
/usr/lib/ruby/gems/1.9.1/gems/arel-3.0.2/lib/arel/alias_predication.rb
/usr/lib/ruby/gems/1.9.1/gems/arel-3.0.2/lib/arel/attributes.rb
/usr/lib/ruby/gems/1.9.1/gems/arel-3.0.2/lib/arel/attributes/attribute.rb
/usr/lib/ruby/gems/1.9.1/gems/arel-3.0.2/lib/arel/compatibility/wheres.rb
/usr/lib/ruby/gems/1.9.1/gems/arel-3.0.2/lib/arel/crud.rb
/usr/lib/ruby/gems/1.9.1/gems/arel-3.0.2/lib/arel/delete_manager.rb
/usr/lib/ruby/gems/1.9.1/gems/arel-3.0.2/lib/arel/deprecated.rb
/usr/lib/ruby/gems/1.9.1/gems/arel-3.0.2/lib/arel/expression.rb
/usr/lib/ruby/gems/1.9.1/gems/arel-3.0.2/lib/arel/expressions.rb
/usr/lib/ruby/gems/1.9.1/gems/arel-3.0.2/lib/arel/factory_methods.rb
/usr/lib/ruby/gems/1.9.1/gems/arel-3.0.2/lib/arel/insert_manager.rb
/usr/lib/ruby/gems/1.9.1/gems/arel-3.0.2/lib/arel/math.rb
/usr/lib/ruby/gems/1.9.1/gems/arel-3.0.2/lib/arel/nodes.rb
/usr/lib/ruby/gems/1.9.1/gems/arel-3.0.2/lib/arel/nodes/and.rb
/usr/lib/ruby/gems/1.9.1/gems/arel-3.0.2/lib/arel/nodes/ascending.rb
/usr/lib/ruby/gems/1.9.1/gems/arel-3.0.2/lib/arel/nodes/binary.rb
/usr/lib/ruby/gems/1.9.1/gems/arel-3.0.2/lib/arel/nodes/count.rb
/usr/lib/ruby/gems/1.9.1/gems/arel-3.0.2/lib/arel/nodes/delete_statement.rb
/usr/lib/ruby/gems/1.9.1/gems/arel-3.0.2/lib/arel/nodes/descending.rb
/usr/lib/ruby/gems/1.9.1/gems/arel-3.0.2/lib/arel/nodes/equality.rb
/usr/lib/ruby/gems/1.9.1/gems/arel-3.0.2/lib/arel/nodes/false.rb
/usr/lib/ruby/gems/1.9.1/gems/arel-3.0.2/lib/arel/nodes/function.rb
/usr/lib/ruby/gems/1.9.1/gems/arel-3.0.2/lib/arel/nodes/in.rb
/usr/lib/ruby/gems/1.9.1/gems/arel-3.0.2/lib/arel/nodes/infix_operation.rb
/usr/lib/ruby/gems/1.9.1/gems/arel-3.0.2/lib/arel/nodes/inner_join.rb
/usr/lib/ruby/gems/1.9.1/gems/arel-3.0.2/lib/arel/nodes/insert_statement.rb
/usr/lib/ruby/gems/1.9.1/gems/arel-3.0.2/lib/arel/nodes/join_source.rb
/usr/lib/ruby/gems/1.9.1/gems/arel-3.0.2/lib/arel/nodes/named_function.rb
/usr/lib/ruby/gems/1.9.1/gems/arel-3.0.2/lib/arel/nodes/node.rb
/usr/lib/ruby/gems/1.9.1/gems/arel-3.0.2/lib/arel/nodes/ordering.rb
/usr/lib/ruby/gems/1.9.1/gems/arel-3.0.2/lib/arel/nodes/outer_join.rb
/usr/lib/ruby/gems/1.9.1/gems/arel-3.0.2/lib/arel/nodes/select_core.rb
/usr/lib/ruby/gems/1.9.1/gems/arel-3.0.2/lib/arel/nodes/select_statement.rb
/usr/lib/ruby/gems/1.9.1/gems/arel-3.0.2/lib/arel/nodes/sql_literal.rb
/usr/lib/ruby/gems/1.9.1/gems/arel-3.0.2/lib/arel/nodes/string_join.rb
/usr/lib/ruby/gems/1.9.1/gems/arel-3.0.2/lib/arel/nodes/table_alias.rb
/usr/lib/ruby/gems/1.9.1/gems/arel-3.0.2/lib/arel/nodes/terminal.rb
/usr/lib/ruby/gems/1.9.1/gems/arel-3.0.2/lib/arel/nodes/true.rb
/usr/lib/ruby/gems/1.9.1/gems/arel-3.0.2/lib/arel/nodes/unary.rb
/usr/lib/ruby/gems/1.9.1/gems/arel-3.0.2/lib/arel/nodes/unqualified_column.rb
/usr/lib/ruby/gems/1.9.1/gems/arel-3.0.2/lib/arel/nodes/update_statement.rb
/usr/lib/ruby/gems/1.9.1/gems/arel-3.0.2/lib/arel/nodes/values.rb
/usr/lib/ruby/gems/1.9.1/gems/arel-3.0.2/lib/arel/nodes/with.rb
/usr/lib/ruby/gems/1.9.1/gems/arel-3.0.2/lib/arel/order_predications.rb
/usr/lib/ruby/gems/1.9.1/gems/arel-3.0.2/lib/arel/predications.rb
/usr/lib/ruby/gems/1.9.1/gems/arel-3.0.2/lib/arel/relation.rb
/usr/lib/ruby/gems/1.9.1/gems/arel-3.0.2/lib/arel/select_manager.rb
/usr/lib/ruby/gems/1.9.1/gems/arel-3.0.2/lib/arel/sql/engine.rb
/usr/lib/ruby/gems/1.9.1/gems/arel-3.0.2/lib/arel/sql_literal.rb
/usr/lib/ruby/gems/1.9.1/gems/arel-3.0.2/lib/arel/table.rb
/usr/lib/ruby/gems/1.9.1/gems/arel-3.0.2/lib/arel/tree_manager.rb
/usr/lib/ruby/gems/1.9.1/gems/arel-3.0.2/lib/arel/update_manager.rb
/usr/lib/ruby/gems/1.9.1/gems/arel-3.0.2/lib/arel/visitors.rb
/usr/lib/ruby/gems/1.9.1/gems/arel-3.0.2/lib/arel/visitors/bind_visitor.rb
/usr/lib/ruby/gems/1.9.1/gems/arel-3.0.2/lib/arel/visitors/depth_first.rb
/usr/lib/ruby/gems/1.9.1/gems/arel-3.0.2/lib/arel/visitors/dot.rb
/usr/lib/ruby/gems/1.9.1/gems/arel-3.0.2/lib/arel/visitors/ibm_db.rb
/usr/lib/ruby/gems/1.9.1/gems/arel-3.0.2/lib/arel/visitors/informix.rb
/usr/lib/ruby/gems/1.9.1/gems/arel-3.0.2/lib/arel/visitors/join_sql.rb
/usr/lib/ruby/gems/1.9.1/gems/arel-3.0.2/lib/arel/visitors/mssql.rb
/usr/lib/ruby/gems/1.9.1/gems/arel-3.0.2/lib/arel/visitors/mysql.rb
/usr/lib/ruby/gems/1.9.1/gems/arel-3.0.2/lib/arel/visitors/oracle.rb
/usr/lib/ruby/gems/1.9.1/gems/arel-3.0.2/lib/arel/visitors/order_clauses.rb
/usr/lib/ruby/gems/1.9.1/gems/arel-3.0.2/lib/arel/visitors/postgresql.rb
/usr/lib/ruby/gems/1.9.1/gems/arel-3.0.2/lib/arel/visitors/sqlite.rb
/usr/lib/ruby/gems/1.9.1/gems/arel-3.0.2/lib/arel/visitors/to_sql.rb
/usr/lib/ruby/gems/1.9.1/gems/arel-3.0.2/lib/arel/visitors/visitor.rb
/usr/lib/ruby/gems/1.9.1/gems/arel-3.0.2/lib/arel/visitors/where_sql.rb
/usr/lib/ruby/gems/1.9.1/specifications/arel-3.0.2.gemspec

# bcrypt-ruby
/usr/lib/ruby/gems/1.9.1/gems/bcrypt-ruby-3.0.1/lib/bcrypt.rb
/usr/lib/ruby/gems/1.9.1/gems/bcrypt-ruby-3.0.1/lib/bcrypt_engine.rb
/usr/lib/ruby/gems/1.9.1/gems/bcrypt-ruby-3.0.1/lib/bcrypt_ext.so

# rack-cache
/usr/lib/ruby/gems/1.9.1/gems/rack-cache-1.2/lib/rack-cache.rb
/usr/lib/ruby/gems/1.9.1/gems/rack-cache-1.2/lib/rack/cache.rb
/usr/lib/ruby/gems/1.9.1/gems/rack-cache-1.2/lib/rack/cache/appengine.rb
/usr/lib/ruby/gems/1.9.1/gems/rack-cache-1.2/lib/rack/cache/cachecontrol.rb
/usr/lib/ruby/gems/1.9.1/gems/rack-cache-1.2/lib/rack/cache/context.rb
/usr/lib/ruby/gems/1.9.1/gems/rack-cache-1.2/lib/rack/cache/entitystore.rb
/usr/lib/ruby/gems/1.9.1/gems/rack-cache-1.2/lib/rack/cache/key.rb
/usr/lib/ruby/gems/1.9.1/gems/rack-cache-1.2/lib/rack/cache/metastore.rb
/usr/lib/ruby/gems/1.9.1/gems/rack-cache-1.2/lib/rack/cache/options.rb
/usr/lib/ruby/gems/1.9.1/gems/rack-cache-1.2/lib/rack/cache/request.rb
/usr/lib/ruby/gems/1.9.1/gems/rack-cache-1.2/lib/rack/cache/response.rb
/usr/lib/ruby/gems/1.9.1/gems/rack-cache-1.2/lib/rack/cache/storage.rb
/usr/lib/ruby/gems/1.9.1/specifications/rack-cache-1.2.gemspec

# journey
/usr/lib/ruby/gems/1.9.1/gems/journey-1.0.4/lib/journey.rb
/usr/lib/ruby/gems/1.9.1/gems/journey-1.0.4/lib/journey/backwards.rb
/usr/lib/ruby/gems/1.9.1/gems/journey-1.0.4/lib/journey/core-ext/hash.rb
/usr/lib/ruby/gems/1.9.1/gems/journey-1.0.4/lib/journey/formatter.rb
/usr/lib/ruby/gems/1.9.1/gems/journey-1.0.4/lib/journey/gtg/builder.rb
/usr/lib/ruby/gems/1.9.1/gems/journey-1.0.4/lib/journey/gtg/simulator.rb
/usr/lib/ruby/gems/1.9.1/gems/journey-1.0.4/lib/journey/gtg/transition_table.rb
/usr/lib/ruby/gems/1.9.1/gems/journey-1.0.4/lib/journey/nfa/builder.rb
/usr/lib/ruby/gems/1.9.1/gems/journey-1.0.4/lib/journey/nfa/dot.rb
/usr/lib/ruby/gems/1.9.1/gems/journey-1.0.4/lib/journey/nfa/simulator.rb
/usr/lib/ruby/gems/1.9.1/gems/journey-1.0.4/lib/journey/nfa/transition_table.rb
/usr/lib/ruby/gems/1.9.1/gems/journey-1.0.4/lib/journey/nodes/node.rb
/usr/lib/ruby/gems/1.9.1/gems/journey-1.0.4/lib/journey/parser.rb
/usr/lib/ruby/gems/1.9.1/gems/journey-1.0.4/lib/journey/parser.y
/usr/lib/ruby/gems/1.9.1/gems/journey-1.0.4/lib/journey/parser_extras.rb
/usr/lib/ruby/gems/1.9.1/gems/journey-1.0.4/lib/journey/path/pattern.rb
/usr/lib/ruby/gems/1.9.1/gems/journey-1.0.4/lib/journey/route.rb
/usr/lib/ruby/gems/1.9.1/gems/journey-1.0.4/lib/journey/router.rb
/usr/lib/ruby/gems/1.9.1/gems/journey-1.0.4/lib/journey/router/strexp.rb
/usr/lib/ruby/gems/1.9.1/gems/journey-1.0.4/lib/journey/router/utils.rb
/usr/lib/ruby/gems/1.9.1/gems/journey-1.0.4/lib/journey/routes.rb
/usr/lib/ruby/gems/1.9.1/gems/journey-1.0.4/lib/journey/scanner.rb
/usr/lib/ruby/gems/1.9.1/gems/journey-1.0.4/lib/journey/visitors.rb
/usr/lib/ruby/gems/1.9.1/gems/journey-1.0.4/lib/journey/visualizer/fsm.css
/usr/lib/ruby/gems/1.9.1/gems/journey-1.0.4/lib/journey/visualizer/fsm.js
/usr/lib/ruby/gems/1.9.1/gems/journey-1.0.4/lib/journey/visualizer/index.html.erb
/usr/lib/ruby/gems/1.9.1/specifications/journey-1.0.4.gemspec

# rack-test
/usr/lib/ruby/gems/1.9.1/gems/rack-test-0.6.1/lib/rack/mock_session.rb
/usr/lib/ruby/gems/1.9.1/gems/rack-test-0.6.1/lib/rack/test.rb
/usr/lib/ruby/gems/1.9.1/gems/rack-test-0.6.1/lib/rack/test/cookie_jar.rb
/usr/lib/ruby/gems/1.9.1/gems/rack-test-0.6.1/lib/rack/test/methods.rb
/usr/lib/ruby/gems/1.9.1/gems/rack-test-0.6.1/lib/rack/test/mock_digest_request.rb
/usr/lib/ruby/gems/1.9.1/gems/rack-test-0.6.1/lib/rack/test/uploaded_file.rb
/usr/lib/ruby/gems/1.9.1/gems/rack-test-0.6.1/lib/rack/test/utils.rb
/usr/lib/ruby/gems/1.9.1/specifications/rack-test-0.6.1.gemspec

# hike
/usr/lib/ruby/gems/1.9.1/gems/hike-1.2.1/lib/hike.rb
/usr/lib/ruby/gems/1.9.1/gems/hike-1.2.1/lib/hike/extensions.rb
/usr/lib/ruby/gems/1.9.1/gems/hike-1.2.1/lib/hike/index.rb
/usr/lib/ruby/gems/1.9.1/gems/hike-1.2.1/lib/hike/normalized_array.rb
/usr/lib/ruby/gems/1.9.1/gems/hike-1.2.1/lib/hike/paths.rb
/usr/lib/ruby/gems/1.9.1/gems/hike-1.2.1/lib/hike/trail.rb
/usr/lib/ruby/gems/1.9.1/specifications/hike-1.2.1.gemspec

#portage dev-ruby/abstract-1.0.0-r2

# coffee-script-source
/usr/lib/ruby/gems/1.9.1/gems/coffee-script-source-1.3.3/lib/coffee_script/coffee-script.js
/usr/lib/ruby/gems/1.9.1/gems/coffee-script-source-1.3.3/lib/coffee_script/source.rb
/usr/lib/ruby/gems/1.9.1/specifications/coffee-script-source-1.3.3.gemspec

# rack-ssl
/usr/lib/ruby/gems/1.9.1/gems/rack-ssl-1.3.2/lib/rack/ssl.rb
/usr/lib/ruby/gems/1.9.1/specifications/rack-ssl-1.3.2.gemspec

# rake-compiler
/usr/bin/rake-compiler
/usr/lib/ruby/gems/1.9.1/gems/rake-compiler-0.8.1/bin/rake-compiler
/usr/lib/ruby/gems/1.9.1/gems/rake-compiler-0.8.1/lib/rake/baseextensiontask.rb
/usr/lib/ruby/gems/1.9.1/gems/rake-compiler-0.8.1/lib/rake/extensioncompiler.rb
/usr/lib/ruby/gems/1.9.1/gems/rake-compiler-0.8.1/lib/rake/extensiontask.rb
/usr/lib/ruby/gems/1.9.1/gems/rake-compiler-0.8.1/lib/rake/javaextensiontask.rb

#portage dev-ruby/activesupport-3.2.15

# treetop
/usr/bin/tt
/usr/lib/ruby/gems/1.9.1/gems/treetop-1.4.10/bin/tt
/usr/lib/ruby/gems/1.9.1/gems/treetop-1.4.10/lib/treetop.rb
/usr/lib/ruby/gems/1.9.1/gems/treetop-1.4.10/lib/treetop/bootstrap_gen_1_metagrammar.rb
/usr/lib/ruby/gems/1.9.1/gems/treetop-1.4.10/lib/treetop/compiler.rb
/usr/lib/ruby/gems/1.9.1/gems/treetop-1.4.10/lib/treetop/compiler/grammar_compiler.rb
/usr/lib/ruby/gems/1.9.1/gems/treetop-1.4.10/lib/treetop/compiler/lexical_address_space.rb
/usr/lib/ruby/gems/1.9.1/gems/treetop-1.4.10/lib/treetop/compiler/metagrammar.rb
/usr/lib/ruby/gems/1.9.1/gems/treetop-1.4.10/lib/treetop/compiler/metagrammar.treetop
/usr/lib/ruby/gems/1.9.1/gems/treetop-1.4.10/lib/treetop/compiler/node_classes.rb
/usr/lib/ruby/gems/1.9.1/gems/treetop-1.4.10/lib/treetop/compiler/node_classes/anything_symbol.rb
/usr/lib/ruby/gems/1.9.1/gems/treetop-1.4.10/lib/treetop/compiler/node_classes/atomic_expression.rb
/usr/lib/ruby/gems/1.9.1/gems/treetop-1.4.10/lib/treetop/compiler/node_classes/character_class.rb
/usr/lib/ruby/gems/1.9.1/gems/treetop-1.4.10/lib/treetop/compiler/node_classes/choice.rb
/usr/lib/ruby/gems/1.9.1/gems/treetop-1.4.10/lib/treetop/compiler/node_classes/declaration_sequence.rb
/usr/lib/ruby/gems/1.9.1/gems/treetop-1.4.10/lib/treetop/compiler/node_classes/grammar.rb
/usr/lib/ruby/gems/1.9.1/gems/treetop-1.4.10/lib/treetop/compiler/node_classes/inline_module.rb
/usr/lib/ruby/gems/1.9.1/gems/treetop-1.4.10/lib/treetop/compiler/node_classes/nonterminal.rb
/usr/lib/ruby/gems/1.9.1/gems/treetop-1.4.10/lib/treetop/compiler/node_classes/optional.rb
/usr/lib/ruby/gems/1.9.1/gems/treetop-1.4.10/lib/treetop/compiler/node_classes/parenthesized_expression.rb
/usr/lib/ruby/gems/1.9.1/gems/treetop-1.4.10/lib/treetop/compiler/node_classes/parsing_expression.rb
/usr/lib/ruby/gems/1.9.1/gems/treetop-1.4.10/lib/treetop/compiler/node_classes/parsing_rule.rb
/usr/lib/ruby/gems/1.9.1/gems/treetop-1.4.10/lib/treetop/compiler/node_classes/predicate.rb
/usr/lib/ruby/gems/1.9.1/gems/treetop-1.4.10/lib/treetop/compiler/node_classes/predicate_block.rb
/usr/lib/ruby/gems/1.9.1/gems/treetop-1.4.10/lib/treetop/compiler/node_classes/repetition.rb
/usr/lib/ruby/gems/1.9.1/gems/treetop-1.4.10/lib/treetop/compiler/node_classes/sequence.rb
/usr/lib/ruby/gems/1.9.1/gems/treetop-1.4.10/lib/treetop/compiler/node_classes/terminal.rb
/usr/lib/ruby/gems/1.9.1/gems/treetop-1.4.10/lib/treetop/compiler/node_classes/transient_prefix.rb
/usr/lib/ruby/gems/1.9.1/gems/treetop-1.4.10/lib/treetop/compiler/node_classes/treetop_file.rb
/usr/lib/ruby/gems/1.9.1/gems/treetop-1.4.10/lib/treetop/compiler/ruby_builder.rb
/usr/lib/ruby/gems/1.9.1/gems/treetop-1.4.10/lib/treetop/polyglot.rb
/usr/lib/ruby/gems/1.9.1/gems/treetop-1.4.10/lib/treetop/ruby_extensions.rb
/usr/lib/ruby/gems/1.9.1/gems/treetop-1.4.10/lib/treetop/ruby_extensions/string.rb
/usr/lib/ruby/gems/1.9.1/gems/treetop-1.4.10/lib/treetop/runtime.rb
/usr/lib/ruby/gems/1.9.1/gems/treetop-1.4.10/lib/treetop/runtime/compiled_parser.rb
/usr/lib/ruby/gems/1.9.1/gems/treetop-1.4.10/lib/treetop/runtime/interval_skip_list.rb
/usr/lib/ruby/gems/1.9.1/gems/treetop-1.4.10/lib/treetop/runtime/interval_skip_list/head_node.rb
/usr/lib/ruby/gems/1.9.1/gems/treetop-1.4.10/lib/treetop/runtime/interval_skip_list/interval_skip_list.rb
/usr/lib/ruby/gems/1.9.1/gems/treetop-1.4.10/lib/treetop/runtime/interval_skip_list/node.rb
/usr/lib/ruby/gems/1.9.1/gems/treetop-1.4.10/lib/treetop/runtime/syntax_node.rb
/usr/lib/ruby/gems/1.9.1/gems/treetop-1.4.10/lib/treetop/runtime/terminal_parse_failure.rb
/usr/lib/ruby/gems/1.9.1/gems/treetop-1.4.10/lib/treetop/runtime/terminal_syntax_node.rb
/usr/lib/ruby/gems/1.9.1/gems/treetop-1.4.10/lib/treetop/version.rb
/usr/lib/ruby/gems/1.9.1/specifications/treetop-1.4.10.gemspec

# erubis
/usr/bin/erubis
/usr/lib/ruby/gems/1.9.1/gems/erubis-2.7.0/bin/erubis
/usr/lib/ruby/gems/1.9.1/gems/erubis-2.7.0/lib/erubis.rb
/usr/lib/ruby/gems/1.9.1/gems/erubis-2.7.0/lib/erubis/context.rb
/usr/lib/ruby/gems/1.9.1/gems/erubis-2.7.0/lib/erubis/converter.rb
/usr/lib/ruby/gems/1.9.1/gems/erubis-2.7.0/lib/erubis/engine.rb
/usr/lib/ruby/gems/1.9.1/gems/erubis-2.7.0/lib/erubis/engine/ec.rb
/usr/lib/ruby/gems/1.9.1/gems/erubis-2.7.0/lib/erubis/engine/ecpp.rb
/usr/lib/ruby/gems/1.9.1/gems/erubis-2.7.0/lib/erubis/engine/ejava.rb
/usr/lib/ruby/gems/1.9.1/gems/erubis-2.7.0/lib/erubis/engine/ejavascript.rb
/usr/lib/ruby/gems/1.9.1/gems/erubis-2.7.0/lib/erubis/engine/enhanced.rb
/usr/lib/ruby/gems/1.9.1/gems/erubis-2.7.0/lib/erubis/engine/eperl.rb
/usr/lib/ruby/gems/1.9.1/gems/erubis-2.7.0/lib/erubis/engine/ephp.rb
/usr/lib/ruby/gems/1.9.1/gems/erubis-2.7.0/lib/erubis/engine/eruby.rb
/usr/lib/ruby/gems/1.9.1/gems/erubis-2.7.0/lib/erubis/engine/escheme.rb
/usr/lib/ruby/gems/1.9.1/gems/erubis-2.7.0/lib/erubis/engine/optimized.rb
/usr/lib/ruby/gems/1.9.1/gems/erubis-2.7.0/lib/erubis/enhancer.rb
/usr/lib/ruby/gems/1.9.1/gems/erubis-2.7.0/lib/erubis/error.rb
/usr/lib/ruby/gems/1.9.1/gems/erubis-2.7.0/lib/erubis/evaluator.rb
/usr/lib/ruby/gems/1.9.1/gems/erubis-2.7.0/lib/erubis/generator.rb
/usr/lib/ruby/gems/1.9.1/gems/erubis-2.7.0/lib/erubis/helper.rb
/usr/lib/ruby/gems/1.9.1/gems/erubis-2.7.0/lib/erubis/helpers/rails_form_helper.rb
/usr/lib/ruby/gems/1.9.1/gems/erubis-2.7.0/lib/erubis/helpers/rails_helper.rb
/usr/lib/ruby/gems/1.9.1/gems/erubis-2.7.0/lib/erubis/local-setting.rb
/usr/lib/ruby/gems/1.9.1/gems/erubis-2.7.0/lib/erubis/main.rb
/usr/lib/ruby/gems/1.9.1/gems/erubis-2.7.0/lib/erubis/preprocessing.rb
/usr/lib/ruby/gems/1.9.1/gems/erubis-2.7.0/lib/erubis/tiny.rb
/usr/lib/ruby/gems/1.9.1/gems/erubis-2.7.0/lib/erubis/util.rb
/usr/lib/ruby/gems/1.9.1/specifications/erubis-2.7.0.gemspec

#portage dev-ruby/activemodel-3.2.15
#portage dev-ruby/mail-2.5.4

# sprockets
/usr/bin/sprockets
/usr/lib/ruby/gems/1.9.1/gems/sprockets-2.2.2/bin/sprockets
/usr/lib/ruby/gems/1.9.1/gems/sprockets-2.2.2/lib/rake/sprocketstask.rb
/usr/lib/ruby/gems/1.9.1/gems/sprockets-2.2.2/lib/sprockets.rb
/usr/lib/ruby/gems/1.9.1/gems/sprockets-2.2.2/lib/sprockets/asset.rb
/usr/lib/ruby/gems/1.9.1/gems/sprockets-2.2.2/lib/sprockets/asset_attributes.rb
/usr/lib/ruby/gems/1.9.1/gems/sprockets-2.2.2/lib/sprockets/base.rb
/usr/lib/ruby/gems/1.9.1/gems/sprockets-2.2.2/lib/sprockets/bundled_asset.rb
/usr/lib/ruby/gems/1.9.1/gems/sprockets-2.2.2/lib/sprockets/cache/file_store.rb
/usr/lib/ruby/gems/1.9.1/gems/sprockets-2.2.2/lib/sprockets/caching.rb
/usr/lib/ruby/gems/1.9.1/gems/sprockets-2.2.2/lib/sprockets/charset_normalizer.rb
/usr/lib/ruby/gems/1.9.1/gems/sprockets-2.2.2/lib/sprockets/context.rb
/usr/lib/ruby/gems/1.9.1/gems/sprockets-2.2.2/lib/sprockets/directive_processor.rb
/usr/lib/ruby/gems/1.9.1/gems/sprockets-2.2.2/lib/sprockets/eco_template.rb
/usr/lib/ruby/gems/1.9.1/gems/sprockets-2.2.2/lib/sprockets/ejs_template.rb
/usr/lib/ruby/gems/1.9.1/gems/sprockets-2.2.2/lib/sprockets/engines.rb
/usr/lib/ruby/gems/1.9.1/gems/sprockets-2.2.2/lib/sprockets/environment.rb
/usr/lib/ruby/gems/1.9.1/gems/sprockets-2.2.2/lib/sprockets/errors.rb
/usr/lib/ruby/gems/1.9.1/gems/sprockets-2.2.2/lib/sprockets/index.rb
/usr/lib/ruby/gems/1.9.1/gems/sprockets-2.2.2/lib/sprockets/jst_processor.rb
/usr/lib/ruby/gems/1.9.1/gems/sprockets-2.2.2/lib/sprockets/manifest.rb
/usr/lib/ruby/gems/1.9.1/gems/sprockets-2.2.2/lib/sprockets/mime.rb
/usr/lib/ruby/gems/1.9.1/gems/sprockets-2.2.2/lib/sprockets/processed_asset.rb
/usr/lib/ruby/gems/1.9.1/gems/sprockets-2.2.2/lib/sprockets/processing.rb
/usr/lib/ruby/gems/1.9.1/gems/sprockets-2.2.2/lib/sprockets/processor.rb
/usr/lib/ruby/gems/1.9.1/gems/sprockets-2.2.2/lib/sprockets/safety_colons.rb
/usr/lib/ruby/gems/1.9.1/gems/sprockets-2.2.2/lib/sprockets/server.rb
/usr/lib/ruby/gems/1.9.1/gems/sprockets-2.2.2/lib/sprockets/static_asset.rb
/usr/lib/ruby/gems/1.9.1/gems/sprockets-2.2.2/lib/sprockets/trail.rb
/usr/lib/ruby/gems/1.9.1/gems/sprockets-2.2.2/lib/sprockets/utils.rb
/usr/lib/ruby/gems/1.9.1/gems/sprockets-2.2.2/lib/sprockets/version.rb
/usr/lib/ruby/gems/1.9.1/specifications/sprockets-2.2.2.gemspec

#portage dev-ruby/actionpack-3.2.15
#portage dev-ruby/activeresource-3.2.15 
#portage dev-ruby/activerecord-3.2.15

#portage dev-ruby/rb-inotify-0.9.0
#portage dev-ruby/railties-3.2.15
#symlink /usr/bin/rails rails-3.2.15

#portage dev-ruby/actionmailer-3.2.15

# fssm
/usr/lib/ruby/gems/1.9.1/gems/fssm-0.2.8.1/lib/fssm.rb
/usr/lib/ruby/gems/1.9.1/gems/fssm-0.2.8.1/lib/fssm/backends/fsevents.rb
/usr/lib/ruby/gems/1.9.1/gems/fssm-0.2.8.1/lib/fssm/backends/inotify.rb
/usr/lib/ruby/gems/1.9.1/gems/fssm-0.2.8.1/lib/fssm/backends/polling.rb
/usr/lib/ruby/gems/1.9.1/gems/fssm-0.2.8.1/lib/fssm/backends/rbfsevent.rb
/usr/lib/ruby/gems/1.9.1/gems/fssm-0.2.8.1/lib/fssm/backends/rubycocoa/fsevents.rb
/usr/lib/ruby/gems/1.9.1/gems/fssm-0.2.8.1/lib/fssm/monitor.rb
/usr/lib/ruby/gems/1.9.1/gems/fssm-0.2.8.1/lib/fssm/path.rb
/usr/lib/ruby/gems/1.9.1/gems/fssm-0.2.8.1/lib/fssm/pathname.rb
/usr/lib/ruby/gems/1.9.1/gems/fssm-0.2.8.1/lib/fssm/state/directory.rb
/usr/lib/ruby/gems/1.9.1/gems/fssm-0.2.8.1/lib/fssm/state/file.rb
/usr/lib/ruby/gems/1.9.1/gems/fssm-0.2.8.1/lib/fssm/support.rb
/usr/lib/ruby/gems/1.9.1/gems/fssm-0.2.8.1/lib/fssm/tree.rb
/usr/lib/ruby/gems/1.9.1/gems/fssm-0.2.8.1/lib/fssm/version.rb
/usr/lib/ruby/gems/1.9.1/specifications/fssm-0.2.8.1.gemspec

# jquery-rails
/usr/lib/ruby/gems/1.9.1/gems/jquery-rails-2.0.2/lib/generators/jquery/install/install_generator.rb
/usr/lib/ruby/gems/1.9.1/gems/jquery-rails-2.0.2/lib/jquery-rails.rb
/usr/lib/ruby/gems/1.9.1/gems/jquery-rails-2.0.2/lib/jquery/assert_select.rb
/usr/lib/ruby/gems/1.9.1/gems/jquery-rails-2.0.2/lib/jquery/rails.rb
/usr/lib/ruby/gems/1.9.1/gems/jquery-rails-2.0.2/lib/jquery/rails/engine.rb
/usr/lib/ruby/gems/1.9.1/gems/jquery-rails-2.0.2/lib/jquery/rails/version.rb
/usr/lib/ruby/gems/1.9.1/gems/jquery-rails-2.0.2/vendor/assets/javascripts/jquery-ui.js
/usr/lib/ruby/gems/1.9.1/gems/jquery-rails-2.0.2/vendor/assets/javascripts/jquery-ui.min.js
/usr/lib/ruby/gems/1.9.1/gems/jquery-rails-2.0.2/vendor/assets/javascripts/jquery.js
/usr/lib/ruby/gems/1.9.1/gems/jquery-rails-2.0.2/vendor/assets/javascripts/jquery.min.js
/usr/lib/ruby/gems/1.9.1/gems/jquery-rails-2.0.2/vendor/assets/javascripts/jquery_ujs.js
/usr/lib/ruby/gems/1.9.1/specifications/jquery-rails-2.0.2.gemspec

#portage dev-ruby/listen-0.7.3
#portage dev-ruby/sass-3.2.9

# sass-rails
/usr/lib/ruby/gems/1.9.1/gems/sass-rails-3.2.5/lib/rails/generators/sass/assets/assets_generator.rb
/usr/lib/ruby/gems/1.9.1/gems/sass-rails-3.2.5/lib/rails/generators/sass/assets/templates/stylesheet.css.sass
/usr/lib/ruby/gems/1.9.1/gems/sass-rails-3.2.5/lib/rails/generators/sass/scaffold/scaffold_generator.rb
/usr/lib/ruby/gems/1.9.1/gems/sass-rails-3.2.5/lib/rails/generators/sass_scaffold.rb
/usr/lib/ruby/gems/1.9.1/gems/sass-rails-3.2.5/lib/rails/generators/scss/assets/assets_generator.rb
/usr/lib/ruby/gems/1.9.1/gems/sass-rails-3.2.5/lib/rails/generators/scss/assets/templates/stylesheet.css.scss
/usr/lib/ruby/gems/1.9.1/gems/sass-rails-3.2.5/lib/rails/generators/scss/scaffold/scaffold_generator.rb
/usr/lib/ruby/gems/1.9.1/gems/sass-rails-3.2.5/lib/sass-rails.rb
/usr/lib/ruby/gems/1.9.1/gems/sass-rails-3.2.5/lib/sass/rails.rb
/usr/lib/ruby/gems/1.9.1/gems/sass-rails-3.2.5/lib/sass/rails/compressor.rb
/usr/lib/ruby/gems/1.9.1/gems/sass-rails-3.2.5/lib/sass/rails/helpers.rb
/usr/lib/ruby/gems/1.9.1/gems/sass-rails-3.2.5/lib/sass/rails/importer.rb
/usr/lib/ruby/gems/1.9.1/gems/sass-rails-3.2.5/lib/sass/rails/logger.rb
/usr/lib/ruby/gems/1.9.1/gems/sass-rails-3.2.5/lib/sass/rails/railtie.rb
/usr/lib/ruby/gems/1.9.1/gems/sass-rails-3.2.5/lib/sass/rails/template_handlers.rb
/usr/lib/ruby/gems/1.9.1/gems/sass-rails-3.2.5/lib/sass/rails/version.rb
/usr/lib/ruby/gems/1.9.1/specifications/sass-rails-3.2.5.gemspec

# execjs
/usr/lib/ruby/gems/1.9.1/gems/execjs-1.2.13/lib/execjs.rb
/usr/lib/ruby/gems/1.9.1/gems/execjs-1.2.13/lib/execjs/external_runtime.rb
/usr/lib/ruby/gems/1.9.1/gems/execjs-1.2.13/lib/execjs/johnson_runtime.rb
/usr/lib/ruby/gems/1.9.1/gems/execjs-1.2.13/lib/execjs/module.rb
/usr/lib/ruby/gems/1.9.1/gems/execjs-1.2.13/lib/execjs/mustang_runtime.rb
/usr/lib/ruby/gems/1.9.1/gems/execjs-1.2.13/lib/execjs/ruby_racer_runtime.rb
/usr/lib/ruby/gems/1.9.1/gems/execjs-1.2.13/lib/execjs/ruby_rhino_runtime.rb
/usr/lib/ruby/gems/1.9.1/gems/execjs-1.2.13/lib/execjs/runtimes.rb
/usr/lib/ruby/gems/1.9.1/gems/execjs-1.2.13/lib/execjs/support/jsc_runner.js
/usr/lib/ruby/gems/1.9.1/gems/execjs-1.2.13/lib/execjs/support/jscript_runner.js
/usr/lib/ruby/gems/1.9.1/gems/execjs-1.2.13/lib/execjs/support/json2.js
/usr/lib/ruby/gems/1.9.1/gems/execjs-1.2.13/lib/execjs/support/node_runner.js
/usr/lib/ruby/gems/1.9.1/gems/execjs-1.2.13/lib/execjs/support/spidermonkey_runner.js
/usr/lib/ruby/gems/1.9.1/gems/execjs-1.2.13/lib/execjs/version.rb
/usr/lib/ruby/gems/1.9.1/specifications/execjs-1.2.13.gemspec

# dev-ruby/coffee-script
/usr/lib/ruby/gems/1.9.1/gems/coffee-script-2.2.0/lib/coffee-script.rb
/usr/lib/ruby/gems/1.9.1/gems/coffee-script-2.2.0/lib/coffee_script.rb
/usr/lib/ruby/gems/1.9.1/specifications/coffee-script-2.2.0.gemspec

# coffee-rails
/usr/lib/ruby/gems/1.9.1/gems/coffee-rails-3.2.2/lib/assets/javascripts/coffee-script.js.erb
/usr/lib/ruby/gems/1.9.1/gems/coffee-rails-3.2.2/lib/coffee-rails.rb
/usr/lib/ruby/gems/1.9.1/gems/coffee-rails-3.2.2/lib/coffee/rails/engine.rb
/usr/lib/ruby/gems/1.9.1/gems/coffee-rails-3.2.2/lib/coffee/rails/template_handler.rb
/usr/lib/ruby/gems/1.9.1/gems/coffee-rails-3.2.2/lib/coffee/rails/version.rb
/usr/lib/ruby/gems/1.9.1/gems/coffee-rails-3.2.2/lib/rails/generators/coffee/assets/assets_generator.rb
/usr/lib/ruby/gems/1.9.1/gems/coffee-rails-3.2.2/lib/rails/generators/coffee/assets/templates/javascript.js.coffee
/usr/lib/ruby/gems/1.9.1/specifications/coffee-rails-3.2.2.gemspec

#portage dev-ruby/rails-3.2.15

# mysql-ruby
/usr/lib/ruby/gems/1.9.1/gems/mysql-2.9.1/lib/mysql.rb
/usr/lib/ruby/gems/1.9.1/gems/mysql-2.9.1/lib/mysql/mysql_api.so
/usr/lib/ruby/gems/1.9.1/gems/mysql-2.9.1/lib/mysql/version.rb
/usr/lib/ruby/gems/1.9.1/specifications/mysql-2.9.1.gemspec

