# metaclass
/usr/lib/ruby/gems/1.9.1/gems/metaclass-0.0.1/lib/metaclass.rb
/usr/lib/ruby/gems/1.9.1/gems/metaclass-0.0.1/lib/metaclass/object_methods.rb
/usr/lib/ruby/gems/1.9.1/gems/metaclass-0.0.1/lib/metaclass/version.rb
/usr/lib/ruby/gems/1.9.1/specifications/metaclass-0.0.1.gemspec

# mocha
/usr/lib/ruby/gems/1.9.1/gems/mocha-0.11.4/init.rb
/usr/lib/ruby/gems/1.9.1/gems/mocha-0.11.4/lib/mocha.rb
/usr/lib/ruby/gems/1.9.1/gems/mocha-0.11.4/lib/mocha/any_instance_method.rb
/usr/lib/ruby/gems/1.9.1/gems/mocha-0.11.4/lib/mocha/api.rb
/usr/lib/ruby/gems/1.9.1/gems/mocha-0.11.4/lib/mocha/argument_iterator.rb
/usr/lib/ruby/gems/1.9.1/gems/mocha-0.11.4/lib/mocha/backtrace_filter.rb
/usr/lib/ruby/gems/1.9.1/gems/mocha-0.11.4/lib/mocha/cardinality.rb
/usr/lib/ruby/gems/1.9.1/gems/mocha-0.11.4/lib/mocha/central.rb
/usr/lib/ruby/gems/1.9.1/gems/mocha-0.11.4/lib/mocha/change_state_side_effect.rb
/usr/lib/ruby/gems/1.9.1/gems/mocha-0.11.4/lib/mocha/class_method.rb
/usr/lib/ruby/gems/1.9.1/gems/mocha-0.11.4/lib/mocha/configuration.rb
/usr/lib/ruby/gems/1.9.1/gems/mocha-0.11.4/lib/mocha/deprecation.rb
/usr/lib/ruby/gems/1.9.1/gems/mocha-0.11.4/lib/mocha/exception_raiser.rb
/usr/lib/ruby/gems/1.9.1/gems/mocha-0.11.4/lib/mocha/expectation.rb
/usr/lib/ruby/gems/1.9.1/gems/mocha-0.11.4/lib/mocha/expectation_error.rb
/usr/lib/ruby/gems/1.9.1/gems/mocha-0.11.4/lib/mocha/expectation_list.rb
/usr/lib/ruby/gems/1.9.1/gems/mocha-0.11.4/lib/mocha/in_state_ordering_constraint.rb
/usr/lib/ruby/gems/1.9.1/gems/mocha-0.11.4/lib/mocha/inspect.rb
/usr/lib/ruby/gems/1.9.1/gems/mocha-0.11.4/lib/mocha/instance_method.rb
/usr/lib/ruby/gems/1.9.1/gems/mocha-0.11.4/lib/mocha/integration.rb
/usr/lib/ruby/gems/1.9.1/gems/mocha-0.11.4/lib/mocha/integration/mini_test.rb
/usr/lib/ruby/gems/1.9.1/gems/mocha-0.11.4/lib/mocha/integration/mini_test/assertion_counter.rb
/usr/lib/ruby/gems/1.9.1/gems/mocha-0.11.4/lib/mocha/integration/mini_test/exception_translation.rb
/usr/lib/ruby/gems/1.9.1/gems/mocha-0.11.4/lib/mocha/integration/mini_test/version_13.rb
/usr/lib/ruby/gems/1.9.1/gems/mocha-0.11.4/lib/mocha/integration/mini_test/version_140.rb
/usr/lib/ruby/gems/1.9.1/gems/mocha-0.11.4/lib/mocha/integration/mini_test/version_141.rb
/usr/lib/ruby/gems/1.9.1/gems/mocha-0.11.4/lib/mocha/integration/mini_test/version_142_to_172.rb
/usr/lib/ruby/gems/1.9.1/gems/mocha-0.11.4/lib/mocha/integration/mini_test/version_200.rb
/usr/lib/ruby/gems/1.9.1/gems/mocha-0.11.4/lib/mocha/integration/mini_test/version_201_to_222.rb
/usr/lib/ruby/gems/1.9.1/gems/mocha-0.11.4/lib/mocha/integration/mini_test/version_230_to_262.rb
/usr/lib/ruby/gems/1.9.1/gems/mocha-0.11.4/lib/mocha/integration/test_unit.rb
/usr/lib/ruby/gems/1.9.1/gems/mocha-0.11.4/lib/mocha/integration/test_unit/assertion_counter.rb
/usr/lib/ruby/gems/1.9.1/gems/mocha-0.11.4/lib/mocha/integration/test_unit/gem_version_200.rb
/usr/lib/ruby/gems/1.9.1/gems/mocha-0.11.4/lib/mocha/integration/test_unit/gem_version_201_to_202.rb
/usr/lib/ruby/gems/1.9.1/gems/mocha-0.11.4/lib/mocha/integration/test_unit/gem_version_203_to_220.rb
/usr/lib/ruby/gems/1.9.1/gems/mocha-0.11.4/lib/mocha/integration/test_unit/gem_version_230_to_240.rb
/usr/lib/ruby/gems/1.9.1/gems/mocha-0.11.4/lib/mocha/integration/test_unit/ruby_version_185_and_below.rb
/usr/lib/ruby/gems/1.9.1/gems/mocha-0.11.4/lib/mocha/integration/test_unit/ruby_version_186_and_above.rb
/usr/lib/ruby/gems/1.9.1/gems/mocha-0.11.4/lib/mocha/is_a.rb
/usr/lib/ruby/gems/1.9.1/gems/mocha-0.11.4/lib/mocha/logger.rb
/usr/lib/ruby/gems/1.9.1/gems/mocha-0.11.4/lib/mocha/method_matcher.rb
/usr/lib/ruby/gems/1.9.1/gems/mocha-0.11.4/lib/mocha/mock.rb
/usr/lib/ruby/gems/1.9.1/gems/mocha-0.11.4/lib/mocha/mockery.rb
/usr/lib/ruby/gems/1.9.1/gems/mocha-0.11.4/lib/mocha/module_method.rb
/usr/lib/ruby/gems/1.9.1/gems/mocha-0.11.4/lib/mocha/multiple_yields.rb
/usr/lib/ruby/gems/1.9.1/gems/mocha-0.11.4/lib/mocha/names.rb
/usr/lib/ruby/gems/1.9.1/gems/mocha-0.11.4/lib/mocha/no_yields.rb
/usr/lib/ruby/gems/1.9.1/gems/mocha-0.11.4/lib/mocha/object.rb
/usr/lib/ruby/gems/1.9.1/gems/mocha-0.11.4/lib/mocha/options.rb
/usr/lib/ruby/gems/1.9.1/gems/mocha-0.11.4/lib/mocha/parameter_matchers.rb
/usr/lib/ruby/gems/1.9.1/gems/mocha-0.11.4/lib/mocha/parameter_matchers/all_of.rb
/usr/lib/ruby/gems/1.9.1/gems/mocha-0.11.4/lib/mocha/parameter_matchers/any_of.rb
/usr/lib/ruby/gems/1.9.1/gems/mocha-0.11.4/lib/mocha/parameter_matchers/any_parameters.rb
/usr/lib/ruby/gems/1.9.1/gems/mocha-0.11.4/lib/mocha/parameter_matchers/anything.rb
/usr/lib/ruby/gems/1.9.1/gems/mocha-0.11.4/lib/mocha/parameter_matchers/base.rb
/usr/lib/ruby/gems/1.9.1/gems/mocha-0.11.4/lib/mocha/parameter_matchers/equals.rb
/usr/lib/ruby/gems/1.9.1/gems/mocha-0.11.4/lib/mocha/parameter_matchers/has_entries.rb
/usr/lib/ruby/gems/1.9.1/gems/mocha-0.11.4/lib/mocha/parameter_matchers/has_entry.rb
/usr/lib/ruby/gems/1.9.1/gems/mocha-0.11.4/lib/mocha/parameter_matchers/has_key.rb
/usr/lib/ruby/gems/1.9.1/gems/mocha-0.11.4/lib/mocha/parameter_matchers/has_value.rb
/usr/lib/ruby/gems/1.9.1/gems/mocha-0.11.4/lib/mocha/parameter_matchers/includes.rb
/usr/lib/ruby/gems/1.9.1/gems/mocha-0.11.4/lib/mocha/parameter_matchers/instance_of.rb
/usr/lib/ruby/gems/1.9.1/gems/mocha-0.11.4/lib/mocha/parameter_matchers/is_a.rb
/usr/lib/ruby/gems/1.9.1/gems/mocha-0.11.4/lib/mocha/parameter_matchers/kind_of.rb
/usr/lib/ruby/gems/1.9.1/gems/mocha-0.11.4/lib/mocha/parameter_matchers/not.rb
/usr/lib/ruby/gems/1.9.1/gems/mocha-0.11.4/lib/mocha/parameter_matchers/object.rb
/usr/lib/ruby/gems/1.9.1/gems/mocha-0.11.4/lib/mocha/parameter_matchers/optionally.rb
/usr/lib/ruby/gems/1.9.1/gems/mocha-0.11.4/lib/mocha/parameter_matchers/query_string.rb
/usr/lib/ruby/gems/1.9.1/gems/mocha-0.11.4/lib/mocha/parameter_matchers/regexp_matches.rb
/usr/lib/ruby/gems/1.9.1/gems/mocha-0.11.4/lib/mocha/parameter_matchers/responds_with.rb
/usr/lib/ruby/gems/1.9.1/gems/mocha-0.11.4/lib/mocha/parameter_matchers/yaml_equivalent.rb
/usr/lib/ruby/gems/1.9.1/gems/mocha-0.11.4/lib/mocha/parameters_matcher.rb
/usr/lib/ruby/gems/1.9.1/gems/mocha-0.11.4/lib/mocha/pretty_parameters.rb
/usr/lib/ruby/gems/1.9.1/gems/mocha-0.11.4/lib/mocha/return_values.rb
/usr/lib/ruby/gems/1.9.1/gems/mocha-0.11.4/lib/mocha/sequence.rb
/usr/lib/ruby/gems/1.9.1/gems/mocha-0.11.4/lib/mocha/single_return_value.rb
/usr/lib/ruby/gems/1.9.1/gems/mocha-0.11.4/lib/mocha/single_yield.rb
/usr/lib/ruby/gems/1.9.1/gems/mocha-0.11.4/lib/mocha/standalone.rb
/usr/lib/ruby/gems/1.9.1/gems/mocha-0.11.4/lib/mocha/state_machine.rb
/usr/lib/ruby/gems/1.9.1/gems/mocha-0.11.4/lib/mocha/stubbing_error.rb
/usr/lib/ruby/gems/1.9.1/gems/mocha-0.11.4/lib/mocha/thrower.rb
/usr/lib/ruby/gems/1.9.1/gems/mocha-0.11.4/lib/mocha/unexpected_invocation.rb
/usr/lib/ruby/gems/1.9.1/gems/mocha-0.11.4/lib/mocha/version.rb
/usr/lib/ruby/gems/1.9.1/gems/mocha-0.11.4/lib/mocha/yield_parameters.rb
/usr/lib/ruby/gems/1.9.1/gems/mocha-0.11.4/lib/mocha_standalone.rb
/usr/lib/ruby/gems/1.9.1/gems/mocha-0.11.4/lib/stubba.rb
/usr/lib/ruby/gems/1.9.1/specifications/mocha-0.11.4.gemspec

# rmagick
/usr/lib/ruby/gems/1.9.1/gems/rmagick-2.13.1/lib/RMagick.rb
/usr/lib/ruby/gems/1.9.1/gems/rmagick-2.13.1/lib/RMagick2.so
/usr/lib/ruby/gems/1.9.1/gems/rmagick-2.13.1/lib/rvg/clippath.rb
/usr/lib/ruby/gems/1.9.1/gems/rmagick-2.13.1/lib/rvg/container.rb
/usr/lib/ruby/gems/1.9.1/gems/rmagick-2.13.1/lib/rvg/deep_equal.rb
/usr/lib/ruby/gems/1.9.1/gems/rmagick-2.13.1/lib/rvg/describable.rb
/usr/lib/ruby/gems/1.9.1/gems/rmagick-2.13.1/lib/rvg/embellishable.rb
/usr/lib/ruby/gems/1.9.1/gems/rmagick-2.13.1/lib/rvg/misc.rb
/usr/lib/ruby/gems/1.9.1/gems/rmagick-2.13.1/lib/rvg/paint.rb
/usr/lib/ruby/gems/1.9.1/gems/rmagick-2.13.1/lib/rvg/pathdata.rb
/usr/lib/ruby/gems/1.9.1/gems/rmagick-2.13.1/lib/rvg/rvg.rb
/usr/lib/ruby/gems/1.9.1/gems/rmagick-2.13.1/lib/rvg/stretchable.rb
/usr/lib/ruby/gems/1.9.1/gems/rmagick-2.13.1/lib/rvg/stylable.rb
/usr/lib/ruby/gems/1.9.1/gems/rmagick-2.13.1/lib/rvg/text.rb
/usr/lib/ruby/gems/1.9.1/gems/rmagick-2.13.1/lib/rvg/transformable.rb
/usr/lib/ruby/gems/1.9.1/gems/rmagick-2.13.1/lib/rvg/units.rb
/usr/lib/ruby/gems/1.9.1/specifications/rmagick-2.13.1.gemspec

# pg
/usr/lib/ruby/gems/1.9.1/gems/pg-0.13.2/lib/pg.rb
/usr/lib/ruby/gems/1.9.1/gems/pg-0.13.2/lib/pg/connection.rb
/usr/lib/ruby/gems/1.9.1/gems/pg-0.13.2/lib/pg/constants.rb
/usr/lib/ruby/gems/1.9.1/gems/pg-0.13.2/lib/pg/exceptions.rb
/usr/lib/ruby/gems/1.9.1/gems/pg-0.13.2/lib/pg/result.rb
/usr/lib/ruby/gems/1.9.1/gems/pg-0.13.2/lib/pg_ext.so
/usr/lib/ruby/gems/1.9.1/specifications/pg-0.13.2.gemspec

# hoe
/usr/bin/sow
/usr/lib/ruby/gems/1.9.1/gems/hoe-2.12.5/bin/sow
/usr/lib/ruby/gems/1.9.1/gems/hoe-2.12.5/lib/hoe.rb
/usr/lib/ruby/gems/1.9.1/gems/hoe-2.12.5/lib/hoe/clean.rb
/usr/lib/ruby/gems/1.9.1/gems/hoe-2.12.5/lib/hoe/compiler.rb
/usr/lib/ruby/gems/1.9.1/gems/hoe-2.12.5/lib/hoe/debug.rb
/usr/lib/ruby/gems/1.9.1/gems/hoe-2.12.5/lib/hoe/deps.rb
/usr/lib/ruby/gems/1.9.1/gems/hoe-2.12.5/lib/hoe/flay.rb
/usr/lib/ruby/gems/1.9.1/gems/hoe-2.12.5/lib/hoe/flog.rb
/usr/lib/ruby/gems/1.9.1/gems/hoe-2.12.5/lib/hoe/gem_prelude_sucks.rb
/usr/lib/ruby/gems/1.9.1/gems/hoe-2.12.5/lib/hoe/gemcutter.rb
/usr/lib/ruby/gems/1.9.1/gems/hoe-2.12.5/lib/hoe/inline.rb
/usr/lib/ruby/gems/1.9.1/gems/hoe-2.12.5/lib/hoe/newb.rb
/usr/lib/ruby/gems/1.9.1/gems/hoe-2.12.5/lib/hoe/package.rb
/usr/lib/ruby/gems/1.9.1/gems/hoe-2.12.5/lib/hoe/publish.rb
/usr/lib/ruby/gems/1.9.1/gems/hoe-2.12.5/lib/hoe/racc.rb
/usr/lib/ruby/gems/1.9.1/gems/hoe-2.12.5/lib/hoe/rake.rb
/usr/lib/ruby/gems/1.9.1/gems/hoe-2.12.5/lib/hoe/rcov.rb
/usr/lib/ruby/gems/1.9.1/gems/hoe-2.12.5/lib/hoe/rubyforge.rb
/usr/lib/ruby/gems/1.9.1/gems/hoe-2.12.5/lib/hoe/signing.rb
/usr/lib/ruby/gems/1.9.1/gems/hoe-2.12.5/lib/hoe/test.rb
/usr/lib/ruby/gems/1.9.1/gems/hoe-2.12.5/template/.autotest.erb
/usr/lib/ruby/gems/1.9.1/gems/hoe-2.12.5/template/History.txt.erb
/usr/lib/ruby/gems/1.9.1/gems/hoe-2.12.5/template/Manifest.txt.erb
/usr/lib/ruby/gems/1.9.1/gems/hoe-2.12.5/template/README.txt.erb
/usr/lib/ruby/gems/1.9.1/gems/hoe-2.12.5/template/Rakefile.erb
/usr/lib/ruby/gems/1.9.1/gems/hoe-2.12.5/template/bin/file_name.erb
/usr/lib/ruby/gems/1.9.1/gems/hoe-2.12.5/template/lib/file_name.rb.erb
/usr/lib/ruby/gems/1.9.1/gems/hoe-2.12.5/template/test/test_file_name.rb.erb
/usr/lib/ruby/gems/1.9.1/specifications/hoe-2.12.5.gemspec

# sqlite3-ruby
/usr/lib/ruby/gems/1.9.1/gems/sqlite3-1.3.6/lib/sqlite3.rb
/usr/lib/ruby/gems/1.9.1/gems/sqlite3-1.3.6/lib/sqlite3/constants.rb
/usr/lib/ruby/gems/1.9.1/gems/sqlite3-1.3.6/lib/sqlite3/database.rb
/usr/lib/ruby/gems/1.9.1/gems/sqlite3-1.3.6/lib/sqlite3/errors.rb
/usr/lib/ruby/gems/1.9.1/gems/sqlite3-1.3.6/lib/sqlite3/pragmas.rb
/usr/lib/ruby/gems/1.9.1/gems/sqlite3-1.3.6/lib/sqlite3/resultset.rb
/usr/lib/ruby/gems/1.9.1/gems/sqlite3-1.3.6/lib/sqlite3/sqlite3_native.so
/usr/lib/ruby/gems/1.9.1/gems/sqlite3-1.3.6/lib/sqlite3/statement.rb
/usr/lib/ruby/gems/1.9.1/gems/sqlite3-1.3.6/lib/sqlite3/translator.rb
/usr/lib/ruby/gems/1.9.1/gems/sqlite3-1.3.6/lib/sqlite3/value.rb
/usr/lib/ruby/gems/1.9.1/gems/sqlite3-1.3.6/lib/sqlite3/version.rb
/usr/lib/ruby/gems/1.9.1/specifications/sqlite3-1.3.6.gemspec
/usr/lib/ruby/gems/1.9.1/specifications/sqlite3-ruby-1.3.6.gemspec

# yard
/usr/bin/yard
/usr/bin/yardoc
/usr/bin/yri
/usr/lib/ruby/gems/1.9.1/gems/yard-0.8.1/bin/yard
/usr/lib/ruby/gems/1.9.1/gems/yard-0.8.1/bin/yardoc
/usr/lib/ruby/gems/1.9.1/gems/yard-0.8.1/bin/yri
/usr/lib/ruby/gems/1.9.1/gems/yard-0.8.1/lib/rubygems_plugin.rb
/usr/lib/ruby/gems/1.9.1/gems/yard-0.8.1/lib/yard.rb
/usr/lib/ruby/gems/1.9.1/gems/yard-0.8.1/lib/yard/autoload.rb
/usr/lib/ruby/gems/1.9.1/gems/yard-0.8.1/lib/yard/cli/command.rb
/usr/lib/ruby/gems/1.9.1/gems/yard-0.8.1/lib/yard/cli/command_parser.rb
/usr/lib/ruby/gems/1.9.1/gems/yard-0.8.1/lib/yard/cli/config.rb
/usr/lib/ruby/gems/1.9.1/gems/yard-0.8.1/lib/yard/cli/diff.rb
/usr/lib/ruby/gems/1.9.1/gems/yard-0.8.1/lib/yard/cli/gems.rb
/usr/lib/ruby/gems/1.9.1/gems/yard-0.8.1/lib/yard/cli/graph.rb
/usr/lib/ruby/gems/1.9.1/gems/yard-0.8.1/lib/yard/cli/help.rb
/usr/lib/ruby/gems/1.9.1/gems/yard-0.8.1/lib/yard/cli/i18n.rb
/usr/lib/ruby/gems/1.9.1/gems/yard-0.8.1/lib/yard/cli/list.rb
/usr/lib/ruby/gems/1.9.1/gems/yard-0.8.1/lib/yard/cli/server.rb
/usr/lib/ruby/gems/1.9.1/gems/yard-0.8.1/lib/yard/cli/stats.rb
/usr/lib/ruby/gems/1.9.1/gems/yard-0.8.1/lib/yard/cli/yardoc.rb
/usr/lib/ruby/gems/1.9.1/gems/yard-0.8.1/lib/yard/cli/yri.rb
/usr/lib/ruby/gems/1.9.1/gems/yard-0.8.1/lib/yard/code_objects/base.rb
/usr/lib/ruby/gems/1.9.1/gems/yard-0.8.1/lib/yard/code_objects/class_object.rb
/usr/lib/ruby/gems/1.9.1/gems/yard-0.8.1/lib/yard/code_objects/class_variable_object.rb
/usr/lib/ruby/gems/1.9.1/gems/yard-0.8.1/lib/yard/code_objects/constant_object.rb
/usr/lib/ruby/gems/1.9.1/gems/yard-0.8.1/lib/yard/code_objects/extended_method_object.rb
/usr/lib/ruby/gems/1.9.1/gems/yard-0.8.1/lib/yard/code_objects/extra_file_object.rb
/usr/lib/ruby/gems/1.9.1/gems/yard-0.8.1/lib/yard/code_objects/macro_object.rb
/usr/lib/ruby/gems/1.9.1/gems/yard-0.8.1/lib/yard/code_objects/method_object.rb
/usr/lib/ruby/gems/1.9.1/gems/yard-0.8.1/lib/yard/code_objects/module_object.rb
/usr/lib/ruby/gems/1.9.1/gems/yard-0.8.1/lib/yard/code_objects/namespace_object.rb
/usr/lib/ruby/gems/1.9.1/gems/yard-0.8.1/lib/yard/code_objects/proxy.rb
/usr/lib/ruby/gems/1.9.1/gems/yard-0.8.1/lib/yard/code_objects/root_object.rb
/usr/lib/ruby/gems/1.9.1/gems/yard-0.8.1/lib/yard/config.rb
/usr/lib/ruby/gems/1.9.1/gems/yard-0.8.1/lib/yard/core_ext/array.rb
/usr/lib/ruby/gems/1.9.1/gems/yard-0.8.1/lib/yard/core_ext/file.rb
/usr/lib/ruby/gems/1.9.1/gems/yard-0.8.1/lib/yard/core_ext/hash.rb
/usr/lib/ruby/gems/1.9.1/gems/yard-0.8.1/lib/yard/core_ext/insertion.rb
/usr/lib/ruby/gems/1.9.1/gems/yard-0.8.1/lib/yard/core_ext/module.rb
/usr/lib/ruby/gems/1.9.1/gems/yard-0.8.1/lib/yard/core_ext/string.rb
/usr/lib/ruby/gems/1.9.1/gems/yard-0.8.1/lib/yard/core_ext/symbol_hash.rb
/usr/lib/ruby/gems/1.9.1/gems/yard-0.8.1/lib/yard/docstring.rb
/usr/lib/ruby/gems/1.9.1/gems/yard-0.8.1/lib/yard/docstring_parser.rb
/usr/lib/ruby/gems/1.9.1/gems/yard-0.8.1/lib/yard/globals.rb
/usr/lib/ruby/gems/1.9.1/gems/yard-0.8.1/lib/yard/handlers/base.rb
/usr/lib/ruby/gems/1.9.1/gems/yard-0.8.1/lib/yard/handlers/c/alias_handler.rb
/usr/lib/ruby/gems/1.9.1/gems/yard-0.8.1/lib/yard/handlers/c/attribute_handler.rb
/usr/lib/ruby/gems/1.9.1/gems/yard-0.8.1/lib/yard/handlers/c/base.rb
/usr/lib/ruby/gems/1.9.1/gems/yard-0.8.1/lib/yard/handlers/c/class_handler.rb
/usr/lib/ruby/gems/1.9.1/gems/yard-0.8.1/lib/yard/handlers/c/constant_handler.rb
/usr/lib/ruby/gems/1.9.1/gems/yard-0.8.1/lib/yard/handlers/c/handler_methods.rb
/usr/lib/ruby/gems/1.9.1/gems/yard-0.8.1/lib/yard/handlers/c/init_handler.rb
/usr/lib/ruby/gems/1.9.1/gems/yard-0.8.1/lib/yard/handlers/c/method_handler.rb
/usr/lib/ruby/gems/1.9.1/gems/yard-0.8.1/lib/yard/handlers/c/mixin_handler.rb
/usr/lib/ruby/gems/1.9.1/gems/yard-0.8.1/lib/yard/handlers/c/module_handler.rb
/usr/lib/ruby/gems/1.9.1/gems/yard-0.8.1/lib/yard/handlers/c/override_comment_handler.rb
/usr/lib/ruby/gems/1.9.1/gems/yard-0.8.1/lib/yard/handlers/c/path_handler.rb
/usr/lib/ruby/gems/1.9.1/gems/yard-0.8.1/lib/yard/handlers/c/struct_handler.rb
/usr/lib/ruby/gems/1.9.1/gems/yard-0.8.1/lib/yard/handlers/c/symbol_handler.rb
/usr/lib/ruby/gems/1.9.1/gems/yard-0.8.1/lib/yard/handlers/processor.rb
/usr/lib/ruby/gems/1.9.1/gems/yard-0.8.1/lib/yard/handlers/ruby/alias_handler.rb
/usr/lib/ruby/gems/1.9.1/gems/yard-0.8.1/lib/yard/handlers/ruby/attribute_handler.rb
/usr/lib/ruby/gems/1.9.1/gems/yard-0.8.1/lib/yard/handlers/ruby/base.rb
/usr/lib/ruby/gems/1.9.1/gems/yard-0.8.1/lib/yard/handlers/ruby/class_condition_handler.rb
/usr/lib/ruby/gems/1.9.1/gems/yard-0.8.1/lib/yard/handlers/ruby/class_handler.rb
/usr/lib/ruby/gems/1.9.1/gems/yard-0.8.1/lib/yard/handlers/ruby/class_variable_handler.rb
/usr/lib/ruby/gems/1.9.1/gems/yard-0.8.1/lib/yard/handlers/ruby/comment_handler.rb
/usr/lib/ruby/gems/1.9.1/gems/yard-0.8.1/lib/yard/handlers/ruby/constant_handler.rb
/usr/lib/ruby/gems/1.9.1/gems/yard-0.8.1/lib/yard/handlers/ruby/dsl_handler.rb
/usr/lib/ruby/gems/1.9.1/gems/yard-0.8.1/lib/yard/handlers/ruby/dsl_handler_methods.rb
/usr/lib/ruby/gems/1.9.1/gems/yard-0.8.1/lib/yard/handlers/ruby/exception_handler.rb
/usr/lib/ruby/gems/1.9.1/gems/yard-0.8.1/lib/yard/handlers/ruby/extend_handler.rb
/usr/lib/ruby/gems/1.9.1/gems/yard-0.8.1/lib/yard/handlers/ruby/legacy/alias_handler.rb
/usr/lib/ruby/gems/1.9.1/gems/yard-0.8.1/lib/yard/handlers/ruby/legacy/attribute_handler.rb
/usr/lib/ruby/gems/1.9.1/gems/yard-0.8.1/lib/yard/handlers/ruby/legacy/base.rb
/usr/lib/ruby/gems/1.9.1/gems/yard-0.8.1/lib/yard/handlers/ruby/legacy/class_condition_handler.rb
/usr/lib/ruby/gems/1.9.1/gems/yard-0.8.1/lib/yard/handlers/ruby/legacy/class_handler.rb
/usr/lib/ruby/gems/1.9.1/gems/yard-0.8.1/lib/yard/handlers/ruby/legacy/class_variable_handler.rb
/usr/lib/ruby/gems/1.9.1/gems/yard-0.8.1/lib/yard/handlers/ruby/legacy/comment_handler.rb
/usr/lib/ruby/gems/1.9.1/gems/yard-0.8.1/lib/yard/handlers/ruby/legacy/constant_handler.rb
/usr/lib/ruby/gems/1.9.1/gems/yard-0.8.1/lib/yard/handlers/ruby/legacy/dsl_handler.rb
/usr/lib/ruby/gems/1.9.1/gems/yard-0.8.1/lib/yard/handlers/ruby/legacy/exception_handler.rb
/usr/lib/ruby/gems/1.9.1/gems/yard-0.8.1/lib/yard/handlers/ruby/legacy/extend_handler.rb
/usr/lib/ruby/gems/1.9.1/gems/yard-0.8.1/lib/yard/handlers/ruby/legacy/method_handler.rb
/usr/lib/ruby/gems/1.9.1/gems/yard-0.8.1/lib/yard/handlers/ruby/legacy/mixin_handler.rb
/usr/lib/ruby/gems/1.9.1/gems/yard-0.8.1/lib/yard/handlers/ruby/legacy/module_function_handler.rb
/usr/lib/ruby/gems/1.9.1/gems/yard-0.8.1/lib/yard/handlers/ruby/legacy/module_handler.rb
/usr/lib/ruby/gems/1.9.1/gems/yard-0.8.1/lib/yard/handlers/ruby/legacy/private_constant_handler.rb
/usr/lib/ruby/gems/1.9.1/gems/yard-0.8.1/lib/yard/handlers/ruby/legacy/visibility_handler.rb
/usr/lib/ruby/gems/1.9.1/gems/yard-0.8.1/lib/yard/handlers/ruby/legacy/yield_handler.rb
/usr/lib/ruby/gems/1.9.1/gems/yard-0.8.1/lib/yard/handlers/ruby/method_condition_handler.rb
/usr/lib/ruby/gems/1.9.1/gems/yard-0.8.1/lib/yard/handlers/ruby/method_handler.rb
/usr/lib/ruby/gems/1.9.1/gems/yard-0.8.1/lib/yard/handlers/ruby/mixin_handler.rb
/usr/lib/ruby/gems/1.9.1/gems/yard-0.8.1/lib/yard/handlers/ruby/module_function_handler.rb
/usr/lib/ruby/gems/1.9.1/gems/yard-0.8.1/lib/yard/handlers/ruby/module_handler.rb
/usr/lib/ruby/gems/1.9.1/gems/yard-0.8.1/lib/yard/handlers/ruby/private_constant_handler.rb
/usr/lib/ruby/gems/1.9.1/gems/yard-0.8.1/lib/yard/handlers/ruby/struct_handler_methods.rb
/usr/lib/ruby/gems/1.9.1/gems/yard-0.8.1/lib/yard/handlers/ruby/visibility_handler.rb
/usr/lib/ruby/gems/1.9.1/gems/yard-0.8.1/lib/yard/handlers/ruby/yield_handler.rb
/usr/lib/ruby/gems/1.9.1/gems/yard-0.8.1/lib/yard/i18n/message.rb
/usr/lib/ruby/gems/1.9.1/gems/yard-0.8.1/lib/yard/i18n/messages.rb
/usr/lib/ruby/gems/1.9.1/gems/yard-0.8.1/lib/yard/i18n/pot_generator.rb
/usr/lib/ruby/gems/1.9.1/gems/yard-0.8.1/lib/yard/i18n/text.rb
/usr/lib/ruby/gems/1.9.1/gems/yard-0.8.1/lib/yard/logging.rb
/usr/lib/ruby/gems/1.9.1/gems/yard-0.8.1/lib/yard/options.rb
/usr/lib/ruby/gems/1.9.1/gems/yard-0.8.1/lib/yard/parser/base.rb
/usr/lib/ruby/gems/1.9.1/gems/yard-0.8.1/lib/yard/parser/c/c_parser.rb
/usr/lib/ruby/gems/1.9.1/gems/yard-0.8.1/lib/yard/parser/c/comment_parser.rb
/usr/lib/ruby/gems/1.9.1/gems/yard-0.8.1/lib/yard/parser/c/statement.rb
/usr/lib/ruby/gems/1.9.1/gems/yard-0.8.1/lib/yard/parser/ruby/ast_node.rb
/usr/lib/ruby/gems/1.9.1/gems/yard-0.8.1/lib/yard/parser/ruby/legacy/ruby_lex.rb
/usr/lib/ruby/gems/1.9.1/gems/yard-0.8.1/lib/yard/parser/ruby/legacy/ruby_parser.rb
/usr/lib/ruby/gems/1.9.1/gems/yard-0.8.1/lib/yard/parser/ruby/legacy/statement.rb
/usr/lib/ruby/gems/1.9.1/gems/yard-0.8.1/lib/yard/parser/ruby/legacy/statement_list.rb
/usr/lib/ruby/gems/1.9.1/gems/yard-0.8.1/lib/yard/parser/ruby/legacy/token_list.rb
/usr/lib/ruby/gems/1.9.1/gems/yard-0.8.1/lib/yard/parser/ruby/ruby_parser.rb
/usr/lib/ruby/gems/1.9.1/gems/yard-0.8.1/lib/yard/parser/source_parser.rb
/usr/lib/ruby/gems/1.9.1/gems/yard-0.8.1/lib/yard/rake/yardoc_task.rb
/usr/lib/ruby/gems/1.9.1/gems/yard-0.8.1/lib/yard/registry.rb
/usr/lib/ruby/gems/1.9.1/gems/yard-0.8.1/lib/yard/registry_store.rb
/usr/lib/ruby/gems/1.9.1/gems/yard-0.8.1/lib/yard/rubygems/backports.rb
/usr/lib/ruby/gems/1.9.1/gems/yard-0.8.1/lib/yard/rubygems/backports/LICENSE.txt
/usr/lib/ruby/gems/1.9.1/gems/yard-0.8.1/lib/yard/rubygems/backports/MIT.txt
/usr/lib/ruby/gems/1.9.1/gems/yard-0.8.1/lib/yard/rubygems/backports/gem.rb
/usr/lib/ruby/gems/1.9.1/gems/yard-0.8.1/lib/yard/rubygems/backports/source_index.rb
/usr/lib/ruby/gems/1.9.1/gems/yard-0.8.1/lib/yard/rubygems/doc_manager.rb
/usr/lib/ruby/gems/1.9.1/gems/yard-0.8.1/lib/yard/rubygems/specification.rb
/usr/lib/ruby/gems/1.9.1/gems/yard-0.8.1/lib/yard/serializers/base.rb
/usr/lib/ruby/gems/1.9.1/gems/yard-0.8.1/lib/yard/serializers/file_system_serializer.rb
/usr/lib/ruby/gems/1.9.1/gems/yard-0.8.1/lib/yard/serializers/process_serializer.rb
/usr/lib/ruby/gems/1.9.1/gems/yard-0.8.1/lib/yard/serializers/stdout_serializer.rb
/usr/lib/ruby/gems/1.9.1/gems/yard-0.8.1/lib/yard/serializers/yardoc_serializer.rb
/usr/lib/ruby/gems/1.9.1/gems/yard-0.8.1/lib/yard/server.rb
/usr/lib/ruby/gems/1.9.1/gems/yard-0.8.1/lib/yard/server/adapter.rb
/usr/lib/ruby/gems/1.9.1/gems/yard-0.8.1/lib/yard/server/commands/base.rb
/usr/lib/ruby/gems/1.9.1/gems/yard-0.8.1/lib/yard/server/commands/display_file_command.rb
/usr/lib/ruby/gems/1.9.1/gems/yard-0.8.1/lib/yard/server/commands/display_object_command.rb
/usr/lib/ruby/gems/1.9.1/gems/yard-0.8.1/lib/yard/server/commands/frames_command.rb
/usr/lib/ruby/gems/1.9.1/gems/yard-0.8.1/lib/yard/server/commands/library_command.rb
/usr/lib/ruby/gems/1.9.1/gems/yard-0.8.1/lib/yard/server/commands/library_index_command.rb
/usr/lib/ruby/gems/1.9.1/gems/yard-0.8.1/lib/yard/server/commands/list_command.rb
/usr/lib/ruby/gems/1.9.1/gems/yard-0.8.1/lib/yard/server/commands/search_command.rb
/usr/lib/ruby/gems/1.9.1/gems/yard-0.8.1/lib/yard/server/commands/static_file_command.rb
/usr/lib/ruby/gems/1.9.1/gems/yard-0.8.1/lib/yard/server/doc_server_helper.rb
/usr/lib/ruby/gems/1.9.1/gems/yard-0.8.1/lib/yard/server/doc_server_serializer.rb
/usr/lib/ruby/gems/1.9.1/gems/yard-0.8.1/lib/yard/server/library_version.rb
/usr/lib/ruby/gems/1.9.1/gems/yard-0.8.1/lib/yard/server/rack_adapter.rb
/usr/lib/ruby/gems/1.9.1/gems/yard-0.8.1/lib/yard/server/router.rb
/usr/lib/ruby/gems/1.9.1/gems/yard-0.8.1/lib/yard/server/static_caching.rb
/usr/lib/ruby/gems/1.9.1/gems/yard-0.8.1/lib/yard/server/templates/default/fulldoc/html/css/custom.css
/usr/lib/ruby/gems/1.9.1/gems/yard-0.8.1/lib/yard/server/templates/default/fulldoc/html/images/processing.gif
/usr/lib/ruby/gems/1.9.1/gems/yard-0.8.1/lib/yard/server/templates/default/fulldoc/html/js/autocomplete.js
/usr/lib/ruby/gems/1.9.1/gems/yard-0.8.1/lib/yard/server/templates/default/fulldoc/html/js/live.js
/usr/lib/ruby/gems/1.9.1/gems/yard-0.8.1/lib/yard/server/templates/default/layout/html/breadcrumb.erb
/usr/lib/ruby/gems/1.9.1/gems/yard-0.8.1/lib/yard/server/templates/default/layout/html/script_setup.erb
/usr/lib/ruby/gems/1.9.1/gems/yard-0.8.1/lib/yard/server/templates/default/layout/html/setup.rb
/usr/lib/ruby/gems/1.9.1/gems/yard-0.8.1/lib/yard/server/templates/doc_server/library_list/html/contents.erb
/usr/lib/ruby/gems/1.9.1/gems/yard-0.8.1/lib/yard/server/templates/doc_server/library_list/html/headers.erb
/usr/lib/ruby/gems/1.9.1/gems/yard-0.8.1/lib/yard/server/templates/doc_server/library_list/html/library_list.erb
/usr/lib/ruby/gems/1.9.1/gems/yard-0.8.1/lib/yard/server/templates/doc_server/library_list/html/setup.rb
/usr/lib/ruby/gems/1.9.1/gems/yard-0.8.1/lib/yard/server/templates/doc_server/library_list/html/title.erb
/usr/lib/ruby/gems/1.9.1/gems/yard-0.8.1/lib/yard/server/templates/doc_server/processing/html/processing.erb
/usr/lib/ruby/gems/1.9.1/gems/yard-0.8.1/lib/yard/server/templates/doc_server/processing/html/setup.rb
/usr/lib/ruby/gems/1.9.1/gems/yard-0.8.1/lib/yard/server/templates/doc_server/search/html/search.erb
/usr/lib/ruby/gems/1.9.1/gems/yard-0.8.1/lib/yard/server/templates/doc_server/search/html/setup.rb
/usr/lib/ruby/gems/1.9.1/gems/yard-0.8.1/lib/yard/server/webrick_adapter.rb
/usr/lib/ruby/gems/1.9.1/gems/yard-0.8.1/lib/yard/tags/default_factory.rb
/usr/lib/ruby/gems/1.9.1/gems/yard-0.8.1/lib/yard/tags/default_tag.rb
/usr/lib/ruby/gems/1.9.1/gems/yard-0.8.1/lib/yard/tags/directives.rb
/usr/lib/ruby/gems/1.9.1/gems/yard-0.8.1/lib/yard/tags/library.rb
/usr/lib/ruby/gems/1.9.1/gems/yard-0.8.1/lib/yard/tags/option_tag.rb
/usr/lib/ruby/gems/1.9.1/gems/yard-0.8.1/lib/yard/tags/overload_tag.rb
/usr/lib/ruby/gems/1.9.1/gems/yard-0.8.1/lib/yard/tags/ref_tag.rb
/usr/lib/ruby/gems/1.9.1/gems/yard-0.8.1/lib/yard/tags/ref_tag_list.rb
/usr/lib/ruby/gems/1.9.1/gems/yard-0.8.1/lib/yard/tags/tag.rb
/usr/lib/ruby/gems/1.9.1/gems/yard-0.8.1/lib/yard/tags/tag_format_error.rb
/usr/lib/ruby/gems/1.9.1/gems/yard-0.8.1/lib/yard/templates/engine.rb
/usr/lib/ruby/gems/1.9.1/gems/yard-0.8.1/lib/yard/templates/erb_cache.rb
/usr/lib/ruby/gems/1.9.1/gems/yard-0.8.1/lib/yard/templates/helpers/base_helper.rb
/usr/lib/ruby/gems/1.9.1/gems/yard-0.8.1/lib/yard/templates/helpers/filter_helper.rb
/usr/lib/ruby/gems/1.9.1/gems/yard-0.8.1/lib/yard/templates/helpers/html_helper.rb
/usr/lib/ruby/gems/1.9.1/gems/yard-0.8.1/lib/yard/templates/helpers/html_syntax_highlight_helper.rb
/usr/lib/ruby/gems/1.9.1/gems/yard-0.8.1/lib/yard/templates/helpers/markup/rdoc_markup.rb
/usr/lib/ruby/gems/1.9.1/gems/yard-0.8.1/lib/yard/templates/helpers/markup_helper.rb
/usr/lib/ruby/gems/1.9.1/gems/yard-0.8.1/lib/yard/templates/helpers/method_helper.rb
/usr/lib/ruby/gems/1.9.1/gems/yard-0.8.1/lib/yard/templates/helpers/module_helper.rb
/usr/lib/ruby/gems/1.9.1/gems/yard-0.8.1/lib/yard/templates/helpers/text_helper.rb
/usr/lib/ruby/gems/1.9.1/gems/yard-0.8.1/lib/yard/templates/helpers/uml_helper.rb
/usr/lib/ruby/gems/1.9.1/gems/yard-0.8.1/lib/yard/templates/section.rb
/usr/lib/ruby/gems/1.9.1/gems/yard-0.8.1/lib/yard/templates/template.rb
/usr/lib/ruby/gems/1.9.1/gems/yard-0.8.1/lib/yard/templates/template_options.rb
/usr/lib/ruby/gems/1.9.1/gems/yard-0.8.1/lib/yard/verifier.rb
/usr/lib/ruby/gems/1.9.1/gems/yard-0.8.1/templates/default/class/dot/setup.rb
/usr/lib/ruby/gems/1.9.1/gems/yard-0.8.1/templates/default/class/dot/superklass.erb
/usr/lib/ruby/gems/1.9.1/gems/yard-0.8.1/templates/default/class/html/constructor_details.erb
/usr/lib/ruby/gems/1.9.1/gems/yard-0.8.1/templates/default/class/html/setup.rb
/usr/lib/ruby/gems/1.9.1/gems/yard-0.8.1/templates/default/class/html/subclasses.erb
/usr/lib/ruby/gems/1.9.1/gems/yard-0.8.1/templates/default/class/setup.rb
/usr/lib/ruby/gems/1.9.1/gems/yard-0.8.1/templates/default/class/text/setup.rb
/usr/lib/ruby/gems/1.9.1/gems/yard-0.8.1/templates/default/class/text/subclasses.erb
/usr/lib/ruby/gems/1.9.1/gems/yard-0.8.1/templates/default/constant/text/header.erb
/usr/lib/ruby/gems/1.9.1/gems/yard-0.8.1/templates/default/constant/text/setup.rb
/usr/lib/ruby/gems/1.9.1/gems/yard-0.8.1/templates/default/docstring/html/abstract.erb
/usr/lib/ruby/gems/1.9.1/gems/yard-0.8.1/templates/default/docstring/html/deprecated.erb
/usr/lib/ruby/gems/1.9.1/gems/yard-0.8.1/templates/default/docstring/html/index.erb
/usr/lib/ruby/gems/1.9.1/gems/yard-0.8.1/templates/default/docstring/html/note.erb
/usr/lib/ruby/gems/1.9.1/gems/yard-0.8.1/templates/default/docstring/html/private.erb
/usr/lib/ruby/gems/1.9.1/gems/yard-0.8.1/templates/default/docstring/html/returns_void.erb
/usr/lib/ruby/gems/1.9.1/gems/yard-0.8.1/templates/default/docstring/html/text.erb
/usr/lib/ruby/gems/1.9.1/gems/yard-0.8.1/templates/default/docstring/html/todo.erb
/usr/lib/ruby/gems/1.9.1/gems/yard-0.8.1/templates/default/docstring/setup.rb
/usr/lib/ruby/gems/1.9.1/gems/yard-0.8.1/templates/default/docstring/text/abstract.erb
/usr/lib/ruby/gems/1.9.1/gems/yard-0.8.1/templates/default/docstring/text/deprecated.erb
/usr/lib/ruby/gems/1.9.1/gems/yard-0.8.1/templates/default/docstring/text/index.erb
/usr/lib/ruby/gems/1.9.1/gems/yard-0.8.1/templates/default/docstring/text/note.erb
/usr/lib/ruby/gems/1.9.1/gems/yard-0.8.1/templates/default/docstring/text/private.erb
/usr/lib/ruby/gems/1.9.1/gems/yard-0.8.1/templates/default/docstring/text/returns_void.erb
/usr/lib/ruby/gems/1.9.1/gems/yard-0.8.1/templates/default/docstring/text/text.erb
/usr/lib/ruby/gems/1.9.1/gems/yard-0.8.1/templates/default/docstring/text/todo.erb
/usr/lib/ruby/gems/1.9.1/gems/yard-0.8.1/templates/default/fulldoc/html/css/common.css
/usr/lib/ruby/gems/1.9.1/gems/yard-0.8.1/templates/default/fulldoc/html/css/full_list.css
/usr/lib/ruby/gems/1.9.1/gems/yard-0.8.1/templates/default/fulldoc/html/css/style.css
/usr/lib/ruby/gems/1.9.1/gems/yard-0.8.1/templates/default/fulldoc/html/frames.erb
/usr/lib/ruby/gems/1.9.1/gems/yard-0.8.1/templates/default/fulldoc/html/full_list.erb
/usr/lib/ruby/gems/1.9.1/gems/yard-0.8.1/templates/default/fulldoc/html/full_list_class.erb
/usr/lib/ruby/gems/1.9.1/gems/yard-0.8.1/templates/default/fulldoc/html/full_list_file.erb
/usr/lib/ruby/gems/1.9.1/gems/yard-0.8.1/templates/default/fulldoc/html/full_list_method.erb
/usr/lib/ruby/gems/1.9.1/gems/yard-0.8.1/templates/default/fulldoc/html/js/app.js
/usr/lib/ruby/gems/1.9.1/gems/yard-0.8.1/templates/default/fulldoc/html/js/full_list.js
/usr/lib/ruby/gems/1.9.1/gems/yard-0.8.1/templates/default/fulldoc/html/js/jquery.js
/usr/lib/ruby/gems/1.9.1/gems/yard-0.8.1/templates/default/fulldoc/html/setup.rb
/usr/lib/ruby/gems/1.9.1/gems/yard-0.8.1/templates/default/layout/dot/header.erb
/usr/lib/ruby/gems/1.9.1/gems/yard-0.8.1/templates/default/layout/dot/setup.rb
/usr/lib/ruby/gems/1.9.1/gems/yard-0.8.1/templates/default/layout/html/breadcrumb.erb
/usr/lib/ruby/gems/1.9.1/gems/yard-0.8.1/templates/default/layout/html/files.erb
/usr/lib/ruby/gems/1.9.1/gems/yard-0.8.1/templates/default/layout/html/footer.erb
/usr/lib/ruby/gems/1.9.1/gems/yard-0.8.1/templates/default/layout/html/headers.erb
/usr/lib/ruby/gems/1.9.1/gems/yard-0.8.1/templates/default/layout/html/index.erb
/usr/lib/ruby/gems/1.9.1/gems/yard-0.8.1/templates/default/layout/html/layout.erb
/usr/lib/ruby/gems/1.9.1/gems/yard-0.8.1/templates/default/layout/html/listing.erb
/usr/lib/ruby/gems/1.9.1/gems/yard-0.8.1/templates/default/layout/html/objects.erb
/usr/lib/ruby/gems/1.9.1/gems/yard-0.8.1/templates/default/layout/html/script_setup.erb
/usr/lib/ruby/gems/1.9.1/gems/yard-0.8.1/templates/default/layout/html/search.erb
/usr/lib/ruby/gems/1.9.1/gems/yard-0.8.1/templates/default/layout/html/setup.rb
/usr/lib/ruby/gems/1.9.1/gems/yard-0.8.1/templates/default/method/html/header.erb
/usr/lib/ruby/gems/1.9.1/gems/yard-0.8.1/templates/default/method/setup.rb
/usr/lib/ruby/gems/1.9.1/gems/yard-0.8.1/templates/default/method/text/header.erb
/usr/lib/ruby/gems/1.9.1/gems/yard-0.8.1/templates/default/method_details/html/header.erb
/usr/lib/ruby/gems/1.9.1/gems/yard-0.8.1/templates/default/method_details/html/method_signature.erb
/usr/lib/ruby/gems/1.9.1/gems/yard-0.8.1/templates/default/method_details/html/source.erb
/usr/lib/ruby/gems/1.9.1/gems/yard-0.8.1/templates/default/method_details/setup.rb
/usr/lib/ruby/gems/1.9.1/gems/yard-0.8.1/templates/default/method_details/text/header.erb
/usr/lib/ruby/gems/1.9.1/gems/yard-0.8.1/templates/default/method_details/text/method_signature.erb
/usr/lib/ruby/gems/1.9.1/gems/yard-0.8.1/templates/default/method_details/text/setup.rb
/usr/lib/ruby/gems/1.9.1/gems/yard-0.8.1/templates/default/module/dot/child.erb
/usr/lib/ruby/gems/1.9.1/gems/yard-0.8.1/templates/default/module/dot/dependencies.erb
/usr/lib/ruby/gems/1.9.1/gems/yard-0.8.1/templates/default/module/dot/header.erb
/usr/lib/ruby/gems/1.9.1/gems/yard-0.8.1/templates/default/module/dot/info.erb
/usr/lib/ruby/gems/1.9.1/gems/yard-0.8.1/templates/default/module/dot/setup.rb
/usr/lib/ruby/gems/1.9.1/gems/yard-0.8.1/templates/default/module/html/attribute_details.erb
/usr/lib/ruby/gems/1.9.1/gems/yard-0.8.1/templates/default/module/html/attribute_summary.erb
/usr/lib/ruby/gems/1.9.1/gems/yard-0.8.1/templates/default/module/html/box_info.erb
/usr/lib/ruby/gems/1.9.1/gems/yard-0.8.1/templates/default/module/html/children.erb
/usr/lib/ruby/gems/1.9.1/gems/yard-0.8.1/templates/default/module/html/constant_summary.erb
/usr/lib/ruby/gems/1.9.1/gems/yard-0.8.1/templates/default/module/html/defines.erb
/usr/lib/ruby/gems/1.9.1/gems/yard-0.8.1/templates/default/module/html/header.erb
/usr/lib/ruby/gems/1.9.1/gems/yard-0.8.1/templates/default/module/html/inherited_attributes.erb
/usr/lib/ruby/gems/1.9.1/gems/yard-0.8.1/templates/default/module/html/inherited_constants.erb
/usr/lib/ruby/gems/1.9.1/gems/yard-0.8.1/templates/default/module/html/inherited_methods.erb
/usr/lib/ruby/gems/1.9.1/gems/yard-0.8.1/templates/default/module/html/item_summary.erb
/usr/lib/ruby/gems/1.9.1/gems/yard-0.8.1/templates/default/module/html/method_details_list.erb
/usr/lib/ruby/gems/1.9.1/gems/yard-0.8.1/templates/default/module/html/method_summary.erb
/usr/lib/ruby/gems/1.9.1/gems/yard-0.8.1/templates/default/module/html/methodmissing.erb
/usr/lib/ruby/gems/1.9.1/gems/yard-0.8.1/templates/default/module/html/pre_docstring.erb
/usr/lib/ruby/gems/1.9.1/gems/yard-0.8.1/templates/default/module/setup.rb
/usr/lib/ruby/gems/1.9.1/gems/yard-0.8.1/templates/default/module/text/children.erb
/usr/lib/ruby/gems/1.9.1/gems/yard-0.8.1/templates/default/module/text/class_meths_list.erb
/usr/lib/ruby/gems/1.9.1/gems/yard-0.8.1/templates/default/module/text/extends.erb
/usr/lib/ruby/gems/1.9.1/gems/yard-0.8.1/templates/default/module/text/header.erb
/usr/lib/ruby/gems/1.9.1/gems/yard-0.8.1/templates/default/module/text/includes.erb
/usr/lib/ruby/gems/1.9.1/gems/yard-0.8.1/templates/default/module/text/instance_meths_list.erb
/usr/lib/ruby/gems/1.9.1/gems/yard-0.8.1/templates/default/module/text/setup.rb
/usr/lib/ruby/gems/1.9.1/gems/yard-0.8.1/templates/default/onefile/html/files.erb
/usr/lib/ruby/gems/1.9.1/gems/yard-0.8.1/templates/default/onefile/html/layout.erb
/usr/lib/ruby/gems/1.9.1/gems/yard-0.8.1/templates/default/onefile/html/readme.erb
/usr/lib/ruby/gems/1.9.1/gems/yard-0.8.1/templates/default/onefile/html/setup.rb
/usr/lib/ruby/gems/1.9.1/gems/yard-0.8.1/templates/default/root/dot/child.erb
/usr/lib/ruby/gems/1.9.1/gems/yard-0.8.1/templates/default/root/dot/setup.rb
/usr/lib/ruby/gems/1.9.1/gems/yard-0.8.1/templates/default/root/html/setup.rb
/usr/lib/ruby/gems/1.9.1/gems/yard-0.8.1/templates/default/tags/html/example.erb
/usr/lib/ruby/gems/1.9.1/gems/yard-0.8.1/templates/default/tags/html/index.erb
/usr/lib/ruby/gems/1.9.1/gems/yard-0.8.1/templates/default/tags/html/option.erb
/usr/lib/ruby/gems/1.9.1/gems/yard-0.8.1/templates/default/tags/html/overload.erb
/usr/lib/ruby/gems/1.9.1/gems/yard-0.8.1/templates/default/tags/html/see.erb
/usr/lib/ruby/gems/1.9.1/gems/yard-0.8.1/templates/default/tags/html/tag.erb
/usr/lib/ruby/gems/1.9.1/gems/yard-0.8.1/templates/default/tags/setup.rb
/usr/lib/ruby/gems/1.9.1/gems/yard-0.8.1/templates/default/tags/text/example.erb
/usr/lib/ruby/gems/1.9.1/gems/yard-0.8.1/templates/default/tags/text/index.erb
/usr/lib/ruby/gems/1.9.1/gems/yard-0.8.1/templates/default/tags/text/option.erb
/usr/lib/ruby/gems/1.9.1/gems/yard-0.8.1/templates/default/tags/text/overload.erb
/usr/lib/ruby/gems/1.9.1/gems/yard-0.8.1/templates/default/tags/text/see.erb
/usr/lib/ruby/gems/1.9.1/gems/yard-0.8.1/templates/default/tags/text/tag.erb
/usr/lib/ruby/gems/1.9.1/gems/yard-0.8.1/templates/guide/class/html/setup.rb
/usr/lib/ruby/gems/1.9.1/gems/yard-0.8.1/templates/guide/docstring/html/setup.rb
/usr/lib/ruby/gems/1.9.1/gems/yard-0.8.1/templates/guide/fulldoc/html/css/style.css
/usr/lib/ruby/gems/1.9.1/gems/yard-0.8.1/templates/guide/fulldoc/html/js/app.js
/usr/lib/ruby/gems/1.9.1/gems/yard-0.8.1/templates/guide/fulldoc/html/setup.rb
/usr/lib/ruby/gems/1.9.1/gems/yard-0.8.1/templates/guide/layout/html/layout.erb
/usr/lib/ruby/gems/1.9.1/gems/yard-0.8.1/templates/guide/layout/html/setup.rb
/usr/lib/ruby/gems/1.9.1/gems/yard-0.8.1/templates/guide/method/html/header.erb
/usr/lib/ruby/gems/1.9.1/gems/yard-0.8.1/templates/guide/method/html/setup.rb
/usr/lib/ruby/gems/1.9.1/gems/yard-0.8.1/templates/guide/module/html/header.erb
/usr/lib/ruby/gems/1.9.1/gems/yard-0.8.1/templates/guide/module/html/method_list.erb
/usr/lib/ruby/gems/1.9.1/gems/yard-0.8.1/templates/guide/module/html/setup.rb
/usr/lib/ruby/gems/1.9.1/gems/yard-0.8.1/templates/guide/tags/html/setup.rb
/usr/lib/ruby/gems/1.9.1/specifications/yard-0.8.1.gemspec

/usr/bin/convert_to_should_syntax
/usr/lib/ruby/gems/1.9.1/gems/shoulda-2.11.3/bin/convert_to_should_syntax
/usr/lib/ruby/gems/1.9.1/gems/shoulda-2.11.3/lib/shoulda.rb
/usr/lib/ruby/gems/1.9.1/gems/shoulda-2.11.3/lib/shoulda/action_controller.rb
/usr/lib/ruby/gems/1.9.1/gems/shoulda-2.11.3/lib/shoulda/action_controller/macros.rb
/usr/lib/ruby/gems/1.9.1/gems/shoulda-2.11.3/lib/shoulda/action_controller/matchers.rb
/usr/lib/ruby/gems/1.9.1/gems/shoulda-2.11.3/lib/shoulda/action_controller/matchers/assign_to_matcher.rb
/usr/lib/ruby/gems/1.9.1/gems/shoulda-2.11.3/lib/shoulda/action_controller/matchers/filter_param_matcher.rb
/usr/lib/ruby/gems/1.9.1/gems/shoulda-2.11.3/lib/shoulda/action_controller/matchers/redirect_to_matcher.rb
/usr/lib/ruby/gems/1.9.1/gems/shoulda-2.11.3/lib/shoulda/action_controller/matchers/render_template_matcher.rb
/usr/lib/ruby/gems/1.9.1/gems/shoulda-2.11.3/lib/shoulda/action_controller/matchers/render_with_layout_matcher.rb
/usr/lib/ruby/gems/1.9.1/gems/shoulda-2.11.3/lib/shoulda/action_controller/matchers/respond_with_content_type_matcher.rb
/usr/lib/ruby/gems/1.9.1/gems/shoulda-2.11.3/lib/shoulda/action_controller/matchers/respond_with_matcher.rb
/usr/lib/ruby/gems/1.9.1/gems/shoulda-2.11.3/lib/shoulda/action_controller/matchers/route_matcher.rb
/usr/lib/ruby/gems/1.9.1/gems/shoulda-2.11.3/lib/shoulda/action_controller/matchers/set_session_matcher.rb
/usr/lib/ruby/gems/1.9.1/gems/shoulda-2.11.3/lib/shoulda/action_controller/matchers/set_the_flash_matcher.rb
/usr/lib/ruby/gems/1.9.1/gems/shoulda-2.11.3/lib/shoulda/action_mailer.rb
/usr/lib/ruby/gems/1.9.1/gems/shoulda-2.11.3/lib/shoulda/action_mailer/assertions.rb
/usr/lib/ruby/gems/1.9.1/gems/shoulda-2.11.3/lib/shoulda/action_mailer/matchers.rb
/usr/lib/ruby/gems/1.9.1/gems/shoulda-2.11.3/lib/shoulda/action_mailer/matchers/have_sent_email.rb
/usr/lib/ruby/gems/1.9.1/gems/shoulda-2.11.3/lib/shoulda/active_record.rb
/usr/lib/ruby/gems/1.9.1/gems/shoulda-2.11.3/lib/shoulda/active_record/assertions.rb
/usr/lib/ruby/gems/1.9.1/gems/shoulda-2.11.3/lib/shoulda/active_record/helpers.rb
/usr/lib/ruby/gems/1.9.1/gems/shoulda-2.11.3/lib/shoulda/active_record/macros.rb
/usr/lib/ruby/gems/1.9.1/gems/shoulda-2.11.3/lib/shoulda/active_record/matchers.rb
/usr/lib/ruby/gems/1.9.1/gems/shoulda-2.11.3/lib/shoulda/active_record/matchers/allow_mass_assignment_of_matcher.rb
/usr/lib/ruby/gems/1.9.1/gems/shoulda-2.11.3/lib/shoulda/active_record/matchers/allow_value_matcher.rb
/usr/lib/ruby/gems/1.9.1/gems/shoulda-2.11.3/lib/shoulda/active_record/matchers/association_matcher.rb
/usr/lib/ruby/gems/1.9.1/gems/shoulda-2.11.3/lib/shoulda/active_record/matchers/ensure_inclusion_of_matcher.rb
/usr/lib/ruby/gems/1.9.1/gems/shoulda-2.11.3/lib/shoulda/active_record/matchers/ensure_length_of_matcher.rb
/usr/lib/ruby/gems/1.9.1/gems/shoulda-2.11.3/lib/shoulda/active_record/matchers/have_db_column_matcher.rb
/usr/lib/ruby/gems/1.9.1/gems/shoulda-2.11.3/lib/shoulda/active_record/matchers/have_db_index_matcher.rb
/usr/lib/ruby/gems/1.9.1/gems/shoulda-2.11.3/lib/shoulda/active_record/matchers/have_readonly_attribute_matcher.rb
/usr/lib/ruby/gems/1.9.1/gems/shoulda-2.11.3/lib/shoulda/active_record/matchers/validate_acceptance_of_matcher.rb
/usr/lib/ruby/gems/1.9.1/gems/shoulda-2.11.3/lib/shoulda/active_record/matchers/validate_format_of_matcher.rb
/usr/lib/ruby/gems/1.9.1/gems/shoulda-2.11.3/lib/shoulda/active_record/matchers/validate_numericality_of_matcher.rb
/usr/lib/ruby/gems/1.9.1/gems/shoulda-2.11.3/lib/shoulda/active_record/matchers/validate_presence_of_matcher.rb
/usr/lib/ruby/gems/1.9.1/gems/shoulda-2.11.3/lib/shoulda/active_record/matchers/validate_uniqueness_of_matcher.rb
/usr/lib/ruby/gems/1.9.1/gems/shoulda-2.11.3/lib/shoulda/active_record/matchers/validation_matcher.rb
/usr/lib/ruby/gems/1.9.1/gems/shoulda-2.11.3/lib/shoulda/assertions.rb
/usr/lib/ruby/gems/1.9.1/gems/shoulda-2.11.3/lib/shoulda/autoload_macros.rb
/usr/lib/ruby/gems/1.9.1/gems/shoulda-2.11.3/lib/shoulda/context.rb
/usr/lib/ruby/gems/1.9.1/gems/shoulda-2.11.3/lib/shoulda/helpers.rb
/usr/lib/ruby/gems/1.9.1/gems/shoulda-2.11.3/lib/shoulda/integrations/rspec.rb
/usr/lib/ruby/gems/1.9.1/gems/shoulda-2.11.3/lib/shoulda/integrations/rspec2.rb
/usr/lib/ruby/gems/1.9.1/gems/shoulda-2.11.3/lib/shoulda/integrations/test_unit.rb
/usr/lib/ruby/gems/1.9.1/gems/shoulda-2.11.3/lib/shoulda/macros.rb
/usr/lib/ruby/gems/1.9.1/gems/shoulda-2.11.3/lib/shoulda/private_helpers.rb
/usr/lib/ruby/gems/1.9.1/gems/shoulda-2.11.3/lib/shoulda/proc_extensions.rb
/usr/lib/ruby/gems/1.9.1/gems/shoulda-2.11.3/lib/shoulda/rails.rb
/usr/lib/ruby/gems/1.9.1/gems/shoulda-2.11.3/lib/shoulda/tasks.rb
/usr/lib/ruby/gems/1.9.1/gems/shoulda-2.11.3/lib/shoulda/tasks/list_tests.rake
/usr/lib/ruby/gems/1.9.1/gems/shoulda-2.11.3/lib/shoulda/tasks/yaml_to_shoulda.rake
/usr/lib/ruby/gems/1.9.1/gems/shoulda-2.11.3/lib/shoulda/version.rb
/usr/lib/ruby/gems/1.9.1/specifications/shoulda-2.11.3.gemspec

# coderay
/usr/bin/coderay
/usr/lib/ruby/gems/1.9.1/gems/coderay-1.0.6/bin/coderay
/usr/lib/ruby/gems/1.9.1/gems/coderay-1.0.6/lib/coderay.rb
/usr/lib/ruby/gems/1.9.1/gems/coderay-1.0.6/lib/coderay/duo.rb
/usr/lib/ruby/gems/1.9.1/gems/coderay-1.0.6/lib/coderay/encoder.rb
/usr/lib/ruby/gems/1.9.1/gems/coderay-1.0.6/lib/coderay/encoders/_map.rb
/usr/lib/ruby/gems/1.9.1/gems/coderay-1.0.6/lib/coderay/encoders/comment_filter.rb
/usr/lib/ruby/gems/1.9.1/gems/coderay-1.0.6/lib/coderay/encoders/count.rb
/usr/lib/ruby/gems/1.9.1/gems/coderay-1.0.6/lib/coderay/encoders/debug.rb
/usr/lib/ruby/gems/1.9.1/gems/coderay-1.0.6/lib/coderay/encoders/div.rb
/usr/lib/ruby/gems/1.9.1/gems/coderay-1.0.6/lib/coderay/encoders/filter.rb
/usr/lib/ruby/gems/1.9.1/gems/coderay-1.0.6/lib/coderay/encoders/html.rb
/usr/lib/ruby/gems/1.9.1/gems/coderay-1.0.6/lib/coderay/encoders/html/css.rb
/usr/lib/ruby/gems/1.9.1/gems/coderay-1.0.6/lib/coderay/encoders/html/numbering.rb
/usr/lib/ruby/gems/1.9.1/gems/coderay-1.0.6/lib/coderay/encoders/html/output.rb
/usr/lib/ruby/gems/1.9.1/gems/coderay-1.0.6/lib/coderay/encoders/json.rb
/usr/lib/ruby/gems/1.9.1/gems/coderay-1.0.6/lib/coderay/encoders/lines_of_code.rb
/usr/lib/ruby/gems/1.9.1/gems/coderay-1.0.6/lib/coderay/encoders/null.rb
/usr/lib/ruby/gems/1.9.1/gems/coderay-1.0.6/lib/coderay/encoders/page.rb
/usr/lib/ruby/gems/1.9.1/gems/coderay-1.0.6/lib/coderay/encoders/span.rb
/usr/lib/ruby/gems/1.9.1/gems/coderay-1.0.6/lib/coderay/encoders/statistic.rb
/usr/lib/ruby/gems/1.9.1/gems/coderay-1.0.6/lib/coderay/encoders/terminal.rb
/usr/lib/ruby/gems/1.9.1/gems/coderay-1.0.6/lib/coderay/encoders/text.rb
/usr/lib/ruby/gems/1.9.1/gems/coderay-1.0.6/lib/coderay/encoders/token_kind_filter.rb
/usr/lib/ruby/gems/1.9.1/gems/coderay-1.0.6/lib/coderay/encoders/xml.rb
/usr/lib/ruby/gems/1.9.1/gems/coderay-1.0.6/lib/coderay/encoders/yaml.rb
/usr/lib/ruby/gems/1.9.1/gems/coderay-1.0.6/lib/coderay/for_redcloth.rb
/usr/lib/ruby/gems/1.9.1/gems/coderay-1.0.6/lib/coderay/helpers/file_type.rb
/usr/lib/ruby/gems/1.9.1/gems/coderay-1.0.6/lib/coderay/helpers/gzip.rb
/usr/lib/ruby/gems/1.9.1/gems/coderay-1.0.6/lib/coderay/helpers/plugin.rb
/usr/lib/ruby/gems/1.9.1/gems/coderay-1.0.6/lib/coderay/helpers/word_list.rb
/usr/lib/ruby/gems/1.9.1/gems/coderay-1.0.6/lib/coderay/scanner.rb
/usr/lib/ruby/gems/1.9.1/gems/coderay-1.0.6/lib/coderay/scanners/_map.rb
/usr/lib/ruby/gems/1.9.1/gems/coderay-1.0.6/lib/coderay/scanners/c.rb
/usr/lib/ruby/gems/1.9.1/gems/coderay-1.0.6/lib/coderay/scanners/clojure.rb
/usr/lib/ruby/gems/1.9.1/gems/coderay-1.0.6/lib/coderay/scanners/cpp.rb
/usr/lib/ruby/gems/1.9.1/gems/coderay-1.0.6/lib/coderay/scanners/css.rb
/usr/lib/ruby/gems/1.9.1/gems/coderay-1.0.6/lib/coderay/scanners/debug.rb
/usr/lib/ruby/gems/1.9.1/gems/coderay-1.0.6/lib/coderay/scanners/delphi.rb
/usr/lib/ruby/gems/1.9.1/gems/coderay-1.0.6/lib/coderay/scanners/diff.rb
/usr/lib/ruby/gems/1.9.1/gems/coderay-1.0.6/lib/coderay/scanners/erb.rb
/usr/lib/ruby/gems/1.9.1/gems/coderay-1.0.6/lib/coderay/scanners/groovy.rb
/usr/lib/ruby/gems/1.9.1/gems/coderay-1.0.6/lib/coderay/scanners/haml.rb
/usr/lib/ruby/gems/1.9.1/gems/coderay-1.0.6/lib/coderay/scanners/html.rb
/usr/lib/ruby/gems/1.9.1/gems/coderay-1.0.6/lib/coderay/scanners/java.rb
/usr/lib/ruby/gems/1.9.1/gems/coderay-1.0.6/lib/coderay/scanners/java/builtin_types.rb
/usr/lib/ruby/gems/1.9.1/gems/coderay-1.0.6/lib/coderay/scanners/java_script.rb
/usr/lib/ruby/gems/1.9.1/gems/coderay-1.0.6/lib/coderay/scanners/json.rb
/usr/lib/ruby/gems/1.9.1/gems/coderay-1.0.6/lib/coderay/scanners/php.rb
/usr/lib/ruby/gems/1.9.1/gems/coderay-1.0.6/lib/coderay/scanners/python.rb
/usr/lib/ruby/gems/1.9.1/gems/coderay-1.0.6/lib/coderay/scanners/raydebug.rb
/usr/lib/ruby/gems/1.9.1/gems/coderay-1.0.6/lib/coderay/scanners/ruby.rb
/usr/lib/ruby/gems/1.9.1/gems/coderay-1.0.6/lib/coderay/scanners/ruby/patterns.rb
/usr/lib/ruby/gems/1.9.1/gems/coderay-1.0.6/lib/coderay/scanners/ruby/string_state.rb
/usr/lib/ruby/gems/1.9.1/gems/coderay-1.0.6/lib/coderay/scanners/sql.rb
/usr/lib/ruby/gems/1.9.1/gems/coderay-1.0.6/lib/coderay/scanners/text.rb
/usr/lib/ruby/gems/1.9.1/gems/coderay-1.0.6/lib/coderay/scanners/xml.rb
/usr/lib/ruby/gems/1.9.1/gems/coderay-1.0.6/lib/coderay/scanners/yaml.rb
/usr/lib/ruby/gems/1.9.1/gems/coderay-1.0.6/lib/coderay/style.rb
/usr/lib/ruby/gems/1.9.1/gems/coderay-1.0.6/lib/coderay/styles/_map.rb
/usr/lib/ruby/gems/1.9.1/gems/coderay-1.0.6/lib/coderay/styles/alpha.rb
/usr/lib/ruby/gems/1.9.1/gems/coderay-1.0.6/lib/coderay/token_kinds.rb
/usr/lib/ruby/gems/1.9.1/gems/coderay-1.0.6/lib/coderay/tokens.rb
/usr/lib/ruby/gems/1.9.1/gems/coderay-1.0.6/lib/coderay/tokens_proxy.rb
/usr/lib/ruby/gems/1.9.1/gems/coderay-1.0.6/lib/coderay/version.rb
/usr/lib/ruby/gems/1.9.1/specifications/coderay-1.0.6.gemspec

# prototype-rails
#copy redmine/prototype-rails-3.2.1.gem /prototype-rails.gem
#chrootexec gem install -l /prototype-rails.gem && rm /prototype-rails.gem

# fastercsv
#copy redmine/fastercsv-1.5.5.gem /fastercsv.gem
#chrootexec gem install -l /fastercsv.gem && rm /fastercsv.gem

# net-ldap (couldn't install via emerge)
#copy redmine/net-ldap-0.3.1.gem /net-ldap.gem
#chrootexec gem install -l /net-ldap.gem && rm /net-ldap.gem

# ruby-openid
#copy redmine/ruby-openid-2.1.8.gem /ruby-openid.gem
#chrootexec gem install -l /ruby-openid.gem && rm /ruby-openid.gem

# rack-openid
#copy redmine/rack-openid-1.3.1.gem /rack-openid.gem
#chrootexec gem install -l /rack-openid.gem && rm /rack-openid.gem
