# ruby
#detectarch /usr/bin/ruby
/usr/bin/erb19
#symlink /usr/bin/erb erb19
/usr/bin/irb19
#symlink /usr/bin/irb irb19
/usr/bin/ruby19
#symlink /usr/bin/ruby ruby19
/usr/bin/testrb19
/usr/lib/ruby/1.9.1/English.rb
/usr/lib/ruby/1.9.1/abbrev.rb
/usr/lib/ruby/1.9.1/base64.rb
/usr/lib/ruby/1.9.1/benchmark.rb
/usr/lib/ruby/1.9.1/bigdecimal/jacobian.rb
/usr/lib/ruby/1.9.1/bigdecimal/ludcmp.rb
/usr/lib/ruby/1.9.1/bigdecimal/math.rb
/usr/lib/ruby/1.9.1/bigdecimal/newton.rb
/usr/lib/ruby/1.9.1/bigdecimal/util.rb
/usr/lib/ruby/1.9.1/cgi.rb
/usr/lib/ruby/1.9.1/cgi/cookie.rb
/usr/lib/ruby/1.9.1/cgi/core.rb
/usr/lib/ruby/1.9.1/cgi/html.rb
/usr/lib/ruby/1.9.1/cgi/session.rb
/usr/lib/ruby/1.9.1/cgi/session/pstore.rb
/usr/lib/ruby/1.9.1/cgi/util.rb
/usr/lib/ruby/1.9.1/cmath.rb
/usr/lib/ruby/1.9.1/complex.rb
/usr/lib/ruby/1.9.1/csv.rb
/usr/lib/ruby/1.9.1/date.rb
/usr/lib/ruby/1.9.1/date/format.rb
/usr/lib/ruby/1.9.1/debug.rb
/usr/lib/ruby/1.9.1/delegate.rb
/usr/lib/ruby/1.9.1/digest.rb
/usr/lib/ruby/1.9.1/digest/hmac.rb
/usr/lib/ruby/1.9.1/digest/sha2.rb
/usr/lib/ruby/1.9.1/dl.rb
/usr/lib/ruby/1.9.1/dl/callback.rb
/usr/lib/ruby/1.9.1/dl/cparser.rb
/usr/lib/ruby/1.9.1/dl/func.rb
/usr/lib/ruby/1.9.1/dl/import.rb
/usr/lib/ruby/1.9.1/dl/pack.rb
/usr/lib/ruby/1.9.1/dl/stack.rb
/usr/lib/ruby/1.9.1/dl/struct.rb
/usr/lib/ruby/1.9.1/dl/types.rb
/usr/lib/ruby/1.9.1/dl/value.rb
/usr/lib/ruby/1.9.1/drb.rb
/usr/lib/ruby/1.9.1/drb/acl.rb
/usr/lib/ruby/1.9.1/drb/drb.rb
/usr/lib/ruby/1.9.1/drb/eq.rb
/usr/lib/ruby/1.9.1/drb/extserv.rb
/usr/lib/ruby/1.9.1/drb/extservm.rb
/usr/lib/ruby/1.9.1/drb/gw.rb
/usr/lib/ruby/1.9.1/drb/invokemethod.rb
/usr/lib/ruby/1.9.1/drb/observer.rb
/usr/lib/ruby/1.9.1/drb/ssl.rb
/usr/lib/ruby/1.9.1/drb/timeridconv.rb
/usr/lib/ruby/1.9.1/drb/unix.rb
/usr/lib/ruby/1.9.1/e2mmap.rb
/usr/lib/ruby/1.9.1/erb.rb
/usr/lib/ruby/1.9.1/expect.rb
/usr/lib/ruby/1.9.1/fiddle.rb
/usr/lib/ruby/1.9.1/fiddle/closure.rb
/usr/lib/ruby/1.9.1/fiddle/function.rb
/usr/lib/ruby/1.9.1/fileutils.rb
/usr/lib/ruby/1.9.1/find.rb
/usr/lib/ruby/1.9.1/forwardable.rb
/usr/lib/ruby/1.9.1/getoptlong.rb
/usr/lib/ruby/1.9.1/gserver.rb
/usr/lib/ruby/1.9.1/$(ARCH)-linux/bigdecimal.so
/usr/lib/ruby/1.9.1/$(ARCH)-linux/continuation.so
/usr/lib/ruby/1.9.1/$(ARCH)-linux/coverage.so
/usr/lib/ruby/1.9.1/$(ARCH)-linux/curses.so
/usr/lib/ruby/1.9.1/$(ARCH)-linux/date_core.so
/usr/lib/ruby/1.9.1/$(ARCH)-linux/dbm.so
/usr/lib/ruby/1.9.1/$(ARCH)-linux/digest.so
/usr/lib/ruby/1.9.1/$(ARCH)-linux/digest/bubblebabble.so
/usr/lib/ruby/1.9.1/$(ARCH)-linux/digest/md5.so
/usr/lib/ruby/1.9.1/$(ARCH)-linux/digest/rmd160.so
/usr/lib/ruby/1.9.1/$(ARCH)-linux/digest/sha1.so
/usr/lib/ruby/1.9.1/$(ARCH)-linux/digest/sha2.so
/usr/lib/ruby/1.9.1/$(ARCH)-linux/dl.so
/usr/lib/ruby/1.9.1/$(ARCH)-linux/dl/callback.so
/usr/lib/ruby/1.9.1/$(ARCH)-linux/enc/big5.so
/usr/lib/ruby/1.9.1/$(ARCH)-linux/enc/cp949.so
/usr/lib/ruby/1.9.1/$(ARCH)-linux/enc/emacs_mule.so
/usr/lib/ruby/1.9.1/$(ARCH)-linux/enc/encdb.so
/usr/lib/ruby/1.9.1/$(ARCH)-linux/enc/euc_jp.so
/usr/lib/ruby/1.9.1/$(ARCH)-linux/enc/euc_kr.so
/usr/lib/ruby/1.9.1/$(ARCH)-linux/enc/euc_tw.so
/usr/lib/ruby/1.9.1/$(ARCH)-linux/enc/gb18030.so
/usr/lib/ruby/1.9.1/$(ARCH)-linux/enc/gb2312.so
/usr/lib/ruby/1.9.1/$(ARCH)-linux/enc/gbk.so
/usr/lib/ruby/1.9.1/$(ARCH)-linux/enc/iso_8859_1.so
/usr/lib/ruby/1.9.1/$(ARCH)-linux/enc/iso_8859_10.so
/usr/lib/ruby/1.9.1/$(ARCH)-linux/enc/iso_8859_11.so
/usr/lib/ruby/1.9.1/$(ARCH)-linux/enc/iso_8859_13.so
/usr/lib/ruby/1.9.1/$(ARCH)-linux/enc/iso_8859_14.so
/usr/lib/ruby/1.9.1/$(ARCH)-linux/enc/iso_8859_15.so
/usr/lib/ruby/1.9.1/$(ARCH)-linux/enc/iso_8859_16.so
/usr/lib/ruby/1.9.1/$(ARCH)-linux/enc/iso_8859_2.so
/usr/lib/ruby/1.9.1/$(ARCH)-linux/enc/iso_8859_3.so
/usr/lib/ruby/1.9.1/$(ARCH)-linux/enc/iso_8859_4.so
/usr/lib/ruby/1.9.1/$(ARCH)-linux/enc/iso_8859_5.so
/usr/lib/ruby/1.9.1/$(ARCH)-linux/enc/iso_8859_6.so
/usr/lib/ruby/1.9.1/$(ARCH)-linux/enc/iso_8859_7.so
/usr/lib/ruby/1.9.1/$(ARCH)-linux/enc/iso_8859_8.so
/usr/lib/ruby/1.9.1/$(ARCH)-linux/enc/iso_8859_9.so
/usr/lib/ruby/1.9.1/$(ARCH)-linux/enc/koi8_r.so
/usr/lib/ruby/1.9.1/$(ARCH)-linux/enc/koi8_u.so
/usr/lib/ruby/1.9.1/$(ARCH)-linux/enc/shift_jis.so
/usr/lib/ruby/1.9.1/$(ARCH)-linux/enc/trans/big5.so
/usr/lib/ruby/1.9.1/$(ARCH)-linux/enc/trans/chinese.so
/usr/lib/ruby/1.9.1/$(ARCH)-linux/enc/trans/emoji.so
/usr/lib/ruby/1.9.1/$(ARCH)-linux/enc/trans/emoji_iso2022_kddi.so
/usr/lib/ruby/1.9.1/$(ARCH)-linux/enc/trans/emoji_sjis_docomo.so
/usr/lib/ruby/1.9.1/$(ARCH)-linux/enc/trans/emoji_sjis_kddi.so
/usr/lib/ruby/1.9.1/$(ARCH)-linux/enc/trans/emoji_sjis_softbank.so
/usr/lib/ruby/1.9.1/$(ARCH)-linux/enc/trans/escape.so
/usr/lib/ruby/1.9.1/$(ARCH)-linux/enc/trans/gb18030.so
/usr/lib/ruby/1.9.1/$(ARCH)-linux/enc/trans/gbk.so
/usr/lib/ruby/1.9.1/$(ARCH)-linux/enc/trans/iso2022.so
/usr/lib/ruby/1.9.1/$(ARCH)-linux/enc/trans/japanese.so
/usr/lib/ruby/1.9.1/$(ARCH)-linux/enc/trans/japanese_euc.so
/usr/lib/ruby/1.9.1/$(ARCH)-linux/enc/trans/japanese_sjis.so
/usr/lib/ruby/1.9.1/$(ARCH)-linux/enc/trans/korean.so
/usr/lib/ruby/1.9.1/$(ARCH)-linux/enc/trans/single_byte.so
/usr/lib/ruby/1.9.1/$(ARCH)-linux/enc/trans/transdb.so
/usr/lib/ruby/1.9.1/$(ARCH)-linux/enc/trans/utf8_mac.so
/usr/lib/ruby/1.9.1/$(ARCH)-linux/enc/trans/utf_16_32.so
/usr/lib/ruby/1.9.1/$(ARCH)-linux/enc/utf_16be.so
/usr/lib/ruby/1.9.1/$(ARCH)-linux/enc/utf_16le.so
/usr/lib/ruby/1.9.1/$(ARCH)-linux/enc/utf_32be.so
/usr/lib/ruby/1.9.1/$(ARCH)-linux/enc/utf_32le.so
/usr/lib/ruby/1.9.1/$(ARCH)-linux/enc/windows_1251.so
/usr/lib/ruby/1.9.1/$(ARCH)-linux/etc.so
/usr/lib/ruby/1.9.1/$(ARCH)-linux/fcntl.so
/usr/lib/ruby/1.9.1/$(ARCH)-linux/fiber.so
/usr/lib/ruby/1.9.1/$(ARCH)-linux/fiddle.so
/usr/lib/ruby/1.9.1/$(ARCH)-linux/gdbm.so
/usr/lib/ruby/1.9.1/$(ARCH)-linux/iconv.so
/usr/lib/ruby/1.9.1/$(ARCH)-linux/io/console.so
/usr/lib/ruby/1.9.1/$(ARCH)-linux/io/nonblock.so
/usr/lib/ruby/1.9.1/$(ARCH)-linux/io/wait.so
/usr/lib/ruby/1.9.1/$(ARCH)-linux/mathn/complex.so
/usr/lib/ruby/1.9.1/$(ARCH)-linux/mathn/rational.so
/usr/lib/ruby/1.9.1/$(ARCH)-linux/nkf.so
/usr/lib/ruby/1.9.1/$(ARCH)-linux/objspace.so
/usr/lib/ruby/1.9.1/$(ARCH)-linux/openssl.so
/usr/lib/ruby/1.9.1/$(ARCH)-linux/pathname.so
/usr/lib/ruby/1.9.1/$(ARCH)-linux/psych.so
/usr/lib/ruby/1.9.1/$(ARCH)-linux/pty.so
/usr/lib/ruby/1.9.1/$(ARCH)-linux/racc/cparse.so
/usr/lib/ruby/1.9.1/$(ARCH)-linux/rbconfig.rb
/usr/lib/ruby/1.9.1/$(ARCH)-linux/readline.so
/usr/lib/ruby/1.9.1/$(ARCH)-linux/ripper.so
/usr/lib/ruby/1.9.1/$(ARCH)-linux/sdbm.so
/usr/lib/ruby/1.9.1/$(ARCH)-linux/socket.so
/usr/lib/ruby/1.9.1/$(ARCH)-linux/stringio.so
/usr/lib/ruby/1.9.1/$(ARCH)-linux/strscan.so
/usr/lib/ruby/1.9.1/$(ARCH)-linux/syck.so
/usr/lib/ruby/1.9.1/$(ARCH)-linux/syslog.so
/usr/lib/ruby/1.9.1/$(ARCH)-linux/zlib.so
/usr/lib/ruby/1.9.1/io/console/size.rb
/usr/lib/ruby/1.9.1/ipaddr.rb
/usr/lib/ruby/1.9.1/irb.rb
/usr/lib/ruby/1.9.1/irb/cmd/chws.rb
/usr/lib/ruby/1.9.1/irb/cmd/fork.rb
/usr/lib/ruby/1.9.1/irb/cmd/help.rb
/usr/lib/ruby/1.9.1/irb/cmd/load.rb
/usr/lib/ruby/1.9.1/irb/cmd/nop.rb
/usr/lib/ruby/1.9.1/irb/cmd/pushws.rb
/usr/lib/ruby/1.9.1/irb/cmd/subirb.rb
/usr/lib/ruby/1.9.1/irb/completion.rb
/usr/lib/ruby/1.9.1/irb/context.rb
/usr/lib/ruby/1.9.1/irb/ext/change-ws.rb
/usr/lib/ruby/1.9.1/irb/ext/history.rb
/usr/lib/ruby/1.9.1/irb/ext/loader.rb
/usr/lib/ruby/1.9.1/irb/ext/math-mode.rb
/usr/lib/ruby/1.9.1/irb/ext/multi-irb.rb
/usr/lib/ruby/1.9.1/irb/ext/save-history.rb
/usr/lib/ruby/1.9.1/irb/ext/tracer.rb
/usr/lib/ruby/1.9.1/irb/ext/use-loader.rb
/usr/lib/ruby/1.9.1/irb/ext/workspaces.rb
/usr/lib/ruby/1.9.1/irb/extend-command.rb
/usr/lib/ruby/1.9.1/irb/frame.rb
/usr/lib/ruby/1.9.1/irb/help.rb
/usr/lib/ruby/1.9.1/irb/init.rb
/usr/lib/ruby/1.9.1/irb/input-method.rb
/usr/lib/ruby/1.9.1/irb/inspector.rb
/usr/lib/ruby/1.9.1/irb/lc/error.rb
/usr/lib/ruby/1.9.1/irb/lc/help-message
/usr/lib/ruby/1.9.1/irb/lc/ja/encoding_aliases.rb
/usr/lib/ruby/1.9.1/irb/lc/ja/error.rb
/usr/lib/ruby/1.9.1/irb/lc/ja/help-message
/usr/lib/ruby/1.9.1/irb/locale.rb
/usr/lib/ruby/1.9.1/irb/magic-file.rb
/usr/lib/ruby/1.9.1/irb/notifier.rb
/usr/lib/ruby/1.9.1/irb/output-method.rb
/usr/lib/ruby/1.9.1/irb/ruby-lex.rb
/usr/lib/ruby/1.9.1/irb/ruby-token.rb
/usr/lib/ruby/1.9.1/irb/slex.rb
/usr/lib/ruby/1.9.1/irb/src_encoding.rb
/usr/lib/ruby/1.9.1/irb/version.rb
/usr/lib/ruby/1.9.1/irb/workspace.rb
/usr/lib/ruby/1.9.1/irb/ws-for-case-2.rb
/usr/lib/ruby/1.9.1/irb/xmp.rb
/usr/lib/ruby/1.9.1/kconv.rb
/usr/lib/ruby/1.9.1/logger.rb
/usr/lib/ruby/1.9.1/mathn.rb
/usr/lib/ruby/1.9.1/matrix.rb
/usr/lib/ruby/1.9.1/matrix/eigenvalue_decomposition.rb
/usr/lib/ruby/1.9.1/matrix/lup_decomposition.rb
/usr/lib/ruby/1.9.1/minitest/autorun.rb
/usr/lib/ruby/1.9.1/minitest/benchmark.rb
/usr/lib/ruby/1.9.1/minitest/mock.rb
/usr/lib/ruby/1.9.1/minitest/pride.rb
/usr/lib/ruby/1.9.1/minitest/spec.rb
/usr/lib/ruby/1.9.1/minitest/unit.rb
/usr/lib/ruby/1.9.1/mkmf.rb
/usr/lib/ruby/1.9.1/monitor.rb
/usr/lib/ruby/1.9.1/mutex_m.rb
/usr/lib/ruby/1.9.1/net/ftp.rb
/usr/lib/ruby/1.9.1/net/http.rb
/usr/lib/ruby/1.9.1/net/https.rb
/usr/lib/ruby/1.9.1/net/imap.rb
/usr/lib/ruby/1.9.1/net/pop.rb
/usr/lib/ruby/1.9.1/net/protocol.rb
/usr/lib/ruby/1.9.1/net/smtp.rb
/usr/lib/ruby/1.9.1/net/telnet.rb
/usr/lib/ruby/1.9.1/observer.rb
/usr/lib/ruby/1.9.1/open-uri.rb
/usr/lib/ruby/1.9.1/open3.rb
/usr/lib/ruby/1.9.1/openssl.rb
/usr/lib/ruby/1.9.1/openssl/bn.rb
/usr/lib/ruby/1.9.1/openssl/buffering.rb
/usr/lib/ruby/1.9.1/openssl/cipher.rb
/usr/lib/ruby/1.9.1/openssl/config.rb
/usr/lib/ruby/1.9.1/openssl/digest.rb
/usr/lib/ruby/1.9.1/openssl/ssl-internal.rb
/usr/lib/ruby/1.9.1/openssl/ssl.rb
/usr/lib/ruby/1.9.1/openssl/x509-internal.rb
/usr/lib/ruby/1.9.1/openssl/x509.rb
/usr/lib/ruby/1.9.1/optparse.rb
/usr/lib/ruby/1.9.1/optparse/date.rb
/usr/lib/ruby/1.9.1/optparse/shellwords.rb
/usr/lib/ruby/1.9.1/optparse/time.rb
/usr/lib/ruby/1.9.1/optparse/uri.rb
/usr/lib/ruby/1.9.1/optparse/version.rb
/usr/lib/ruby/1.9.1/ostruct.rb
/usr/lib/ruby/1.9.1/pathname.rb
/usr/lib/ruby/1.9.1/pp.rb
/usr/lib/ruby/1.9.1/prettyprint.rb
/usr/lib/ruby/1.9.1/prime.rb
/usr/lib/ruby/1.9.1/profile.rb
/usr/lib/ruby/1.9.1/profiler.rb
/usr/lib/ruby/1.9.1/pstore.rb
/usr/lib/ruby/1.9.1/psych.rb
/usr/lib/ruby/1.9.1/psych/coder.rb
/usr/lib/ruby/1.9.1/psych/core_ext.rb
/usr/lib/ruby/1.9.1/psych/deprecated.rb
/usr/lib/ruby/1.9.1/psych/handler.rb
/usr/lib/ruby/1.9.1/psych/handlers/document_stream.rb
/usr/lib/ruby/1.9.1/psych/json/ruby_events.rb
/usr/lib/ruby/1.9.1/psych/json/stream.rb
/usr/lib/ruby/1.9.1/psych/json/tree_builder.rb
/usr/lib/ruby/1.9.1/psych/json/yaml_events.rb
/usr/lib/ruby/1.9.1/psych/nodes.rb
/usr/lib/ruby/1.9.1/psych/nodes/alias.rb
/usr/lib/ruby/1.9.1/psych/nodes/document.rb
/usr/lib/ruby/1.9.1/psych/nodes/mapping.rb
/usr/lib/ruby/1.9.1/psych/nodes/node.rb
/usr/lib/ruby/1.9.1/psych/nodes/scalar.rb
/usr/lib/ruby/1.9.1/psych/nodes/sequence.rb
/usr/lib/ruby/1.9.1/psych/nodes/stream.rb
/usr/lib/ruby/1.9.1/psych/omap.rb
/usr/lib/ruby/1.9.1/psych/parser.rb
/usr/lib/ruby/1.9.1/psych/scalar_scanner.rb
/usr/lib/ruby/1.9.1/psych/set.rb
/usr/lib/ruby/1.9.1/psych/stream.rb
/usr/lib/ruby/1.9.1/psych/streaming.rb
/usr/lib/ruby/1.9.1/psych/syntax_error.rb
/usr/lib/ruby/1.9.1/psych/tree_builder.rb
/usr/lib/ruby/1.9.1/psych/visitors.rb
/usr/lib/ruby/1.9.1/psych/visitors/depth_first.rb
/usr/lib/ruby/1.9.1/psych/visitors/emitter.rb
/usr/lib/ruby/1.9.1/psych/visitors/json_tree.rb
/usr/lib/ruby/1.9.1/psych/visitors/to_ruby.rb
/usr/lib/ruby/1.9.1/psych/visitors/visitor.rb
/usr/lib/ruby/1.9.1/psych/visitors/yaml_tree.rb
/usr/lib/ruby/1.9.1/racc/parser.rb
/usr/lib/ruby/1.9.1/rational.rb
/usr/lib/ruby/1.9.1/rbconfig/datadir.rb
/usr/lib/ruby/1.9.1/rbconfig/obsolete.rb
/usr/lib/ruby/1.9.1/resolv-replace.rb
/usr/lib/ruby/1.9.1/resolv.rb
/usr/lib/ruby/1.9.1/rexml/attlistdecl.rb
/usr/lib/ruby/1.9.1/rexml/attribute.rb
/usr/lib/ruby/1.9.1/rexml/cdata.rb
/usr/lib/ruby/1.9.1/rexml/child.rb
/usr/lib/ruby/1.9.1/rexml/comment.rb
/usr/lib/ruby/1.9.1/rexml/doctype.rb
/usr/lib/ruby/1.9.1/rexml/document.rb
/usr/lib/ruby/1.9.1/rexml/dtd/attlistdecl.rb
/usr/lib/ruby/1.9.1/rexml/dtd/dtd.rb
/usr/lib/ruby/1.9.1/rexml/dtd/elementdecl.rb
/usr/lib/ruby/1.9.1/rexml/dtd/entitydecl.rb
/usr/lib/ruby/1.9.1/rexml/dtd/notationdecl.rb
/usr/lib/ruby/1.9.1/rexml/element.rb
/usr/lib/ruby/1.9.1/rexml/encoding.rb
/usr/lib/ruby/1.9.1/rexml/entity.rb
/usr/lib/ruby/1.9.1/rexml/formatters/default.rb
/usr/lib/ruby/1.9.1/rexml/formatters/pretty.rb
/usr/lib/ruby/1.9.1/rexml/formatters/transitive.rb
/usr/lib/ruby/1.9.1/rexml/functions.rb
/usr/lib/ruby/1.9.1/rexml/instruction.rb
/usr/lib/ruby/1.9.1/rexml/light/node.rb
/usr/lib/ruby/1.9.1/rexml/namespace.rb
/usr/lib/ruby/1.9.1/rexml/node.rb
/usr/lib/ruby/1.9.1/rexml/output.rb
/usr/lib/ruby/1.9.1/rexml/parent.rb
/usr/lib/ruby/1.9.1/rexml/parseexception.rb
/usr/lib/ruby/1.9.1/rexml/parsers/baseparser.rb
/usr/lib/ruby/1.9.1/rexml/parsers/lightparser.rb
/usr/lib/ruby/1.9.1/rexml/parsers/pullparser.rb
/usr/lib/ruby/1.9.1/rexml/parsers/sax2parser.rb
/usr/lib/ruby/1.9.1/rexml/parsers/streamparser.rb
/usr/lib/ruby/1.9.1/rexml/parsers/treeparser.rb
/usr/lib/ruby/1.9.1/rexml/parsers/ultralightparser.rb
/usr/lib/ruby/1.9.1/rexml/parsers/xpathparser.rb
/usr/lib/ruby/1.9.1/rexml/quickpath.rb
/usr/lib/ruby/1.9.1/rexml/rexml.rb
/usr/lib/ruby/1.9.1/rexml/sax2listener.rb
/usr/lib/ruby/1.9.1/rexml/source.rb
/usr/lib/ruby/1.9.1/rexml/streamlistener.rb
/usr/lib/ruby/1.9.1/rexml/syncenumerator.rb
/usr/lib/ruby/1.9.1/rexml/text.rb
/usr/lib/ruby/1.9.1/rexml/undefinednamespaceexception.rb
/usr/lib/ruby/1.9.1/rexml/validation/relaxng.rb
/usr/lib/ruby/1.9.1/rexml/validation/validation.rb
/usr/lib/ruby/1.9.1/rexml/validation/validationexception.rb
/usr/lib/ruby/1.9.1/rexml/xmldecl.rb
/usr/lib/ruby/1.9.1/rexml/xmltokens.rb
/usr/lib/ruby/1.9.1/rexml/xpath.rb
/usr/lib/ruby/1.9.1/rexml/xpath_parser.rb
/usr/lib/ruby/1.9.1/rinda/rinda.rb
/usr/lib/ruby/1.9.1/rinda/ring.rb
/usr/lib/ruby/1.9.1/rinda/tuplespace.rb
/usr/lib/ruby/1.9.1/ripper.rb
/usr/lib/ruby/1.9.1/ripper/core.rb
/usr/lib/ruby/1.9.1/ripper/filter.rb
/usr/lib/ruby/1.9.1/ripper/lexer.rb
/usr/lib/ruby/1.9.1/ripper/sexp.rb
/usr/lib/ruby/1.9.1/rss.rb
/usr/lib/ruby/1.9.1/rss/0.9.rb
/usr/lib/ruby/1.9.1/rss/1.0.rb
/usr/lib/ruby/1.9.1/rss/2.0.rb
/usr/lib/ruby/1.9.1/rss/atom.rb
/usr/lib/ruby/1.9.1/rss/content.rb
/usr/lib/ruby/1.9.1/rss/content/1.0.rb
/usr/lib/ruby/1.9.1/rss/content/2.0.rb
/usr/lib/ruby/1.9.1/rss/converter.rb
/usr/lib/ruby/1.9.1/rss/dublincore.rb
/usr/lib/ruby/1.9.1/rss/dublincore/1.0.rb
/usr/lib/ruby/1.9.1/rss/dublincore/2.0.rb
/usr/lib/ruby/1.9.1/rss/dublincore/atom.rb
/usr/lib/ruby/1.9.1/rss/image.rb
/usr/lib/ruby/1.9.1/rss/itunes.rb
/usr/lib/ruby/1.9.1/rss/maker.rb
/usr/lib/ruby/1.9.1/rss/maker/0.9.rb
/usr/lib/ruby/1.9.1/rss/maker/1.0.rb
/usr/lib/ruby/1.9.1/rss/maker/2.0.rb
/usr/lib/ruby/1.9.1/rss/maker/atom.rb
/usr/lib/ruby/1.9.1/rss/maker/base.rb
/usr/lib/ruby/1.9.1/rss/maker/content.rb
/usr/lib/ruby/1.9.1/rss/maker/dublincore.rb
/usr/lib/ruby/1.9.1/rss/maker/entry.rb
/usr/lib/ruby/1.9.1/rss/maker/feed.rb
/usr/lib/ruby/1.9.1/rss/maker/image.rb
/usr/lib/ruby/1.9.1/rss/maker/itunes.rb
/usr/lib/ruby/1.9.1/rss/maker/slash.rb
/usr/lib/ruby/1.9.1/rss/maker/syndication.rb
/usr/lib/ruby/1.9.1/rss/maker/taxonomy.rb
/usr/lib/ruby/1.9.1/rss/maker/trackback.rb
/usr/lib/ruby/1.9.1/rss/parser.rb
/usr/lib/ruby/1.9.1/rss/rexmlparser.rb
/usr/lib/ruby/1.9.1/rss/rss.rb
/usr/lib/ruby/1.9.1/rss/slash.rb
/usr/lib/ruby/1.9.1/rss/syndication.rb
/usr/lib/ruby/1.9.1/rss/taxonomy.rb
/usr/lib/ruby/1.9.1/rss/trackback.rb
/usr/lib/ruby/1.9.1/rss/utils.rb
/usr/lib/ruby/1.9.1/rss/xml-stylesheet.rb
/usr/lib/ruby/1.9.1/rss/xml.rb
/usr/lib/ruby/1.9.1/rss/xmlparser.rb
/usr/lib/ruby/1.9.1/rss/xmlscanner.rb
/usr/lib/ruby/1.9.1/rubygems.rb
/usr/lib/ruby/1.9.1/scanf.rb
/usr/lib/ruby/1.9.1/securerandom.rb
/usr/lib/ruby/1.9.1/set.rb
/usr/lib/ruby/1.9.1/shell.rb
/usr/lib/ruby/1.9.1/shell/builtin-command.rb
/usr/lib/ruby/1.9.1/shell/command-processor.rb
/usr/lib/ruby/1.9.1/shell/error.rb
/usr/lib/ruby/1.9.1/shell/filter.rb
/usr/lib/ruby/1.9.1/shell/process-controller.rb
/usr/lib/ruby/1.9.1/shell/system-command.rb
/usr/lib/ruby/1.9.1/shell/version.rb
/usr/lib/ruby/1.9.1/shellwords.rb
/usr/lib/ruby/1.9.1/singleton.rb
/usr/lib/ruby/1.9.1/socket.rb
/usr/lib/ruby/1.9.1/syck.rb
/usr/lib/ruby/1.9.1/syck/baseemitter.rb
/usr/lib/ruby/1.9.1/syck/basenode.rb
/usr/lib/ruby/1.9.1/syck/constants.rb
/usr/lib/ruby/1.9.1/syck/encoding.rb
/usr/lib/ruby/1.9.1/syck/error.rb
/usr/lib/ruby/1.9.1/syck/loader.rb
/usr/lib/ruby/1.9.1/syck/rubytypes.rb
/usr/lib/ruby/1.9.1/syck/stream.rb
/usr/lib/ruby/1.9.1/syck/stringio.rb
/usr/lib/ruby/1.9.1/syck/syck.rb
/usr/lib/ruby/1.9.1/syck/tag.rb
/usr/lib/ruby/1.9.1/syck/types.rb
/usr/lib/ruby/1.9.1/syck/yamlnode.rb
/usr/lib/ruby/1.9.1/syck/ypath.rb
/usr/lib/ruby/1.9.1/sync.rb
/usr/lib/ruby/1.9.1/tempfile.rb
/usr/lib/ruby/1.9.1/test/unit.rb
/usr/lib/ruby/1.9.1/test/unit/assertions.rb
/usr/lib/ruby/1.9.1/test/unit/parallel.rb
/usr/lib/ruby/1.9.1/test/unit/testcase.rb
/usr/lib/ruby/1.9.1/thread.rb
/usr/lib/ruby/1.9.1/thwait.rb
/usr/lib/ruby/1.9.1/time.rb
/usr/lib/ruby/1.9.1/timeout.rb
/usr/lib/ruby/1.9.1/tmpdir.rb
/usr/lib/ruby/1.9.1/tracer.rb
/usr/lib/ruby/1.9.1/tsort.rb
/usr/lib/ruby/1.9.1/ubygems.rb
/usr/lib/ruby/1.9.1/un.rb
/usr/lib/ruby/1.9.1/uri.rb
/usr/lib/ruby/1.9.1/uri/common.rb
/usr/lib/ruby/1.9.1/uri/ftp.rb
/usr/lib/ruby/1.9.1/uri/generic.rb
/usr/lib/ruby/1.9.1/uri/http.rb
/usr/lib/ruby/1.9.1/uri/https.rb
/usr/lib/ruby/1.9.1/uri/ldap.rb
/usr/lib/ruby/1.9.1/uri/ldaps.rb
/usr/lib/ruby/1.9.1/uri/mailto.rb
/usr/lib/ruby/1.9.1/weakref.rb
/usr/lib/ruby/1.9.1/webrick.rb
/usr/lib/ruby/1.9.1/webrick/accesslog.rb
/usr/lib/ruby/1.9.1/webrick/cgi.rb
/usr/lib/ruby/1.9.1/webrick/compat.rb
/usr/lib/ruby/1.9.1/webrick/config.rb
/usr/lib/ruby/1.9.1/webrick/cookie.rb
/usr/lib/ruby/1.9.1/webrick/htmlutils.rb
/usr/lib/ruby/1.9.1/webrick/httpauth.rb
/usr/lib/ruby/1.9.1/webrick/httpauth/authenticator.rb
/usr/lib/ruby/1.9.1/webrick/httpauth/basicauth.rb
/usr/lib/ruby/1.9.1/webrick/httpauth/digestauth.rb
/usr/lib/ruby/1.9.1/webrick/httpauth/htdigest.rb
/usr/lib/ruby/1.9.1/webrick/httpauth/htgroup.rb
/usr/lib/ruby/1.9.1/webrick/httpauth/htpasswd.rb
/usr/lib/ruby/1.9.1/webrick/httpauth/userdb.rb
/usr/lib/ruby/1.9.1/webrick/httpproxy.rb
/usr/lib/ruby/1.9.1/webrick/httprequest.rb
/usr/lib/ruby/1.9.1/webrick/httpresponse.rb
/usr/lib/ruby/1.9.1/webrick/https.rb
/usr/lib/ruby/1.9.1/webrick/httpserver.rb
/usr/lib/ruby/1.9.1/webrick/httpservlet.rb
/usr/lib/ruby/1.9.1/webrick/httpservlet/abstract.rb
/usr/lib/ruby/1.9.1/webrick/httpservlet/cgi_runner.rb
/usr/lib/ruby/1.9.1/webrick/httpservlet/cgihandler.rb
/usr/lib/ruby/1.9.1/webrick/httpservlet/erbhandler.rb
/usr/lib/ruby/1.9.1/webrick/httpservlet/filehandler.rb
/usr/lib/ruby/1.9.1/webrick/httpservlet/prochandler.rb
/usr/lib/ruby/1.9.1/webrick/httpstatus.rb
/usr/lib/ruby/1.9.1/webrick/httputils.rb
/usr/lib/ruby/1.9.1/webrick/httpversion.rb
/usr/lib/ruby/1.9.1/webrick/log.rb
/usr/lib/ruby/1.9.1/webrick/server.rb
/usr/lib/ruby/1.9.1/webrick/ssl.rb
/usr/lib/ruby/1.9.1/webrick/utils.rb
/usr/lib/ruby/1.9.1/webrick/version.rb
/usr/lib/ruby/1.9.1/xmlrpc/base64.rb
/usr/lib/ruby/1.9.1/xmlrpc/client.rb
/usr/lib/ruby/1.9.1/xmlrpc/config.rb
/usr/lib/ruby/1.9.1/xmlrpc/create.rb
/usr/lib/ruby/1.9.1/xmlrpc/datetime.rb
/usr/lib/ruby/1.9.1/xmlrpc/httpserver.rb
/usr/lib/ruby/1.9.1/xmlrpc/marshal.rb
/usr/lib/ruby/1.9.1/xmlrpc/parser.rb
/usr/lib/ruby/1.9.1/xmlrpc/server.rb
/usr/lib/ruby/1.9.1/xmlrpc/utils.rb
/usr/lib/ruby/1.9.1/yaml.rb
/usr/lib/ruby/1.9.1/yaml/dbm.rb
/usr/lib/ruby/1.9.1/yaml/store.rb
/usr/lib/ruby/1.9.1/yaml/syck.rb

# rubygems
/etc/env.d/10rubygems
/usr/bin/gem19
#symlink /usr/bin/gem gem19
/usr/lib/ruby/site_ruby/1.9.1/auto_gem.rb
/usr/lib/ruby/site_ruby/1.9.1/gauntlet_rubygems.rb
/usr/lib/ruby/site_ruby/1.9.1/rbconfig/datadir.rb
/usr/lib/ruby/site_ruby/1.9.1/rubygems.rb
/usr/lib/ruby/site_ruby/1.9.1/rubygems/builder.rb
/usr/lib/ruby/site_ruby/1.9.1/rubygems/command.rb
/usr/lib/ruby/site_ruby/1.9.1/rubygems/command_manager.rb
/usr/lib/ruby/site_ruby/1.9.1/rubygems/commands/build_command.rb
/usr/lib/ruby/site_ruby/1.9.1/rubygems/commands/cert_command.rb
/usr/lib/ruby/site_ruby/1.9.1/rubygems/commands/check_command.rb
/usr/lib/ruby/site_ruby/1.9.1/rubygems/commands/cleanup_command.rb
/usr/lib/ruby/site_ruby/1.9.1/rubygems/commands/contents_command.rb
/usr/lib/ruby/site_ruby/1.9.1/rubygems/commands/dependency_command.rb
/usr/lib/ruby/site_ruby/1.9.1/rubygems/commands/environment_command.rb
/usr/lib/ruby/site_ruby/1.9.1/rubygems/commands/fetch_command.rb
/usr/lib/ruby/site_ruby/1.9.1/rubygems/commands/generate_index_command.rb
/usr/lib/ruby/site_ruby/1.9.1/rubygems/commands/help_command.rb
/usr/lib/ruby/site_ruby/1.9.1/rubygems/commands/install_command.rb
/usr/lib/ruby/site_ruby/1.9.1/rubygems/commands/list_command.rb
/usr/lib/ruby/site_ruby/1.9.1/rubygems/commands/lock_command.rb
/usr/lib/ruby/site_ruby/1.9.1/rubygems/commands/outdated_command.rb
/usr/lib/ruby/site_ruby/1.9.1/rubygems/commands/owner_command.rb
/usr/lib/ruby/site_ruby/1.9.1/rubygems/commands/pristine_command.rb
/usr/lib/ruby/site_ruby/1.9.1/rubygems/commands/push_command.rb
/usr/lib/ruby/site_ruby/1.9.1/rubygems/commands/query_command.rb
/usr/lib/ruby/site_ruby/1.9.1/rubygems/commands/rdoc_command.rb
/usr/lib/ruby/site_ruby/1.9.1/rubygems/commands/search_command.rb
/usr/lib/ruby/site_ruby/1.9.1/rubygems/commands/server_command.rb
/usr/lib/ruby/site_ruby/1.9.1/rubygems/commands/setup_command.rb
/usr/lib/ruby/site_ruby/1.9.1/rubygems/commands/sources_command.rb
/usr/lib/ruby/site_ruby/1.9.1/rubygems/commands/specification_command.rb
/usr/lib/ruby/site_ruby/1.9.1/rubygems/commands/stale_command.rb
/usr/lib/ruby/site_ruby/1.9.1/rubygems/commands/uninstall_command.rb
/usr/lib/ruby/site_ruby/1.9.1/rubygems/commands/unpack_command.rb
/usr/lib/ruby/site_ruby/1.9.1/rubygems/commands/update_command.rb
/usr/lib/ruby/site_ruby/1.9.1/rubygems/commands/which_command.rb
/usr/lib/ruby/site_ruby/1.9.1/rubygems/config_file.rb
/usr/lib/ruby/site_ruby/1.9.1/rubygems/custom_require.rb
/usr/lib/ruby/site_ruby/1.9.1/rubygems/defaults.rb
/usr/lib/ruby/site_ruby/1.9.1/rubygems/defaults/operating_system.rb
/usr/lib/ruby/site_ruby/1.9.1/rubygems/dependency.rb
/usr/lib/ruby/site_ruby/1.9.1/rubygems/dependency_installer.rb
/usr/lib/ruby/site_ruby/1.9.1/rubygems/dependency_list.rb
/usr/lib/ruby/site_ruby/1.9.1/rubygems/deprecate.rb
/usr/lib/ruby/site_ruby/1.9.1/rubygems/doc_manager.rb
/usr/lib/ruby/site_ruby/1.9.1/rubygems/errors.rb
/usr/lib/ruby/site_ruby/1.9.1/rubygems/exceptions.rb
/usr/lib/ruby/site_ruby/1.9.1/rubygems/ext.rb
/usr/lib/ruby/site_ruby/1.9.1/rubygems/ext/builder.rb
/usr/lib/ruby/site_ruby/1.9.1/rubygems/ext/configure_builder.rb
/usr/lib/ruby/site_ruby/1.9.1/rubygems/ext/ext_conf_builder.rb
/usr/lib/ruby/site_ruby/1.9.1/rubygems/ext/rake_builder.rb
/usr/lib/ruby/site_ruby/1.9.1/rubygems/format.rb
/usr/lib/ruby/site_ruby/1.9.1/rubygems/gem_openssl.rb
/usr/lib/ruby/site_ruby/1.9.1/rubygems/gem_path_searcher.rb
/usr/lib/ruby/site_ruby/1.9.1/rubygems/gem_runner.rb
/usr/lib/ruby/site_ruby/1.9.1/rubygems/gemcutter_utilities.rb
/usr/lib/ruby/site_ruby/1.9.1/rubygems/indexer.rb
/usr/lib/ruby/site_ruby/1.9.1/rubygems/install_update_options.rb
/usr/lib/ruby/site_ruby/1.9.1/rubygems/installer.rb
/usr/lib/ruby/site_ruby/1.9.1/rubygems/installer_test_case.rb
/usr/lib/ruby/site_ruby/1.9.1/rubygems/local_remote_options.rb
/usr/lib/ruby/site_ruby/1.9.1/rubygems/mock_gem_ui.rb
/usr/lib/ruby/site_ruby/1.9.1/rubygems/old_format.rb
/usr/lib/ruby/site_ruby/1.9.1/rubygems/package.rb
/usr/lib/ruby/site_ruby/1.9.1/rubygems/package/f_sync_dir.rb
/usr/lib/ruby/site_ruby/1.9.1/rubygems/package/tar_header.rb
/usr/lib/ruby/site_ruby/1.9.1/rubygems/package/tar_input.rb
/usr/lib/ruby/site_ruby/1.9.1/rubygems/package/tar_output.rb
/usr/lib/ruby/site_ruby/1.9.1/rubygems/package/tar_reader.rb
/usr/lib/ruby/site_ruby/1.9.1/rubygems/package/tar_reader/entry.rb
/usr/lib/ruby/site_ruby/1.9.1/rubygems/package/tar_test_case.rb
/usr/lib/ruby/site_ruby/1.9.1/rubygems/package/tar_writer.rb
/usr/lib/ruby/site_ruby/1.9.1/rubygems/package_task.rb
/usr/lib/ruby/site_ruby/1.9.1/rubygems/path_support.rb
/usr/lib/ruby/site_ruby/1.9.1/rubygems/platform.rb
/usr/lib/ruby/site_ruby/1.9.1/rubygems/psych_additions.rb
/usr/lib/ruby/site_ruby/1.9.1/rubygems/psych_tree.rb
/usr/lib/ruby/site_ruby/1.9.1/rubygems/remote_fetcher.rb
/usr/lib/ruby/site_ruby/1.9.1/rubygems/require_paths_builder.rb
/usr/lib/ruby/site_ruby/1.9.1/rubygems/requirement.rb
/usr/lib/ruby/site_ruby/1.9.1/rubygems/security.rb
/usr/lib/ruby/site_ruby/1.9.1/rubygems/server.rb
/usr/lib/ruby/site_ruby/1.9.1/rubygems/source_index.rb
/usr/lib/ruby/site_ruby/1.9.1/rubygems/spec_fetcher.rb
/usr/lib/ruby/site_ruby/1.9.1/rubygems/specification.rb
/usr/lib/ruby/site_ruby/1.9.1/rubygems/ssl_certs/ca-bundle.pem
/usr/lib/ruby/site_ruby/1.9.1/rubygems/syck_hack.rb
/usr/lib/ruby/site_ruby/1.9.1/rubygems/test_case.rb
/usr/lib/ruby/site_ruby/1.9.1/rubygems/test_utilities.rb
/usr/lib/ruby/site_ruby/1.9.1/rubygems/text.rb
/usr/lib/ruby/site_ruby/1.9.1/rubygems/uninstaller.rb
/usr/lib/ruby/site_ruby/1.9.1/rubygems/user_interaction.rb
/usr/lib/ruby/site_ruby/1.9.1/rubygems/validator.rb
/usr/lib/ruby/site_ruby/1.9.1/rubygems/version.rb
/usr/lib/ruby/site_ruby/1.9.1/rubygems/version_option.rb
/usr/lib/ruby/site_ruby/1.9.1/ubygems.rb

# dev-ruby/json
/usr/lib/ruby/gems/1.9.1/gems/json-1.7.7/lib/json.rb
/usr/lib/ruby/gems/1.9.1/gems/json-1.7.7/lib/json/add/bigdecimal.rb
/usr/lib/ruby/gems/1.9.1/gems/json-1.7.7/lib/json/add/complex.rb
/usr/lib/ruby/gems/1.9.1/gems/json-1.7.7/lib/json/add/core.rb
/usr/lib/ruby/gems/1.9.1/gems/json-1.7.7/lib/json/add/date.rb
/usr/lib/ruby/gems/1.9.1/gems/json-1.7.7/lib/json/add/date_time.rb
/usr/lib/ruby/gems/1.9.1/gems/json-1.7.7/lib/json/add/exception.rb
/usr/lib/ruby/gems/1.9.1/gems/json-1.7.7/lib/json/add/ostruct.rb
/usr/lib/ruby/gems/1.9.1/gems/json-1.7.7/lib/json/add/range.rb
/usr/lib/ruby/gems/1.9.1/gems/json-1.7.7/lib/json/add/rational.rb
/usr/lib/ruby/gems/1.9.1/gems/json-1.7.7/lib/json/add/regexp.rb
/usr/lib/ruby/gems/1.9.1/gems/json-1.7.7/lib/json/add/struct.rb
/usr/lib/ruby/gems/1.9.1/gems/json-1.7.7/lib/json/add/symbol.rb
/usr/lib/ruby/gems/1.9.1/gems/json-1.7.7/lib/json/add/time.rb
/usr/lib/ruby/gems/1.9.1/gems/json-1.7.7/lib/json/common.rb
/usr/lib/ruby/gems/1.9.1/gems/json-1.7.7/lib/json/ext.rb
/usr/lib/ruby/gems/1.9.1/gems/json-1.7.7/lib/json/ext/.keep
/usr/lib/ruby/gems/1.9.1/gems/json-1.7.7/lib/json/ext/generator.so
/usr/lib/ruby/gems/1.9.1/gems/json-1.7.7/lib/json/ext/parser.so
/usr/lib/ruby/gems/1.9.1/gems/json-1.7.7/lib/json/generic_object.rb
/usr/lib/ruby/gems/1.9.1/gems/json-1.7.7/lib/json/pure.rb
/usr/lib/ruby/gems/1.9.1/gems/json-1.7.7/lib/json/pure/generator.rb
/usr/lib/ruby/gems/1.9.1/gems/json-1.7.7/lib/json/pure/parser.rb
/usr/lib/ruby/gems/1.9.1/gems/json-1.7.7/lib/json/version.rb
/usr/lib/ruby/gems/1.9.1/specifications/json-1.7.7.gemspec

# libs (for dev)
/usr/lib/libruby19.so

# headers
/usr/include/ruby-1.9.1/ruby.h
/usr/include/ruby-1.9.1/ruby/ruby.h
/usr/include/ruby-1.9.1/ruby/defines.h
/usr/include/ruby-1.9.1/ruby/encoding.h
/usr/include/ruby-1.9.1/ruby/missing.h
/usr/include/ruby-1.9.1/ruby/intern.h
/usr/include/ruby-1.9.1/ruby/oniguruma.h
/usr/include/ruby-1.9.1/ruby/subst.h
/usr/include/ruby-1.9.1/ruby/st.h
/usr/include/ruby-1.9.1/$(ARCH)-linux/ruby/config.h 

# dev-ruby/pkg-config
/usr/lib/ruby/gems/1.9.1/gems/pkg-config-1.1.3/lib/pkg-config.rb
/usr/lib/ruby/gems/1.9.1/specifications/pkg-config-1.1.3.gemspec
