/etc/conf.d/samba
/etc/init.d/samba
/etc/pam.d/samba
/etc/pam.d/system-auth-winbind
/etc/samba/lmhosts
#/etc/samba/smb.conf.default
/etc/samba/smbusers
/etc/security/pam_winbind.conf
/lib/security/pam_smbpass.so
/lib/security/pam_winbind.so
/usr/bin/eventlogadm
/usr/bin/findsmb
/usr/bin/net
/usr/bin/nmblookup
/usr/bin/ntlm_auth
/usr/bin/pdbedit
/usr/bin/profiles
/usr/bin/rpcclient
/usr/bin/sharesec
/usr/bin/smbcacls
/usr/bin/smbclient
/usr/bin/smbcontrol
/usr/bin/smbcquotas
/usr/bin/smbget
/usr/bin/smbpasswd
/usr/bin/smbstatus
/usr/bin/smbta-util
/usr/bin/smbtree
/usr/bin/testparm
/usr/bin/wbinfo
/usr/lib/libnetapi.so
#/usr/lib/libnetapi.so.0
#/usr/lib/libnss_winbind.so
/usr/lib/libnss_winbind.so.2
#/usr/lib/libnss_wins.so
/usr/lib/libnss_wins.so.2
/usr/lib/libsmbclient.so
#/usr/lib/libsmbclient.so.0
/usr/lib/libwbclient.so
#/usr/lib/libwbclient.so.0
/usr/lib/samba/auth/.keep_net-fs_samba-0
/usr/lib/samba/auth/script.so
/usr/lib/samba/charset/CP437.so
/usr/lib/samba/charset/CP850.so
/usr/lib/samba/gpext/.keep_net-fs_samba-0
/usr/lib/samba/idmap/.keep_net-fs_samba-0
/usr/lib/samba/idmap/autorid.so
#/usr/lib/samba/idmap/hash.so
/usr/lib/samba/idmap/rid.so
/usr/lib/samba/lowcase.dat
/usr/lib/samba/nss_info/.keep_net-fs_samba-0
/usr/lib/samba/nss_info/hash.so
/usr/lib/samba/pdb/.keep_net-fs_samba-0
/usr/lib/samba/rpc/.keep_net-fs_samba-0
/usr/lib/samba/upcase.dat
/usr/lib/samba/valid.dat
/usr/lib/samba/vfs/acl_tdb.so
/usr/lib/samba/vfs/acl_xattr.so
/usr/lib/samba/vfs/aio_fork.so
/usr/lib/samba/vfs/audit.so
/usr/lib/samba/vfs/cap.so
/usr/lib/samba/vfs/catia.so
/usr/lib/samba/vfs/crossrename.so
/usr/lib/samba/vfs/default_quota.so
/usr/lib/samba/vfs/dirsort.so
/usr/lib/samba/vfs/expand_msdfs.so
/usr/lib/samba/vfs/extd_audit.so
/usr/lib/samba/vfs/fake_perms.so
/usr/lib/samba/vfs/fileid.so
/usr/lib/samba/vfs/full_audit.so
/usr/lib/samba/vfs/linux_xfs_sgid.so
/usr/lib/samba/vfs/netatalk.so
/usr/lib/samba/vfs/preopen.so
/usr/lib/samba/vfs/readahead.so
/usr/lib/samba/vfs/readonly.so
/usr/lib/samba/vfs/recycle.so
/usr/lib/samba/vfs/scannedonly.so
/usr/lib/samba/vfs/shadow_copy.so
/usr/lib/samba/vfs/shadow_copy2.so
/usr/lib/samba/vfs/smb_traffic_analyzer.so
/usr/lib/samba/vfs/streams_depot.so
/usr/lib/samba/vfs/streams_xattr.so
/usr/lib/samba/vfs/syncops.so
/usr/lib/samba/vfs/time_audit.so
/usr/lib/samba/vfs/xattr_tdb.so
/usr/sbin/nmbd
/usr/sbin/smbd
/usr/sbin/winbindd
/var/cache/samba/.keep_net-fs_samba-0
/var/lib/samba/netlogon/.keep_net-fs_samba-0
/var/lib/samba/printers/COLOR/.keep_net-fs_samba-0
/var/lib/samba/printers/IA64/.keep_net-fs_samba-0
/var/lib/samba/printers/W32ALPHA/.keep_net-fs_samba-0
/var/lib/samba/printers/W32MIPS/.keep_net-fs_samba-0
/var/lib/samba/printers/W32PPC/.keep_net-fs_samba-0
/var/lib/samba/printers/W32X86/.keep_net-fs_samba-0
/var/lib/samba/printers/WIN40/.keep_net-fs_samba-0
/var/lib/samba/printers/X64/.keep_net-fs_samba-0
/var/lib/samba/private/.keep_net-fs_samba-0
/var/lib/samba/profiles/.keep_net-fs_samba-0
/var/log/samba/.keep_net-fs_samba-0
/var/spool/samba/.keep_net-fs_samba-0

