/bin/groups
/bin/login
/bin/passwd
/bin/su
/etc/default/useradd
/etc/login.defs
/etc/pam.d/chage
/etc/pam.d/chfn
/etc/pam.d/chgpasswd
/etc/pam.d/chpasswd
/etc/pam.d/chsh
/etc/pam.d/groupadd
/etc/pam.d/groupdel
/etc/pam.d/groupmems
/etc/pam.d/groupmod
/etc/pam.d/login
/etc/pam.d/newusers
/etc/pam.d/passwd
/etc/pam.d/shadow
/etc/pam.d/su
/etc/pam.d/useradd
/etc/pam.d/userdel
/etc/pam.d/usermod
/etc/securetty
/sbin/nologin
/usr/bin/chage
/usr/bin/chfn
/usr/bin/chsh
/usr/bin/expiry
/usr/bin/faillog
/usr/bin/gpasswd
/usr/bin/lastlog
/usr/bin/newgrp
/usr/bin/passwd
/usr/bin/sg
/usr/sbin/chgpasswd
/usr/sbin/chpasswd
/usr/sbin/groupadd
/usr/sbin/groupdel
/usr/sbin/groupmems
/usr/sbin/groupmod
/usr/sbin/grpck
/usr/sbin/grpconv
/usr/sbin/grpunconv
/usr/sbin/logoutd
/usr/sbin/newusers
/usr/sbin/pwck
/usr/sbin/pwconv
/usr/sbin/pwunconv
/usr/sbin/useradd
/usr/sbin/userdel
/usr/sbin/usermod
/usr/sbin/vigr
/usr/sbin/vipw

