#require ruby19.lst
# dev-ruby/shoulda
/usr/bin/convert_to_should_syntax
/usr/lib/ruby/gems/1.9.1/gems/shoulda-2.11.3/bin/convert_to_should_syntax
/usr/lib/ruby/gems/1.9.1/gems/shoulda-2.11.3/lib/shoulda.rb
/usr/lib/ruby/gems/1.9.1/gems/shoulda-2.11.3/lib/shoulda/action_controller.rb
/usr/lib/ruby/gems/1.9.1/gems/shoulda-2.11.3/lib/shoulda/action_controller/macros.rb
/usr/lib/ruby/gems/1.9.1/gems/shoulda-2.11.3/lib/shoulda/action_controller/matchers.rb
/usr/lib/ruby/gems/1.9.1/gems/shoulda-2.11.3/lib/shoulda/action_controller/matchers/assign_to_matcher.rb
/usr/lib/ruby/gems/1.9.1/gems/shoulda-2.11.3/lib/shoulda/action_controller/matchers/filter_param_matcher.rb
/usr/lib/ruby/gems/1.9.1/gems/shoulda-2.11.3/lib/shoulda/action_controller/matchers/redirect_to_matcher.rb
/usr/lib/ruby/gems/1.9.1/gems/shoulda-2.11.3/lib/shoulda/action_controller/matchers/render_template_matcher.rb
/usr/lib/ruby/gems/1.9.1/gems/shoulda-2.11.3/lib/shoulda/action_controller/matchers/render_with_layout_matcher.rb
/usr/lib/ruby/gems/1.9.1/gems/shoulda-2.11.3/lib/shoulda/action_controller/matchers/respond_with_content_type_matcher.rb
/usr/lib/ruby/gems/1.9.1/gems/shoulda-2.11.3/lib/shoulda/action_controller/matchers/respond_with_matcher.rb
/usr/lib/ruby/gems/1.9.1/gems/shoulda-2.11.3/lib/shoulda/action_controller/matchers/route_matcher.rb
/usr/lib/ruby/gems/1.9.1/gems/shoulda-2.11.3/lib/shoulda/action_controller/matchers/set_session_matcher.rb
/usr/lib/ruby/gems/1.9.1/gems/shoulda-2.11.3/lib/shoulda/action_controller/matchers/set_the_flash_matcher.rb
/usr/lib/ruby/gems/1.9.1/gems/shoulda-2.11.3/lib/shoulda/action_mailer.rb
/usr/lib/ruby/gems/1.9.1/gems/shoulda-2.11.3/lib/shoulda/action_mailer/assertions.rb
/usr/lib/ruby/gems/1.9.1/gems/shoulda-2.11.3/lib/shoulda/action_mailer/matchers.rb
/usr/lib/ruby/gems/1.9.1/gems/shoulda-2.11.3/lib/shoulda/action_mailer/matchers/have_sent_email.rb
/usr/lib/ruby/gems/1.9.1/gems/shoulda-2.11.3/lib/shoulda/active_record.rb
/usr/lib/ruby/gems/1.9.1/gems/shoulda-2.11.3/lib/shoulda/active_record/assertions.rb
/usr/lib/ruby/gems/1.9.1/gems/shoulda-2.11.3/lib/shoulda/active_record/helpers.rb
/usr/lib/ruby/gems/1.9.1/gems/shoulda-2.11.3/lib/shoulda/active_record/macros.rb
/usr/lib/ruby/gems/1.9.1/gems/shoulda-2.11.3/lib/shoulda/active_record/matchers.rb
/usr/lib/ruby/gems/1.9.1/gems/shoulda-2.11.3/lib/shoulda/active_record/matchers/allow_mass_assignment_of_matcher.rb
/usr/lib/ruby/gems/1.9.1/gems/shoulda-2.11.3/lib/shoulda/active_record/matchers/allow_value_matcher.rb
/usr/lib/ruby/gems/1.9.1/gems/shoulda-2.11.3/lib/shoulda/active_record/matchers/association_matcher.rb
/usr/lib/ruby/gems/1.9.1/gems/shoulda-2.11.3/lib/shoulda/active_record/matchers/ensure_inclusion_of_matcher.rb
/usr/lib/ruby/gems/1.9.1/gems/shoulda-2.11.3/lib/shoulda/active_record/matchers/ensure_length_of_matcher.rb
/usr/lib/ruby/gems/1.9.1/gems/shoulda-2.11.3/lib/shoulda/active_record/matchers/have_db_column_matcher.rb
/usr/lib/ruby/gems/1.9.1/gems/shoulda-2.11.3/lib/shoulda/active_record/matchers/have_db_index_matcher.rb
/usr/lib/ruby/gems/1.9.1/gems/shoulda-2.11.3/lib/shoulda/active_record/matchers/have_readonly_attribute_matcher.rb
/usr/lib/ruby/gems/1.9.1/gems/shoulda-2.11.3/lib/shoulda/active_record/matchers/validate_acceptance_of_matcher.rb
/usr/lib/ruby/gems/1.9.1/gems/shoulda-2.11.3/lib/shoulda/active_record/matchers/validate_format_of_matcher.rb
/usr/lib/ruby/gems/1.9.1/gems/shoulda-2.11.3/lib/shoulda/active_record/matchers/validate_numericality_of_matcher.rb
/usr/lib/ruby/gems/1.9.1/gems/shoulda-2.11.3/lib/shoulda/active_record/matchers/validate_presence_of_matcher.rb
/usr/lib/ruby/gems/1.9.1/gems/shoulda-2.11.3/lib/shoulda/active_record/matchers/validate_uniqueness_of_matcher.rb
/usr/lib/ruby/gems/1.9.1/gems/shoulda-2.11.3/lib/shoulda/active_record/matchers/validation_matcher.rb
/usr/lib/ruby/gems/1.9.1/gems/shoulda-2.11.3/lib/shoulda/assertions.rb
/usr/lib/ruby/gems/1.9.1/gems/shoulda-2.11.3/lib/shoulda/autoload_macros.rb
/usr/lib/ruby/gems/1.9.1/gems/shoulda-2.11.3/lib/shoulda/context.rb
/usr/lib/ruby/gems/1.9.1/gems/shoulda-2.11.3/lib/shoulda/helpers.rb
/usr/lib/ruby/gems/1.9.1/gems/shoulda-2.11.3/lib/shoulda/integrations/rspec.rb
/usr/lib/ruby/gems/1.9.1/gems/shoulda-2.11.3/lib/shoulda/integrations/rspec2.rb
/usr/lib/ruby/gems/1.9.1/gems/shoulda-2.11.3/lib/shoulda/integrations/test_unit.rb
/usr/lib/ruby/gems/1.9.1/gems/shoulda-2.11.3/lib/shoulda/macros.rb
/usr/lib/ruby/gems/1.9.1/gems/shoulda-2.11.3/lib/shoulda/private_helpers.rb
/usr/lib/ruby/gems/1.9.1/gems/shoulda-2.11.3/lib/shoulda/proc_extensions.rb
/usr/lib/ruby/gems/1.9.1/gems/shoulda-2.11.3/lib/shoulda/rails.rb
/usr/lib/ruby/gems/1.9.1/gems/shoulda-2.11.3/lib/shoulda/tasks.rb
/usr/lib/ruby/gems/1.9.1/gems/shoulda-2.11.3/lib/shoulda/tasks/list_tests.rake
/usr/lib/ruby/gems/1.9.1/gems/shoulda-2.11.3/lib/shoulda/tasks/yaml_to_shoulda.rake
/usr/lib/ruby/gems/1.9.1/gems/shoulda-2.11.3/lib/shoulda/version.rb
/usr/lib/ruby/gems/1.9.1/specifications/shoulda-2.11.3.gemspec
