/etc/conf.d/squid
/etc/cron.weekly/squid.cron
/etc/init.d/squid
#dir /etc/runlevels/default
#symlink /etc/runlevels/default/squid /etc/init.d/squid

/etc/pam.d/squid
/etc/squid/cachemgr.conf
/etc/squid/cachemgr.conf.default
/etc/squid/errorpage.css
/etc/squid/errorpage.css.default
/etc/squid/mime.conf
/etc/squid/mime.conf.default
/etc/squid/msntauth.conf
/etc/squid/msntauth.conf.default
/etc/squid/squid.conf
/etc/squid/squid.conf.default
/etc/squid/squid.conf.documented
/etc/ssl/squid/.keep_net-proxy_squid-0
/usr/bin/purge
/usr/bin/squidclient
/usr/libexec/squid/basic_getpwnam_auth
/usr/libexec/squid/basic_msnt_auth
/usr/libexec/squid/basic_msnt_multi_domain_auth
/usr/libexec/squid/basic_ncsa_auth
/usr/libexec/squid/basic_pam_auth
/usr/libexec/squid/basic_pop3_auth
/usr/libexec/squid/cachemgr.cgi
/usr/libexec/squid/digest_file_auth
/usr/libexec/squid/diskd
/usr/libexec/squid/ext_file_userip_acl
/usr/libexec/squid/ext_session_acl
/usr/libexec/squid/ext_unix_group_acl
/usr/libexec/squid/helper-mux.pl
/usr/libexec/squid/log_file_daemon
/usr/libexec/squid/pinger
/usr/libexec/squid/unlinkd
/usr/libexec/squid/url_fake_rewrite
/usr/libexec/squid/url_fake_rewrite.sh
/usr/sbin/squid
#dir /usr/share/squid/errors
#symlink /usr/share/squid/errors/en-au en
#symlink /usr/share/squid/errors/en-bz en
#symlink /usr/share/squid/errors/en-ca en
#symlink /usr/share/squid/errors/en-gb en
#symlink /usr/share/squid/errors/en-ie en
#symlink /usr/share/squid/errors/en-in en
#symlink /usr/share/squid/errors/en-jm en
#symlink /usr/share/squid/errors/en-nz en
#symlink /usr/share/squid/errors/en-ph en
#symlink /usr/share/squid/errors/en-sg en
#symlink /usr/share/squid/errors/en-tt en
#symlink /usr/share/squid/errors/en-uk en
#symlink /usr/share/squid/errors/en-us en
#symlink /usr/share/squid/errors/en-za en
#symlink /usr/share/squid/errors/en-zw en
/usr/share/squid/errors/en/ERR_ACCESS_DENIED
/usr/share/squid/errors/en/ERR_ACL_TIME_QUOTA_EXCEEDED
/usr/share/squid/errors/en/ERR_AGENT_CONFIGURE
/usr/share/squid/errors/en/ERR_AGENT_WPAD
/usr/share/squid/errors/en/ERR_CACHE_ACCESS_DENIED
/usr/share/squid/errors/en/ERR_CACHE_MGR_ACCESS_DENIED
/usr/share/squid/errors/en/ERR_CANNOT_FORWARD
/usr/share/squid/errors/en/ERR_CONFLICT_HOST
/usr/share/squid/errors/en/ERR_CONNECT_FAIL
/usr/share/squid/errors/en/ERR_DIR_LISTING
/usr/share/squid/errors/en/ERR_DNS_FAIL
/usr/share/squid/errors/en/ERR_ESI
/usr/share/squid/errors/en/ERR_FORWARDING_DENIED
/usr/share/squid/errors/en/ERR_FTP_DISABLED
/usr/share/squid/errors/en/ERR_FTP_FAILURE
/usr/share/squid/errors/en/ERR_FTP_FORBIDDEN
/usr/share/squid/errors/en/ERR_FTP_NOT_FOUND
/usr/share/squid/errors/en/ERR_FTP_PUT_CREATED
/usr/share/squid/errors/en/ERR_FTP_PUT_ERROR
/usr/share/squid/errors/en/ERR_FTP_PUT_MODIFIED
/usr/share/squid/errors/en/ERR_FTP_UNAVAILABLE
/usr/share/squid/errors/en/ERR_GATEWAY_FAILURE
/usr/share/squid/errors/en/ERR_ICAP_FAILURE
/usr/share/squid/errors/en/ERR_INVALID_REQ
/usr/share/squid/errors/en/ERR_INVALID_RESP
/usr/share/squid/errors/en/ERR_INVALID_URL
/usr/share/squid/errors/en/ERR_LIFETIME_EXP
/usr/share/squid/errors/en/ERR_NO_RELAY
/usr/share/squid/errors/en/ERR_ONLY_IF_CACHED_MISS
/usr/share/squid/errors/en/ERR_PRECONDITION_FAILED
/usr/share/squid/errors/en/ERR_READ_ERROR
/usr/share/squid/errors/en/ERR_READ_TIMEOUT
/usr/share/squid/errors/en/ERR_SECURE_CONNECT_FAIL
/usr/share/squid/errors/en/ERR_SHUTTING_DOWN
/usr/share/squid/errors/en/ERR_SOCKET_FAILURE
/usr/share/squid/errors/en/ERR_TOO_BIG
/usr/share/squid/errors/en/ERR_UNSUP_HTTPVERSION
/usr/share/squid/errors/en/ERR_UNSUP_REQ
/usr/share/squid/errors/en/ERR_URN_RESOLVE
/usr/share/squid/errors/en/ERR_WRITE_ERROR
/usr/share/squid/errors/en/ERR_ZERO_SIZE_OBJECT
/usr/share/squid/errors/en/error-details.txt
#symlink /usr/share/squid/errors/ja-jp ja
/usr/share/squid/errors/ja/ERR_ACCESS_DENIED
/usr/share/squid/errors/ja/ERR_ACL_TIME_QUOTA_EXCEEDED
/usr/share/squid/errors/ja/ERR_AGENT_CONFIGURE
/usr/share/squid/errors/ja/ERR_AGENT_WPAD
/usr/share/squid/errors/ja/ERR_CACHE_ACCESS_DENIED
/usr/share/squid/errors/ja/ERR_CACHE_MGR_ACCESS_DENIED
/usr/share/squid/errors/ja/ERR_CANNOT_FORWARD
/usr/share/squid/errors/ja/ERR_CONFLICT_HOST
/usr/share/squid/errors/ja/ERR_CONNECT_FAIL
/usr/share/squid/errors/ja/ERR_DIR_LISTING
/usr/share/squid/errors/ja/ERR_DNS_FAIL
/usr/share/squid/errors/ja/ERR_ESI
/usr/share/squid/errors/ja/ERR_FORWARDING_DENIED
/usr/share/squid/errors/ja/ERR_FTP_DISABLED
/usr/share/squid/errors/ja/ERR_FTP_FAILURE
/usr/share/squid/errors/ja/ERR_FTP_FORBIDDEN
/usr/share/squid/errors/ja/ERR_FTP_NOT_FOUND
/usr/share/squid/errors/ja/ERR_FTP_PUT_CREATED
/usr/share/squid/errors/ja/ERR_FTP_PUT_ERROR
/usr/share/squid/errors/ja/ERR_FTP_PUT_MODIFIED
/usr/share/squid/errors/ja/ERR_FTP_UNAVAILABLE
/usr/share/squid/errors/ja/ERR_GATEWAY_FAILURE
/usr/share/squid/errors/ja/ERR_ICAP_FAILURE
/usr/share/squid/errors/ja/ERR_INVALID_REQ
/usr/share/squid/errors/ja/ERR_INVALID_RESP
/usr/share/squid/errors/ja/ERR_INVALID_URL
/usr/share/squid/errors/ja/ERR_LIFETIME_EXP
/usr/share/squid/errors/ja/ERR_NO_RELAY
/usr/share/squid/errors/ja/ERR_ONLY_IF_CACHED_MISS
/usr/share/squid/errors/ja/ERR_PRECONDITION_FAILED
/usr/share/squid/errors/ja/ERR_READ_ERROR
/usr/share/squid/errors/ja/ERR_READ_TIMEOUT
/usr/share/squid/errors/ja/ERR_SECURE_CONNECT_FAIL
/usr/share/squid/errors/ja/ERR_SHUTTING_DOWN
/usr/share/squid/errors/ja/ERR_SOCKET_FAILURE
/usr/share/squid/errors/ja/ERR_TOO_BIG
/usr/share/squid/errors/ja/ERR_UNSUP_HTTPVERSION
/usr/share/squid/errors/ja/ERR_UNSUP_REQ
/usr/share/squid/errors/ja/ERR_URN_RESOLVE
/usr/share/squid/errors/ja/ERR_WRITE_ERROR
/usr/share/squid/errors/ja/ERR_ZERO_SIZE_OBJECT
/usr/share/squid/errors/ja/error-details.txt
/usr/share/squid/errors/templates/ERR_ACCESS_DENIED
/usr/share/squid/errors/templates/ERR_ACL_TIME_QUOTA_EXCEEDED
/usr/share/squid/errors/templates/ERR_AGENT_CONFIGURE
/usr/share/squid/errors/templates/ERR_AGENT_WPAD
/usr/share/squid/errors/templates/ERR_CACHE_ACCESS_DENIED
/usr/share/squid/errors/templates/ERR_CACHE_MGR_ACCESS_DENIED
/usr/share/squid/errors/templates/ERR_CANNOT_FORWARD
/usr/share/squid/errors/templates/ERR_CONFLICT_HOST
/usr/share/squid/errors/templates/ERR_CONNECT_FAIL
/usr/share/squid/errors/templates/ERR_DIR_LISTING
/usr/share/squid/errors/templates/ERR_DNS_FAIL
/usr/share/squid/errors/templates/ERR_ESI
/usr/share/squid/errors/templates/ERR_FORWARDING_DENIED
/usr/share/squid/errors/templates/ERR_FTP_DISABLED
/usr/share/squid/errors/templates/ERR_FTP_FAILURE
/usr/share/squid/errors/templates/ERR_FTP_FORBIDDEN
/usr/share/squid/errors/templates/ERR_FTP_NOT_FOUND
/usr/share/squid/errors/templates/ERR_FTP_PUT_CREATED
/usr/share/squid/errors/templates/ERR_FTP_PUT_ERROR
/usr/share/squid/errors/templates/ERR_FTP_PUT_MODIFIED
/usr/share/squid/errors/templates/ERR_FTP_UNAVAILABLE
/usr/share/squid/errors/templates/ERR_GATEWAY_FAILURE
/usr/share/squid/errors/templates/ERR_ICAP_FAILURE
/usr/share/squid/errors/templates/ERR_INVALID_REQ
/usr/share/squid/errors/templates/ERR_INVALID_RESP
/usr/share/squid/errors/templates/ERR_INVALID_URL
/usr/share/squid/errors/templates/ERR_LIFETIME_EXP
/usr/share/squid/errors/templates/ERR_NO_RELAY
/usr/share/squid/errors/templates/ERR_ONLY_IF_CACHED_MISS
/usr/share/squid/errors/templates/ERR_PRECONDITION_FAILED
/usr/share/squid/errors/templates/ERR_READ_ERROR
/usr/share/squid/errors/templates/ERR_READ_TIMEOUT
/usr/share/squid/errors/templates/ERR_SECURE_CONNECT_FAIL
/usr/share/squid/errors/templates/ERR_SHUTTING_DOWN
/usr/share/squid/errors/templates/ERR_SOCKET_FAILURE
/usr/share/squid/errors/templates/ERR_TOO_BIG
/usr/share/squid/errors/templates/ERR_UNSUP_HTTPVERSION
/usr/share/squid/errors/templates/ERR_UNSUP_REQ
/usr/share/squid/errors/templates/ERR_URN_RESOLVE
/usr/share/squid/errors/templates/ERR_WRITE_ERROR
/usr/share/squid/errors/templates/ERR_ZERO_SIZE_OBJECT
/usr/share/squid/errors/templates/error-details.txt
/usr/share/squid/icons/SN.png
/usr/share/squid/icons/silk/application.png
/usr/share/squid/icons/silk/arrow_up.png
/usr/share/squid/icons/silk/bomb.png
/usr/share/squid/icons/silk/box.png
/usr/share/squid/icons/silk/bricks.png
/usr/share/squid/icons/silk/bullet_red.png
/usr/share/squid/icons/silk/cd.png
/usr/share/squid/icons/silk/chart_line.png
/usr/share/squid/icons/silk/compress.png
/usr/share/squid/icons/silk/computer_link.png
/usr/share/squid/icons/silk/css.png
/usr/share/squid/icons/silk/cup.png
/usr/share/squid/icons/silk/database.png
/usr/share/squid/icons/silk/database_table.png
/usr/share/squid/icons/silk/drive_disk.png
/usr/share/squid/icons/silk/film.png
/usr/share/squid/icons/silk/film_key.png
/usr/share/squid/icons/silk/folder.png
/usr/share/squid/icons/silk/folder_table.png
/usr/share/squid/icons/silk/image.png
/usr/share/squid/icons/silk/information.png
/usr/share/squid/icons/silk/layers.png
/usr/share/squid/icons/silk/layout.png
/usr/share/squid/icons/silk/link.png
/usr/share/squid/icons/silk/music.png
/usr/share/squid/icons/silk/package.png
/usr/share/squid/icons/silk/package_go.png
/usr/share/squid/icons/silk/page_code.png
/usr/share/squid/icons/silk/page_excel.png
/usr/share/squid/icons/silk/page_green.png
/usr/share/squid/icons/silk/page_white.png
/usr/share/squid/icons/silk/page_white_acrobat.png
/usr/share/squid/icons/silk/page_white_c.png
/usr/share/squid/icons/silk/page_white_cplusplus.png
/usr/share/squid/icons/silk/page_white_flash.png
/usr/share/squid/icons/silk/page_white_magnify.png
/usr/share/squid/icons/silk/page_white_picture.png
/usr/share/squid/icons/silk/page_white_powerpoint.png
/usr/share/squid/icons/silk/page_white_stack.png
/usr/share/squid/icons/silk/page_white_text.png
/usr/share/squid/icons/silk/page_white_word.png
/usr/share/squid/icons/silk/page_white_zip.png
/usr/share/squid/icons/silk/page_world.png
/usr/share/squid/icons/silk/photo.png
/usr/share/squid/icons/silk/picture.png
/usr/share/squid/icons/silk/plugin.png
/usr/share/squid/icons/silk/plugin_add.png
/usr/share/squid/icons/silk/script.png
/usr/share/squid/icons/silk/script_gear.png
/usr/share/squid/icons/silk/script_palette.png
/usr/share/squid/mib.txt
/var/cache/squid/.keep_net-proxy_squid-0
/var/lib/squid/.keep_net-proxy_squid-0
/var/log/squid/.keep_net-proxy_squid-0
