#require java.lst
/etc/env.d/20ant
/usr/bin/ant
/usr/bin/antRun
/usr/share/ant-core/bin/antRun
/usr/share/ant-core/etc/changelog.xsl
/usr/share/ant-core/etc/checkstyle/checkstyle-frames.xsl
/usr/share/ant-core/etc/checkstyle/checkstyle-text.xsl
/usr/share/ant-core/etc/checkstyle/checkstyle-xdoc.xsl
/usr/share/ant-core/etc/coverage-frames.xsl
/usr/share/ant-core/etc/jdepend-frames.xsl
/usr/share/ant-core/etc/jdepend.xsl
/usr/share/ant-core/etc/junit-frames-xalan1.xsl
/usr/share/ant-core/etc/junit-frames.xsl
/usr/share/ant-core/etc/junit-noframes.xsl
/usr/share/ant-core/etc/log.xsl
/usr/share/ant-core/etc/maudit-frames.xsl
/usr/share/ant-core/etc/mmetrics-frames.xsl
/usr/share/ant-core/etc/tagdiff.xsl
/usr/share/ant-core/lib/ant-bootstrap.jar
/usr/share/ant-core/lib/ant-launcher.jar
/usr/share/ant-core/lib/ant.jar
/usr/share/ant-core/package.env
/usr/share/ant/lib/ant-bootstrap.jar
/usr/share/ant/lib/ant-launcher.jar
/usr/share/ant/lib/ant.jar
#symlink /usr/share/ant/bin /usr/share/ant-core/bin
#symlink /usr/share/ant/etc /usr/share/ant-core/etc
/usr/share/commons-pool/lib/commons-pool.jar
/usr/share/tomcat-servlet-api-3.0/lib/el-api.jar
/usr/share/tomcat-servlet-api-3.0/lib/jsp-api.jar
/usr/share/tomcat-servlet-api-3.0/lib/servlet-api.jar
/usr/share/ant-trax/lib/ant-trax.jar
/usr/share/ant/lib/ant-trax.jar
/usr/share/ant/tasks-1.8.4/ant-trax
/usr/share/commons-logging/lib/commons-logging-adapters.jar
/usr/share/commons-logging/lib/commons-logging-api.jar
/usr/share/commons-logging/lib/commons-logging.jar
/usr/share/glassfish-transaction-api/lib/jta.jar
/usr/share/commons-dbcp/lib/commons-dbcp.jar
/usr/bin/ecj-3.7
/usr/share/eclipse-ecj-3.7/lib/ecj.jar
/usr/share/ant-eclipse-ecj-3.7/lib/ant-eclipse-ecj.jar
/usr/share/java-config-2/compiler/ecj-3.7
/usr/bin/jsvc
/usr/share/commons-daemon/lib/commons-daemon.jar
/etc/conf.d/tomcat-7
/etc/init.d/tomcat-7
/etc/tomcat-7/catalina.policy
/etc/tomcat-7/catalina.properties
/etc/tomcat-7/context.xml
/etc/tomcat-7/logging.properties
/etc/tomcat-7/server.xml
/etc/tomcat-7/tomcat-users.xml
/etc/tomcat-7/web.xml
/usr/share/tomcat-7/bin/bootstrap.jar
/usr/share/tomcat-7/bin/catalina.sh
/usr/share/tomcat-7/bin/configtest.sh
/usr/share/tomcat-7/bin/daemon.sh
/usr/share/tomcat-7/bin/digest.sh
/usr/share/tomcat-7/bin/setclasspath.sh
/usr/share/tomcat-7/bin/shutdown.sh
/usr/share/tomcat-7/bin/startup.sh
/usr/share/tomcat-7/bin/tomcat-juli.jar
/usr/share/tomcat-7/bin/tool-wrapper.sh
/usr/share/tomcat-7/bin/version.sh
/usr/share/tomcat-7/lib/annotations-api.jar
/usr/share/tomcat-7/lib/catalina-ant.jar
/usr/share/tomcat-7/lib/catalina-ha.jar
/usr/share/tomcat-7/lib/catalina-tribes.jar
/usr/share/tomcat-7/lib/catalina.jar
/usr/share/tomcat-7/lib/ecj.jar
/usr/share/tomcat-7/lib/el-api.jar
/usr/share/tomcat-7/lib/jasper-el.jar
/usr/share/tomcat-7/lib/jasper.jar
/usr/share/tomcat-7/lib/jsp-api.jar
/usr/share/tomcat-7/lib/servlet-api.jar
/usr/share/tomcat-7/lib/tomcat-api.jar
/usr/share/tomcat-7/lib/tomcat-coyote.jar
/usr/share/tomcat-7/lib/tomcat-i18n-es.jar
/usr/share/tomcat-7/lib/tomcat-i18n-fr.jar
/usr/share/tomcat-7/lib/tomcat-i18n-ja.jar
/usr/share/tomcat-7/lib/tomcat-util.jar
/usr/share/tomcat-7/package.env
/usr/share/tomcat-7/webapps/ROOT/WEB-INF/web.xml
/usr/share/tomcat-7/webapps/ROOT/asf-logo-wide.gif
/usr/share/tomcat-7/webapps/ROOT/asf-logo.png
/usr/share/tomcat-7/webapps/ROOT/bg-button.png
/usr/share/tomcat-7/webapps/ROOT/bg-middle.png
/usr/share/tomcat-7/webapps/ROOT/bg-nav-item.png
/usr/share/tomcat-7/webapps/ROOT/bg-nav.png
/usr/share/tomcat-7/webapps/ROOT/bg-upper.png
/usr/share/tomcat-7/webapps/ROOT/build.xml
/usr/share/tomcat-7/webapps/ROOT/favicon.ico
/usr/share/tomcat-7/webapps/ROOT/index.jsp
/usr/share/tomcat-7/webapps/ROOT/tomcat-power.gif
/usr/share/tomcat-7/webapps/ROOT/tomcat.css
/usr/share/tomcat-7/webapps/ROOT/tomcat.gif
/usr/share/tomcat-7/webapps/ROOT/tomcat.png
/usr/share/tomcat-7/webapps/ROOT/tomcat.svg
/usr/share/tomcat-7/webapps/host-manager/META-INF/context.xml
/usr/share/tomcat-7/webapps/host-manager/WEB-INF/jsp/401.jsp
/usr/share/tomcat-7/webapps/host-manager/WEB-INF/jsp/403.jsp
/usr/share/tomcat-7/webapps/host-manager/WEB-INF/jsp/404.jsp
/usr/share/tomcat-7/webapps/host-manager/WEB-INF/web.xml
/usr/share/tomcat-7/webapps/host-manager/images/add.gif
/usr/share/tomcat-7/webapps/host-manager/images/asf-logo.gif
/usr/share/tomcat-7/webapps/host-manager/images/code.gif
/usr/share/tomcat-7/webapps/host-manager/images/design.gif
/usr/share/tomcat-7/webapps/host-manager/images/docs.gif
/usr/share/tomcat-7/webapps/host-manager/images/fix.gif
/usr/share/tomcat-7/webapps/host-manager/images/tomcat.gif
/usr/share/tomcat-7/webapps/host-manager/images/update.gif
/usr/share/tomcat-7/webapps/host-manager/images/void.gif
/usr/share/tomcat-7/webapps/host-manager/index.jsp
/usr/share/tomcat-7/webapps/host-manager/manager.xml
/usr/share/tomcat-7/webapps/manager/META-INF/context.xml
/usr/share/tomcat-7/webapps/manager/WEB-INF/jsp/401.jsp
/usr/share/tomcat-7/webapps/manager/WEB-INF/jsp/403.jsp
/usr/share/tomcat-7/webapps/manager/WEB-INF/jsp/404.jsp
/usr/share/tomcat-7/webapps/manager/WEB-INF/jsp/sessionDetail.jsp
/usr/share/tomcat-7/webapps/manager/WEB-INF/jsp/sessionsList.jsp
/usr/share/tomcat-7/webapps/manager/WEB-INF/web.xml
/usr/share/tomcat-7/webapps/manager/images/add.gif
/usr/share/tomcat-7/webapps/manager/images/asf-logo.gif
/usr/share/tomcat-7/webapps/manager/images/code.gif
/usr/share/tomcat-7/webapps/manager/images/design.gif
/usr/share/tomcat-7/webapps/manager/images/docs.gif
/usr/share/tomcat-7/webapps/manager/images/fix.gif
/usr/share/tomcat-7/webapps/manager/images/tomcat.gif
/usr/share/tomcat-7/webapps/manager/images/update.gif
/usr/share/tomcat-7/webapps/manager/images/void.gif
/usr/share/tomcat-7/webapps/manager/index.jsp
/usr/share/tomcat-7/webapps/manager/status.xsd
/usr/share/tomcat-7/webapps/manager/xform.xsl
/var/lib/tomcat-7/webapps/.keep_www-servers_tomcat-7
#symlink /var/lib/tomcat-7/conf /etc/tomcat-7
#symlink /var/lib/tomcat-7/logs /var/log/tomcat-7
#symlink /var/lib/tomcat-7/temp /var/tmp/tomcat-7
/var/log/tomcat-7/.keep_www-servers_tomcat-7
#/var/run/tomcat-7/.keep_www-servers_tomcat-7
#dir /var/tmp/tomcat-7
#sed /etc/init.d/tomcat-7 s/\(JAVA_HOME=\).\+$/\1\/etc\/java-config-2\/current-system-vm/
#symlink /etc/runlevels/default/tomcat-7 /etc/init.d/tomcat-7
