/etc/conf.d/udev
# disabling persistent cd/net
#sed /etc/conf.d/udev s/^persistent_net_disable="no"$/persistent_net_disable="yes"/
#sed /etc/conf.d/udev s/^persistent_cd_disable="no"$/persistent_cd_disable="yes"/
/etc/init.d/udev
/etc/init.d/udev-mount
/etc/init.d/udev-postmount
/etc/modprobe.d/blacklist.conf
/etc/modprobe.d/pnp-aliases.conf
/etc/udev/udev.conf
/lib/udev/ata_id
/lib/udev/cdrom_id
/lib/udev/collect
/lib/udev/devices/.keep_sys-fs_udev-0
/lib/udev/firmware
/lib/udev/input_id
/lib/udev/mtd_probe
/lib/udev/net.sh
/lib/udev/path_id
/lib/udev/rule_generator.functions
/lib/udev/rules.d/30-kernel-compat.rules
/lib/udev/rules.d/40-gentoo.rules
/lib/udev/rules.d/42-qemu-usb.rules
/lib/udev/rules.d/50-firmware.rules
/lib/udev/rules.d/50-udev-default.rules
/lib/udev/rules.d/60-cdrom_id.rules
/lib/udev/rules.d/60-persistent-alsa.rules
/lib/udev/rules.d/60-persistent-input.rules
/lib/udev/rules.d/60-persistent-serial.rules
/lib/udev/rules.d/60-persistent-storage-tape.rules
/lib/udev/rules.d/60-persistent-storage.rules
/lib/udev/rules.d/60-persistent-v4l.rules
#/lib/udev/rules.d/70-acl.rules
/lib/udev/rules.d/75-cd-aliases-generator.rules
/lib/udev/rules.d/75-persistent-net-generator.rules
/lib/udev/rules.d/75-probe_mtd.rules
/lib/udev/rules.d/80-drivers.rules
/lib/udev/rules.d/90-network.rules
/lib/udev/rules.d/95-udev-late.rules
/lib/udev/scsi_id
/lib/udev/shell-compat-KV.sh
/lib/udev/state/.keep_sys-fs_udev-0
#/lib/udev/udev-acl
/lib/udev/usb_id
/lib/udev/v4l_id
/lib/udev/write_cd_rules
/lib/udev/write_net_rules
/lib/udev/write_root_link_rule
/sbin/scsi_id
/sbin/udevadm
/sbin/udevd
#/usr/lib/ConsoleKit/run-seat.d/udev-acl.ck
/usr/lib/systemd/system/basic.target.wants/udev-trigger.service
/usr/lib/systemd/system/basic.target.wants/udev.service
/usr/lib/systemd/system/sockets.target.wants/udev-control.socket
/usr/lib/systemd/system/sockets.target.wants/udev-kernel.socket
/usr/lib/systemd/system/udev-control.socket
/usr/lib/systemd/system/udev-kernel.socket
/usr/lib/systemd/system/udev-settle.service
/usr/lib/systemd/system/udev-trigger.service
/usr/lib/systemd/system/udev.service

