/bin/dmesg
/bin/lsblk
/bin/more
/bin/mount
/bin/umount
/sbin/agetty
/sbin/blkid
#/sbin/blockdev
#/sbin/cfdisk
#/sbin/ctrlaltdel
/sbin/fdisk
#/sbin/findfs
/sbin/fsck
#/sbin/fsck.cramfs
#/sbin/fsck.minix
#/sbin/fsfreeze
#/sbin/fstrim
/sbin/hwclock
/sbin/losetup
/sbin/mkfs
#/sbin/mkfs.bfs
#/sbin/mkfs.cramfs
#/sbin/mkfs.minix
/sbin/mkswap
/sbin/pivot_root
#/sbin/raw
#/sbin/sfdisk
#/sbin/swaplabel
/sbin/swapoff
/sbin/swapon
/sbin/switch_root
#/sbin/wipefs
/usr/bin/cal
/usr/bin/chrt
#/usr/bin/col
#/usr/bin/colcrt
#/usr/bin/colrm
#/usr/bin/column
#/usr/bin/cytune
#/usr/bin/fallocate
/usr/bin/flock
/usr/bin/getopt
/usr/bin/hexdump
#/usr/bin/i386
#/usr/bin/ionice
/usr/bin/ipcmk
/usr/bin/ipcrm
/usr/bin/ipcs
#/usr/bin/isosize
#/usr/bin/linux32
#/usr/bin/linux64
/usr/bin/logger
#/usr/bin/look
/usr/bin/lscpu
#/usr/bin/mcookie
#/usr/bin/namei
#/usr/bin/pg
#/usr/bin/rename
/usr/bin/renice
/usr/bin/rev
/usr/bin/script
#/usr/bin/scriptreplay
/usr/bin/setarch
/usr/bin/setsid
#/usr/bin/setterm
#/usr/bin/tailf
/usr/bin/taskset
#/usr/bin/ul
#/usr/bin/unshare
/usr/bin/uuidgen
/usr/bin/whereis
#/usr/bin/write
#/usr/bin/x86_64
#/usr/sbin/addpart
#/usr/sbin/delpart
#/usr/sbin/fdformat
#/usr/sbin/ldattach
#/usr/sbin/partx
#/usr/sbin/readprofile
#/usr/sbin/rtcwake
#/usr/sbin/tunelp
#/usr/sbin/uuidd
