#require subversion.lst
/usr/share/webapps/websvn/2.3.2/config-files
/usr/share/webapps/websvn/2.3.2/htdocs/blame.php
/usr/share/webapps/websvn/2.3.2/htdocs/cache/tmp
/usr/share/webapps/websvn/2.3.2/htdocs/comp.php
/usr/share/webapps/websvn/2.3.2/htdocs/diff.php
/usr/share/webapps/websvn/2.3.2/htdocs/dl.php
/usr/share/webapps/websvn/2.3.2/htdocs/filedetails.php
/usr/share/webapps/websvn/2.3.2/htdocs/include/accessfile.php
/usr/share/webapps/websvn/2.3.2/htdocs/include/auth.php
/usr/share/webapps/websvn/2.3.2/htdocs/include/bugtraq.php
/usr/share/webapps/websvn/2.3.2/htdocs/include/command.php
/usr/share/webapps/websvn/2.3.2/htdocs/include/config.php
/usr/share/webapps/websvn/2.3.2/htdocs/include/configclass.php
/usr/share/webapps/websvn/2.3.2/htdocs/include/diff_inc.php
/usr/share/webapps/websvn/2.3.2/htdocs/include/diff_util.php
/usr/share/webapps/websvn/2.3.2/htdocs/include/header
/usr/share/webapps/websvn/2.3.2/htdocs/include/setup.php
/usr/share/webapps/websvn/2.3.2/htdocs/include/svnlook.php
/usr/share/webapps/websvn/2.3.2/htdocs/include/template.php
/usr/share/webapps/websvn/2.3.2/htdocs/include/utils.php
/usr/share/webapps/websvn/2.3.2/htdocs/include/version.php
/usr/share/webapps/websvn/2.3.2/htdocs/index.php
/usr/share/webapps/websvn/2.3.2/htdocs/javascript/blame-popup.js
/usr/share/webapps/websvn/2.3.2/htdocs/javascript/group-collapse.js
/usr/share/webapps/websvn/2.3.2/htdocs/languages/catalan.php
/usr/share/webapps/websvn/2.3.2/htdocs/languages/chinese-simplified.php
/usr/share/webapps/websvn/2.3.2/htdocs/languages/chinese-traditional.php
/usr/share/webapps/websvn/2.3.2/htdocs/languages/czech.php
/usr/share/webapps/websvn/2.3.2/htdocs/languages/danish.php
/usr/share/webapps/websvn/2.3.2/htdocs/languages/dutch.php
/usr/share/webapps/websvn/2.3.2/htdocs/languages/english.php
/usr/share/webapps/websvn/2.3.2/htdocs/languages/finnish.php
/usr/share/webapps/websvn/2.3.2/htdocs/languages/french.php
/usr/share/webapps/websvn/2.3.2/htdocs/languages/german.php
/usr/share/webapps/websvn/2.3.2/htdocs/languages/hebrew.php
/usr/share/webapps/websvn/2.3.2/htdocs/languages/hindi.php
/usr/share/webapps/websvn/2.3.2/htdocs/languages/hungarian.php
/usr/share/webapps/websvn/2.3.2/htdocs/languages/indonesian.php
/usr/share/webapps/websvn/2.3.2/htdocs/languages/italian.php
/usr/share/webapps/websvn/2.3.2/htdocs/languages/japanese.php
/usr/share/webapps/websvn/2.3.2/htdocs/languages/korean.php
/usr/share/webapps/websvn/2.3.2/htdocs/languages/languages.php
/usr/share/webapps/websvn/2.3.2/htdocs/languages/macedonian.php
/usr/share/webapps/websvn/2.3.2/htdocs/languages/marathi.php
/usr/share/webapps/websvn/2.3.2/htdocs/languages/norwegian.php
/usr/share/webapps/websvn/2.3.2/htdocs/languages/polish.php
/usr/share/webapps/websvn/2.3.2/htdocs/languages/portuguese-br.php
/usr/share/webapps/websvn/2.3.2/htdocs/languages/portuguese.php
/usr/share/webapps/websvn/2.3.2/htdocs/languages/russian.php
/usr/share/webapps/websvn/2.3.2/htdocs/languages/slovak.php
/usr/share/webapps/websvn/2.3.2/htdocs/languages/slovenian.php
/usr/share/webapps/websvn/2.3.2/htdocs/languages/spanish.php
/usr/share/webapps/websvn/2.3.2/htdocs/languages/swedish.php
/usr/share/webapps/websvn/2.3.2/htdocs/languages/turkish.php
/usr/share/webapps/websvn/2.3.2/htdocs/languages/uzbek.php
/usr/share/webapps/websvn/2.3.2/htdocs/lib/geshi.php
/usr/share/webapps/websvn/2.3.2/htdocs/lib/geshi/4cs.php
/usr/share/webapps/websvn/2.3.2/htdocs/lib/geshi/6502acme.php
/usr/share/webapps/websvn/2.3.2/htdocs/lib/geshi/6502kickass.php
/usr/share/webapps/websvn/2.3.2/htdocs/lib/geshi/6502tasm.php
/usr/share/webapps/websvn/2.3.2/htdocs/lib/geshi/68000devpac.php
/usr/share/webapps/websvn/2.3.2/htdocs/lib/geshi/abap.php
/usr/share/webapps/websvn/2.3.2/htdocs/lib/geshi/actionscript.php
/usr/share/webapps/websvn/2.3.2/htdocs/lib/geshi/actionscript3.php
/usr/share/webapps/websvn/2.3.2/htdocs/lib/geshi/ada.php
/usr/share/webapps/websvn/2.3.2/htdocs/lib/geshi/algol68.php
/usr/share/webapps/websvn/2.3.2/htdocs/lib/geshi/apache.php
/usr/share/webapps/websvn/2.3.2/htdocs/lib/geshi/applescript.php
/usr/share/webapps/websvn/2.3.2/htdocs/lib/geshi/apt_sources.php
/usr/share/webapps/websvn/2.3.2/htdocs/lib/geshi/asm.php
/usr/share/webapps/websvn/2.3.2/htdocs/lib/geshi/asp.php
/usr/share/webapps/websvn/2.3.2/htdocs/lib/geshi/autoconf.php
/usr/share/webapps/websvn/2.3.2/htdocs/lib/geshi/autohotkey.php
/usr/share/webapps/websvn/2.3.2/htdocs/lib/geshi/autoit.php
/usr/share/webapps/websvn/2.3.2/htdocs/lib/geshi/avisynth.php
/usr/share/webapps/websvn/2.3.2/htdocs/lib/geshi/awk.php
/usr/share/webapps/websvn/2.3.2/htdocs/lib/geshi/bash.php
/usr/share/webapps/websvn/2.3.2/htdocs/lib/geshi/basic4gl.php
/usr/share/webapps/websvn/2.3.2/htdocs/lib/geshi/bf.php
/usr/share/webapps/websvn/2.3.2/htdocs/lib/geshi/bibtex.php
/usr/share/webapps/websvn/2.3.2/htdocs/lib/geshi/blitzbasic.php
/usr/share/webapps/websvn/2.3.2/htdocs/lib/geshi/bnf.php
/usr/share/webapps/websvn/2.3.2/htdocs/lib/geshi/boo.php
/usr/share/webapps/websvn/2.3.2/htdocs/lib/geshi/c.php
/usr/share/webapps/websvn/2.3.2/htdocs/lib/geshi/c_mac.php
/usr/share/webapps/websvn/2.3.2/htdocs/lib/geshi/caddcl.php
/usr/share/webapps/websvn/2.3.2/htdocs/lib/geshi/cadlisp.php
/usr/share/webapps/websvn/2.3.2/htdocs/lib/geshi/cfdg.php
/usr/share/webapps/websvn/2.3.2/htdocs/lib/geshi/cfm.php
/usr/share/webapps/websvn/2.3.2/htdocs/lib/geshi/chaiscript.php
/usr/share/webapps/websvn/2.3.2/htdocs/lib/geshi/cil.php
/usr/share/webapps/websvn/2.3.2/htdocs/lib/geshi/clojure.php
/usr/share/webapps/websvn/2.3.2/htdocs/lib/geshi/cmake.php
/usr/share/webapps/websvn/2.3.2/htdocs/lib/geshi/cobol.php
/usr/share/webapps/websvn/2.3.2/htdocs/lib/geshi/cpp-qt.php
/usr/share/webapps/websvn/2.3.2/htdocs/lib/geshi/cpp.php
/usr/share/webapps/websvn/2.3.2/htdocs/lib/geshi/csharp.php
/usr/share/webapps/websvn/2.3.2/htdocs/lib/geshi/css.php
/usr/share/webapps/websvn/2.3.2/htdocs/lib/geshi/cuesheet.php
/usr/share/webapps/websvn/2.3.2/htdocs/lib/geshi/d.php
/usr/share/webapps/websvn/2.3.2/htdocs/lib/geshi/dcs.php
/usr/share/webapps/websvn/2.3.2/htdocs/lib/geshi/delphi.php
/usr/share/webapps/websvn/2.3.2/htdocs/lib/geshi/diff.php
/usr/share/webapps/websvn/2.3.2/htdocs/lib/geshi/div.php
/usr/share/webapps/websvn/2.3.2/htdocs/lib/geshi/dos.php
/usr/share/webapps/websvn/2.3.2/htdocs/lib/geshi/dot.php
/usr/share/webapps/websvn/2.3.2/htdocs/lib/geshi/e.php
/usr/share/webapps/websvn/2.3.2/htdocs/lib/geshi/ecmascript.php
/usr/share/webapps/websvn/2.3.2/htdocs/lib/geshi/eiffel.php
/usr/share/webapps/websvn/2.3.2/htdocs/lib/geshi/email.php
/usr/share/webapps/websvn/2.3.2/htdocs/lib/geshi/erlang.php
/usr/share/webapps/websvn/2.3.2/htdocs/lib/geshi/f1.php
/usr/share/webapps/websvn/2.3.2/htdocs/lib/geshi/fo.php
/usr/share/webapps/websvn/2.3.2/htdocs/lib/geshi/fortran.php
/usr/share/webapps/websvn/2.3.2/htdocs/lib/geshi/freebasic.php
/usr/share/webapps/websvn/2.3.2/htdocs/lib/geshi/fsharp.php
/usr/share/webapps/websvn/2.3.2/htdocs/lib/geshi/gambas.php
/usr/share/webapps/websvn/2.3.2/htdocs/lib/geshi/gdb.php
/usr/share/webapps/websvn/2.3.2/htdocs/lib/geshi/genero.php
/usr/share/webapps/websvn/2.3.2/htdocs/lib/geshi/genie.php
/usr/share/webapps/websvn/2.3.2/htdocs/lib/geshi/gettext.php
/usr/share/webapps/websvn/2.3.2/htdocs/lib/geshi/glsl.php
/usr/share/webapps/websvn/2.3.2/htdocs/lib/geshi/gml.php
/usr/share/webapps/websvn/2.3.2/htdocs/lib/geshi/gnuplot.php
/usr/share/webapps/websvn/2.3.2/htdocs/lib/geshi/go.php
/usr/share/webapps/websvn/2.3.2/htdocs/lib/geshi/groovy.php
/usr/share/webapps/websvn/2.3.2/htdocs/lib/geshi/gwbasic.php
/usr/share/webapps/websvn/2.3.2/htdocs/lib/geshi/haskell.php
/usr/share/webapps/websvn/2.3.2/htdocs/lib/geshi/hicest.php
/usr/share/webapps/websvn/2.3.2/htdocs/lib/geshi/hq9plus.php
/usr/share/webapps/websvn/2.3.2/htdocs/lib/geshi/html4strict.php
/usr/share/webapps/websvn/2.3.2/htdocs/lib/geshi/icon.php
/usr/share/webapps/websvn/2.3.2/htdocs/lib/geshi/idl.php
/usr/share/webapps/websvn/2.3.2/htdocs/lib/geshi/ini.php
/usr/share/webapps/websvn/2.3.2/htdocs/lib/geshi/inno.php
/usr/share/webapps/websvn/2.3.2/htdocs/lib/geshi/intercal.php
/usr/share/webapps/websvn/2.3.2/htdocs/lib/geshi/io.php
/usr/share/webapps/websvn/2.3.2/htdocs/lib/geshi/j.php
/usr/share/webapps/websvn/2.3.2/htdocs/lib/geshi/java.php
/usr/share/webapps/websvn/2.3.2/htdocs/lib/geshi/java5.php
/usr/share/webapps/websvn/2.3.2/htdocs/lib/geshi/javascript.php
/usr/share/webapps/websvn/2.3.2/htdocs/lib/geshi/jquery.php
/usr/share/webapps/websvn/2.3.2/htdocs/lib/geshi/kixtart.php
/usr/share/webapps/websvn/2.3.2/htdocs/lib/geshi/klonec.php
/usr/share/webapps/websvn/2.3.2/htdocs/lib/geshi/klonecpp.php
/usr/share/webapps/websvn/2.3.2/htdocs/lib/geshi/latex.php
/usr/share/webapps/websvn/2.3.2/htdocs/lib/geshi/lb.php
/usr/share/webapps/websvn/2.3.2/htdocs/lib/geshi/lisp.php
/usr/share/webapps/websvn/2.3.2/htdocs/lib/geshi/locobasic.php
/usr/share/webapps/websvn/2.3.2/htdocs/lib/geshi/logtalk.php
/usr/share/webapps/websvn/2.3.2/htdocs/lib/geshi/lolcode.php
/usr/share/webapps/websvn/2.3.2/htdocs/lib/geshi/lotusformulas.php
/usr/share/webapps/websvn/2.3.2/htdocs/lib/geshi/lotusscript.php
/usr/share/webapps/websvn/2.3.2/htdocs/lib/geshi/lscript.php
/usr/share/webapps/websvn/2.3.2/htdocs/lib/geshi/lsl2.php
/usr/share/webapps/websvn/2.3.2/htdocs/lib/geshi/lua.php
/usr/share/webapps/websvn/2.3.2/htdocs/lib/geshi/m68k.php
/usr/share/webapps/websvn/2.3.2/htdocs/lib/geshi/magiksf.php
/usr/share/webapps/websvn/2.3.2/htdocs/lib/geshi/make.php
/usr/share/webapps/websvn/2.3.2/htdocs/lib/geshi/mapbasic.php
/usr/share/webapps/websvn/2.3.2/htdocs/lib/geshi/matlab.php
/usr/share/webapps/websvn/2.3.2/htdocs/lib/geshi/mirc.php
/usr/share/webapps/websvn/2.3.2/htdocs/lib/geshi/mmix.php
/usr/share/webapps/websvn/2.3.2/htdocs/lib/geshi/modula2.php
/usr/share/webapps/websvn/2.3.2/htdocs/lib/geshi/modula3.php
/usr/share/webapps/websvn/2.3.2/htdocs/lib/geshi/mpasm.php
/usr/share/webapps/websvn/2.3.2/htdocs/lib/geshi/mxml.php
/usr/share/webapps/websvn/2.3.2/htdocs/lib/geshi/mysql.php
/usr/share/webapps/websvn/2.3.2/htdocs/lib/geshi/newlisp.php
/usr/share/webapps/websvn/2.3.2/htdocs/lib/geshi/nsis.php
/usr/share/webapps/websvn/2.3.2/htdocs/lib/geshi/oberon2.php
/usr/share/webapps/websvn/2.3.2/htdocs/lib/geshi/objc.php
/usr/share/webapps/websvn/2.3.2/htdocs/lib/geshi/objeck.php
/usr/share/webapps/websvn/2.3.2/htdocs/lib/geshi/ocaml-brief.php
/usr/share/webapps/websvn/2.3.2/htdocs/lib/geshi/ocaml.php
/usr/share/webapps/websvn/2.3.2/htdocs/lib/geshi/oobas.php
/usr/share/webapps/websvn/2.3.2/htdocs/lib/geshi/oracle11.php
/usr/share/webapps/websvn/2.3.2/htdocs/lib/geshi/oracle8.php
/usr/share/webapps/websvn/2.3.2/htdocs/lib/geshi/oxygene.php
/usr/share/webapps/websvn/2.3.2/htdocs/lib/geshi/oz.php
/usr/share/webapps/websvn/2.3.2/htdocs/lib/geshi/pascal.php
/usr/share/webapps/websvn/2.3.2/htdocs/lib/geshi/pcre.php
/usr/share/webapps/websvn/2.3.2/htdocs/lib/geshi/per.php
/usr/share/webapps/websvn/2.3.2/htdocs/lib/geshi/perl.php
/usr/share/webapps/websvn/2.3.2/htdocs/lib/geshi/perl6.php
/usr/share/webapps/websvn/2.3.2/htdocs/lib/geshi/pf.php
/usr/share/webapps/websvn/2.3.2/htdocs/lib/geshi/php-brief.php
/usr/share/webapps/websvn/2.3.2/htdocs/lib/geshi/php.php
/usr/share/webapps/websvn/2.3.2/htdocs/lib/geshi/pic16.php
/usr/share/webapps/websvn/2.3.2/htdocs/lib/geshi/pike.php
/usr/share/webapps/websvn/2.3.2/htdocs/lib/geshi/pixelbender.php
/usr/share/webapps/websvn/2.3.2/htdocs/lib/geshi/plsql.php
/usr/share/webapps/websvn/2.3.2/htdocs/lib/geshi/postgresql.php
/usr/share/webapps/websvn/2.3.2/htdocs/lib/geshi/povray.php
/usr/share/webapps/websvn/2.3.2/htdocs/lib/geshi/powerbuilder.php
/usr/share/webapps/websvn/2.3.2/htdocs/lib/geshi/powershell.php
/usr/share/webapps/websvn/2.3.2/htdocs/lib/geshi/progress.php
/usr/share/webapps/websvn/2.3.2/htdocs/lib/geshi/prolog.php
/usr/share/webapps/websvn/2.3.2/htdocs/lib/geshi/properties.php
/usr/share/webapps/websvn/2.3.2/htdocs/lib/geshi/providex.php
/usr/share/webapps/websvn/2.3.2/htdocs/lib/geshi/purebasic.php
/usr/share/webapps/websvn/2.3.2/htdocs/lib/geshi/python.php
/usr/share/webapps/websvn/2.3.2/htdocs/lib/geshi/q.php
/usr/share/webapps/websvn/2.3.2/htdocs/lib/geshi/qbasic.php
/usr/share/webapps/websvn/2.3.2/htdocs/lib/geshi/rails.php
/usr/share/webapps/websvn/2.3.2/htdocs/lib/geshi/rebol.php
/usr/share/webapps/websvn/2.3.2/htdocs/lib/geshi/reg.php
/usr/share/webapps/websvn/2.3.2/htdocs/lib/geshi/robots.php
/usr/share/webapps/websvn/2.3.2/htdocs/lib/geshi/rpmspec.php
/usr/share/webapps/websvn/2.3.2/htdocs/lib/geshi/rsplus.php
/usr/share/webapps/websvn/2.3.2/htdocs/lib/geshi/ruby.php
/usr/share/webapps/websvn/2.3.2/htdocs/lib/geshi/sas.php
/usr/share/webapps/websvn/2.3.2/htdocs/lib/geshi/scala.php
/usr/share/webapps/websvn/2.3.2/htdocs/lib/geshi/scheme.php
/usr/share/webapps/websvn/2.3.2/htdocs/lib/geshi/scilab.php
/usr/share/webapps/websvn/2.3.2/htdocs/lib/geshi/sdlbasic.php
/usr/share/webapps/websvn/2.3.2/htdocs/lib/geshi/smalltalk.php
/usr/share/webapps/websvn/2.3.2/htdocs/lib/geshi/smarty.php
/usr/share/webapps/websvn/2.3.2/htdocs/lib/geshi/sql.php
/usr/share/webapps/websvn/2.3.2/htdocs/lib/geshi/systemverilog.php
/usr/share/webapps/websvn/2.3.2/htdocs/lib/geshi/tcl.php
/usr/share/webapps/websvn/2.3.2/htdocs/lib/geshi/teraterm.php
/usr/share/webapps/websvn/2.3.2/htdocs/lib/geshi/text.php
/usr/share/webapps/websvn/2.3.2/htdocs/lib/geshi/thinbasic.php
/usr/share/webapps/websvn/2.3.2/htdocs/lib/geshi/tsql.php
/usr/share/webapps/websvn/2.3.2/htdocs/lib/geshi/typoscript.php
/usr/share/webapps/websvn/2.3.2/htdocs/lib/geshi/unicon.php
/usr/share/webapps/websvn/2.3.2/htdocs/lib/geshi/vala.php
/usr/share/webapps/websvn/2.3.2/htdocs/lib/geshi/vb.php
/usr/share/webapps/websvn/2.3.2/htdocs/lib/geshi/vbnet.php
/usr/share/webapps/websvn/2.3.2/htdocs/lib/geshi/verilog.php
/usr/share/webapps/websvn/2.3.2/htdocs/lib/geshi/vhdl.php
/usr/share/webapps/websvn/2.3.2/htdocs/lib/geshi/vim.php
/usr/share/webapps/websvn/2.3.2/htdocs/lib/geshi/visualfoxpro.php
/usr/share/webapps/websvn/2.3.2/htdocs/lib/geshi/visualprolog.php
/usr/share/webapps/websvn/2.3.2/htdocs/lib/geshi/whitespace.php
/usr/share/webapps/websvn/2.3.2/htdocs/lib/geshi/whois.php
/usr/share/webapps/websvn/2.3.2/htdocs/lib/geshi/winbatch.php
/usr/share/webapps/websvn/2.3.2/htdocs/lib/geshi/xbasic.php
/usr/share/webapps/websvn/2.3.2/htdocs/lib/geshi/xml.php
/usr/share/webapps/websvn/2.3.2/htdocs/lib/geshi/xorg_conf.php
/usr/share/webapps/websvn/2.3.2/htdocs/lib/geshi/xpp.php
/usr/share/webapps/websvn/2.3.2/htdocs/lib/geshi/z80.php
/usr/share/webapps/websvn/2.3.2/htdocs/lib/geshi/zxbasic.php
/usr/share/webapps/websvn/2.3.2/htdocs/lib/pear/Archive/Tar.php
/usr/share/webapps/websvn/2.3.2/htdocs/lib/pear/PEAR.php
/usr/share/webapps/websvn/2.3.2/htdocs/lib/pear/Text/Diff.php
/usr/share/webapps/websvn/2.3.2/htdocs/lib/pear/Text/Diff/Engine/native.php
/usr/share/webapps/websvn/2.3.2/htdocs/lib/pear/Text/Diff/Engine/shell.php
/usr/share/webapps/websvn/2.3.2/htdocs/lib/pear/Text/Diff/Engine/string.php
/usr/share/webapps/websvn/2.3.2/htdocs/lib/pear/Text/Diff/Engine/xdiff.php
/usr/share/webapps/websvn/2.3.2/htdocs/lib/pear/Text/Diff/Mapped.php
/usr/share/webapps/websvn/2.3.2/htdocs/lib/pear/Text/Diff/Renderer.php
/usr/share/webapps/websvn/2.3.2/htdocs/lib/pear/Text/Diff/Renderer/context.php
/usr/share/webapps/websvn/2.3.2/htdocs/lib/pear/Text/Diff/Renderer/inline.php
/usr/share/webapps/websvn/2.3.2/htdocs/lib/pear/Text/Diff/Renderer/unified.php
/usr/share/webapps/websvn/2.3.2/htdocs/lib/pear/Text/Diff/ThreeWay.php
/usr/share/webapps/websvn/2.3.2/htdocs/lib/pear/Text/Diff3.php
/usr/share/webapps/websvn/2.3.2/htdocs/listing.php
/usr/share/webapps/websvn/2.3.2/htdocs/log.php
/usr/share/webapps/websvn/2.3.2/htdocs/revision.php
/usr/share/webapps/websvn/2.3.2/htdocs/rss.php
/usr/share/webapps/websvn/2.3.2/htdocs/templates/BlueGrey/blame.tmpl
/usr/share/webapps/websvn/2.3.2/htdocs/templates/BlueGrey/compare.tmpl
/usr/share/webapps/websvn/2.3.2/htdocs/templates/BlueGrey/diff.tmpl
/usr/share/webapps/websvn/2.3.2/htdocs/templates/BlueGrey/directory.tmpl
/usr/share/webapps/websvn/2.3.2/htdocs/templates/BlueGrey/file.tmpl
/usr/share/webapps/websvn/2.3.2/htdocs/templates/BlueGrey/footer.tmpl
/usr/share/webapps/websvn/2.3.2/htdocs/templates/BlueGrey/header.tmpl
/usr/share/webapps/websvn/2.3.2/htdocs/templates/BlueGrey/images/e-node.png
/usr/share/webapps/websvn/2.3.2/htdocs/templates/BlueGrey/images/favicon.ico
/usr/share/webapps/websvn/2.3.2/htdocs/templates/BlueGrey/images/file.png
/usr/share/webapps/websvn/2.3.2/htdocs/templates/BlueGrey/images/filec.png
/usr/share/webapps/websvn/2.3.2/htdocs/templates/BlueGrey/images/filecpp.png
/usr/share/webapps/websvn/2.3.2/htdocs/templates/BlueGrey/images/fileh.png
/usr/share/webapps/websvn/2.3.2/htdocs/templates/BlueGrey/images/filehtml.png
/usr/share/webapps/websvn/2.3.2/htdocs/templates/BlueGrey/images/filejava.png
/usr/share/webapps/websvn/2.3.2/htdocs/templates/BlueGrey/images/filem.png
/usr/share/webapps/websvn/2.3.2/htdocs/templates/BlueGrey/images/filepy.png
/usr/share/webapps/websvn/2.3.2/htdocs/templates/BlueGrey/images/files.png
/usr/share/webapps/websvn/2.3.2/htdocs/templates/BlueGrey/images/folder-open.png
/usr/share/webapps/websvn/2.3.2/htdocs/templates/BlueGrey/images/folder.png
/usr/share/webapps/websvn/2.3.2/htdocs/templates/BlueGrey/images/i-node.png
/usr/share/webapps/websvn/2.3.2/htdocs/templates/BlueGrey/images/l-node.png
/usr/share/webapps/websvn/2.3.2/htdocs/templates/BlueGrey/images/repo.png
/usr/share/webapps/websvn/2.3.2/htdocs/templates/BlueGrey/images/rss.gif
/usr/share/webapps/websvn/2.3.2/htdocs/templates/BlueGrey/images/t-node.png
/usr/share/webapps/websvn/2.3.2/htdocs/templates/BlueGrey/images/websvn.png
/usr/share/webapps/websvn/2.3.2/htdocs/templates/BlueGrey/index.tmpl
/usr/share/webapps/websvn/2.3.2/htdocs/templates/BlueGrey/log.tmpl
/usr/share/webapps/websvn/2.3.2/htdocs/templates/BlueGrey/png.js
/usr/share/webapps/websvn/2.3.2/htdocs/templates/BlueGrey/revision.tmpl
/usr/share/webapps/websvn/2.3.2/htdocs/templates/BlueGrey/styles.css
/usr/share/webapps/websvn/2.3.2/htdocs/templates/Elegant/blame.tmpl
/usr/share/webapps/websvn/2.3.2/htdocs/templates/Elegant/compare.tmpl
/usr/share/webapps/websvn/2.3.2/htdocs/templates/Elegant/diff.tmpl
/usr/share/webapps/websvn/2.3.2/htdocs/templates/Elegant/directory.tmpl
/usr/share/webapps/websvn/2.3.2/htdocs/templates/Elegant/file.tmpl
/usr/share/webapps/websvn/2.3.2/htdocs/templates/Elegant/footer.tmpl
/usr/share/webapps/websvn/2.3.2/htdocs/templates/Elegant/header.tmpl
/usr/share/webapps/websvn/2.3.2/htdocs/templates/Elegant/images/README.txt
/usr/share/webapps/websvn/2.3.2/htdocs/templates/Elegant/images/added.png
/usr/share/webapps/websvn/2.3.2/htdocs/templates/Elegant/images/arrow-in.png
/usr/share/webapps/websvn/2.3.2/htdocs/templates/Elegant/images/arrow-out.png
/usr/share/webapps/websvn/2.3.2/htdocs/templates/Elegant/images/bg-gray-dark.png
/usr/share/webapps/websvn/2.3.2/htdocs/templates/Elegant/images/bg-gray-light.png
/usr/share/webapps/websvn/2.3.2/htdocs/templates/Elegant/images/bg-page-header.png
/usr/share/webapps/websvn/2.3.2/htdocs/templates/Elegant/images/bg-table-divider.png
/usr/share/webapps/websvn/2.3.2/htdocs/templates/Elegant/images/bg-table-header.png
/usr/share/webapps/websvn/2.3.2/htdocs/templates/Elegant/images/blame.png
/usr/share/webapps/websvn/2.3.2/htdocs/templates/Elegant/images/blank.png
/usr/share/webapps/websvn/2.3.2/htdocs/templates/Elegant/images/cube-blue.png
/usr/share/webapps/websvn/2.3.2/htdocs/templates/Elegant/images/deleted.png
/usr/share/webapps/websvn/2.3.2/htdocs/templates/Elegant/images/detail.png
/usr/share/webapps/websvn/2.3.2/htdocs/templates/Elegant/images/diff.png
/usr/share/webapps/websvn/2.3.2/htdocs/templates/Elegant/images/download.png
/usr/share/webapps/websvn/2.3.2/htdocs/templates/Elegant/images/eye.png
/usr/share/webapps/websvn/2.3.2/htdocs/templates/Elegant/images/favicon.ico
/usr/share/webapps/websvn/2.3.2/htdocs/templates/Elegant/images/file-c.png
/usr/share/webapps/websvn/2.3.2/htdocs/templates/Elegant/images/file-cpp.png
/usr/share/webapps/websvn/2.3.2/htdocs/templates/Elegant/images/file-css.png
/usr/share/webapps/websvn/2.3.2/htdocs/templates/Elegant/images/file-h.png
/usr/share/webapps/websvn/2.3.2/htdocs/templates/Elegant/images/file-html.png
/usr/share/webapps/websvn/2.3.2/htdocs/templates/Elegant/images/file-image.png
/usr/share/webapps/websvn/2.3.2/htdocs/templates/Elegant/images/file-java.png
/usr/share/webapps/websvn/2.3.2/htdocs/templates/Elegant/images/file-m.png
/usr/share/webapps/websvn/2.3.2/htdocs/templates/Elegant/images/file-php.png
/usr/share/webapps/websvn/2.3.2/htdocs/templates/Elegant/images/file-py.png
/usr/share/webapps/websvn/2.3.2/htdocs/templates/Elegant/images/file-xml.png
/usr/share/webapps/websvn/2.3.2/htdocs/templates/Elegant/images/file.png
/usr/share/webapps/websvn/2.3.2/htdocs/templates/Elegant/images/folder.png
/usr/share/webapps/websvn/2.3.2/htdocs/templates/Elegant/images/home.png
/usr/share/webapps/websvn/2.3.2/htdocs/templates/Elegant/images/information.png
/usr/share/webapps/websvn/2.3.2/htdocs/templates/Elegant/images/log.png
/usr/share/webapps/websvn/2.3.2/htdocs/templates/Elegant/images/modified.png
/usr/share/webapps/websvn/2.3.2/htdocs/templates/Elegant/images/next.png
/usr/share/webapps/websvn/2.3.2/htdocs/templates/Elegant/images/parent.png
/usr/share/webapps/websvn/2.3.2/htdocs/templates/Elegant/images/pilcrow.png
/usr/share/webapps/websvn/2.3.2/htdocs/templates/Elegant/images/previous.png
/usr/share/webapps/websvn/2.3.2/htdocs/templates/Elegant/images/remove.png
/usr/share/webapps/websvn/2.3.2/htdocs/templates/Elegant/images/repository.png
/usr/share/webapps/websvn/2.3.2/htdocs/templates/Elegant/images/repository24.png
/usr/share/webapps/websvn/2.3.2/htdocs/templates/Elegant/images/reverse.png
/usr/share/webapps/websvn/2.3.2/htdocs/templates/Elegant/images/revision.png
/usr/share/webapps/websvn/2.3.2/htdocs/templates/Elegant/images/rss.png
/usr/share/webapps/websvn/2.3.2/htdocs/templates/Elegant/images/stop.png
/usr/share/webapps/websvn/2.3.2/htdocs/templates/Elegant/images/subversion-s.png
/usr/share/webapps/websvn/2.3.2/htdocs/templates/Elegant/images/valid.png
/usr/share/webapps/websvn/2.3.2/htdocs/templates/Elegant/images/warning.png
/usr/share/webapps/websvn/2.3.2/htdocs/templates/Elegant/images/youngest.png
/usr/share/webapps/websvn/2.3.2/htdocs/templates/Elegant/index.tmpl
/usr/share/webapps/websvn/2.3.2/htdocs/templates/Elegant/log.tmpl
/usr/share/webapps/websvn/2.3.2/htdocs/templates/Elegant/revision-popup.js
/usr/share/webapps/websvn/2.3.2/htdocs/templates/Elegant/revision.tmpl
/usr/share/webapps/websvn/2.3.2/htdocs/templates/Elegant/styles.css
/usr/share/webapps/websvn/2.3.2/htdocs/templates/calm/README.txt
/usr/share/webapps/websvn/2.3.2/htdocs/templates/calm/blame.tmpl
/usr/share/webapps/websvn/2.3.2/htdocs/templates/calm/compare.tmpl
/usr/share/webapps/websvn/2.3.2/htdocs/templates/calm/diff.tmpl
/usr/share/webapps/websvn/2.3.2/htdocs/templates/calm/directory.tmpl
/usr/share/webapps/websvn/2.3.2/htdocs/templates/calm/file.tmpl
/usr/share/webapps/websvn/2.3.2/htdocs/templates/calm/footer.tmpl
/usr/share/webapps/websvn/2.3.2/htdocs/templates/calm/header.tmpl
/usr/share/webapps/websvn/2.3.2/htdocs/templates/calm/images/add.png
/usr/share/webapps/websvn/2.3.2/htdocs/templates/calm/images/arrow_in.png
/usr/share/webapps/websvn/2.3.2/htdocs/templates/calm/images/arrow_out.png
/usr/share/webapps/websvn/2.3.2/htdocs/templates/calm/images/blame.png
/usr/share/webapps/websvn/2.3.2/htdocs/templates/calm/images/bullet_add.png
/usr/share/webapps/websvn/2.3.2/htdocs/templates/calm/images/bullet_delete.png
/usr/share/webapps/websvn/2.3.2/htdocs/templates/calm/images/bullet_yellow.png
/usr/share/webapps/websvn/2.3.2/htdocs/templates/calm/images/compress.png
/usr/share/webapps/websvn/2.3.2/htdocs/templates/calm/images/css.png
/usr/share/webapps/websvn/2.3.2/htdocs/templates/calm/images/cube_green.png
/usr/share/webapps/websvn/2.3.2/htdocs/templates/calm/images/delete.png
/usr/share/webapps/websvn/2.3.2/htdocs/templates/calm/images/diff.png
/usr/share/webapps/websvn/2.3.2/htdocs/templates/calm/images/e-node.png
/usr/share/webapps/websvn/2.3.2/htdocs/templates/calm/images/exclamation.png
/usr/share/webapps/websvn/2.3.2/htdocs/templates/calm/images/eye.png
/usr/share/webapps/websvn/2.3.2/htdocs/templates/calm/images/favicon.ico
/usr/share/webapps/websvn/2.3.2/htdocs/templates/calm/images/file.png
/usr/share/webapps/websvn/2.3.2/htdocs/templates/calm/images/filec.png
/usr/share/webapps/websvn/2.3.2/htdocs/templates/calm/images/filedb.png
/usr/share/webapps/websvn/2.3.2/htdocs/templates/calm/images/fileh.png
/usr/share/webapps/websvn/2.3.2/htdocs/templates/calm/images/filepaint.png
/usr/share/webapps/websvn/2.3.2/htdocs/templates/calm/images/filephp.png
/usr/share/webapps/websvn/2.3.2/htdocs/templates/calm/images/files.png
/usr/share/webapps/websvn/2.3.2/htdocs/templates/calm/images/filetxt.png
/usr/share/webapps/websvn/2.3.2/htdocs/templates/calm/images/filexml.png
/usr/share/webapps/websvn/2.3.2/htdocs/templates/calm/images/folder.png
/usr/share/webapps/websvn/2.3.2/htdocs/templates/calm/images/html.png
/usr/share/webapps/websvn/2.3.2/htdocs/templates/calm/images/i-node.png
/usr/share/webapps/websvn/2.3.2/htdocs/templates/calm/images/l-node.png
/usr/share/webapps/websvn/2.3.2/htdocs/templates/calm/images/link.png
/usr/share/webapps/websvn/2.3.2/htdocs/templates/calm/images/log.png
/usr/share/webapps/websvn/2.3.2/htdocs/templates/calm/images/next.png
/usr/share/webapps/websvn/2.3.2/htdocs/templates/calm/images/page_white_add.png
/usr/share/webapps/websvn/2.3.2/htdocs/templates/calm/images/page_white_delete.png
/usr/share/webapps/websvn/2.3.2/htdocs/templates/calm/images/page_white_edit.png
/usr/share/webapps/websvn/2.3.2/htdocs/templates/calm/images/pilcrow.png
/usr/share/webapps/websvn/2.3.2/htdocs/templates/calm/images/pilcrow_delete.png
/usr/share/webapps/websvn/2.3.2/htdocs/templates/calm/images/previous.png
/usr/share/webapps/websvn/2.3.2/htdocs/templates/calm/images/script.png
/usr/share/webapps/websvn/2.3.2/htdocs/templates/calm/images/sitemap_color.png
/usr/share/webapps/websvn/2.3.2/htdocs/templates/calm/images/submitbg.png
/usr/share/webapps/websvn/2.3.2/htdocs/templates/calm/images/t-node.png
/usr/share/webapps/websvn/2.3.2/htdocs/templates/calm/images/textbg.png
/usr/share/webapps/websvn/2.3.2/htdocs/templates/calm/images/toggledown.png
/usr/share/webapps/websvn/2.3.2/htdocs/templates/calm/images/toggleup.png
/usr/share/webapps/websvn/2.3.2/htdocs/templates/calm/images/up.png
/usr/share/webapps/websvn/2.3.2/htdocs/templates/calm/images/xml.gif
/usr/share/webapps/websvn/2.3.2/htdocs/templates/calm/index.tmpl
/usr/share/webapps/websvn/2.3.2/htdocs/templates/calm/log.tmpl
/usr/share/webapps/websvn/2.3.2/htdocs/templates/calm/png.js
/usr/share/webapps/websvn/2.3.2/htdocs/templates/calm/revision.tmpl
/usr/share/webapps/websvn/2.3.2/htdocs/templates/calm/styles.css
/usr/share/webapps/websvn/2.3.2/htdocs/wsvn.php
/usr/share/webapps/websvn/2.3.2/installed_by_webapp_eclass
/usr/share/webapps/websvn/2.3.2/server-owned-files
/var/db/webapps/websvn/2.3.2/.keep_www-apps_websvn-2.3.2
