cache
config/databases.yml
data/sql
lib/filter/doctrine/ActivityDataFormFilter.class.php
lib/filter/doctrine/ActivityImageFormFilter.class.php
lib/filter/doctrine/CommunityMemberPositionFormFilter.class.php
lib/filter/doctrine/NotificationMailFormFilter.class.php
lib/filter/doctrine/NotificationMailTranslationFormFilter.class.php
lib/filter/doctrine/PluginFormFilter.class.php
lib/filter/doctrine/SkinConfigFormFilter.class.php
lib/filter/doctrine/SnsTermFormFilter.class.php
lib/filter/doctrine/SnsTermTranslationFormFilter.class.php
lib/filter/doctrine/base
lib/filter/doctrine/opAlbumPlugin
lib/filter/doctrine/opAshiatoPlugin
lib/filter/doctrine/opBlogPlugin
lib/filter/doctrine/opCommunityTopicPlugin
lib/filter/doctrine/opDiaryPlugin
lib/filter/doctrine/opFavoritePlugin
lib/filter/doctrine/opIntroFriendPlugin
lib/filter/doctrine/opMessagePlugin
lib/filter/doctrine/opOpenSocialPlugin
lib/form/doctrine/base
lib/form/doctrine/opAlbumPlugin
lib/form/doctrine/opAshiatoPlugin
lib/form/doctrine/opBlogPlugin
lib/form/doctrine/opCommunityTopicPlugin
lib/form/doctrine/opDiaryPlugin
lib/form/doctrine/opFavoritePlugin
lib/form/doctrine/opIntroFriendPlugin
lib/form/doctrine/opMessagePlugin
lib/form/doctrine/opOpenSocialPlugin
lib/model/doctrine/base
lib/model/doctrine/opAlbumPlugin
lib/model/doctrine/opAshiatoPlugin
lib/model/doctrine/opBlogPlugin
lib/model/doctrine/opCommunityTopicPlugin
lib/model/doctrine/opDiaryPlugin
lib/model/doctrine/opFavoritePlugin
lib/model/doctrine/opIntroFriendPlugin
lib/model/doctrine/opMessagePlugin
lib/model/doctrine/opOpenSocialPlugin
plugins/.channels
plugins/.depdb
plugins/.depdblock
plugins/.filemap
plugins/.lock
plugins/.registry
plugins/opAlbumPlugin
plugins/opAshiatoPlugin
plugins/opAuthMailAddressPlugin
plugins/opAuthMobileUIDPlugin
plugins/opAuthOpenIDPlugin
plugins/opBlogPlugin
plugins/opCommunityTopicPlugin
plugins/opDiaryPlugin
plugins/opFavoritePlugin
plugins/opIntroFriendPlugin
plugins/opMessagePlugin
plugins/opOpenSocialPlugin
plugins/opRankingPlugin
plugins/opWebAPIPlugin
web/cache
web/opAlbumPlugin
web/opAshiatoPlugin
web/opCommunityTopicPlugin
web/opDiaryPlugin
web/opMessagePlugin
web/opOpenSocialPlugin
web/opRankingPlugin
web/opSkinBasicPlugin
web/opSkinClassicPlugin
web/sfDoctrinePlugin
web/sfFormExtraPlugin
web/sfProtoculousPlugin
